[2022-11-29T00:01:32.947+0000] {taskinstance.py:1165} INFO - Dependencies all met for <TaskInstance: a_fourth_dug.make_dir scheduled__2022-11-28T00:00:00+00:00 [queued]>
[2022-11-29T00:01:32.973+0000] {taskinstance.py:1165} INFO - Dependencies all met for <TaskInstance: a_fourth_dug.make_dir scheduled__2022-11-28T00:00:00+00:00 [queued]>
[2022-11-29T00:01:32.979+0000] {taskinstance.py:1362} INFO - 
--------------------------------------------------------------------------------
[2022-11-29T00:01:32.983+0000] {taskinstance.py:1363} INFO - Starting attempt 1 of 1
[2022-11-29T00:01:32.990+0000] {taskinstance.py:1364} INFO - 
--------------------------------------------------------------------------------
[2022-11-29T00:01:33.033+0000] {taskinstance.py:1383} INFO - Executing <Task(BashOperator): make_dir> on 2022-11-28 00:00:00+00:00
[2022-11-29T00:01:33.056+0000] {standard_task_runner.py:55} INFO - Started process 76952 to run task
[2022-11-29T00:01:33.067+0000] {standard_task_runner.py:82} INFO - Running: ['***', 'tasks', 'run', 'a_fourth_dug', 'make_dir', 'scheduled__2022-11-28T00:00:00+00:00', '--job-id', '259', '--raw', '--subdir', 'DAGS_FOLDER/fourth_dug.py', '--cfg-path', '/tmp/tmplfbcmyvs']
[2022-11-29T00:01:33.078+0000] {standard_task_runner.py:83} INFO - Job 259: Subtask make_dir
[2022-11-29T00:01:33.370+0000] {task_command.py:376} INFO - Running <TaskInstance: a_fourth_dug.make_dir scheduled__2022-11-28T00:00:00+00:00 [running]> on host b785e9657fa7
[2022-11-29T00:01:33.659+0000] {taskinstance.py:1592} INFO - Exporting the following env vars:
AIRFLOW_CTX_DAG_OWNER=eugeny
AIRFLOW_CTX_DAG_ID=a_fourth_dug
AIRFLOW_CTX_TASK_ID=make_dir
AIRFLOW_CTX_EXECUTION_DATE=2022-11-28T00:00:00+00:00
AIRFLOW_CTX_TRY_NUMBER=1
AIRFLOW_CTX_DAG_RUN_ID=scheduled__2022-11-28T00:00:00+00:00
[2022-11-29T00:01:33.676+0000] {subprocess.py:63} INFO - Tmp dir root location: 
 /tmp
[2022-11-29T00:01:33.684+0000] {subprocess.py:75} INFO - Running command: ['/bin/bash', '-c', 'mkdir test_directory']
[2022-11-29T00:01:33.765+0000] {subprocess.py:86} INFO - Output:
[2022-11-29T00:01:33.814+0000] {subprocess.py:97} INFO - Command exited with return code 0
[2022-11-29T00:01:33.914+0000] {taskinstance.py:1406} INFO - Marking task as SUCCESS. dag_id=a_fourth_dug, task_id=make_dir, execution_date=20221128T000000, start_date=20221129T000132, end_date=20221129T000133
[2022-11-29T00:01:34.067+0000] {local_task_job.py:164} INFO - Task exited with return code 0
[2022-11-29T00:01:34.142+0000] {local_task_job.py:273} INFO - 1 downstream tasks scheduled from follow-on schedule check
