[2022-11-22T00:00:01.036+0000] {taskinstance.py:1165} INFO - Dependencies all met for <TaskInstance: first_dag.make_dir scheduled__2022-11-21T00:00:00+00:00 [queued]>
[2022-11-22T00:00:01.053+0000] {taskinstance.py:1165} INFO - Dependencies all met for <TaskInstance: first_dag.make_dir scheduled__2022-11-21T00:00:00+00:00 [queued]>
[2022-11-22T00:00:01.056+0000] {taskinstance.py:1362} INFO - 
--------------------------------------------------------------------------------
[2022-11-22T00:00:01.058+0000] {taskinstance.py:1363} INFO - Starting attempt 1 of 1
[2022-11-22T00:00:01.061+0000] {taskinstance.py:1364} INFO - 
--------------------------------------------------------------------------------
[2022-11-22T00:00:01.084+0000] {taskinstance.py:1383} INFO - Executing <Task(BashOperator): make_dir> on 2022-11-21 00:00:00+00:00
[2022-11-22T00:00:01.098+0000] {standard_task_runner.py:55} INFO - Started process 24960 to run task
[2022-11-22T00:00:01.110+0000] {standard_task_runner.py:82} INFO - Running: ['***', 'tasks', 'run', 'first_dag', 'make_dir', 'scheduled__2022-11-21T00:00:00+00:00', '--job-id', '155', '--raw', '--subdir', 'DAGS_FOLDER/first_dug.py', '--cfg-path', '/tmp/tmp242742yl']
[2022-11-22T00:00:01.120+0000] {standard_task_runner.py:83} INFO - Job 155: Subtask make_dir
[2022-11-22T00:00:01.248+0000] {task_command.py:376} INFO - Running <TaskInstance: first_dag.make_dir scheduled__2022-11-21T00:00:00+00:00 [running]> on host b785e9657fa7
[2022-11-22T00:00:01.349+0000] {taskinstance.py:1592} INFO - Exporting the following env vars:
AIRFLOW_CTX_DAG_OWNER=***
AIRFLOW_CTX_DAG_ID=first_dag
AIRFLOW_CTX_TASK_ID=make_dir
AIRFLOW_CTX_EXECUTION_DATE=2022-11-21T00:00:00+00:00
AIRFLOW_CTX_TRY_NUMBER=1
AIRFLOW_CTX_DAG_RUN_ID=scheduled__2022-11-21T00:00:00+00:00
[2022-11-22T00:00:01.353+0000] {subprocess.py:63} INFO - Tmp dir root location: 
 /tmp
[2022-11-22T00:00:01.357+0000] {subprocess.py:75} INFO - Running command: ['/bin/bash', '-c', 'touch data.csv']
[2022-11-22T00:00:01.376+0000] {subprocess.py:86} INFO - Output:
[2022-11-22T00:00:01.389+0000] {subprocess.py:97} INFO - Command exited with return code 0
[2022-11-22T00:00:01.431+0000] {taskinstance.py:1406} INFO - Marking task as SUCCESS. dag_id=first_dag, task_id=make_dir, execution_date=20221121T000000, start_date=20221122T000001, end_date=20221122T000001
[2022-11-22T00:00:01.485+0000] {local_task_job.py:164} INFO - Task exited with return code 0
[2022-11-22T00:00:01.523+0000] {local_task_job.py:273} INFO - 1 downstream tasks scheduled from follow-on schedule check
