[2022-11-27T00:09:45.797+0000] {taskinstance.py:1165} INFO - Dependencies all met for <TaskInstance: first_dag.download scheduled__2022-11-26T00:00:00+00:00 [queued]>
[2022-11-27T00:09:45.817+0000] {taskinstance.py:1165} INFO - Dependencies all met for <TaskInstance: first_dag.download scheduled__2022-11-26T00:00:00+00:00 [queued]>
[2022-11-27T00:09:45.820+0000] {taskinstance.py:1362} INFO - 
--------------------------------------------------------------------------------
[2022-11-27T00:09:45.824+0000] {taskinstance.py:1363} INFO - Starting attempt 1 of 1
[2022-11-27T00:09:45.827+0000] {taskinstance.py:1364} INFO - 
--------------------------------------------------------------------------------
[2022-11-27T00:09:45.846+0000] {taskinstance.py:1383} INFO - Executing <Task(PythonOperator): download> on 2022-11-26 00:00:00+00:00
[2022-11-27T00:09:45.859+0000] {standard_task_runner.py:55} INFO - Started process 10315 to run task
[2022-11-27T00:09:45.869+0000] {standard_task_runner.py:82} INFO - Running: ['***', 'tasks', 'run', 'first_dag', 'download', 'scheduled__2022-11-26T00:00:00+00:00', '--job-id', '249', '--raw', '--subdir', 'DAGS_FOLDER/first_dug.py', '--cfg-path', '/tmp/tmp9buesd0s']
[2022-11-27T00:09:45.880+0000] {standard_task_runner.py:83} INFO - Job 249: Subtask download
[2022-11-27T00:09:46.092+0000] {task_command.py:376} INFO - Running <TaskInstance: first_dag.download scheduled__2022-11-26T00:00:00+00:00 [running]> on host b785e9657fa7
[2022-11-27T00:09:46.393+0000] {taskinstance.py:1592} INFO - Exporting the following env vars:
AIRFLOW_CTX_DAG_OWNER=eugeny
AIRFLOW_CTX_DAG_ID=first_dag
AIRFLOW_CTX_TASK_ID=download
AIRFLOW_CTX_EXECUTION_DATE=2022-11-26T00:00:00+00:00
AIRFLOW_CTX_TRY_NUMBER=1
AIRFLOW_CTX_DAG_RUN_ID=scheduled__2022-11-26T00:00:00+00:00
[2022-11-27T00:09:46.687+0000] {python.py:177} INFO - Done. Returned value was: None
[2022-11-27T00:09:46.739+0000] {taskinstance.py:1406} INFO - Marking task as SUCCESS. dag_id=first_dag, task_id=download, execution_date=20221126T000000, start_date=20221127T000945, end_date=20221127T000946
[2022-11-27T00:09:46.877+0000] {local_task_job.py:164} INFO - Task exited with return code 0
[2022-11-27T00:09:46.939+0000] {local_task_job.py:273} INFO - 0 downstream tasks scheduled from follow-on schedule check
