[2022-11-10T20:18:33.853+0000] {taskinstance.py:1165} INFO - Dependencies all met for <TaskInstance: a_third_dag.insert_table manual__2022-11-10T20:09:00.935554+00:00 [queued]>
[2022-11-10T20:18:33.868+0000] {taskinstance.py:1165} INFO - Dependencies all met for <TaskInstance: a_third_dag.insert_table manual__2022-11-10T20:09:00.935554+00:00 [queued]>
[2022-11-10T20:18:33.872+0000] {taskinstance.py:1362} INFO - 
--------------------------------------------------------------------------------
[2022-11-10T20:18:33.874+0000] {taskinstance.py:1363} INFO - Starting attempt 2 of 2
[2022-11-10T20:18:33.875+0000] {taskinstance.py:1364} INFO - 
--------------------------------------------------------------------------------
[2022-11-10T20:18:33.887+0000] {taskinstance.py:1383} INFO - Executing <Task(PostgresOperator): insert_table> on 2022-11-10 20:09:00.935554+00:00
[2022-11-10T20:18:33.893+0000] {standard_task_runner.py:55} INFO - Started process 16638 to run task
[2022-11-10T20:18:33.896+0000] {standard_task_runner.py:82} INFO - Running: ['***', 'tasks', 'run', 'a_third_dag', 'insert_table', 'manual__2022-11-10T20:09:00.935554+00:00', '--job-id', '70', '--raw', '--subdir', 'DAGS_FOLDER/third_dug.py', '--cfg-path', '/tmp/tmp3anxsvxx']
[2022-11-10T20:18:33.898+0000] {standard_task_runner.py:83} INFO - Job 70: Subtask insert_table
[2022-11-10T20:18:33.954+0000] {task_command.py:376} INFO - Running <TaskInstance: a_third_dag.insert_table manual__2022-11-10T20:09:00.935554+00:00 [running]> on host 0b03955da713
[2022-11-10T20:18:34.006+0000] {taskinstance.py:1592} INFO - Exporting the following env vars:
AIRFLOW_CTX_DAG_OWNER=***
AIRFLOW_CTX_DAG_ID=a_third_dag
AIRFLOW_CTX_TASK_ID=insert_table
AIRFLOW_CTX_EXECUTION_DATE=2022-11-10T20:09:00.935554+00:00
AIRFLOW_CTX_TRY_NUMBER=2
AIRFLOW_CTX_DAG_RUN_ID=manual__2022-11-10T20:09:00.935554+00:00
[2022-11-10T20:18:34.019+0000] {base.py:71} INFO - Using connection ID '***' for task execution.
[2022-11-10T20:18:34.025+0000] {sql.py:315} INFO - Running statement: 
             INSERT INTO currency_pair_8 (date_scrapping, price)
             VALUES (default, 1234)
             ;
           , parameters: None
[2022-11-10T20:18:34.029+0000] {sql.py:324} INFO - Rows affected: 1
[2022-11-10T20:18:34.048+0000] {taskinstance.py:1406} INFO - Marking task as SUCCESS. dag_id=a_third_dag, task_id=insert_table, execution_date=20221110T200900, start_date=20221110T201833, end_date=20221110T201834
[2022-11-10T20:18:34.111+0000] {local_task_job.py:164} INFO - Task exited with return code 0
[2022-11-10T20:18:34.135+0000] {local_task_job.py:273} INFO - 0 downstream tasks scheduled from follow-on schedule check
