[2022-11-10T18:36:19.806+0000] {taskinstance.py:1165} INFO - Dependencies all met for <TaskInstance: a_third_dag.create_table manual__2022-11-10T18:07:27.343422+00:00 [queued]>
[2022-11-10T18:36:19.819+0000] {taskinstance.py:1165} INFO - Dependencies all met for <TaskInstance: a_third_dag.create_table manual__2022-11-10T18:07:27.343422+00:00 [queued]>
[2022-11-10T18:36:19.821+0000] {taskinstance.py:1362} INFO - 
--------------------------------------------------------------------------------
[2022-11-10T18:36:19.821+0000] {taskinstance.py:1363} INFO - Starting attempt 5 of 5
[2022-11-10T18:36:19.822+0000] {taskinstance.py:1364} INFO - 
--------------------------------------------------------------------------------
[2022-11-10T18:36:19.832+0000] {taskinstance.py:1383} INFO - Executing <Task(PostgresOperator): create_table> on 2022-11-10 18:07:27.343422+00:00
[2022-11-10T18:36:19.839+0000] {standard_task_runner.py:55} INFO - Started process 11782 to run task
[2022-11-10T18:36:19.844+0000] {standard_task_runner.py:82} INFO - Running: ['***', 'tasks', 'run', 'a_third_dag', 'create_table', 'manual__2022-11-10T18:07:27.343422+00:00', '--job-id', '52', '--raw', '--subdir', 'DAGS_FOLDER/third_dug.py', '--cfg-path', '/tmp/tmp4vgucs60']
[2022-11-10T18:36:19.846+0000] {standard_task_runner.py:83} INFO - Job 52: Subtask create_table
[2022-11-10T18:36:19.952+0000] {task_command.py:376} INFO - Running <TaskInstance: a_third_dag.create_table manual__2022-11-10T18:07:27.343422+00:00 [running]> on host 0b03955da713
[2022-11-10T18:36:20.088+0000] {taskinstance.py:1592} INFO - Exporting the following env vars:
AIRFLOW_CTX_DAG_OWNER=***
AIRFLOW_CTX_DAG_ID=a_third_dag
AIRFLOW_CTX_TASK_ID=create_table
AIRFLOW_CTX_EXECUTION_DATE=2022-11-10T18:07:27.343422+00:00
AIRFLOW_CTX_TRY_NUMBER=5
AIRFLOW_CTX_DAG_RUN_ID=manual__2022-11-10T18:07:27.343422+00:00
[2022-11-10T18:36:20.101+0000] {base.py:71} INFO - Using connection ID '***' for task execution.
[2022-11-10T18:36:20.111+0000] {sql.py:315} INFO - Running statement: 
            CREATE TABLE IF NOT EXISTS currency_pair (
            date_scrapping TIMESTAMP DEFAULT CURRENT_TIMESTAMP,
            price NUMERIC NOT NULL,
            pair VARCHAR NOT NULL
            );
          , parameters: None
[2022-11-10T18:36:20.144+0000] {taskinstance.py:1406} INFO - Marking task as SUCCESS. dag_id=a_third_dag, task_id=create_table, execution_date=20221110T180727, start_date=20221110T183619, end_date=20221110T183620
[2022-11-10T18:36:20.184+0000] {local_task_job.py:164} INFO - Task exited with return code 0
[2022-11-10T18:36:20.207+0000] {local_task_job.py:273} INFO - 0 downstream tasks scheduled from follow-on schedule check
