[2022-11-28T00:17:40.727+0000] {taskinstance.py:1165} INFO - Dependencies all met for <TaskInstance: a_fourth_dug.make_dir scheduled__2022-11-27T00:00:00+00:00 [queued]>
[2022-11-28T00:17:40.768+0000] {taskinstance.py:1165} INFO - Dependencies all met for <TaskInstance: a_fourth_dug.make_dir scheduled__2022-11-27T00:00:00+00:00 [queued]>
[2022-11-28T00:17:40.773+0000] {taskinstance.py:1362} INFO - 
--------------------------------------------------------------------------------
[2022-11-28T00:17:40.792+0000] {taskinstance.py:1363} INFO - Starting attempt 1 of 1
[2022-11-28T00:17:40.801+0000] {taskinstance.py:1364} INFO - 
--------------------------------------------------------------------------------
[2022-11-28T00:17:40.887+0000] {taskinstance.py:1383} INFO - Executing <Task(BashOperator): make_dir> on 2022-11-27 00:00:00+00:00
[2022-11-28T00:17:40.917+0000] {standard_task_runner.py:55} INFO - Started process 55401 to run task
[2022-11-28T00:17:40.949+0000] {standard_task_runner.py:82} INFO - Running: ['***', 'tasks', 'run', 'a_fourth_dug', 'make_dir', 'scheduled__2022-11-27T00:00:00+00:00', '--job-id', '251', '--raw', '--subdir', 'DAGS_FOLDER/fourth_dug.py', '--cfg-path', '/tmp/tmpnu26mtm4']
[2022-11-28T00:17:40.960+0000] {standard_task_runner.py:83} INFO - Job 251: Subtask make_dir
[2022-11-28T00:17:41.198+0000] {task_command.py:376} INFO - Running <TaskInstance: a_fourth_dug.make_dir scheduled__2022-11-27T00:00:00+00:00 [running]> on host b785e9657fa7
[2022-11-28T00:17:41.454+0000] {taskinstance.py:1592} INFO - Exporting the following env vars:
AIRFLOW_CTX_DAG_OWNER=eugeny
AIRFLOW_CTX_DAG_ID=a_fourth_dug
AIRFLOW_CTX_TASK_ID=make_dir
AIRFLOW_CTX_EXECUTION_DATE=2022-11-27T00:00:00+00:00
AIRFLOW_CTX_TRY_NUMBER=1
AIRFLOW_CTX_DAG_RUN_ID=scheduled__2022-11-27T00:00:00+00:00
[2022-11-28T00:17:41.466+0000] {subprocess.py:63} INFO - Tmp dir root location: 
 /tmp
[2022-11-28T00:17:41.473+0000] {subprocess.py:75} INFO - Running command: ['/bin/bash', '-c', 'mkdir test_directory']
[2022-11-28T00:17:41.533+0000] {subprocess.py:86} INFO - Output:
[2022-11-28T00:17:41.570+0000] {subprocess.py:97} INFO - Command exited with return code 0
[2022-11-28T00:17:41.733+0000] {taskinstance.py:1406} INFO - Marking task as SUCCESS. dag_id=a_fourth_dug, task_id=make_dir, execution_date=20221127T000000, start_date=20221128T001740, end_date=20221128T001741
[2022-11-28T00:17:41.806+0000] {local_task_job.py:164} INFO - Task exited with return code 0
[2022-11-28T00:17:41.868+0000] {local_task_job.py:273} INFO - 1 downstream tasks scheduled from follow-on schedule check
