[2022-11-10T16:21:17.788+0000] {taskinstance.py:1165} INFO - Dependencies all met for <TaskInstance: a_fourth_dug.remove_dir manual__2022-11-10T16:21:12.653389+00:00 [queued]>
[2022-11-10T16:21:17.795+0000] {taskinstance.py:1165} INFO - Dependencies all met for <TaskInstance: a_fourth_dug.remove_dir manual__2022-11-10T16:21:12.653389+00:00 [queued]>
[2022-11-10T16:21:17.796+0000] {taskinstance.py:1362} INFO - 
--------------------------------------------------------------------------------
[2022-11-10T16:21:17.797+0000] {taskinstance.py:1363} INFO - Starting attempt 1 of 1
[2022-11-10T16:21:17.797+0000] {taskinstance.py:1364} INFO - 
--------------------------------------------------------------------------------
[2022-11-10T16:21:17.806+0000] {taskinstance.py:1383} INFO - Executing <Task(BashOperator): remove_dir> on 2022-11-10 16:21:12.653389+00:00
[2022-11-10T16:21:17.812+0000] {standard_task_runner.py:55} INFO - Started process 5302 to run task
[2022-11-10T16:21:17.816+0000] {standard_task_runner.py:82} INFO - Running: ['***', 'tasks', 'run', 'a_fourth_dug', 'remove_dir', 'manual__2022-11-10T16:21:12.653389+00:00', '--job-id', '28', '--raw', '--subdir', 'DAGS_FOLDER/fourth_dug.py', '--cfg-path', '/tmp/tmphtq9b9sf']
[2022-11-10T16:21:17.818+0000] {standard_task_runner.py:83} INFO - Job 28: Subtask remove_dir
[2022-11-10T16:21:17.873+0000] {task_command.py:376} INFO - Running <TaskInstance: a_fourth_dug.remove_dir manual__2022-11-10T16:21:12.653389+00:00 [running]> on host 0b03955da713
[2022-11-10T16:21:17.922+0000] {taskinstance.py:1592} INFO - Exporting the following env vars:
AIRFLOW_CTX_DAG_OWNER=eugeny
AIRFLOW_CTX_DAG_ID=a_fourth_dug
AIRFLOW_CTX_TASK_ID=remove_dir
AIRFLOW_CTX_EXECUTION_DATE=2022-11-10T16:21:12.653389+00:00
AIRFLOW_CTX_TRY_NUMBER=1
AIRFLOW_CTX_DAG_RUN_ID=manual__2022-11-10T16:21:12.653389+00:00
[2022-11-10T16:21:17.924+0000] {subprocess.py:63} INFO - Tmp dir root location: 
 /tmp
[2022-11-10T16:21:17.925+0000] {subprocess.py:75} INFO - Running command: ['/bin/bash', '-c', 'rmdir test_directory']
[2022-11-10T16:21:17.936+0000] {subprocess.py:86} INFO - Output:
[2022-11-10T16:21:17.945+0000] {subprocess.py:93} INFO - rmdir: failed to remove 'test_directory': No such file or directory
[2022-11-10T16:21:17.968+0000] {subprocess.py:97} INFO - Command exited with return code 1
[2022-11-10T16:21:17.978+0000] {taskinstance.py:1851} ERROR - Task failed with exception
Traceback (most recent call last):
  File "/home/airflow/.local/lib/python3.7/site-packages/airflow/operators/bash.py", line 197, in execute
    f'Bash command failed. The command returned a non-zero exit code {result.exit_code}.'
airflow.exceptions.AirflowException: Bash command failed. The command returned a non-zero exit code 1.
[2022-11-10T16:21:17.986+0000] {taskinstance.py:1406} INFO - Marking task as FAILED. dag_id=a_fourth_dug, task_id=remove_dir, execution_date=20221110T162112, start_date=20221110T162117, end_date=20221110T162117
[2022-11-10T16:21:17.996+0000] {standard_task_runner.py:105} ERROR - Failed to execute job 28 for task remove_dir (Bash command failed. The command returned a non-zero exit code 1.; 5302)
[2022-11-10T16:21:18.032+0000] {local_task_job.py:164} INFO - Task exited with return code 1
[2022-11-10T16:21:18.047+0000] {local_task_job.py:273} INFO - 0 downstream tasks scheduled from follow-on schedule check
