[2022-11-10T20:27:03.184+0000] {taskinstance.py:1165} INFO - Dependencies all met for <TaskInstance: a_third_dag.insert_table scheduled__2022-11-10T00:00:00+00:00 [queued]>
[2022-11-10T20:27:03.190+0000] {taskinstance.py:1165} INFO - Dependencies all met for <TaskInstance: a_third_dag.insert_table scheduled__2022-11-10T00:00:00+00:00 [queued]>
[2022-11-10T20:27:03.191+0000] {taskinstance.py:1362} INFO - 
--------------------------------------------------------------------------------
[2022-11-10T20:27:03.198+0000] {taskinstance.py:1363} INFO - Starting attempt 1 of 1
[2022-11-10T20:27:03.199+0000] {taskinstance.py:1364} INFO - 
--------------------------------------------------------------------------------
[2022-11-10T20:27:03.207+0000] {taskinstance.py:1383} INFO - Executing <Task(PostgresOperator): insert_table> on 2022-11-10 00:00:00+00:00
[2022-11-10T20:27:03.212+0000] {standard_task_runner.py:55} INFO - Started process 17055 to run task
[2022-11-10T20:27:03.217+0000] {standard_task_runner.py:82} INFO - Running: ['***', 'tasks', 'run', 'a_third_dag', 'insert_table', 'scheduled__2022-11-10T00:00:00+00:00', '--job-id', '79', '--raw', '--subdir', 'DAGS_FOLDER/third_dug.py', '--cfg-path', '/tmp/tmp33_9xhez']
[2022-11-10T20:27:03.218+0000] {standard_task_runner.py:83} INFO - Job 79: Subtask insert_table
[2022-11-10T20:27:03.280+0000] {task_command.py:376} INFO - Running <TaskInstance: a_third_dag.insert_table scheduled__2022-11-10T00:00:00+00:00 [running]> on host 0b03955da713
[2022-11-10T20:27:03.328+0000] {taskinstance.py:1592} INFO - Exporting the following env vars:
AIRFLOW_CTX_DAG_OWNER=***
AIRFLOW_CTX_DAG_ID=a_third_dag
AIRFLOW_CTX_TASK_ID=insert_table
AIRFLOW_CTX_EXECUTION_DATE=2022-11-10T00:00:00+00:00
AIRFLOW_CTX_TRY_NUMBER=1
AIRFLOW_CTX_DAG_RUN_ID=scheduled__2022-11-10T00:00:00+00:00
[2022-11-10T20:27:03.338+0000] {base.py:71} INFO - Using connection ID '***' for task execution.
[2022-11-10T20:27:03.344+0000] {sql.py:315} INFO - Running statement: 
             INSERT INTO currency_pair_9 (date_scrapping, price)
             VALUES (default, 1234)
             ;
           , parameters: None
[2022-11-10T20:27:03.346+0000] {sql.py:324} INFO - Rows affected: 1
[2022-11-10T20:27:03.357+0000] {taskinstance.py:1406} INFO - Marking task as SUCCESS. dag_id=a_third_dag, task_id=insert_table, execution_date=20221110T000000, start_date=20221110T202703, end_date=20221110T202703
[2022-11-10T20:27:03.388+0000] {local_task_job.py:164} INFO - Task exited with return code 0
[2022-11-10T20:27:03.405+0000] {local_task_job.py:273} INFO - 0 downstream tasks scheduled from follow-on schedule check
