[2022-11-10T20:16:38.382+0000] {taskinstance.py:1165} INFO - Dependencies all met for <TaskInstance: a_third_dag.create_table manual__2022-11-10T20:07:44.450017+00:00 [queued]>
[2022-11-10T20:16:38.390+0000] {taskinstance.py:1165} INFO - Dependencies all met for <TaskInstance: a_third_dag.create_table manual__2022-11-10T20:07:44.450017+00:00 [queued]>
[2022-11-10T20:16:38.391+0000] {taskinstance.py:1362} INFO - 
--------------------------------------------------------------------------------
[2022-11-10T20:16:38.392+0000] {taskinstance.py:1363} INFO - Starting attempt 4 of 4
[2022-11-10T20:16:38.393+0000] {taskinstance.py:1364} INFO - 
--------------------------------------------------------------------------------
[2022-11-10T20:16:38.400+0000] {taskinstance.py:1383} INFO - Executing <Task(PostgresOperator): create_table> on 2022-11-10 20:07:44.450017+00:00
[2022-11-10T20:16:38.412+0000] {standard_task_runner.py:55} INFO - Started process 16545 to run task
[2022-11-10T20:16:38.416+0000] {standard_task_runner.py:82} INFO - Running: ['***', 'tasks', 'run', 'a_third_dag', 'create_table', 'manual__2022-11-10T20:07:44.450017+00:00', '--job-id', '68', '--raw', '--subdir', 'DAGS_FOLDER/third_dug.py', '--cfg-path', '/tmp/tmp57kzq7ur']
[2022-11-10T20:16:38.418+0000] {standard_task_runner.py:83} INFO - Job 68: Subtask create_table
[2022-11-10T20:16:38.510+0000] {task_command.py:376} INFO - Running <TaskInstance: a_third_dag.create_table manual__2022-11-10T20:07:44.450017+00:00 [running]> on host 0b03955da713
[2022-11-10T20:16:38.586+0000] {taskinstance.py:1592} INFO - Exporting the following env vars:
AIRFLOW_CTX_DAG_OWNER=***
AIRFLOW_CTX_DAG_ID=a_third_dag
AIRFLOW_CTX_TASK_ID=create_table
AIRFLOW_CTX_EXECUTION_DATE=2022-11-10T20:07:44.450017+00:00
AIRFLOW_CTX_TRY_NUMBER=4
AIRFLOW_CTX_DAG_RUN_ID=manual__2022-11-10T20:07:44.450017+00:00
[2022-11-10T20:16:38.597+0000] {base.py:71} INFO - Using connection ID '***' for task execution.
[2022-11-10T20:16:38.603+0000] {sql.py:315} INFO - Running statement: 
            CREATE TABLE IF NOT EXISTS currency_pair_8 (
            date_scrapping TIMESTAMP DEFAULT CURRENT_TIMESTAMP,
            price NUMERIC NOT NULL,
            pair VARCHAR
            );
          , parameters: None
[2022-11-10T20:16:38.622+0000] {taskinstance.py:1406} INFO - Marking task as SUCCESS. dag_id=a_third_dag, task_id=create_table, execution_date=20221110T200744, start_date=20221110T201638, end_date=20221110T201638
[2022-11-10T20:16:38.668+0000] {local_task_job.py:164} INFO - Task exited with return code 0
[2022-11-10T20:16:38.688+0000] {local_task_job.py:273} INFO - 1 downstream tasks scheduled from follow-on schedule check
