[2022-11-10T20:07:47.976+0000] {taskinstance.py:1165} INFO - Dependencies all met for <TaskInstance: a_third_dag.create_table manual__2022-11-10T20:07:44.450017+00:00 [queued]>
[2022-11-10T20:07:47.990+0000] {taskinstance.py:1165} INFO - Dependencies all met for <TaskInstance: a_third_dag.create_table manual__2022-11-10T20:07:44.450017+00:00 [queued]>
[2022-11-10T20:07:47.991+0000] {taskinstance.py:1362} INFO - 
--------------------------------------------------------------------------------
[2022-11-10T20:07:47.992+0000] {taskinstance.py:1363} INFO - Starting attempt 1 of 1
[2022-11-10T20:07:47.994+0000] {taskinstance.py:1364} INFO - 
--------------------------------------------------------------------------------
[2022-11-10T20:07:48.006+0000] {taskinstance.py:1383} INFO - Executing <Task(PostgresOperator): create_table> on 2022-11-10 20:07:44.450017+00:00
[2022-11-10T20:07:48.013+0000] {standard_task_runner.py:55} INFO - Started process 16104 to run task
[2022-11-10T20:07:48.018+0000] {standard_task_runner.py:82} INFO - Running: ['***', 'tasks', 'run', 'a_third_dag', 'create_table', 'manual__2022-11-10T20:07:44.450017+00:00', '--job-id', '57', '--raw', '--subdir', 'DAGS_FOLDER/third_dug.py', '--cfg-path', '/tmp/tmp3fwa3rv3']
[2022-11-10T20:07:48.019+0000] {standard_task_runner.py:83} INFO - Job 57: Subtask create_table
[2022-11-10T20:07:48.085+0000] {task_command.py:376} INFO - Running <TaskInstance: a_third_dag.create_table manual__2022-11-10T20:07:44.450017+00:00 [running]> on host 0b03955da713
[2022-11-10T20:07:48.151+0000] {taskinstance.py:1592} INFO - Exporting the following env vars:
AIRFLOW_CTX_DAG_OWNER=***
AIRFLOW_CTX_DAG_ID=a_third_dag
AIRFLOW_CTX_TASK_ID=create_table
AIRFLOW_CTX_EXECUTION_DATE=2022-11-10T20:07:44.450017+00:00
AIRFLOW_CTX_TRY_NUMBER=1
AIRFLOW_CTX_DAG_RUN_ID=manual__2022-11-10T20:07:44.450017+00:00
[2022-11-10T20:07:48.184+0000] {base.py:71} INFO - Using connection ID '***' for task execution.
[2022-11-10T20:07:48.191+0000] {sql.py:315} INFO - Running statement: 
            CREATE TABLE IF NOT EXISTS currency_pair_4 (
            date_scrapping TIMESTAMP DEFAULT CURRENT_TIMESTAMP,
            price NUMERIC NOT NULL,
            pair VARCHAR NOT NULL
            );
          , parameters: None
[2022-11-10T20:07:48.219+0000] {taskinstance.py:1406} INFO - Marking task as SUCCESS. dag_id=a_third_dag, task_id=create_table, execution_date=20221110T200744, start_date=20221110T200747, end_date=20221110T200748
[2022-11-10T20:07:48.272+0000] {local_task_job.py:164} INFO - Task exited with return code 0
[2022-11-10T20:07:48.294+0000] {local_task_job.py:273} INFO - 1 downstream tasks scheduled from follow-on schedule check
