[2022-11-11T14:54:07.790+0000] {taskinstance.py:1165} INFO - Dependencies all met for <TaskInstance: first_dag.make_dir scheduled__2022-11-10T00:00:00+00:00 [queued]>
[2022-11-11T14:54:07.798+0000] {taskinstance.py:1165} INFO - Dependencies all met for <TaskInstance: first_dag.make_dir scheduled__2022-11-10T00:00:00+00:00 [queued]>
[2022-11-11T14:54:07.799+0000] {taskinstance.py:1362} INFO - 
--------------------------------------------------------------------------------
[2022-11-11T14:54:07.800+0000] {taskinstance.py:1363} INFO - Starting attempt 1 of 1
[2022-11-11T14:54:07.801+0000] {taskinstance.py:1364} INFO - 
--------------------------------------------------------------------------------
[2022-11-11T14:54:07.810+0000] {taskinstance.py:1383} INFO - Executing <Task(BashOperator): make_dir> on 2022-11-10 00:00:00+00:00
[2022-11-11T14:54:07.818+0000] {standard_task_runner.py:55} INFO - Started process 23715 to run task
[2022-11-11T14:54:07.822+0000] {standard_task_runner.py:82} INFO - Running: ['***', 'tasks', 'run', 'first_dag', 'make_dir', 'scheduled__2022-11-10T00:00:00+00:00', '--job-id', '80', '--raw', '--subdir', 'DAGS_FOLDER/first_dug.py', '--cfg-path', '/tmp/tmpcd8p417z']
[2022-11-11T14:54:07.825+0000] {standard_task_runner.py:83} INFO - Job 80: Subtask make_dir
[2022-11-11T14:54:07.888+0000] {task_command.py:376} INFO - Running <TaskInstance: first_dag.make_dir scheduled__2022-11-10T00:00:00+00:00 [running]> on host 0b03955da713
[2022-11-11T14:54:07.940+0000] {taskinstance.py:1592} INFO - Exporting the following env vars:
AIRFLOW_CTX_DAG_OWNER=***
AIRFLOW_CTX_DAG_ID=first_dag
AIRFLOW_CTX_TASK_ID=make_dir
AIRFLOW_CTX_EXECUTION_DATE=2022-11-10T00:00:00+00:00
AIRFLOW_CTX_TRY_NUMBER=1
AIRFLOW_CTX_DAG_RUN_ID=scheduled__2022-11-10T00:00:00+00:00
[2022-11-11T14:54:07.942+0000] {subprocess.py:63} INFO - Tmp dir root location: 
 /tmp
[2022-11-11T14:54:07.944+0000] {subprocess.py:75} INFO - Running command: ['/bin/bash', '-c', 'touch data.csv']
[2022-11-11T14:54:07.957+0000] {subprocess.py:86} INFO - Output:
[2022-11-11T14:54:07.966+0000] {subprocess.py:97} INFO - Command exited with return code 0
[2022-11-11T14:54:07.991+0000] {taskinstance.py:1406} INFO - Marking task as SUCCESS. dag_id=first_dag, task_id=make_dir, execution_date=20221110T000000, start_date=20221111T145407, end_date=20221111T145407
[2022-11-11T14:54:08.039+0000] {local_task_job.py:164} INFO - Task exited with return code 0
[2022-11-11T14:54:08.062+0000] {local_task_job.py:273} INFO - 0 downstream tasks scheduled from follow-on schedule check
