[2022-11-25T15:02:30.748+0000] {taskinstance.py:1165} INFO - Dependencies all met for <TaskInstance: PG_to_S3.PG_to_S3 scheduled__2022-11-24T00:00:00+00:00 [queued]>
[2022-11-25T15:02:30.755+0000] {taskinstance.py:1165} INFO - Dependencies all met for <TaskInstance: PG_to_S3.PG_to_S3 scheduled__2022-11-24T00:00:00+00:00 [queued]>
[2022-11-25T15:02:30.756+0000] {taskinstance.py:1362} INFO - 
--------------------------------------------------------------------------------
[2022-11-25T15:02:30.757+0000] {taskinstance.py:1363} INFO - Starting attempt 2 of 2
[2022-11-25T15:02:30.758+0000] {taskinstance.py:1364} INFO - 
--------------------------------------------------------------------------------
[2022-11-25T15:02:30.768+0000] {taskinstance.py:1383} INFO - Executing <Task(PostgresToS3Operator): PG_to_S3> on 2022-11-24 00:00:00+00:00
[2022-11-25T15:02:30.776+0000] {standard_task_runner.py:55} INFO - Started process 70481 to run task
[2022-11-25T15:02:30.780+0000] {standard_task_runner.py:82} INFO - Running: ['***', 'tasks', 'run', 'PG_to_S3', 'PG_to_S3', 'scheduled__2022-11-24T00:00:00+00:00', '--job-id', '237', '--raw', '--subdir', 'DAGS_FOLDER/PGtoS3.py', '--cfg-path', '/tmp/tmpu814kpdd']
[2022-11-25T15:02:30.783+0000] {standard_task_runner.py:83} INFO - Job 237: Subtask PG_to_S3
[2022-11-25T15:02:30.864+0000] {task_command.py:376} INFO - Running <TaskInstance: PG_to_S3.PG_to_S3 scheduled__2022-11-24T00:00:00+00:00 [running]> on host b785e9657fa7
[2022-11-25T15:02:30.929+0000] {taskinstance.py:1592} INFO - Exporting the following env vars:
AIRFLOW_CTX_DAG_OWNER=eugeny
AIRFLOW_CTX_DAG_ID=PG_to_S3
AIRFLOW_CTX_TASK_ID=PG_to_S3
AIRFLOW_CTX_EXECUTION_DATE=2022-11-24T00:00:00+00:00
AIRFLOW_CTX_TRY_NUMBER=2
AIRFLOW_CTX_DAG_RUN_ID=scheduled__2022-11-24T00:00:00+00:00
[2022-11-25T15:02:33.840+0000] {taskinstance.py:1406} INFO - Marking task as SUCCESS. dag_id=PG_to_S3, task_id=PG_to_S3, execution_date=20221124T000000, start_date=20221125T150230, end_date=20221125T150233
[2022-11-25T15:02:33.913+0000] {local_task_job.py:164} INFO - Task exited with return code 0
[2022-11-25T15:02:33.954+0000] {local_task_job.py:273} INFO - 0 downstream tasks scheduled from follow-on schedule check
