[2022-11-10T20:23:49.389+0000] {taskinstance.py:1165} INFO - Dependencies all met for <TaskInstance: a_fourth_dug.fill_dir manual__2022-11-10T20:23:35.518257+00:00 [queued]>
[2022-11-10T20:23:49.396+0000] {taskinstance.py:1165} INFO - Dependencies all met for <TaskInstance: a_fourth_dug.fill_dir manual__2022-11-10T20:23:35.518257+00:00 [queued]>
[2022-11-10T20:23:49.399+0000] {taskinstance.py:1362} INFO - 
--------------------------------------------------------------------------------
[2022-11-10T20:23:49.400+0000] {taskinstance.py:1363} INFO - Starting attempt 1 of 1
[2022-11-10T20:23:49.401+0000] {taskinstance.py:1364} INFO - 
--------------------------------------------------------------------------------
[2022-11-10T20:23:49.413+0000] {taskinstance.py:1383} INFO - Executing <Task(BashOperator): fill_dir> on 2022-11-10 20:23:35.518257+00:00
[2022-11-10T20:23:49.422+0000] {standard_task_runner.py:55} INFO - Started process 16891 to run task
[2022-11-10T20:23:49.426+0000] {standard_task_runner.py:82} INFO - Running: ['***', 'tasks', 'run', 'a_fourth_dug', 'fill_dir', 'manual__2022-11-10T20:23:35.518257+00:00', '--job-id', '73', '--raw', '--subdir', 'DAGS_FOLDER/fourth_dug.py', '--cfg-path', '/tmp/tmpaa4ymomn']
[2022-11-10T20:23:49.431+0000] {standard_task_runner.py:83} INFO - Job 73: Subtask fill_dir
[2022-11-10T20:23:49.496+0000] {task_command.py:376} INFO - Running <TaskInstance: a_fourth_dug.fill_dir manual__2022-11-10T20:23:35.518257+00:00 [running]> on host 0b03955da713
[2022-11-10T20:23:49.556+0000] {taskinstance.py:1592} INFO - Exporting the following env vars:
AIRFLOW_CTX_DAG_OWNER=eugeny
AIRFLOW_CTX_DAG_ID=a_fourth_dug
AIRFLOW_CTX_TASK_ID=fill_dir
AIRFLOW_CTX_EXECUTION_DATE=2022-11-10T20:23:35.518257+00:00
AIRFLOW_CTX_TRY_NUMBER=1
AIRFLOW_CTX_DAG_RUN_ID=manual__2022-11-10T20:23:35.518257+00:00
[2022-11-10T20:23:49.558+0000] {subprocess.py:63} INFO - Tmp dir root location: 
 /tmp
[2022-11-10T20:23:49.569+0000] {subprocess.py:75} INFO - Running command: ['/bin/bash', '-c', 'echo 333 > test_directory']
[2022-11-10T20:23:49.711+0000] {subprocess.py:86} INFO - Output:
[2022-11-10T20:23:49.728+0000] {subprocess.py:97} INFO - Command exited with return code 0
[2022-11-10T20:23:49.758+0000] {taskinstance.py:1406} INFO - Marking task as SUCCESS. dag_id=a_fourth_dug, task_id=fill_dir, execution_date=20221110T202335, start_date=20221110T202349, end_date=20221110T202349
[2022-11-10T20:23:49.804+0000] {local_task_job.py:164} INFO - Task exited with return code 0
[2022-11-10T20:23:49.826+0000] {local_task_job.py:273} INFO - 1 downstream tasks scheduled from follow-on schedule check
