[2022-11-28T00:17:50.021+0000] {taskinstance.py:1165} INFO - Dependencies all met for <TaskInstance: a_fourth_dug.fill_dir scheduled__2022-11-27T00:00:00+00:00 [queued]>
[2022-11-28T00:17:50.095+0000] {taskinstance.py:1165} INFO - Dependencies all met for <TaskInstance: a_fourth_dug.fill_dir scheduled__2022-11-27T00:00:00+00:00 [queued]>
[2022-11-28T00:17:50.104+0000] {taskinstance.py:1362} INFO - 
--------------------------------------------------------------------------------
[2022-11-28T00:17:50.112+0000] {taskinstance.py:1363} INFO - Starting attempt 1 of 1
[2022-11-28T00:17:50.135+0000] {taskinstance.py:1364} INFO - 
--------------------------------------------------------------------------------
[2022-11-28T00:17:50.220+0000] {taskinstance.py:1383} INFO - Executing <Task(BashOperator): fill_dir> on 2022-11-27 00:00:00+00:00
[2022-11-28T00:17:50.257+0000] {standard_task_runner.py:55} INFO - Started process 55419 to run task
[2022-11-28T00:17:50.301+0000] {standard_task_runner.py:82} INFO - Running: ['***', 'tasks', 'run', 'a_fourth_dug', 'fill_dir', 'scheduled__2022-11-27T00:00:00+00:00', '--job-id', '255', '--raw', '--subdir', 'DAGS_FOLDER/fourth_dug.py', '--cfg-path', '/tmp/tmpr9clgde6']
[2022-11-28T00:17:50.318+0000] {standard_task_runner.py:83} INFO - Job 255: Subtask fill_dir
[2022-11-28T00:17:50.837+0000] {task_command.py:376} INFO - Running <TaskInstance: a_fourth_dug.fill_dir scheduled__2022-11-27T00:00:00+00:00 [running]> on host b785e9657fa7
[2022-11-28T00:17:51.155+0000] {taskinstance.py:1592} INFO - Exporting the following env vars:
AIRFLOW_CTX_DAG_OWNER=eugeny
AIRFLOW_CTX_DAG_ID=a_fourth_dug
AIRFLOW_CTX_TASK_ID=fill_dir
AIRFLOW_CTX_EXECUTION_DATE=2022-11-27T00:00:00+00:00
AIRFLOW_CTX_TRY_NUMBER=1
AIRFLOW_CTX_DAG_RUN_ID=scheduled__2022-11-27T00:00:00+00:00
[2022-11-28T00:17:51.175+0000] {subprocess.py:63} INFO - Tmp dir root location: 
 /tmp
[2022-11-28T00:17:51.190+0000] {subprocess.py:75} INFO - Running command: ['/bin/bash', '-c', 'echo 333 > test_directory']
[2022-11-28T00:17:51.262+0000] {subprocess.py:86} INFO - Output:
[2022-11-28T00:17:51.273+0000] {subprocess.py:97} INFO - Command exited with return code 0
[2022-11-28T00:17:51.382+0000] {taskinstance.py:1406} INFO - Marking task as SUCCESS. dag_id=a_fourth_dug, task_id=fill_dir, execution_date=20221127T000000, start_date=20221128T001750, end_date=20221128T001751
[2022-11-28T00:17:51.462+0000] {local_task_job.py:164} INFO - Task exited with return code 0
[2022-11-28T00:17:51.571+0000] {local_task_job.py:273} INFO - 1 downstream tasks scheduled from follow-on schedule check
