[2022-11-12T00:09:30.413+0000] {taskinstance.py:1165} INFO - Dependencies all met for <TaskInstance: first_dag.make_dir scheduled__2022-11-11T00:00:00+00:00 [queued]>
[2022-11-12T00:09:30.448+0000] {taskinstance.py:1165} INFO - Dependencies all met for <TaskInstance: first_dag.make_dir scheduled__2022-11-11T00:00:00+00:00 [queued]>
[2022-11-12T00:09:30.449+0000] {taskinstance.py:1362} INFO - 
--------------------------------------------------------------------------------
[2022-11-12T00:09:30.450+0000] {taskinstance.py:1363} INFO - Starting attempt 1 of 1
[2022-11-12T00:09:30.451+0000] {taskinstance.py:1364} INFO - 
--------------------------------------------------------------------------------
[2022-11-12T00:09:30.484+0000] {taskinstance.py:1383} INFO - Executing <Task(BashOperator): make_dir> on 2022-11-11 00:00:00+00:00
[2022-11-12T00:09:30.494+0000] {standard_task_runner.py:55} INFO - Started process 36254 to run task
[2022-11-12T00:09:30.508+0000] {standard_task_runner.py:82} INFO - Running: ['***', 'tasks', 'run', 'first_dag', 'make_dir', 'scheduled__2022-11-11T00:00:00+00:00', '--job-id', '88', '--raw', '--subdir', 'DAGS_FOLDER/first_dug.py', '--cfg-path', '/tmp/tmpdcf41xen']
[2022-11-12T00:09:30.513+0000] {standard_task_runner.py:83} INFO - Job 88: Subtask make_dir
[2022-11-12T00:09:30.659+0000] {task_command.py:376} INFO - Running <TaskInstance: first_dag.make_dir scheduled__2022-11-11T00:00:00+00:00 [running]> on host 0b03955da713
[2022-11-12T00:09:30.793+0000] {taskinstance.py:1592} INFO - Exporting the following env vars:
AIRFLOW_CTX_DAG_OWNER=***
AIRFLOW_CTX_DAG_ID=first_dag
AIRFLOW_CTX_TASK_ID=make_dir
AIRFLOW_CTX_EXECUTION_DATE=2022-11-11T00:00:00+00:00
AIRFLOW_CTX_TRY_NUMBER=1
AIRFLOW_CTX_DAG_RUN_ID=scheduled__2022-11-11T00:00:00+00:00
[2022-11-12T00:09:30.796+0000] {subprocess.py:63} INFO - Tmp dir root location: 
 /tmp
[2022-11-12T00:09:30.797+0000] {subprocess.py:75} INFO - Running command: ['/bin/bash', '-c', 'touch data.csv']
[2022-11-12T00:09:30.849+0000] {subprocess.py:86} INFO - Output:
[2022-11-12T00:09:30.861+0000] {subprocess.py:97} INFO - Command exited with return code 0
[2022-11-12T00:09:30.906+0000] {taskinstance.py:1406} INFO - Marking task as SUCCESS. dag_id=first_dag, task_id=make_dir, execution_date=20221111T000000, start_date=20221112T000930, end_date=20221112T000930
[2022-11-12T00:09:30.960+0000] {local_task_job.py:164} INFO - Task exited with return code 0
[2022-11-12T00:09:31.001+0000] {local_task_job.py:273} INFO - 1 downstream tasks scheduled from follow-on schedule check
