[2022-11-11T14:54:12.624+0000] {taskinstance.py:1165} INFO - Dependencies all met for <TaskInstance: first_dag.make_dir manual__2022-11-11T14:54:10.947391+00:00 [queued]>
[2022-11-11T14:54:12.632+0000] {taskinstance.py:1165} INFO - Dependencies all met for <TaskInstance: first_dag.make_dir manual__2022-11-11T14:54:10.947391+00:00 [queued]>
[2022-11-11T14:54:12.633+0000] {taskinstance.py:1362} INFO - 
--------------------------------------------------------------------------------
[2022-11-11T14:54:12.634+0000] {taskinstance.py:1363} INFO - Starting attempt 1 of 1
[2022-11-11T14:54:12.635+0000] {taskinstance.py:1364} INFO - 
--------------------------------------------------------------------------------
[2022-11-11T14:54:12.642+0000] {taskinstance.py:1383} INFO - Executing <Task(BashOperator): make_dir> on 2022-11-11 14:54:10.947391+00:00
[2022-11-11T14:54:12.651+0000] {standard_task_runner.py:55} INFO - Started process 23719 to run task
[2022-11-11T14:54:12.656+0000] {standard_task_runner.py:82} INFO - Running: ['***', 'tasks', 'run', 'first_dag', 'make_dir', 'manual__2022-11-11T14:54:10.947391+00:00', '--job-id', '81', '--raw', '--subdir', 'DAGS_FOLDER/first_dug.py', '--cfg-path', '/tmp/tmpgewjx0we']
[2022-11-11T14:54:12.660+0000] {standard_task_runner.py:83} INFO - Job 81: Subtask make_dir
[2022-11-11T14:54:12.739+0000] {task_command.py:376} INFO - Running <TaskInstance: first_dag.make_dir manual__2022-11-11T14:54:10.947391+00:00 [running]> on host 0b03955da713
[2022-11-11T14:54:12.802+0000] {taskinstance.py:1592} INFO - Exporting the following env vars:
AIRFLOW_CTX_DAG_OWNER=***
AIRFLOW_CTX_DAG_ID=first_dag
AIRFLOW_CTX_TASK_ID=make_dir
AIRFLOW_CTX_EXECUTION_DATE=2022-11-11T14:54:10.947391+00:00
AIRFLOW_CTX_TRY_NUMBER=1
AIRFLOW_CTX_DAG_RUN_ID=manual__2022-11-11T14:54:10.947391+00:00
[2022-11-11T14:54:12.805+0000] {subprocess.py:63} INFO - Tmp dir root location: 
 /tmp
[2022-11-11T14:54:12.806+0000] {subprocess.py:75} INFO - Running command: ['/bin/bash', '-c', 'touch data.csv']
[2022-11-11T14:54:12.820+0000] {subprocess.py:86} INFO - Output:
[2022-11-11T14:54:12.826+0000] {subprocess.py:97} INFO - Command exited with return code 0
[2022-11-11T14:54:12.850+0000] {taskinstance.py:1406} INFO - Marking task as SUCCESS. dag_id=first_dag, task_id=make_dir, execution_date=20221111T145410, start_date=20221111T145412, end_date=20221111T145412
[2022-11-11T14:54:12.910+0000] {local_task_job.py:164} INFO - Task exited with return code 0
[2022-11-11T14:54:12.929+0000] {local_task_job.py:273} INFO - 1 downstream tasks scheduled from follow-on schedule check
