[2022-11-27T00:09:41.116+0000] {taskinstance.py:1165} INFO - Dependencies all met for <TaskInstance: first_dag.make_dir scheduled__2022-11-26T00:00:00+00:00 [queued]>
[2022-11-27T00:09:41.173+0000] {taskinstance.py:1165} INFO - Dependencies all met for <TaskInstance: first_dag.make_dir scheduled__2022-11-26T00:00:00+00:00 [queued]>
[2022-11-27T00:09:41.176+0000] {taskinstance.py:1362} INFO - 
--------------------------------------------------------------------------------
[2022-11-27T00:09:41.179+0000] {taskinstance.py:1363} INFO - Starting attempt 1 of 1
[2022-11-27T00:09:41.185+0000] {taskinstance.py:1364} INFO - 
--------------------------------------------------------------------------------
[2022-11-27T00:09:41.250+0000] {taskinstance.py:1383} INFO - Executing <Task(BashOperator): make_dir> on 2022-11-26 00:00:00+00:00
[2022-11-27T00:09:41.298+0000] {standard_task_runner.py:55} INFO - Started process 10307 to run task
[2022-11-27T00:09:41.382+0000] {standard_task_runner.py:82} INFO - Running: ['***', 'tasks', 'run', 'first_dag', 'make_dir', 'scheduled__2022-11-26T00:00:00+00:00', '--job-id', '247', '--raw', '--subdir', 'DAGS_FOLDER/first_dug.py', '--cfg-path', '/tmp/tmp1e6yu4if']
[2022-11-27T00:09:41.401+0000] {standard_task_runner.py:83} INFO - Job 247: Subtask make_dir
[2022-11-27T00:09:42.133+0000] {task_command.py:376} INFO - Running <TaskInstance: first_dag.make_dir scheduled__2022-11-26T00:00:00+00:00 [running]> on host b785e9657fa7
[2022-11-27T00:09:42.863+0000] {taskinstance.py:1592} INFO - Exporting the following env vars:
AIRFLOW_CTX_DAG_OWNER=***
AIRFLOW_CTX_DAG_ID=first_dag
AIRFLOW_CTX_TASK_ID=make_dir
AIRFLOW_CTX_EXECUTION_DATE=2022-11-26T00:00:00+00:00
AIRFLOW_CTX_TRY_NUMBER=1
AIRFLOW_CTX_DAG_RUN_ID=scheduled__2022-11-26T00:00:00+00:00
[2022-11-27T00:09:42.875+0000] {subprocess.py:63} INFO - Tmp dir root location: 
 /tmp
[2022-11-27T00:09:42.889+0000] {subprocess.py:75} INFO - Running command: ['/bin/bash', '-c', 'touch data.csv']
[2022-11-27T00:09:43.061+0000] {subprocess.py:86} INFO - Output:
[2022-11-27T00:09:43.090+0000] {subprocess.py:97} INFO - Command exited with return code 0
[2022-11-27T00:09:43.208+0000] {taskinstance.py:1406} INFO - Marking task as SUCCESS. dag_id=first_dag, task_id=make_dir, execution_date=20221126T000000, start_date=20221127T000941, end_date=20221127T000943
[2022-11-27T00:09:43.321+0000] {local_task_job.py:164} INFO - Task exited with return code 0
[2022-11-27T00:09:43.715+0000] {local_task_job.py:273} INFO - 0 downstream tasks scheduled from follow-on schedule check
