[2022-11-30T00:04:01.705+0000] {taskinstance.py:1165} INFO - Dependencies all met for <TaskInstance: first_dag.make_dir scheduled__2022-11-29T00:00:00+00:00 [queued]>
[2022-11-30T00:04:01.732+0000] {taskinstance.py:1165} INFO - Dependencies all met for <TaskInstance: first_dag.make_dir scheduled__2022-11-29T00:00:00+00:00 [queued]>
[2022-11-30T00:04:01.739+0000] {taskinstance.py:1362} INFO - 
--------------------------------------------------------------------------------
[2022-11-30T00:04:01.745+0000] {taskinstance.py:1363} INFO - Starting attempt 1 of 1
[2022-11-30T00:04:01.751+0000] {taskinstance.py:1364} INFO - 
--------------------------------------------------------------------------------
[2022-11-30T00:04:01.787+0000] {taskinstance.py:1383} INFO - Executing <Task(BashOperator): make_dir> on 2022-11-29 00:00:00+00:00
[2022-11-30T00:04:01.800+0000] {standard_task_runner.py:55} INFO - Started process 504 to run task
[2022-11-30T00:04:01.807+0000] {standard_task_runner.py:82} INFO - Running: ['***', 'tasks', 'run', 'first_dag', 'make_dir', 'scheduled__2022-11-29T00:00:00+00:00', '--job-id', '266', '--raw', '--subdir', 'DAGS_FOLDER/first_dug.py', '--cfg-path', '/tmp/tmpdfcxdlgc']
[2022-11-30T00:04:01.818+0000] {standard_task_runner.py:83} INFO - Job 266: Subtask make_dir
[2022-11-30T00:04:02.021+0000] {task_command.py:376} INFO - Running <TaskInstance: first_dag.make_dir scheduled__2022-11-29T00:00:00+00:00 [running]> on host b785e9657fa7
[2022-11-30T00:04:02.205+0000] {taskinstance.py:1592} INFO - Exporting the following env vars:
AIRFLOW_CTX_DAG_OWNER=***
AIRFLOW_CTX_DAG_ID=first_dag
AIRFLOW_CTX_TASK_ID=make_dir
AIRFLOW_CTX_EXECUTION_DATE=2022-11-29T00:00:00+00:00
AIRFLOW_CTX_TRY_NUMBER=1
AIRFLOW_CTX_DAG_RUN_ID=scheduled__2022-11-29T00:00:00+00:00
[2022-11-30T00:04:02.219+0000] {subprocess.py:63} INFO - Tmp dir root location: 
 /tmp
[2022-11-30T00:04:02.227+0000] {subprocess.py:75} INFO - Running command: ['/bin/bash', '-c', 'touch data.csv']
[2022-11-30T00:04:02.265+0000] {subprocess.py:86} INFO - Output:
[2022-11-30T00:04:02.292+0000] {subprocess.py:97} INFO - Command exited with return code 0
[2022-11-30T00:04:02.405+0000] {taskinstance.py:1406} INFO - Marking task as SUCCESS. dag_id=first_dag, task_id=make_dir, execution_date=20221129T000000, start_date=20221130T000401, end_date=20221130T000402
[2022-11-30T00:04:02.492+0000] {local_task_job.py:164} INFO - Task exited with return code 0
[2022-11-30T00:04:02.543+0000] {local_task_job.py:273} INFO - 1 downstream tasks scheduled from follow-on schedule check
