[2022-11-28T00:17:40.949+0000] {taskinstance.py:1165} INFO - Dependencies all met for <TaskInstance: first_dag.make_dir scheduled__2022-11-27T00:00:00+00:00 [queued]>
[2022-11-28T00:17:40.987+0000] {taskinstance.py:1165} INFO - Dependencies all met for <TaskInstance: first_dag.make_dir scheduled__2022-11-27T00:00:00+00:00 [queued]>
[2022-11-28T00:17:41.002+0000] {taskinstance.py:1362} INFO - 
--------------------------------------------------------------------------------
[2022-11-28T00:17:41.007+0000] {taskinstance.py:1363} INFO - Starting attempt 1 of 1
[2022-11-28T00:17:41.014+0000] {taskinstance.py:1364} INFO - 
--------------------------------------------------------------------------------
[2022-11-28T00:17:41.052+0000] {taskinstance.py:1383} INFO - Executing <Task(BashOperator): make_dir> on 2022-11-27 00:00:00+00:00
[2022-11-28T00:17:41.078+0000] {standard_task_runner.py:55} INFO - Started process 55402 to run task
[2022-11-28T00:17:41.098+0000] {standard_task_runner.py:82} INFO - Running: ['***', 'tasks', 'run', 'first_dag', 'make_dir', 'scheduled__2022-11-27T00:00:00+00:00', '--job-id', '252', '--raw', '--subdir', 'DAGS_FOLDER/first_dug.py', '--cfg-path', '/tmp/tmpg1m48bk4']
[2022-11-28T00:17:41.107+0000] {standard_task_runner.py:83} INFO - Job 252: Subtask make_dir
[2022-11-28T00:17:41.412+0000] {task_command.py:376} INFO - Running <TaskInstance: first_dag.make_dir scheduled__2022-11-27T00:00:00+00:00 [running]> on host b785e9657fa7
[2022-11-28T00:17:41.698+0000] {taskinstance.py:1592} INFO - Exporting the following env vars:
AIRFLOW_CTX_DAG_OWNER=***
AIRFLOW_CTX_DAG_ID=first_dag
AIRFLOW_CTX_TASK_ID=make_dir
AIRFLOW_CTX_EXECUTION_DATE=2022-11-27T00:00:00+00:00
AIRFLOW_CTX_TRY_NUMBER=1
AIRFLOW_CTX_DAG_RUN_ID=scheduled__2022-11-27T00:00:00+00:00
[2022-11-28T00:17:41.710+0000] {subprocess.py:63} INFO - Tmp dir root location: 
 /tmp
[2022-11-28T00:17:41.724+0000] {subprocess.py:75} INFO - Running command: ['/bin/bash', '-c', 'touch data.csv']
[2022-11-28T00:17:41.771+0000] {subprocess.py:86} INFO - Output:
[2022-11-28T00:17:41.778+0000] {subprocess.py:97} INFO - Command exited with return code 0
[2022-11-28T00:17:41.856+0000] {taskinstance.py:1406} INFO - Marking task as SUCCESS. dag_id=first_dag, task_id=make_dir, execution_date=20221127T000000, start_date=20221128T001740, end_date=20221128T001741
[2022-11-28T00:17:41.942+0000] {local_task_job.py:164} INFO - Task exited with return code 0
[2022-11-28T00:17:42.050+0000] {local_task_job.py:273} INFO - 1 downstream tasks scheduled from follow-on schedule check
