[2022-11-07T00:31:21.412+0000] {processor.py:154} INFO - Started process (PID=52163) to work on /opt/airflow/dags/first_dug.py
[2022-11-07T00:31:21.417+0000] {processor.py:756} INFO - Processing file /opt/airflow/dags/first_dug.py for tasks to queue
[2022-11-07T00:31:21.423+0000] {logging_mixin.py:120} INFO - [2022-11-07T00:31:21.423+0000] {dagbag.py:537} INFO - Filling up the DagBag from /opt/airflow/dags/first_dug.py
[2022-11-07T00:31:21.522+0000] {processor.py:766} INFO - DAG(s) dict_keys(['a_first_dug']) retrieved from /opt/airflow/dags/first_dug.py
[2022-11-07T00:31:22.330+0000] {logging_mixin.py:120} INFO - [2022-11-07T00:31:22.329+0000] {dag.py:2585} INFO - Sync 1 DAGs
[2022-11-07T00:31:22.412+0000] {logging_mixin.py:120} INFO - [2022-11-07T00:31:22.412+0000] {dag.py:3340} INFO - Setting next_dagrun for a_first_dug to 2022-11-05T12:00:00+00:00, run_after=2022-11-06T12:00:00+00:00
[2022-11-07T00:31:22.455+0000] {processor.py:176} INFO - Processing /opt/airflow/dags/first_dug.py took 1.055 seconds
[2022-11-07T17:11:01.994+0000] {processor.py:154} INFO - Started process (PID=52211) to work on /opt/airflow/dags/first_dug.py
[2022-11-07T17:11:02.000+0000] {processor.py:756} INFO - Processing file /opt/airflow/dags/first_dug.py for tasks to queue
[2022-11-07T17:11:02.006+0000] {logging_mixin.py:120} INFO - [2022-11-07T17:11:02.006+0000] {dagbag.py:537} INFO - Filling up the DagBag from /opt/airflow/dags/first_dug.py
[2022-11-07T17:11:02.104+0000] {processor.py:766} INFO - DAG(s) dict_keys(['a_first_dug']) retrieved from /opt/airflow/dags/first_dug.py
[2022-11-07T17:11:02.213+0000] {logging_mixin.py:120} INFO - [2022-11-07T17:11:02.213+0000] {dag.py:2585} INFO - Sync 1 DAGs
[2022-11-07T17:11:02.267+0000] {logging_mixin.py:120} INFO - [2022-11-07T17:11:02.266+0000] {dag.py:3340} INFO - Setting next_dagrun for a_first_dug to 2022-11-06T12:00:00+00:00, run_after=2022-11-07T12:00:00+00:00
[2022-11-07T17:11:02.361+0000] {processor.py:176} INFO - Processing /opt/airflow/dags/first_dug.py took 0.395 seconds
[2022-11-07T17:11:32.879+0000] {processor.py:154} INFO - Started process (PID=52276) to work on /opt/airflow/dags/first_dug.py
[2022-11-07T17:11:32.885+0000] {processor.py:756} INFO - Processing file /opt/airflow/dags/first_dug.py for tasks to queue
[2022-11-07T17:11:32.886+0000] {logging_mixin.py:120} INFO - [2022-11-07T17:11:32.886+0000] {dagbag.py:537} INFO - Filling up the DagBag from /opt/airflow/dags/first_dug.py
[2022-11-07T17:11:32.907+0000] {processor.py:766} INFO - DAG(s) dict_keys(['a_first_dug']) retrieved from /opt/airflow/dags/first_dug.py
[2022-11-07T17:11:32.935+0000] {logging_mixin.py:120} INFO - [2022-11-07T17:11:32.935+0000] {dag.py:2585} INFO - Sync 1 DAGs
[2022-11-07T17:11:32.950+0000] {logging_mixin.py:120} INFO - [2022-11-07T17:11:32.950+0000] {dag.py:3340} INFO - Setting next_dagrun for a_first_dug to 2022-11-06T12:00:00+00:00, run_after=2022-11-07T12:00:00+00:00
[2022-11-07T17:11:32.962+0000] {processor.py:176} INFO - Processing /opt/airflow/dags/first_dug.py took 0.086 seconds
[2022-11-07T17:12:03.674+0000] {processor.py:154} INFO - Started process (PID=52342) to work on /opt/airflow/dags/first_dug.py
[2022-11-07T17:12:03.677+0000] {processor.py:756} INFO - Processing file /opt/airflow/dags/first_dug.py for tasks to queue
[2022-11-07T17:12:03.679+0000] {logging_mixin.py:120} INFO - [2022-11-07T17:12:03.679+0000] {dagbag.py:537} INFO - Filling up the DagBag from /opt/airflow/dags/first_dug.py
[2022-11-07T17:12:03.702+0000] {processor.py:766} INFO - DAG(s) dict_keys(['a_first_dug']) retrieved from /opt/airflow/dags/first_dug.py
[2022-11-07T17:12:03.732+0000] {logging_mixin.py:120} INFO - [2022-11-07T17:12:03.732+0000] {dag.py:2585} INFO - Sync 1 DAGs
[2022-11-07T17:12:03.842+0000] {logging_mixin.py:120} INFO - [2022-11-07T17:12:03.842+0000] {dag.py:3340} INFO - Setting next_dagrun for a_first_dug to 2022-11-06T12:00:00+00:00, run_after=2022-11-07T12:00:00+00:00
[2022-11-07T17:12:03.853+0000] {processor.py:176} INFO - Processing /opt/airflow/dags/first_dug.py took 0.183 seconds
[2022-11-07T17:12:34.045+0000] {processor.py:154} INFO - Started process (PID=52401) to work on /opt/airflow/dags/first_dug.py
[2022-11-07T17:12:34.048+0000] {processor.py:756} INFO - Processing file /opt/airflow/dags/first_dug.py for tasks to queue
[2022-11-07T17:12:34.049+0000] {logging_mixin.py:120} INFO - [2022-11-07T17:12:34.049+0000] {dagbag.py:537} INFO - Filling up the DagBag from /opt/airflow/dags/first_dug.py
[2022-11-07T17:12:34.072+0000] {processor.py:766} INFO - DAG(s) dict_keys(['a_first_dug']) retrieved from /opt/airflow/dags/first_dug.py
[2022-11-07T17:12:34.106+0000] {logging_mixin.py:120} INFO - [2022-11-07T17:12:34.106+0000] {dag.py:2585} INFO - Sync 1 DAGs
[2022-11-07T17:12:34.217+0000] {logging_mixin.py:120} INFO - [2022-11-07T17:12:34.217+0000] {dag.py:3340} INFO - Setting next_dagrun for a_first_dug to 2022-11-06T12:00:00+00:00, run_after=2022-11-07T12:00:00+00:00
[2022-11-07T17:12:34.238+0000] {processor.py:176} INFO - Processing /opt/airflow/dags/first_dug.py took 0.199 seconds
[2022-11-07T17:13:04.470+0000] {processor.py:154} INFO - Started process (PID=52468) to work on /opt/airflow/dags/first_dug.py
[2022-11-07T17:13:04.480+0000] {processor.py:756} INFO - Processing file /opt/airflow/dags/first_dug.py for tasks to queue
[2022-11-07T17:13:04.481+0000] {logging_mixin.py:120} INFO - [2022-11-07T17:13:04.481+0000] {dagbag.py:537} INFO - Filling up the DagBag from /opt/airflow/dags/first_dug.py
[2022-11-07T17:13:04.502+0000] {processor.py:766} INFO - DAG(s) dict_keys(['a_first_dug']) retrieved from /opt/airflow/dags/first_dug.py
[2022-11-07T17:13:04.531+0000] {logging_mixin.py:120} INFO - [2022-11-07T17:13:04.531+0000] {dag.py:2585} INFO - Sync 1 DAGs
[2022-11-07T17:13:04.546+0000] {logging_mixin.py:120} INFO - [2022-11-07T17:13:04.546+0000] {dag.py:3340} INFO - Setting next_dagrun for a_first_dug to 2022-11-06T12:00:00+00:00, run_after=2022-11-07T12:00:00+00:00
[2022-11-07T17:13:04.558+0000] {processor.py:176} INFO - Processing /opt/airflow/dags/first_dug.py took 0.092 seconds
[2022-11-07T17:13:35.544+0000] {processor.py:154} INFO - Started process (PID=52534) to work on /opt/airflow/dags/first_dug.py
[2022-11-07T17:13:35.547+0000] {processor.py:756} INFO - Processing file /opt/airflow/dags/first_dug.py for tasks to queue
[2022-11-07T17:13:35.549+0000] {logging_mixin.py:120} INFO - [2022-11-07T17:13:35.549+0000] {dagbag.py:537} INFO - Filling up the DagBag from /opt/airflow/dags/first_dug.py
[2022-11-07T17:13:35.571+0000] {processor.py:766} INFO - DAG(s) dict_keys(['a_first_dug']) retrieved from /opt/airflow/dags/first_dug.py
[2022-11-07T17:13:35.601+0000] {logging_mixin.py:120} INFO - [2022-11-07T17:13:35.601+0000] {dag.py:2585} INFO - Sync 1 DAGs
[2022-11-07T17:13:35.616+0000] {logging_mixin.py:120} INFO - [2022-11-07T17:13:35.616+0000] {dag.py:3340} INFO - Setting next_dagrun for a_first_dug to 2022-11-06T12:00:00+00:00, run_after=2022-11-07T12:00:00+00:00
[2022-11-07T17:13:35.628+0000] {processor.py:176} INFO - Processing /opt/airflow/dags/first_dug.py took 0.088 seconds
[2022-11-07T17:14:06.079+0000] {processor.py:154} INFO - Started process (PID=52601) to work on /opt/airflow/dags/first_dug.py
[2022-11-07T17:14:06.081+0000] {processor.py:756} INFO - Processing file /opt/airflow/dags/first_dug.py for tasks to queue
[2022-11-07T17:14:06.083+0000] {logging_mixin.py:120} INFO - [2022-11-07T17:14:06.082+0000] {dagbag.py:537} INFO - Filling up the DagBag from /opt/airflow/dags/first_dug.py
[2022-11-07T17:14:06.107+0000] {processor.py:766} INFO - DAG(s) dict_keys(['a_first_dug']) retrieved from /opt/airflow/dags/first_dug.py
[2022-11-07T17:14:06.144+0000] {logging_mixin.py:120} INFO - [2022-11-07T17:14:06.144+0000] {dag.py:2585} INFO - Sync 1 DAGs
[2022-11-07T17:14:06.269+0000] {logging_mixin.py:120} INFO - [2022-11-07T17:14:06.268+0000] {dag.py:3340} INFO - Setting next_dagrun for a_first_dug to 2022-11-06T12:00:00+00:00, run_after=2022-11-07T12:00:00+00:00
[2022-11-07T17:14:06.282+0000] {processor.py:176} INFO - Processing /opt/airflow/dags/first_dug.py took 0.208 seconds
[2022-11-07T17:14:36.636+0000] {processor.py:154} INFO - Started process (PID=52669) to work on /opt/airflow/dags/first_dug.py
[2022-11-07T17:14:36.640+0000] {processor.py:756} INFO - Processing file /opt/airflow/dags/first_dug.py for tasks to queue
[2022-11-07T17:14:36.642+0000] {logging_mixin.py:120} INFO - [2022-11-07T17:14:36.642+0000] {dagbag.py:537} INFO - Filling up the DagBag from /opt/airflow/dags/first_dug.py
[2022-11-07T17:14:36.667+0000] {processor.py:766} INFO - DAG(s) dict_keys(['a_first_dug']) retrieved from /opt/airflow/dags/first_dug.py
[2022-11-07T17:14:36.698+0000] {logging_mixin.py:120} INFO - [2022-11-07T17:14:36.698+0000] {dag.py:2585} INFO - Sync 1 DAGs
[2022-11-07T17:14:36.810+0000] {logging_mixin.py:120} INFO - [2022-11-07T17:14:36.810+0000] {dag.py:3340} INFO - Setting next_dagrun for a_first_dug to 2022-11-06T12:00:00+00:00, run_after=2022-11-07T12:00:00+00:00
[2022-11-07T17:14:36.821+0000] {processor.py:176} INFO - Processing /opt/airflow/dags/first_dug.py took 0.192 seconds
[2022-11-07T17:21:19.140+0000] {processor.py:154} INFO - Started process (PID=52688) to work on /opt/airflow/dags/first_dug.py
[2022-11-07T17:21:19.142+0000] {processor.py:756} INFO - Processing file /opt/airflow/dags/first_dug.py for tasks to queue
[2022-11-07T17:21:19.143+0000] {logging_mixin.py:120} INFO - [2022-11-07T17:21:19.143+0000] {dagbag.py:537} INFO - Filling up the DagBag from /opt/airflow/dags/first_dug.py
[2022-11-07T17:21:19.175+0000] {processor.py:766} INFO - DAG(s) dict_keys(['a_first_dug']) retrieved from /opt/airflow/dags/first_dug.py
[2022-11-07T17:21:19.360+0000] {logging_mixin.py:120} INFO - [2022-11-07T17:21:19.360+0000] {dag.py:2585} INFO - Sync 1 DAGs
[2022-11-07T17:21:19.378+0000] {logging_mixin.py:120} INFO - [2022-11-07T17:21:19.378+0000] {dag.py:3340} INFO - Setting next_dagrun for a_first_dug to 2022-11-06T12:00:00+00:00, run_after=2022-11-07T12:00:00+00:00
[2022-11-07T17:21:19.400+0000] {processor.py:176} INFO - Processing /opt/airflow/dags/first_dug.py took 0.264 seconds
[2022-11-07T17:53:14.690+0000] {processor.py:154} INFO - Started process (PID=52757) to work on /opt/airflow/dags/first_dug.py
[2022-11-07T17:53:14.701+0000] {processor.py:756} INFO - Processing file /opt/airflow/dags/first_dug.py for tasks to queue
[2022-11-07T17:53:14.703+0000] {logging_mixin.py:120} INFO - [2022-11-07T17:53:14.702+0000] {dagbag.py:537} INFO - Filling up the DagBag from /opt/airflow/dags/first_dug.py
[2022-11-07T17:53:14.753+0000] {processor.py:766} INFO - DAG(s) dict_keys(['a_first_dug']) retrieved from /opt/airflow/dags/first_dug.py
[2022-11-07T17:53:14.881+0000] {logging_mixin.py:120} INFO - [2022-11-07T17:53:14.881+0000] {dag.py:2585} INFO - Sync 1 DAGs
[2022-11-07T17:53:14.949+0000] {logging_mixin.py:120} INFO - [2022-11-07T17:53:14.949+0000] {dag.py:3340} INFO - Setting next_dagrun for a_first_dug to 2022-11-06T12:00:00+00:00, run_after=2022-11-07T12:00:00+00:00
[2022-11-07T17:53:14.994+0000] {processor.py:176} INFO - Processing /opt/airflow/dags/first_dug.py took 0.308 seconds
[2022-11-07T18:20:14.803+0000] {processor.py:154} INFO - Started process (PID=52815) to work on /opt/airflow/dags/first_dug.py
[2022-11-07T18:20:14.807+0000] {processor.py:756} INFO - Processing file /opt/airflow/dags/first_dug.py for tasks to queue
[2022-11-07T18:20:14.809+0000] {logging_mixin.py:120} INFO - [2022-11-07T18:20:14.808+0000] {dagbag.py:537} INFO - Filling up the DagBag from /opt/airflow/dags/first_dug.py
[2022-11-07T18:20:14.823+0000] {processor.py:766} INFO - DAG(s) dict_keys(['a_first_dug']) retrieved from /opt/airflow/dags/first_dug.py
[2022-11-07T18:20:14.853+0000] {logging_mixin.py:120} INFO - [2022-11-07T18:20:14.852+0000] {dag.py:2585} INFO - Sync 1 DAGs
[2022-11-07T18:20:14.870+0000] {logging_mixin.py:120} INFO - [2022-11-07T18:20:14.870+0000] {dag.py:3340} INFO - Setting next_dagrun for a_first_dug to 2022-11-06T12:00:00+00:00, run_after=2022-11-07T12:00:00+00:00
[2022-11-07T18:20:14.976+0000] {processor.py:176} INFO - Processing /opt/airflow/dags/first_dug.py took 0.177 seconds
[2022-11-07T19:15:47.673+0000] {processor.py:154} INFO - Started process (PID=52882) to work on /opt/airflow/dags/first_dug.py
[2022-11-07T19:15:47.676+0000] {processor.py:756} INFO - Processing file /opt/airflow/dags/first_dug.py for tasks to queue
[2022-11-07T19:15:47.677+0000] {logging_mixin.py:120} INFO - [2022-11-07T19:15:47.677+0000] {dagbag.py:537} INFO - Filling up the DagBag from /opt/airflow/dags/first_dug.py
[2022-11-07T19:15:47.710+0000] {processor.py:766} INFO - DAG(s) dict_keys(['a_first_dug']) retrieved from /opt/airflow/dags/first_dug.py
[2022-11-07T19:15:47.775+0000] {logging_mixin.py:120} INFO - [2022-11-07T19:15:47.775+0000] {dag.py:2585} INFO - Sync 1 DAGs
[2022-11-07T19:15:48.004+0000] {logging_mixin.py:120} INFO - [2022-11-07T19:15:48.004+0000] {dag.py:3340} INFO - Setting next_dagrun for a_first_dug to 2022-11-06T12:00:00+00:00, run_after=2022-11-07T12:00:00+00:00
[2022-11-07T19:15:48.026+0000] {processor.py:176} INFO - Processing /opt/airflow/dags/first_dug.py took 0.359 seconds
[2022-11-07T19:44:39.922+0000] {processor.py:154} INFO - Started process (PID=52939) to work on /opt/airflow/dags/first_dug.py
[2022-11-07T19:44:39.931+0000] {processor.py:756} INFO - Processing file /opt/airflow/dags/first_dug.py for tasks to queue
[2022-11-07T19:44:39.932+0000] {logging_mixin.py:120} INFO - [2022-11-07T19:44:39.932+0000] {dagbag.py:537} INFO - Filling up the DagBag from /opt/airflow/dags/first_dug.py
[2022-11-07T19:44:39.974+0000] {processor.py:766} INFO - DAG(s) dict_keys(['a_first_dug']) retrieved from /opt/airflow/dags/first_dug.py
[2022-11-07T19:44:40.121+0000] {logging_mixin.py:120} INFO - [2022-11-07T19:44:40.121+0000] {dag.py:2585} INFO - Sync 1 DAGs
[2022-11-07T19:44:40.138+0000] {logging_mixin.py:120} INFO - [2022-11-07T19:44:40.138+0000] {dag.py:3340} INFO - Setting next_dagrun for a_first_dug to 2022-11-06T12:00:00+00:00, run_after=2022-11-07T12:00:00+00:00
[2022-11-07T19:44:40.150+0000] {processor.py:176} INFO - Processing /opt/airflow/dags/first_dug.py took 0.231 seconds
[2022-11-07T20:51:21.927+0000] {processor.py:154} INFO - Started process (PID=53005) to work on /opt/airflow/dags/first_dug.py
[2022-11-07T20:51:21.931+0000] {processor.py:756} INFO - Processing file /opt/airflow/dags/first_dug.py for tasks to queue
[2022-11-07T20:51:21.933+0000] {logging_mixin.py:120} INFO - [2022-11-07T20:51:21.933+0000] {dagbag.py:537} INFO - Filling up the DagBag from /opt/airflow/dags/first_dug.py
[2022-11-07T20:51:21.952+0000] {processor.py:766} INFO - DAG(s) dict_keys(['a_first_dug']) retrieved from /opt/airflow/dags/first_dug.py
[2022-11-07T20:51:21.988+0000] {logging_mixin.py:120} INFO - [2022-11-07T20:51:21.988+0000] {dag.py:2585} INFO - Sync 1 DAGs
[2022-11-07T20:51:22.009+0000] {logging_mixin.py:120} INFO - [2022-11-07T20:51:22.009+0000] {dag.py:3340} INFO - Setting next_dagrun for a_first_dug to 2022-11-06T12:00:00+00:00, run_after=2022-11-07T12:00:00+00:00
[2022-11-07T20:51:22.036+0000] {processor.py:176} INFO - Processing /opt/airflow/dags/first_dug.py took 0.114 seconds
[2022-11-07T21:44:40.053+0000] {processor.py:154} INFO - Started process (PID=53072) to work on /opt/airflow/dags/first_dug.py
[2022-11-07T21:44:40.054+0000] {processor.py:756} INFO - Processing file /opt/airflow/dags/first_dug.py for tasks to queue
[2022-11-07T21:44:40.055+0000] {logging_mixin.py:120} INFO - [2022-11-07T21:44:40.055+0000] {dagbag.py:537} INFO - Filling up the DagBag from /opt/airflow/dags/first_dug.py
[2022-11-07T21:44:40.070+0000] {processor.py:766} INFO - DAG(s) dict_keys(['a_first_dug']) retrieved from /opt/airflow/dags/first_dug.py
[2022-11-07T21:44:40.098+0000] {logging_mixin.py:120} INFO - [2022-11-07T21:44:40.098+0000] {dag.py:2585} INFO - Sync 1 DAGs
[2022-11-07T21:44:40.211+0000] {logging_mixin.py:120} INFO - [2022-11-07T21:44:40.211+0000] {dag.py:3340} INFO - Setting next_dagrun for a_first_dug to 2022-11-06T12:00:00+00:00, run_after=2022-11-07T12:00:00+00:00
[2022-11-07T21:44:40.222+0000] {processor.py:176} INFO - Processing /opt/airflow/dags/first_dug.py took 0.171 seconds
[2022-11-07T22:48:44.075+0000] {processor.py:154} INFO - Started process (PID=53138) to work on /opt/airflow/dags/first_dug.py
[2022-11-07T22:48:44.088+0000] {processor.py:756} INFO - Processing file /opt/airflow/dags/first_dug.py for tasks to queue
[2022-11-07T22:48:44.090+0000] {logging_mixin.py:120} INFO - [2022-11-07T22:48:44.089+0000] {dagbag.py:537} INFO - Filling up the DagBag from /opt/airflow/dags/first_dug.py
[2022-11-07T22:48:44.135+0000] {processor.py:766} INFO - DAG(s) dict_keys(['a_first_dug']) retrieved from /opt/airflow/dags/first_dug.py
[2022-11-07T22:48:44.485+0000] {logging_mixin.py:120} INFO - [2022-11-07T22:48:44.485+0000] {dag.py:2585} INFO - Sync 1 DAGs
[2022-11-07T22:48:44.513+0000] {logging_mixin.py:120} INFO - [2022-11-07T22:48:44.513+0000] {dag.py:3340} INFO - Setting next_dagrun for a_first_dug to 2022-11-06T12:00:00+00:00, run_after=2022-11-07T12:00:00+00:00
[2022-11-07T22:48:44.538+0000] {processor.py:176} INFO - Processing /opt/airflow/dags/first_dug.py took 0.471 seconds
[2022-11-07T23:21:09.992+0000] {processor.py:154} INFO - Started process (PID=53195) to work on /opt/airflow/dags/first_dug.py
[2022-11-07T23:21:09.995+0000] {processor.py:756} INFO - Processing file /opt/airflow/dags/first_dug.py for tasks to queue
[2022-11-07T23:21:09.997+0000] {logging_mixin.py:120} INFO - [2022-11-07T23:21:09.997+0000] {dagbag.py:537} INFO - Filling up the DagBag from /opt/airflow/dags/first_dug.py
[2022-11-07T23:21:10.040+0000] {processor.py:766} INFO - DAG(s) dict_keys(['a_first_dug']) retrieved from /opt/airflow/dags/first_dug.py
[2022-11-07T23:21:10.101+0000] {logging_mixin.py:120} INFO - [2022-11-07T23:21:10.101+0000] {dag.py:2585} INFO - Sync 1 DAGs
[2022-11-07T23:21:10.136+0000] {logging_mixin.py:120} INFO - [2022-11-07T23:21:10.136+0000] {dag.py:3340} INFO - Setting next_dagrun for a_first_dug to 2022-11-06T12:00:00+00:00, run_after=2022-11-07T12:00:00+00:00
[2022-11-07T23:21:10.163+0000] {processor.py:176} INFO - Processing /opt/airflow/dags/first_dug.py took 0.174 seconds
[2022-11-07T23:58:52.652+0000] {processor.py:154} INFO - Started process (PID=53262) to work on /opt/airflow/dags/first_dug.py
[2022-11-07T23:58:52.654+0000] {processor.py:756} INFO - Processing file /opt/airflow/dags/first_dug.py for tasks to queue
[2022-11-07T23:58:52.655+0000] {logging_mixin.py:120} INFO - [2022-11-07T23:58:52.655+0000] {dagbag.py:537} INFO - Filling up the DagBag from /opt/airflow/dags/first_dug.py
[2022-11-07T23:58:52.684+0000] {processor.py:766} INFO - DAG(s) dict_keys(['a_first_dug']) retrieved from /opt/airflow/dags/first_dug.py
[2022-11-07T23:58:52.761+0000] {logging_mixin.py:120} INFO - [2022-11-07T23:58:52.760+0000] {dag.py:2585} INFO - Sync 1 DAGs
[2022-11-07T23:58:52.791+0000] {logging_mixin.py:120} INFO - [2022-11-07T23:58:52.790+0000] {dag.py:3340} INFO - Setting next_dagrun for a_first_dug to 2022-11-06T12:00:00+00:00, run_after=2022-11-07T12:00:00+00:00
[2022-11-07T23:58:52.998+0000] {processor.py:176} INFO - Processing /opt/airflow/dags/first_dug.py took 0.351 seconds
