[2022-11-07T00:31:22.602+0000] {processor.py:154} INFO - Started process (PID=52165) to work on /opt/airflow/dags/second_dug.py
[2022-11-07T00:31:22.611+0000] {processor.py:756} INFO - Processing file /opt/airflow/dags/second_dug.py for tasks to queue
[2022-11-07T00:31:22.614+0000] {logging_mixin.py:120} INFO - [2022-11-07T00:31:22.613+0000] {dagbag.py:537} INFO - Filling up the DagBag from /opt/airflow/dags/second_dug.py
[2022-11-07T00:31:22.690+0000] {processor.py:766} INFO - DAG(s) dict_keys(['a_second_dug']) retrieved from /opt/airflow/dags/second_dug.py
[2022-11-07T00:31:23.186+0000] {logging_mixin.py:120} INFO - [2022-11-07T00:31:23.185+0000] {dag.py:2585} INFO - Sync 1 DAGs
[2022-11-07T00:31:23.256+0000] {logging_mixin.py:120} INFO - [2022-11-07T00:31:23.255+0000] {dag.py:3340} INFO - Setting next_dagrun for a_second_dug to 2022-11-07T00:00:00+00:00, run_after=2022-11-08T00:00:00+00:00
[2022-11-07T00:31:23.381+0000] {processor.py:176} INFO - Processing /opt/airflow/dags/second_dug.py took 0.791 seconds
[2022-11-07T17:11:02.559+0000] {processor.py:154} INFO - Started process (PID=52213) to work on /opt/airflow/dags/second_dug.py
[2022-11-07T17:11:02.647+0000] {processor.py:756} INFO - Processing file /opt/airflow/dags/second_dug.py for tasks to queue
[2022-11-07T17:11:02.665+0000] {logging_mixin.py:120} INFO - [2022-11-07T17:11:02.665+0000] {dagbag.py:537} INFO - Filling up the DagBag from /opt/airflow/dags/second_dug.py
[2022-11-07T17:11:02.873+0000] {processor.py:766} INFO - DAG(s) dict_keys(['a_second_dug']) retrieved from /opt/airflow/dags/second_dug.py
[2022-11-07T17:11:03.048+0000] {logging_mixin.py:120} INFO - [2022-11-07T17:11:03.048+0000] {dag.py:2585} INFO - Sync 1 DAGs
[2022-11-07T17:11:03.131+0000] {logging_mixin.py:120} INFO - [2022-11-07T17:11:03.131+0000] {dag.py:3340} INFO - Setting next_dagrun for a_second_dug to 2022-11-07T00:00:00+00:00, run_after=2022-11-08T00:00:00+00:00
[2022-11-07T17:11:03.203+0000] {processor.py:176} INFO - Processing /opt/airflow/dags/second_dug.py took 0.653 seconds
[2022-11-07T17:11:33.984+0000] {processor.py:154} INFO - Started process (PID=52278) to work on /opt/airflow/dags/second_dug.py
[2022-11-07T17:11:33.986+0000] {processor.py:756} INFO - Processing file /opt/airflow/dags/second_dug.py for tasks to queue
[2022-11-07T17:11:33.987+0000] {logging_mixin.py:120} INFO - [2022-11-07T17:11:33.987+0000] {dagbag.py:537} INFO - Filling up the DagBag from /opt/airflow/dags/second_dug.py
[2022-11-07T17:11:34.012+0000] {processor.py:766} INFO - DAG(s) dict_keys(['a_second_dug']) retrieved from /opt/airflow/dags/second_dug.py
[2022-11-07T17:11:34.042+0000] {logging_mixin.py:120} INFO - [2022-11-07T17:11:34.042+0000] {dag.py:2585} INFO - Sync 1 DAGs
[2022-11-07T17:11:34.061+0000] {logging_mixin.py:120} INFO - [2022-11-07T17:11:34.061+0000] {dag.py:3340} INFO - Setting next_dagrun for a_second_dug to 2022-11-07T00:00:00+00:00, run_after=2022-11-08T00:00:00+00:00
[2022-11-07T17:11:34.076+0000] {processor.py:176} INFO - Processing /opt/airflow/dags/second_dug.py took 0.094 seconds
[2022-11-07T17:12:04.728+0000] {processor.py:154} INFO - Started process (PID=52344) to work on /opt/airflow/dags/second_dug.py
[2022-11-07T17:12:04.738+0000] {processor.py:756} INFO - Processing file /opt/airflow/dags/second_dug.py for tasks to queue
[2022-11-07T17:12:04.740+0000] {logging_mixin.py:120} INFO - [2022-11-07T17:12:04.739+0000] {dagbag.py:537} INFO - Filling up the DagBag from /opt/airflow/dags/second_dug.py
[2022-11-07T17:12:04.764+0000] {processor.py:766} INFO - DAG(s) dict_keys(['a_second_dug']) retrieved from /opt/airflow/dags/second_dug.py
[2022-11-07T17:12:04.795+0000] {logging_mixin.py:120} INFO - [2022-11-07T17:12:04.795+0000] {dag.py:2585} INFO - Sync 1 DAGs
[2022-11-07T17:12:04.916+0000] {logging_mixin.py:120} INFO - [2022-11-07T17:12:04.915+0000] {dag.py:3340} INFO - Setting next_dagrun for a_second_dug to 2022-11-07T00:00:00+00:00, run_after=2022-11-08T00:00:00+00:00
[2022-11-07T17:12:04.930+0000] {processor.py:176} INFO - Processing /opt/airflow/dags/second_dug.py took 0.211 seconds
[2022-11-07T17:12:35.079+0000] {processor.py:154} INFO - Started process (PID=52412) to work on /opt/airflow/dags/second_dug.py
[2022-11-07T17:12:35.083+0000] {processor.py:756} INFO - Processing file /opt/airflow/dags/second_dug.py for tasks to queue
[2022-11-07T17:12:35.084+0000] {logging_mixin.py:120} INFO - [2022-11-07T17:12:35.084+0000] {dagbag.py:537} INFO - Filling up the DagBag from /opt/airflow/dags/second_dug.py
[2022-11-07T17:12:35.100+0000] {processor.py:766} INFO - DAG(s) dict_keys(['a_second_dug']) retrieved from /opt/airflow/dags/second_dug.py
[2022-11-07T17:12:35.131+0000] {logging_mixin.py:120} INFO - [2022-11-07T17:12:35.130+0000] {dag.py:2585} INFO - Sync 1 DAGs
[2022-11-07T17:12:35.242+0000] {logging_mixin.py:120} INFO - [2022-11-07T17:12:35.242+0000] {dag.py:3340} INFO - Setting next_dagrun for a_second_dug to 2022-11-07T00:00:00+00:00, run_after=2022-11-08T00:00:00+00:00
[2022-11-07T17:12:35.253+0000] {processor.py:176} INFO - Processing /opt/airflow/dags/second_dug.py took 0.177 seconds
[2022-11-07T17:13:05.528+0000] {processor.py:154} INFO - Started process (PID=52470) to work on /opt/airflow/dags/second_dug.py
[2022-11-07T17:13:05.530+0000] {processor.py:756} INFO - Processing file /opt/airflow/dags/second_dug.py for tasks to queue
[2022-11-07T17:13:05.532+0000] {logging_mixin.py:120} INFO - [2022-11-07T17:13:05.531+0000] {dagbag.py:537} INFO - Filling up the DagBag from /opt/airflow/dags/second_dug.py
[2022-11-07T17:13:05.549+0000] {processor.py:766} INFO - DAG(s) dict_keys(['a_second_dug']) retrieved from /opt/airflow/dags/second_dug.py
[2022-11-07T17:13:05.583+0000] {logging_mixin.py:120} INFO - [2022-11-07T17:13:05.583+0000] {dag.py:2585} INFO - Sync 1 DAGs
[2022-11-07T17:13:05.603+0000] {logging_mixin.py:120} INFO - [2022-11-07T17:13:05.603+0000] {dag.py:3340} INFO - Setting next_dagrun for a_second_dug to 2022-11-07T00:00:00+00:00, run_after=2022-11-08T00:00:00+00:00
[2022-11-07T17:13:05.615+0000] {processor.py:176} INFO - Processing /opt/airflow/dags/second_dug.py took 0.092 seconds
[2022-11-07T17:13:35.652+0000] {processor.py:154} INFO - Started process (PID=52535) to work on /opt/airflow/dags/second_dug.py
[2022-11-07T17:13:35.654+0000] {processor.py:756} INFO - Processing file /opt/airflow/dags/second_dug.py for tasks to queue
[2022-11-07T17:13:35.655+0000] {logging_mixin.py:120} INFO - [2022-11-07T17:13:35.655+0000] {dagbag.py:537} INFO - Filling up the DagBag from /opt/airflow/dags/second_dug.py
[2022-11-07T17:13:35.676+0000] {processor.py:766} INFO - DAG(s) dict_keys(['a_second_dug']) retrieved from /opt/airflow/dags/second_dug.py
[2022-11-07T17:13:35.705+0000] {logging_mixin.py:120} INFO - [2022-11-07T17:13:35.705+0000] {dag.py:2585} INFO - Sync 1 DAGs
[2022-11-07T17:13:35.721+0000] {logging_mixin.py:120} INFO - [2022-11-07T17:13:35.720+0000] {dag.py:3340} INFO - Setting next_dagrun for a_second_dug to 2022-11-07T00:00:00+00:00, run_after=2022-11-08T00:00:00+00:00
[2022-11-07T17:13:35.732+0000] {processor.py:176} INFO - Processing /opt/airflow/dags/second_dug.py took 0.082 seconds
[2022-11-07T17:14:06.091+0000] {processor.py:154} INFO - Started process (PID=52602) to work on /opt/airflow/dags/second_dug.py
[2022-11-07T17:14:06.093+0000] {processor.py:756} INFO - Processing file /opt/airflow/dags/second_dug.py for tasks to queue
[2022-11-07T17:14:06.095+0000] {logging_mixin.py:120} INFO - [2022-11-07T17:14:06.095+0000] {dagbag.py:537} INFO - Filling up the DagBag from /opt/airflow/dags/second_dug.py
[2022-11-07T17:14:06.118+0000] {processor.py:766} INFO - DAG(s) dict_keys(['a_second_dug']) retrieved from /opt/airflow/dags/second_dug.py
[2022-11-07T17:14:06.153+0000] {logging_mixin.py:120} INFO - [2022-11-07T17:14:06.153+0000] {dag.py:2585} INFO - Sync 1 DAGs
[2022-11-07T17:14:06.274+0000] {logging_mixin.py:120} INFO - [2022-11-07T17:14:06.274+0000] {dag.py:3340} INFO - Setting next_dagrun for a_second_dug to 2022-11-07T00:00:00+00:00, run_after=2022-11-08T00:00:00+00:00
[2022-11-07T17:14:06.288+0000] {processor.py:176} INFO - Processing /opt/airflow/dags/second_dug.py took 0.201 seconds
[2022-11-07T17:14:36.640+0000] {processor.py:154} INFO - Started process (PID=52670) to work on /opt/airflow/dags/second_dug.py
[2022-11-07T17:14:36.643+0000] {processor.py:756} INFO - Processing file /opt/airflow/dags/second_dug.py for tasks to queue
[2022-11-07T17:14:36.644+0000] {logging_mixin.py:120} INFO - [2022-11-07T17:14:36.644+0000] {dagbag.py:537} INFO - Filling up the DagBag from /opt/airflow/dags/second_dug.py
[2022-11-07T17:14:36.669+0000] {processor.py:766} INFO - DAG(s) dict_keys(['a_second_dug']) retrieved from /opt/airflow/dags/second_dug.py
[2022-11-07T17:14:36.698+0000] {logging_mixin.py:120} INFO - [2022-11-07T17:14:36.698+0000] {dag.py:2585} INFO - Sync 1 DAGs
[2022-11-07T17:14:36.812+0000] {logging_mixin.py:120} INFO - [2022-11-07T17:14:36.811+0000] {dag.py:3340} INFO - Setting next_dagrun for a_second_dug to 2022-11-07T00:00:00+00:00, run_after=2022-11-08T00:00:00+00:00
[2022-11-07T17:14:36.821+0000] {processor.py:176} INFO - Processing /opt/airflow/dags/second_dug.py took 0.185 seconds
[2022-11-07T17:21:19.450+0000] {processor.py:154} INFO - Started process (PID=52689) to work on /opt/airflow/dags/second_dug.py
[2022-11-07T17:21:19.452+0000] {processor.py:756} INFO - Processing file /opt/airflow/dags/second_dug.py for tasks to queue
[2022-11-07T17:21:19.454+0000] {logging_mixin.py:120} INFO - [2022-11-07T17:21:19.453+0000] {dagbag.py:537} INFO - Filling up the DagBag from /opt/airflow/dags/second_dug.py
[2022-11-07T17:21:19.477+0000] {processor.py:766} INFO - DAG(s) dict_keys(['a_second_dug']) retrieved from /opt/airflow/dags/second_dug.py
[2022-11-07T17:21:19.773+0000] {logging_mixin.py:120} INFO - [2022-11-07T17:21:19.773+0000] {dag.py:2585} INFO - Sync 1 DAGs
[2022-11-07T17:21:19.802+0000] {logging_mixin.py:120} INFO - [2022-11-07T17:21:19.801+0000] {dag.py:3340} INFO - Setting next_dagrun for a_second_dug to 2022-11-07T00:00:00+00:00, run_after=2022-11-08T00:00:00+00:00
[2022-11-07T17:21:19.830+0000] {processor.py:176} INFO - Processing /opt/airflow/dags/second_dug.py took 0.384 seconds
[2022-11-07T17:53:15.074+0000] {processor.py:154} INFO - Started process (PID=52759) to work on /opt/airflow/dags/second_dug.py
[2022-11-07T17:53:15.078+0000] {processor.py:756} INFO - Processing file /opt/airflow/dags/second_dug.py for tasks to queue
[2022-11-07T17:53:15.082+0000] {logging_mixin.py:120} INFO - [2022-11-07T17:53:15.082+0000] {dagbag.py:537} INFO - Filling up the DagBag from /opt/airflow/dags/second_dug.py
[2022-11-07T17:53:15.131+0000] {processor.py:766} INFO - DAG(s) dict_keys(['a_second_dug']) retrieved from /opt/airflow/dags/second_dug.py
[2022-11-07T17:53:15.258+0000] {logging_mixin.py:120} INFO - [2022-11-07T17:53:15.257+0000] {dag.py:2585} INFO - Sync 1 DAGs
[2022-11-07T17:53:15.305+0000] {logging_mixin.py:120} INFO - [2022-11-07T17:53:15.305+0000] {dag.py:3340} INFO - Setting next_dagrun for a_second_dug to 2022-11-07T00:00:00+00:00, run_after=2022-11-08T00:00:00+00:00
[2022-11-07T17:53:15.336+0000] {processor.py:176} INFO - Processing /opt/airflow/dags/second_dug.py took 0.268 seconds
[2022-11-07T18:20:15.012+0000] {processor.py:154} INFO - Started process (PID=52817) to work on /opt/airflow/dags/second_dug.py
[2022-11-07T18:20:15.014+0000] {processor.py:756} INFO - Processing file /opt/airflow/dags/second_dug.py for tasks to queue
[2022-11-07T18:20:15.015+0000] {logging_mixin.py:120} INFO - [2022-11-07T18:20:15.015+0000] {dagbag.py:537} INFO - Filling up the DagBag from /opt/airflow/dags/second_dug.py
[2022-11-07T18:20:15.030+0000] {processor.py:766} INFO - DAG(s) dict_keys(['a_second_dug']) retrieved from /opt/airflow/dags/second_dug.py
[2022-11-07T18:20:15.060+0000] {logging_mixin.py:120} INFO - [2022-11-07T18:20:15.060+0000] {dag.py:2585} INFO - Sync 1 DAGs
[2022-11-07T18:20:15.079+0000] {logging_mixin.py:120} INFO - [2022-11-07T18:20:15.079+0000] {dag.py:3340} INFO - Setting next_dagrun for a_second_dug to 2022-11-07T00:00:00+00:00, run_after=2022-11-08T00:00:00+00:00
[2022-11-07T18:20:15.204+0000] {processor.py:176} INFO - Processing /opt/airflow/dags/second_dug.py took 0.195 seconds
[2022-11-07T19:15:48.097+0000] {processor.py:154} INFO - Started process (PID=52884) to work on /opt/airflow/dags/second_dug.py
[2022-11-07T19:15:48.102+0000] {processor.py:756} INFO - Processing file /opt/airflow/dags/second_dug.py for tasks to queue
[2022-11-07T19:15:48.104+0000] {logging_mixin.py:120} INFO - [2022-11-07T19:15:48.104+0000] {dagbag.py:537} INFO - Filling up the DagBag from /opt/airflow/dags/second_dug.py
[2022-11-07T19:15:48.135+0000] {processor.py:766} INFO - DAG(s) dict_keys(['a_second_dug']) retrieved from /opt/airflow/dags/second_dug.py
[2022-11-07T19:15:48.197+0000] {logging_mixin.py:120} INFO - [2022-11-07T19:15:48.197+0000] {dag.py:2585} INFO - Sync 1 DAGs
[2022-11-07T19:15:48.438+0000] {logging_mixin.py:120} INFO - [2022-11-07T19:15:48.438+0000] {dag.py:3340} INFO - Setting next_dagrun for a_second_dug to 2022-11-07T00:00:00+00:00, run_after=2022-11-08T00:00:00+00:00
[2022-11-07T19:15:48.461+0000] {processor.py:176} INFO - Processing /opt/airflow/dags/second_dug.py took 0.368 seconds
[2022-11-07T19:44:40.195+0000] {processor.py:154} INFO - Started process (PID=52949) to work on /opt/airflow/dags/second_dug.py
[2022-11-07T19:44:40.197+0000] {processor.py:756} INFO - Processing file /opt/airflow/dags/second_dug.py for tasks to queue
[2022-11-07T19:44:40.198+0000] {logging_mixin.py:120} INFO - [2022-11-07T19:44:40.198+0000] {dagbag.py:537} INFO - Filling up the DagBag from /opt/airflow/dags/second_dug.py
[2022-11-07T19:44:40.214+0000] {processor.py:766} INFO - DAG(s) dict_keys(['a_second_dug']) retrieved from /opt/airflow/dags/second_dug.py
[2022-11-07T19:44:40.369+0000] {logging_mixin.py:120} INFO - [2022-11-07T19:44:40.369+0000] {dag.py:2585} INFO - Sync 1 DAGs
[2022-11-07T19:44:40.412+0000] {logging_mixin.py:120} INFO - [2022-11-07T19:44:40.412+0000] {dag.py:3340} INFO - Setting next_dagrun for a_second_dug to 2022-11-07T00:00:00+00:00, run_after=2022-11-08T00:00:00+00:00
[2022-11-07T19:44:40.450+0000] {processor.py:176} INFO - Processing /opt/airflow/dags/second_dug.py took 0.257 seconds
[2022-11-07T20:51:22.078+0000] {processor.py:154} INFO - Started process (PID=53007) to work on /opt/airflow/dags/second_dug.py
[2022-11-07T20:51:22.080+0000] {processor.py:756} INFO - Processing file /opt/airflow/dags/second_dug.py for tasks to queue
[2022-11-07T20:51:22.081+0000] {logging_mixin.py:120} INFO - [2022-11-07T20:51:22.081+0000] {dagbag.py:537} INFO - Filling up the DagBag from /opt/airflow/dags/second_dug.py
[2022-11-07T20:51:22.098+0000] {processor.py:766} INFO - DAG(s) dict_keys(['a_second_dug']) retrieved from /opt/airflow/dags/second_dug.py
[2022-11-07T20:51:22.133+0000] {logging_mixin.py:120} INFO - [2022-11-07T20:51:22.133+0000] {dag.py:2585} INFO - Sync 1 DAGs
[2022-11-07T20:51:22.151+0000] {logging_mixin.py:120} INFO - [2022-11-07T20:51:22.151+0000] {dag.py:3340} INFO - Setting next_dagrun for a_second_dug to 2022-11-07T00:00:00+00:00, run_after=2022-11-08T00:00:00+00:00
[2022-11-07T20:51:22.166+0000] {processor.py:176} INFO - Processing /opt/airflow/dags/second_dug.py took 0.093 seconds
[2022-11-07T21:44:40.257+0000] {processor.py:154} INFO - Started process (PID=53074) to work on /opt/airflow/dags/second_dug.py
[2022-11-07T21:44:40.260+0000] {processor.py:756} INFO - Processing file /opt/airflow/dags/second_dug.py for tasks to queue
[2022-11-07T21:44:40.262+0000] {logging_mixin.py:120} INFO - [2022-11-07T21:44:40.261+0000] {dagbag.py:537} INFO - Filling up the DagBag from /opt/airflow/dags/second_dug.py
[2022-11-07T21:44:40.277+0000] {processor.py:766} INFO - DAG(s) dict_keys(['a_second_dug']) retrieved from /opt/airflow/dags/second_dug.py
[2022-11-07T21:44:40.305+0000] {logging_mixin.py:120} INFO - [2022-11-07T21:44:40.305+0000] {dag.py:2585} INFO - Sync 1 DAGs
[2022-11-07T21:44:40.426+0000] {logging_mixin.py:120} INFO - [2022-11-07T21:44:40.426+0000] {dag.py:3340} INFO - Setting next_dagrun for a_second_dug to 2022-11-07T00:00:00+00:00, run_after=2022-11-08T00:00:00+00:00
[2022-11-07T21:44:40.442+0000] {processor.py:176} INFO - Processing /opt/airflow/dags/second_dug.py took 0.188 seconds
[2022-11-07T22:48:44.597+0000] {processor.py:154} INFO - Started process (PID=53140) to work on /opt/airflow/dags/second_dug.py
[2022-11-07T22:48:44.601+0000] {processor.py:756} INFO - Processing file /opt/airflow/dags/second_dug.py for tasks to queue
[2022-11-07T22:48:44.602+0000] {logging_mixin.py:120} INFO - [2022-11-07T22:48:44.602+0000] {dagbag.py:537} INFO - Filling up the DagBag from /opt/airflow/dags/second_dug.py
[2022-11-07T22:48:44.630+0000] {processor.py:766} INFO - DAG(s) dict_keys(['a_second_dug']) retrieved from /opt/airflow/dags/second_dug.py
[2022-11-07T22:48:44.926+0000] {logging_mixin.py:120} INFO - [2022-11-07T22:48:44.926+0000] {dag.py:2585} INFO - Sync 1 DAGs
[2022-11-07T22:48:44.950+0000] {logging_mixin.py:120} INFO - [2022-11-07T22:48:44.950+0000] {dag.py:3340} INFO - Setting next_dagrun for a_second_dug to 2022-11-07T00:00:00+00:00, run_after=2022-11-08T00:00:00+00:00
[2022-11-07T22:48:44.972+0000] {processor.py:176} INFO - Processing /opt/airflow/dags/second_dug.py took 0.379 seconds
[2022-11-07T23:21:10.222+0000] {processor.py:154} INFO - Started process (PID=53196) to work on /opt/airflow/dags/second_dug.py
[2022-11-07T23:21:10.227+0000] {processor.py:756} INFO - Processing file /opt/airflow/dags/second_dug.py for tasks to queue
[2022-11-07T23:21:10.228+0000] {logging_mixin.py:120} INFO - [2022-11-07T23:21:10.228+0000] {dagbag.py:537} INFO - Filling up the DagBag from /opt/airflow/dags/second_dug.py
[2022-11-07T23:21:10.271+0000] {processor.py:766} INFO - DAG(s) dict_keys(['a_second_dug']) retrieved from /opt/airflow/dags/second_dug.py
[2022-11-07T23:21:10.421+0000] {logging_mixin.py:120} INFO - [2022-11-07T23:21:10.421+0000] {dag.py:2585} INFO - Sync 1 DAGs
[2022-11-07T23:21:10.506+0000] {logging_mixin.py:120} INFO - [2022-11-07T23:21:10.506+0000] {dag.py:3340} INFO - Setting next_dagrun for a_second_dug to 2022-11-07T00:00:00+00:00, run_after=2022-11-08T00:00:00+00:00
[2022-11-07T23:21:10.599+0000] {processor.py:176} INFO - Processing /opt/airflow/dags/second_dug.py took 0.380 seconds
[2022-11-07T23:58:53.067+0000] {processor.py:154} INFO - Started process (PID=53264) to work on /opt/airflow/dags/second_dug.py
[2022-11-07T23:58:53.073+0000] {processor.py:756} INFO - Processing file /opt/airflow/dags/second_dug.py for tasks to queue
[2022-11-07T23:58:53.074+0000] {logging_mixin.py:120} INFO - [2022-11-07T23:58:53.074+0000] {dagbag.py:537} INFO - Filling up the DagBag from /opt/airflow/dags/second_dug.py
[2022-11-07T23:58:53.100+0000] {processor.py:766} INFO - DAG(s) dict_keys(['a_second_dug']) retrieved from /opt/airflow/dags/second_dug.py
[2022-11-07T23:58:53.157+0000] {logging_mixin.py:120} INFO - [2022-11-07T23:58:53.156+0000] {dag.py:2585} INFO - Sync 1 DAGs
[2022-11-07T23:58:53.180+0000] {logging_mixin.py:120} INFO - [2022-11-07T23:58:53.180+0000] {dag.py:3340} INFO - Setting next_dagrun for a_second_dug to 2022-11-07T00:00:00+00:00, run_after=2022-11-08T00:00:00+00:00
[2022-11-07T23:58:53.379+0000] {processor.py:176} INFO - Processing /opt/airflow/dags/second_dug.py took 0.315 seconds
