[2022-11-21T15:24:42.335+0000] {taskinstance.py:1165} INFO - Dependencies all met for <TaskInstance: first_dag.make_dir scheduled__2022-11-20T00:00:00+00:00 [queued]>
[2022-11-21T15:24:42.371+0000] {taskinstance.py:1165} INFO - Dependencies all met for <TaskInstance: first_dag.make_dir scheduled__2022-11-20T00:00:00+00:00 [queued]>
[2022-11-21T15:24:42.386+0000] {taskinstance.py:1362} INFO - 
--------------------------------------------------------------------------------
[2022-11-21T15:24:42.404+0000] {taskinstance.py:1363} INFO - Starting attempt 1 of 1
[2022-11-21T15:24:42.421+0000] {taskinstance.py:1364} INFO - 
--------------------------------------------------------------------------------
[2022-11-21T15:24:42.498+0000] {taskinstance.py:1383} INFO - Executing <Task(BashOperator): make_dir> on 2022-11-20 00:00:00+00:00
[2022-11-21T15:24:42.526+0000] {standard_task_runner.py:55} INFO - Started process 66 to run task
[2022-11-21T15:24:42.535+0000] {standard_task_runner.py:82} INFO - Running: ['***', 'tasks', 'run', 'first_dag', 'make_dir', 'scheduled__2022-11-20T00:00:00+00:00', '--job-id', '107', '--raw', '--subdir', 'DAGS_FOLDER/first_dug.py', '--cfg-path', '/tmp/tmprtpw26ke']
[2022-11-21T15:24:42.548+0000] {standard_task_runner.py:83} INFO - Job 107: Subtask make_dir
[2022-11-21T15:24:42.765+0000] {task_command.py:376} INFO - Running <TaskInstance: first_dag.make_dir scheduled__2022-11-20T00:00:00+00:00 [running]> on host b785e9657fa7
[2022-11-21T15:24:42.835+0000] {taskinstance.py:1592} INFO - Exporting the following env vars:
AIRFLOW_CTX_DAG_OWNER=***
AIRFLOW_CTX_DAG_ID=first_dag
AIRFLOW_CTX_TASK_ID=make_dir
AIRFLOW_CTX_EXECUTION_DATE=2022-11-20T00:00:00+00:00
AIRFLOW_CTX_TRY_NUMBER=1
AIRFLOW_CTX_DAG_RUN_ID=scheduled__2022-11-20T00:00:00+00:00
[2022-11-21T15:24:42.838+0000] {subprocess.py:63} INFO - Tmp dir root location: 
 /tmp
[2022-11-21T15:24:42.842+0000] {subprocess.py:75} INFO - Running command: ['/bin/bash', '-c', 'touch data.csv']
[2022-11-21T15:24:42.853+0000] {subprocess.py:86} INFO - Output:
[2022-11-21T15:24:42.860+0000] {subprocess.py:97} INFO - Command exited with return code 0
[2022-11-21T15:24:42.888+0000] {taskinstance.py:1406} INFO - Marking task as SUCCESS. dag_id=first_dag, task_id=make_dir, execution_date=20221120T000000, start_date=20221121T152442, end_date=20221121T152442
[2022-11-21T15:24:42.917+0000] {local_task_job.py:164} INFO - Task exited with return code 0
[2022-11-21T15:24:42.936+0000] {local_task_job.py:273} INFO - 0 downstream tasks scheduled from follow-on schedule check
