[2022-11-10T20:25:39.549+0000] {taskinstance.py:1165} INFO - Dependencies all met for <TaskInstance: a_fourth_dug.rm_dir manual__2022-11-10T20:25:36.162585+00:00 [queued]>
[2022-11-10T20:25:39.556+0000] {taskinstance.py:1165} INFO - Dependencies all met for <TaskInstance: a_fourth_dug.rm_dir manual__2022-11-10T20:25:36.162585+00:00 [queued]>
[2022-11-10T20:25:39.557+0000] {taskinstance.py:1362} INFO - 
--------------------------------------------------------------------------------
[2022-11-10T20:25:39.557+0000] {taskinstance.py:1363} INFO - Starting attempt 1 of 1
[2022-11-10T20:25:39.558+0000] {taskinstance.py:1364} INFO - 
--------------------------------------------------------------------------------
[2022-11-10T20:25:39.566+0000] {taskinstance.py:1383} INFO - Executing <Task(BashOperator): rm_dir> on 2022-11-10 20:25:36.162585+00:00
[2022-11-10T20:25:39.570+0000] {standard_task_runner.py:55} INFO - Started process 16985 to run task
[2022-11-10T20:25:39.574+0000] {standard_task_runner.py:82} INFO - Running: ['***', 'tasks', 'run', 'a_fourth_dug', 'rm_dir', 'manual__2022-11-10T20:25:36.162585+00:00', '--job-id', '77', '--raw', '--subdir', 'DAGS_FOLDER/fourth_dug.py', '--cfg-path', '/tmp/tmpz90hnv5b']
[2022-11-10T20:25:39.576+0000] {standard_task_runner.py:83} INFO - Job 77: Subtask rm_dir
[2022-11-10T20:25:39.631+0000] {task_command.py:376} INFO - Running <TaskInstance: a_fourth_dug.rm_dir manual__2022-11-10T20:25:36.162585+00:00 [running]> on host 0b03955da713
[2022-11-10T20:25:39.707+0000] {taskinstance.py:1592} INFO - Exporting the following env vars:
AIRFLOW_CTX_DAG_OWNER=eugeny
AIRFLOW_CTX_DAG_ID=a_fourth_dug
AIRFLOW_CTX_TASK_ID=rm_dir
AIRFLOW_CTX_EXECUTION_DATE=2022-11-10T20:25:36.162585+00:00
AIRFLOW_CTX_TRY_NUMBER=1
AIRFLOW_CTX_DAG_RUN_ID=manual__2022-11-10T20:25:36.162585+00:00
[2022-11-10T20:25:39.708+0000] {subprocess.py:63} INFO - Tmp dir root location: 
 /tmp
[2022-11-10T20:25:39.710+0000] {subprocess.py:75} INFO - Running command: ['/bin/bash', '-c', 'rm -rf test_directory']
[2022-11-10T20:25:39.722+0000] {subprocess.py:86} INFO - Output:
[2022-11-10T20:25:39.726+0000] {subprocess.py:97} INFO - Command exited with return code 0
[2022-11-10T20:25:39.748+0000] {taskinstance.py:1406} INFO - Marking task as SUCCESS. dag_id=a_fourth_dug, task_id=rm_dir, execution_date=20221110T202536, start_date=20221110T202539, end_date=20221110T202539
[2022-11-10T20:25:39.786+0000] {local_task_job.py:164} INFO - Task exited with return code 0
[2022-11-10T20:25:39.802+0000] {local_task_job.py:273} INFO - 0 downstream tasks scheduled from follow-on schedule check
