[2022-11-22T00:11:26.385+0000] {taskinstance.py:1165} INFO - Dependencies all met for <TaskInstance: PG_to_S3.PG_to_S3 manual__2022-11-21T21:26:12.692587+00:00 [queued]>
[2022-11-22T00:11:26.393+0000] {taskinstance.py:1165} INFO - Dependencies all met for <TaskInstance: PG_to_S3.PG_to_S3 manual__2022-11-21T21:26:12.692587+00:00 [queued]>
[2022-11-22T00:11:26.394+0000] {taskinstance.py:1362} INFO - 
--------------------------------------------------------------------------------
[2022-11-22T00:11:26.396+0000] {taskinstance.py:1363} INFO - Starting attempt 48 of 48
[2022-11-22T00:11:26.397+0000] {taskinstance.py:1364} INFO - 
--------------------------------------------------------------------------------
[2022-11-22T00:11:26.409+0000] {taskinstance.py:1383} INFO - Executing <Task(PostgresToS3Operator): PG_to_S3> on 2022-11-21 21:26:12.692587+00:00
[2022-11-22T00:11:26.417+0000] {standard_task_runner.py:55} INFO - Started process 25531 to run task
[2022-11-22T00:11:26.423+0000] {standard_task_runner.py:82} INFO - Running: ['***', 'tasks', 'run', 'PG_to_S3', 'PG_to_S3', 'manual__2022-11-21T21:26:12.692587+00:00', '--job-id', '162', '--raw', '--subdir', 'DAGS_FOLDER/PGtoS3.py', '--cfg-path', '/tmp/tmpc4ydrq82']
[2022-11-22T00:11:26.426+0000] {standard_task_runner.py:83} INFO - Job 162: Subtask PG_to_S3
[2022-11-22T00:11:26.500+0000] {task_command.py:376} INFO - Running <TaskInstance: PG_to_S3.PG_to_S3 manual__2022-11-21T21:26:12.692587+00:00 [running]> on host b785e9657fa7
[2022-11-22T00:11:26.565+0000] {taskinstance.py:1592} INFO - Exporting the following env vars:
AIRFLOW_CTX_DAG_OWNER=eugeny
AIRFLOW_CTX_DAG_ID=PG_to_S3
AIRFLOW_CTX_TASK_ID=PG_to_S3
AIRFLOW_CTX_EXECUTION_DATE=2022-11-21T21:26:12.692587+00:00
AIRFLOW_CTX_TRY_NUMBER=48
AIRFLOW_CTX_DAG_RUN_ID=manual__2022-11-21T21:26:12.692587+00:00
[2022-11-22T00:12:22.607+0000] {local_task_job.py:211} WARNING - Recorded pid 25577 does not match the current pid 25531
[2022-11-22T00:12:22.612+0000] {process_utils.py:133} INFO - Sending Signals.SIGTERM to group 25531. PIDs of all processes in the group: [25531]
[2022-11-22T00:12:22.614+0000] {process_utils.py:84} INFO - Sending the signal Signals.SIGTERM to group 25531
[2022-11-22T00:12:23.606+0000] {taskinstance.py:1562} ERROR - Received SIGTERM. Terminating subprocesses.
[2022-11-22T00:12:23.685+0000] {taskinstance.py:1851} ERROR - Task failed with exception
Traceback (most recent call last):
  File "/opt/airflow/plugins/operators/pgtos3.py", line 28, in execute
    self.s3().Bucket(self.bucket).upload_file(self.filename, self.postgres())
  File "/opt/airflow/plugins/operators/pgtos3.py", line 40, in postgres
    pg_hook = PostgresHook.get_hook(self.postgres())
  File "/opt/airflow/plugins/operators/pgtos3.py", line 40, in postgres
    pg_hook = PostgresHook.get_hook(self.postgres())
  File "/opt/airflow/plugins/operators/pgtos3.py", line 40, in postgres
    pg_hook = PostgresHook.get_hook(self.postgres())
  [Previous line repeated 42 more times]
  File "/opt/airflow/plugins/operators/pgtos3.py", line 33, in postgres
    password=self.password, host=self.host, port=self.port)
  File "/home/airflow/.local/lib/python3.7/site-packages/psycopg2/__init__.py", line 122, in connect
    conn = _connect(dsn, connection_factory=connection_factory, **kwasync)
  File "/home/airflow/.local/lib/python3.7/site-packages/airflow/models/taskinstance.py", line 1564, in signal_handler
    raise AirflowException("Task received SIGTERM signal")
airflow.exceptions.AirflowException: Task received SIGTERM signal
[2022-11-22T00:12:23.704+0000] {taskinstance.py:1406} INFO - Marking task as FAILED. dag_id=PG_to_S3, task_id=PG_to_S3, execution_date=20221121T212612, start_date=20221122T001219, end_date=20221122T001223
[2022-11-22T00:12:23.742+0000] {standard_task_runner.py:105} ERROR - Failed to execute job 162 for task PG_to_S3 (Task received SIGTERM signal; 25531)
[2022-11-22T00:12:23.915+0000] {process_utils.py:79} INFO - Process psutil.Process(pid=25531, status='terminated', exitcode=1, started='00:11:25') (25531) terminated with exit code 1
