[2022-11-21T22:02:28.892+0000] {taskinstance.py:1165} INFO - Dependencies all met for <TaskInstance: PG_to_S3.PG_to_S3 manual__2022-11-21T21:26:12.692587+00:00 [queued]>
[2022-11-21T22:02:28.901+0000] {taskinstance.py:1165} INFO - Dependencies all met for <TaskInstance: PG_to_S3.PG_to_S3 manual__2022-11-21T21:26:12.692587+00:00 [queued]>
[2022-11-21T22:02:28.902+0000] {taskinstance.py:1362} INFO - 
--------------------------------------------------------------------------------
[2022-11-21T22:02:28.904+0000] {taskinstance.py:1363} INFO - Starting attempt 6 of 6
[2022-11-21T22:02:28.905+0000] {taskinstance.py:1364} INFO - 
--------------------------------------------------------------------------------
[2022-11-21T22:02:28.915+0000] {taskinstance.py:1383} INFO - Executing <Task(PostgresToS3Operator): PG_to_S3> on 2022-11-21 21:26:12.692587+00:00
[2022-11-21T22:02:28.921+0000] {standard_task_runner.py:55} INFO - Started process 19193 to run task
[2022-11-21T22:02:28.926+0000] {standard_task_runner.py:82} INFO - Running: ['***', 'tasks', 'run', 'PG_to_S3', 'PG_to_S3', 'manual__2022-11-21T21:26:12.692587+00:00', '--job-id', '115', '--raw', '--subdir', 'DAGS_FOLDER/PGtoS3.py', '--cfg-path', '/tmp/tmpdv32rrqi']
[2022-11-21T22:02:28.928+0000] {standard_task_runner.py:83} INFO - Job 115: Subtask PG_to_S3
[2022-11-21T22:02:29.000+0000] {task_command.py:376} INFO - Running <TaskInstance: PG_to_S3.PG_to_S3 manual__2022-11-21T21:26:12.692587+00:00 [running]> on host b785e9657fa7
[2022-11-21T22:02:29.075+0000] {taskinstance.py:1592} INFO - Exporting the following env vars:
AIRFLOW_CTX_DAG_OWNER=eugeny
AIRFLOW_CTX_DAG_ID=PG_to_S3
AIRFLOW_CTX_TASK_ID=PG_to_S3
AIRFLOW_CTX_EXECUTION_DATE=2022-11-21T21:26:12.692587+00:00
AIRFLOW_CTX_TRY_NUMBER=6
AIRFLOW_CTX_DAG_RUN_ID=manual__2022-11-21T21:26:12.692587+00:00
[2022-11-21T22:02:29.077+0000] {taskinstance.py:1851} ERROR - Task failed with exception
Traceback (most recent call last):
  File "/opt/airflow/plugins/operators/pgtos3.py", line 52, in execute
    postgres = postgres()
UnboundLocalError: local variable 'postgres' referenced before assignment
[2022-11-21T22:02:29.095+0000] {taskinstance.py:1406} INFO - Marking task as FAILED. dag_id=PG_to_S3, task_id=PG_to_S3, execution_date=20221121T212612, start_date=20221121T220228, end_date=20221121T220229
[2022-11-21T22:02:29.107+0000] {standard_task_runner.py:105} ERROR - Failed to execute job 115 for task PG_to_S3 (local variable 'postgres' referenced before assignment; 19193)
[2022-11-21T22:02:29.145+0000] {local_task_job.py:164} INFO - Task exited with return code 1
[2022-11-21T22:02:29.164+0000] {local_task_job.py:273} INFO - 0 downstream tasks scheduled from follow-on schedule check
