[2022-11-21T22:39:47.184+0000] {taskinstance.py:1165} INFO - Dependencies all met for <TaskInstance: PG_to_S3.PG_to_S3 manual__2022-11-21T21:26:12.692587+00:00 [queued]>
[2022-11-21T22:39:47.193+0000] {taskinstance.py:1165} INFO - Dependencies all met for <TaskInstance: PG_to_S3.PG_to_S3 manual__2022-11-21T21:26:12.692587+00:00 [queued]>
[2022-11-21T22:39:47.195+0000] {taskinstance.py:1362} INFO - 
--------------------------------------------------------------------------------
[2022-11-21T22:39:47.197+0000] {taskinstance.py:1363} INFO - Starting attempt 15 of 15
[2022-11-21T22:39:47.198+0000] {taskinstance.py:1364} INFO - 
--------------------------------------------------------------------------------
[2022-11-21T22:39:47.212+0000] {taskinstance.py:1383} INFO - Executing <Task(PostgresToS3Operator): PG_to_S3> on 2022-11-21 21:26:12.692587+00:00
[2022-11-21T22:39:47.220+0000] {standard_task_runner.py:55} INFO - Started process 20997 to run task
[2022-11-21T22:39:47.225+0000] {standard_task_runner.py:82} INFO - Running: ['***', 'tasks', 'run', 'PG_to_S3', 'PG_to_S3', 'manual__2022-11-21T21:26:12.692587+00:00', '--job-id', '124', '--raw', '--subdir', 'DAGS_FOLDER/PGtoS3.py', '--cfg-path', '/tmp/tmpy0qyu67h']
[2022-11-21T22:39:47.228+0000] {standard_task_runner.py:83} INFO - Job 124: Subtask PG_to_S3
[2022-11-21T22:39:47.303+0000] {task_command.py:376} INFO - Running <TaskInstance: PG_to_S3.PG_to_S3 manual__2022-11-21T21:26:12.692587+00:00 [running]> on host b785e9657fa7
[2022-11-21T22:39:47.367+0000] {taskinstance.py:1592} INFO - Exporting the following env vars:
AIRFLOW_CTX_DAG_OWNER=eugeny
AIRFLOW_CTX_DAG_ID=PG_to_S3
AIRFLOW_CTX_TASK_ID=PG_to_S3
AIRFLOW_CTX_EXECUTION_DATE=2022-11-21T21:26:12.692587+00:00
AIRFLOW_CTX_TRY_NUMBER=15
AIRFLOW_CTX_DAG_RUN_ID=manual__2022-11-21T21:26:12.692587+00:00
[2022-11-21T22:39:47.370+0000] {logging_mixin.py:120} INFO - <bound method PostgresToS3Operator.postgres of <Task(PostgresToS3Operator): PG_to_S3>>
[2022-11-21T22:39:47.385+0000] {taskinstance.py:1406} INFO - Marking task as SUCCESS. dag_id=PG_to_S3, task_id=PG_to_S3, execution_date=20221121T212612, start_date=20221121T223947, end_date=20221121T223947
[2022-11-21T22:39:47.439+0000] {local_task_job.py:164} INFO - Task exited with return code 0
[2022-11-21T22:39:47.459+0000] {local_task_job.py:273} INFO - 0 downstream tasks scheduled from follow-on schedule check
