[2022-11-22T01:48:24.519+0000] {taskinstance.py:1165} INFO - Dependencies all met for <TaskInstance: PG_to_S3.PG_to_S3 manual__2022-11-21T21:26:12.692587+00:00 [queued]>
[2022-11-22T01:48:24.530+0000] {taskinstance.py:1165} INFO - Dependencies all met for <TaskInstance: PG_to_S3.PG_to_S3 manual__2022-11-21T21:26:12.692587+00:00 [queued]>
[2022-11-22T01:48:24.532+0000] {taskinstance.py:1362} INFO - 
--------------------------------------------------------------------------------
[2022-11-22T01:48:24.534+0000] {taskinstance.py:1363} INFO - Starting attempt 87 of 87
[2022-11-22T01:48:24.537+0000] {taskinstance.py:1364} INFO - 
--------------------------------------------------------------------------------
[2022-11-22T01:48:24.548+0000] {taskinstance.py:1383} INFO - Executing <Task(PostgresToS3Operator): PG_to_S3> on 2022-11-21 21:26:12.692587+00:00
[2022-11-22T01:48:24.557+0000] {standard_task_runner.py:55} INFO - Started process 30290 to run task
[2022-11-22T01:48:24.562+0000] {standard_task_runner.py:82} INFO - Running: ['***', 'tasks', 'run', 'PG_to_S3', 'PG_to_S3', 'manual__2022-11-21T21:26:12.692587+00:00', '--job-id', '201', '--raw', '--subdir', 'DAGS_FOLDER/PGtoS3.py', '--cfg-path', '/tmp/tmpeqkx8aq7']
[2022-11-22T01:48:24.567+0000] {standard_task_runner.py:83} INFO - Job 201: Subtask PG_to_S3
[2022-11-22T01:48:24.667+0000] {task_command.py:376} INFO - Running <TaskInstance: PG_to_S3.PG_to_S3 manual__2022-11-21T21:26:12.692587+00:00 [running]> on host b785e9657fa7
[2022-11-22T01:48:24.752+0000] {taskinstance.py:1592} INFO - Exporting the following env vars:
AIRFLOW_CTX_DAG_OWNER=eugeny
AIRFLOW_CTX_DAG_ID=PG_to_S3
AIRFLOW_CTX_TASK_ID=PG_to_S3
AIRFLOW_CTX_EXECUTION_DATE=2022-11-21T21:26:12.692587+00:00
AIRFLOW_CTX_TRY_NUMBER=87
AIRFLOW_CTX_DAG_RUN_ID=manual__2022-11-21T21:26:12.692587+00:00
[2022-11-22T01:48:27.400+0000] {taskinstance.py:1851} ERROR - Task failed with exception
Traceback (most recent call last):
  File "/opt/airflow/plugins/operators/pgtos3.py", line 30, in execute
    self.s3().Bucket(self.bucket).upload_file(self.filename, self.postgres())
AttributeError: 'NoneType' object has no attribute 'Bucket'
[2022-11-22T01:48:27.425+0000] {taskinstance.py:1406} INFO - Marking task as FAILED. dag_id=PG_to_S3, task_id=PG_to_S3, execution_date=20221121T212612, start_date=20221122T014824, end_date=20221122T014827
[2022-11-22T01:48:27.442+0000] {standard_task_runner.py:105} ERROR - Failed to execute job 201 for task PG_to_S3 ('NoneType' object has no attribute 'Bucket'; 30290)
[2022-11-22T01:48:27.503+0000] {local_task_job.py:164} INFO - Task exited with return code 1
[2022-11-22T01:48:27.531+0000] {local_task_job.py:273} INFO - 0 downstream tasks scheduled from follow-on schedule check
