[2022-11-21T22:52:51.481+0000] {taskinstance.py:1165} INFO - Dependencies all met for <TaskInstance: PG_to_S3.PG_to_S3 manual__2022-11-21T21:26:12.692587+00:00 [queued]>
[2022-11-21T22:52:51.489+0000] {taskinstance.py:1165} INFO - Dependencies all met for <TaskInstance: PG_to_S3.PG_to_S3 manual__2022-11-21T21:26:12.692587+00:00 [queued]>
[2022-11-21T22:52:51.491+0000] {taskinstance.py:1362} INFO - 
--------------------------------------------------------------------------------
[2022-11-21T22:52:51.492+0000] {taskinstance.py:1363} INFO - Starting attempt 25 of 25
[2022-11-21T22:52:51.494+0000] {taskinstance.py:1364} INFO - 
--------------------------------------------------------------------------------
[2022-11-21T22:52:51.505+0000] {taskinstance.py:1383} INFO - Executing <Task(PostgresToS3Operator): PG_to_S3> on 2022-11-21 21:26:12.692587+00:00
[2022-11-21T22:52:51.514+0000] {standard_task_runner.py:55} INFO - Started process 21659 to run task
[2022-11-21T22:52:51.519+0000] {standard_task_runner.py:82} INFO - Running: ['***', 'tasks', 'run', 'PG_to_S3', 'PG_to_S3', 'manual__2022-11-21T21:26:12.692587+00:00', '--job-id', '134', '--raw', '--subdir', 'DAGS_FOLDER/PGtoS3.py', '--cfg-path', '/tmp/tmp94yrw2in']
[2022-11-21T22:52:51.524+0000] {standard_task_runner.py:83} INFO - Job 134: Subtask PG_to_S3
[2022-11-21T22:52:51.619+0000] {task_command.py:376} INFO - Running <TaskInstance: PG_to_S3.PG_to_S3 manual__2022-11-21T21:26:12.692587+00:00 [running]> on host b785e9657fa7
[2022-11-21T22:52:51.722+0000] {taskinstance.py:1592} INFO - Exporting the following env vars:
AIRFLOW_CTX_DAG_OWNER=eugeny
AIRFLOW_CTX_DAG_ID=PG_to_S3
AIRFLOW_CTX_TASK_ID=PG_to_S3
AIRFLOW_CTX_EXECUTION_DATE=2022-11-21T21:26:12.692587+00:00
AIRFLOW_CTX_TRY_NUMBER=25
AIRFLOW_CTX_DAG_RUN_ID=manual__2022-11-21T21:26:12.692587+00:00
[2022-11-21T22:52:52.482+0000] {taskinstance.py:1851} ERROR - Task failed with exception
Traceback (most recent call last):
  File "/opt/airflow/plugins/operators/pgtos3.py", line 27, in execute
    self.s3().Bucket(self.bucket).upload_file(self.postgres(), Key=filename)
AttributeError: 'NoneType' object has no attribute 'Bucket'
[2022-11-21T22:52:52.495+0000] {taskinstance.py:1406} INFO - Marking task as FAILED. dag_id=PG_to_S3, task_id=PG_to_S3, execution_date=20221121T212612, start_date=20221121T225251, end_date=20221121T225252
[2022-11-21T22:52:52.506+0000] {standard_task_runner.py:105} ERROR - Failed to execute job 134 for task PG_to_S3 ('NoneType' object has no attribute 'Bucket'; 21659)
[2022-11-21T22:52:52.569+0000] {local_task_job.py:164} INFO - Task exited with return code 1
[2022-11-21T22:52:52.593+0000] {local_task_job.py:273} INFO - 0 downstream tasks scheduled from follow-on schedule check
