[2022-11-21T22:47:45.626+0000] {taskinstance.py:1165} INFO - Dependencies all met for <TaskInstance: PG_to_S3.PG_to_S3 manual__2022-11-21T21:26:12.692587+00:00 [queued]>
[2022-11-21T22:47:45.641+0000] {taskinstance.py:1165} INFO - Dependencies all met for <TaskInstance: PG_to_S3.PG_to_S3 manual__2022-11-21T21:26:12.692587+00:00 [queued]>
[2022-11-21T22:47:45.646+0000] {taskinstance.py:1362} INFO - 
--------------------------------------------------------------------------------
[2022-11-21T22:47:45.650+0000] {taskinstance.py:1363} INFO - Starting attempt 22 of 22
[2022-11-21T22:47:45.671+0000] {taskinstance.py:1364} INFO - 
--------------------------------------------------------------------------------
[2022-11-21T22:47:45.701+0000] {taskinstance.py:1383} INFO - Executing <Task(PostgresToS3Operator): PG_to_S3> on 2022-11-21 21:26:12.692587+00:00
[2022-11-21T22:47:45.715+0000] {standard_task_runner.py:55} INFO - Started process 21404 to run task
[2022-11-21T22:47:45.731+0000] {standard_task_runner.py:82} INFO - Running: ['***', 'tasks', 'run', 'PG_to_S3', 'PG_to_S3', 'manual__2022-11-21T21:26:12.692587+00:00', '--job-id', '131', '--raw', '--subdir', 'DAGS_FOLDER/PGtoS3.py', '--cfg-path', '/tmp/tmpcvgcnmei']
[2022-11-21T22:47:45.739+0000] {standard_task_runner.py:83} INFO - Job 131: Subtask PG_to_S3
[2022-11-21T22:47:45.898+0000] {task_command.py:376} INFO - Running <TaskInstance: PG_to_S3.PG_to_S3 manual__2022-11-21T21:26:12.692587+00:00 [running]> on host b785e9657fa7
[2022-11-21T22:47:45.988+0000] {taskinstance.py:1592} INFO - Exporting the following env vars:
AIRFLOW_CTX_DAG_OWNER=eugeny
AIRFLOW_CTX_DAG_ID=PG_to_S3
AIRFLOW_CTX_TASK_ID=PG_to_S3
AIRFLOW_CTX_EXECUTION_DATE=2022-11-21T21:26:12.692587+00:00
AIRFLOW_CTX_TRY_NUMBER=22
AIRFLOW_CTX_DAG_RUN_ID=manual__2022-11-21T21:26:12.692587+00:00
[2022-11-21T22:47:47.744+0000] {taskinstance.py:1851} ERROR - Task failed with exception
Traceback (most recent call last):
  File "/opt/airflow/plugins/operators/pgtos3.py", line 27, in execute
    print (self.postgres())
  File "/opt/airflow/plugins/operators/pgtos3.py", line 36, in postgres
    cursor.execute(self.sql)
psycopg2.errors.UndefinedTable: relation "countries" does not exist
LINE 1: select * from countries
                      ^

[2022-11-21T22:47:47.762+0000] {taskinstance.py:1406} INFO - Marking task as FAILED. dag_id=PG_to_S3, task_id=PG_to_S3, execution_date=20221121T212612, start_date=20221121T224745, end_date=20221121T224747
[2022-11-21T22:47:47.774+0000] {standard_task_runner.py:105} ERROR - Failed to execute job 131 for task PG_to_S3 (relation "countries" does not exist
LINE 1: select * from countries
                      ^
; 21404)
[2022-11-21T22:47:47.825+0000] {local_task_job.py:164} INFO - Task exited with return code 1
[2022-11-21T22:47:47.845+0000] {local_task_job.py:273} INFO - 0 downstream tasks scheduled from follow-on schedule check
