[2022-11-22T00:23:49.298+0000] {taskinstance.py:1165} INFO - Dependencies all met for <TaskInstance: PG_to_S3.PG_to_S3 manual__2022-11-21T21:26:12.692587+00:00 [queued]>
[2022-11-22T00:23:49.309+0000] {taskinstance.py:1165} INFO - Dependencies all met for <TaskInstance: PG_to_S3.PG_to_S3 manual__2022-11-21T21:26:12.692587+00:00 [queued]>
[2022-11-22T00:23:49.311+0000] {taskinstance.py:1362} INFO - 
--------------------------------------------------------------------------------
[2022-11-22T00:23:49.312+0000] {taskinstance.py:1363} INFO - Starting attempt 50 of 50
[2022-11-22T00:23:49.314+0000] {taskinstance.py:1364} INFO - 
--------------------------------------------------------------------------------
[2022-11-22T00:23:49.325+0000] {taskinstance.py:1383} INFO - Executing <Task(PostgresToS3Operator): PG_to_S3> on 2022-11-21 21:26:12.692587+00:00
[2022-11-22T00:23:49.334+0000] {standard_task_runner.py:55} INFO - Started process 26136 to run task
[2022-11-22T00:23:49.340+0000] {standard_task_runner.py:82} INFO - Running: ['***', 'tasks', 'run', 'PG_to_S3', 'PG_to_S3', 'manual__2022-11-21T21:26:12.692587+00:00', '--job-id', '164', '--raw', '--subdir', 'DAGS_FOLDER/PGtoS3.py', '--cfg-path', '/tmp/tmpp6jjlx_k']
[2022-11-22T00:23:49.343+0000] {standard_task_runner.py:83} INFO - Job 164: Subtask PG_to_S3
[2022-11-22T00:23:49.469+0000] {task_command.py:376} INFO - Running <TaskInstance: PG_to_S3.PG_to_S3 manual__2022-11-21T21:26:12.692587+00:00 [running]> on host b785e9657fa7
[2022-11-22T00:23:49.554+0000] {taskinstance.py:1592} INFO - Exporting the following env vars:
AIRFLOW_CTX_DAG_OWNER=eugeny
AIRFLOW_CTX_DAG_ID=PG_to_S3
AIRFLOW_CTX_TASK_ID=PG_to_S3
AIRFLOW_CTX_EXECUTION_DATE=2022-11-21T21:26:12.692587+00:00
AIRFLOW_CTX_TRY_NUMBER=50
AIRFLOW_CTX_DAG_RUN_ID=manual__2022-11-21T21:26:12.692587+00:00
[2022-11-22T00:23:51.648+0000] {taskinstance.py:1851} ERROR - Task failed with exception
Traceback (most recent call last):
  File "/opt/airflow/plugins/operators/pgtos3.py", line 29, in execute
    self.s3().Bucket(self.bucket).upload_file(self.filename, self.postgres())
  File "/opt/airflow/plugins/operators/pgtos3.py", line 42, in postgres
    complete = os.path.join(save_path, results)
  File "/usr/local/lib/python3.7/posixpath.py", line 94, in join
    genericpath._check_arg_types('join', a, *p)
  File "/usr/local/lib/python3.7/genericpath.py", line 153, in _check_arg_types
    (funcname, s.__class__.__name__)) from None
TypeError: join() argument must be str or bytes, not 'list'
[2022-11-22T00:23:51.684+0000] {taskinstance.py:1406} INFO - Marking task as FAILED. dag_id=PG_to_S3, task_id=PG_to_S3, execution_date=20221121T212612, start_date=20221122T002349, end_date=20221122T002351
[2022-11-22T00:23:51.706+0000] {standard_task_runner.py:105} ERROR - Failed to execute job 164 for task PG_to_S3 (join() argument must be str or bytes, not 'list'; 26136)
[2022-11-22T00:23:51.751+0000] {local_task_job.py:164} INFO - Task exited with return code 1
[2022-11-22T00:23:51.774+0000] {local_task_job.py:273} INFO - 0 downstream tasks scheduled from follow-on schedule check
