[2022-11-21T22:34:00.100+0000] {taskinstance.py:1165} INFO - Dependencies all met for <TaskInstance: PG_to_S3.PG_to_S3 manual__2022-11-21T21:26:12.692587+00:00 [queued]>
[2022-11-21T22:34:00.115+0000] {taskinstance.py:1165} INFO - Dependencies all met for <TaskInstance: PG_to_S3.PG_to_S3 manual__2022-11-21T21:26:12.692587+00:00 [queued]>
[2022-11-21T22:34:00.120+0000] {taskinstance.py:1362} INFO - 
--------------------------------------------------------------------------------
[2022-11-21T22:34:00.123+0000] {taskinstance.py:1363} INFO - Starting attempt 12 of 12
[2022-11-21T22:34:00.127+0000] {taskinstance.py:1364} INFO - 
--------------------------------------------------------------------------------
[2022-11-21T22:34:00.145+0000] {taskinstance.py:1383} INFO - Executing <Task(PostgresToS3Operator): PG_to_S3> on 2022-11-21 21:26:12.692587+00:00
[2022-11-21T22:34:00.159+0000] {standard_task_runner.py:55} INFO - Started process 20711 to run task
[2022-11-21T22:34:00.165+0000] {standard_task_runner.py:82} INFO - Running: ['***', 'tasks', 'run', 'PG_to_S3', 'PG_to_S3', 'manual__2022-11-21T21:26:12.692587+00:00', '--job-id', '121', '--raw', '--subdir', 'DAGS_FOLDER/PGtoS3.py', '--cfg-path', '/tmp/tmpe8_zio2z']
[2022-11-21T22:34:00.171+0000] {standard_task_runner.py:83} INFO - Job 121: Subtask PG_to_S3
[2022-11-21T22:34:00.339+0000] {task_command.py:376} INFO - Running <TaskInstance: PG_to_S3.PG_to_S3 manual__2022-11-21T21:26:12.692587+00:00 [running]> on host b785e9657fa7
[2022-11-21T22:34:00.428+0000] {taskinstance.py:1592} INFO - Exporting the following env vars:
AIRFLOW_CTX_DAG_OWNER=eugeny
AIRFLOW_CTX_DAG_ID=PG_to_S3
AIRFLOW_CTX_TASK_ID=PG_to_S3
AIRFLOW_CTX_EXECUTION_DATE=2022-11-21T21:26:12.692587+00:00
AIRFLOW_CTX_TRY_NUMBER=12
AIRFLOW_CTX_DAG_RUN_ID=manual__2022-11-21T21:26:12.692587+00:00
[2022-11-21T22:34:00.431+0000] {logging_mixin.py:120} INFO - <bound method PostgresToS3Operator.postgres of <Task(PostgresToS3Operator): PG_to_S3>>
[2022-11-21T22:34:00.455+0000] {taskinstance.py:1406} INFO - Marking task as SUCCESS. dag_id=PG_to_S3, task_id=PG_to_S3, execution_date=20221121T212612, start_date=20221121T223400, end_date=20221121T223400
[2022-11-21T22:34:00.503+0000] {local_task_job.py:164} INFO - Task exited with return code 0
[2022-11-21T22:34:00.541+0000] {local_task_job.py:273} INFO - 0 downstream tasks scheduled from follow-on schedule check
