[2022-11-21T22:05:11.093+0000] {taskinstance.py:1165} INFO - Dependencies all met for <TaskInstance: PG_to_S3.PG_to_S3 manual__2022-11-21T21:26:12.692587+00:00 [queued]>
[2022-11-21T22:05:11.105+0000] {taskinstance.py:1165} INFO - Dependencies all met for <TaskInstance: PG_to_S3.PG_to_S3 manual__2022-11-21T21:26:12.692587+00:00 [queued]>
[2022-11-21T22:05:11.107+0000] {taskinstance.py:1362} INFO - 
--------------------------------------------------------------------------------
[2022-11-21T22:05:11.109+0000] {taskinstance.py:1363} INFO - Starting attempt 7 of 7
[2022-11-21T22:05:11.111+0000] {taskinstance.py:1364} INFO - 
--------------------------------------------------------------------------------
[2022-11-21T22:05:11.125+0000] {taskinstance.py:1383} INFO - Executing <Task(PostgresToS3Operator): PG_to_S3> on 2022-11-21 21:26:12.692587+00:00
[2022-11-21T22:05:11.139+0000] {standard_task_runner.py:55} INFO - Started process 19321 to run task
[2022-11-21T22:05:11.145+0000] {standard_task_runner.py:82} INFO - Running: ['***', 'tasks', 'run', 'PG_to_S3', 'PG_to_S3', 'manual__2022-11-21T21:26:12.692587+00:00', '--job-id', '116', '--raw', '--subdir', 'DAGS_FOLDER/PGtoS3.py', '--cfg-path', '/tmp/tmpxp7jv3fg']
[2022-11-21T22:05:11.148+0000] {standard_task_runner.py:83} INFO - Job 116: Subtask PG_to_S3
[2022-11-21T22:05:11.253+0000] {task_command.py:376} INFO - Running <TaskInstance: PG_to_S3.PG_to_S3 manual__2022-11-21T21:26:12.692587+00:00 [running]> on host b785e9657fa7
[2022-11-21T22:05:11.317+0000] {taskinstance.py:1592} INFO - Exporting the following env vars:
AIRFLOW_CTX_DAG_OWNER=eugeny
AIRFLOW_CTX_DAG_ID=PG_to_S3
AIRFLOW_CTX_TASK_ID=PG_to_S3
AIRFLOW_CTX_EXECUTION_DATE=2022-11-21T21:26:12.692587+00:00
AIRFLOW_CTX_TRY_NUMBER=7
AIRFLOW_CTX_DAG_RUN_ID=manual__2022-11-21T21:26:12.692587+00:00
[2022-11-21T22:05:11.319+0000] {taskinstance.py:1851} ERROR - Task failed with exception
Traceback (most recent call last):
  File "/opt/airflow/plugins/operators/pgtos3.py", line 53, in execute
    s3.Bucket(bucket).upload_file(postgres, Key=filename)
NameError: name 's3' is not defined
[2022-11-21T22:05:11.335+0000] {taskinstance.py:1406} INFO - Marking task as FAILED. dag_id=PG_to_S3, task_id=PG_to_S3, execution_date=20221121T212612, start_date=20221121T220511, end_date=20221121T220511
[2022-11-21T22:05:11.346+0000] {standard_task_runner.py:105} ERROR - Failed to execute job 116 for task PG_to_S3 (name 's3' is not defined; 19321)
[2022-11-21T22:05:11.365+0000] {local_task_job.py:164} INFO - Task exited with return code 1
[2022-11-21T22:05:11.384+0000] {local_task_job.py:273} INFO - 0 downstream tasks scheduled from follow-on schedule check
