[2022-11-30T00:04:06.435+0000] {taskinstance.py:1165} INFO - Dependencies all met for <TaskInstance: a_fourth_dug.rm_dir scheduled__2022-11-29T00:00:00+00:00 [queued]>
[2022-11-30T00:04:06.444+0000] {taskinstance.py:1165} INFO - Dependencies all met for <TaskInstance: a_fourth_dug.rm_dir scheduled__2022-11-29T00:00:00+00:00 [queued]>
[2022-11-30T00:04:06.448+0000] {taskinstance.py:1362} INFO - 
--------------------------------------------------------------------------------
[2022-11-30T00:04:06.450+0000] {taskinstance.py:1363} INFO - Starting attempt 1 of 1
[2022-11-30T00:04:06.452+0000] {taskinstance.py:1364} INFO - 
--------------------------------------------------------------------------------
[2022-11-30T00:04:06.470+0000] {taskinstance.py:1383} INFO - Executing <Task(BashOperator): rm_dir> on 2022-11-29 00:00:00+00:00
[2022-11-30T00:04:06.481+0000] {standard_task_runner.py:55} INFO - Started process 516 to run task
[2022-11-30T00:04:06.487+0000] {standard_task_runner.py:82} INFO - Running: ['***', 'tasks', 'run', 'a_fourth_dug', 'rm_dir', 'scheduled__2022-11-29T00:00:00+00:00', '--job-id', '269', '--raw', '--subdir', 'DAGS_FOLDER/fourth_dug.py', '--cfg-path', '/tmp/tmpdd0qv432']
[2022-11-30T00:04:06.493+0000] {standard_task_runner.py:83} INFO - Job 269: Subtask rm_dir
[2022-11-30T00:04:06.593+0000] {task_command.py:376} INFO - Running <TaskInstance: a_fourth_dug.rm_dir scheduled__2022-11-29T00:00:00+00:00 [running]> on host b785e9657fa7
[2022-11-30T00:04:06.712+0000] {taskinstance.py:1592} INFO - Exporting the following env vars:
AIRFLOW_CTX_DAG_OWNER=eugeny
AIRFLOW_CTX_DAG_ID=a_fourth_dug
AIRFLOW_CTX_TASK_ID=rm_dir
AIRFLOW_CTX_EXECUTION_DATE=2022-11-29T00:00:00+00:00
AIRFLOW_CTX_TRY_NUMBER=1
AIRFLOW_CTX_DAG_RUN_ID=scheduled__2022-11-29T00:00:00+00:00
[2022-11-30T00:04:06.722+0000] {subprocess.py:63} INFO - Tmp dir root location: 
 /tmp
[2022-11-30T00:04:06.732+0000] {subprocess.py:75} INFO - Running command: ['/bin/bash', '-c', 'rm -rf test_directory']
[2022-11-30T00:04:06.747+0000] {subprocess.py:86} INFO - Output:
[2022-11-30T00:04:06.759+0000] {subprocess.py:97} INFO - Command exited with return code 0
[2022-11-30T00:04:06.818+0000] {taskinstance.py:1406} INFO - Marking task as SUCCESS. dag_id=a_fourth_dug, task_id=rm_dir, execution_date=20221129T000000, start_date=20221130T000406, end_date=20221130T000406
[2022-11-30T00:04:06.870+0000] {local_task_job.py:164} INFO - Task exited with return code 0
[2022-11-30T00:04:06.909+0000] {local_task_job.py:273} INFO - 0 downstream tasks scheduled from follow-on schedule check
