[2022-11-07T00:31:24.628+0000] {processor.py:154} INFO - Started process (PID=52168) to work on /home/airflow/.local/lib/python3.7/site-packages/airflow/example_dags/example_short_circuit_decorator.py
[2022-11-07T00:31:24.633+0000] {processor.py:756} INFO - Processing file /home/airflow/.local/lib/python3.7/site-packages/airflow/example_dags/example_short_circuit_decorator.py for tasks to queue
[2022-11-07T00:31:24.636+0000] {logging_mixin.py:120} INFO - [2022-11-07T00:31:24.636+0000] {dagbag.py:537} INFO - Filling up the DagBag from /home/airflow/.local/lib/python3.7/site-packages/airflow/example_dags/example_short_circuit_decorator.py
[2022-11-07T00:31:24.731+0000] {processor.py:766} INFO - DAG(s) dict_keys(['example_short_circuit_decorator']) retrieved from /home/airflow/.local/lib/python3.7/site-packages/airflow/example_dags/example_short_circuit_decorator.py
[2022-11-07T00:31:25.209+0000] {logging_mixin.py:120} INFO - [2022-11-07T00:31:25.208+0000] {dag.py:2585} INFO - Sync 1 DAGs
[2022-11-07T00:31:25.250+0000] {logging_mixin.py:120} INFO - [2022-11-07T00:31:25.250+0000] {dag.py:3340} INFO - Setting next_dagrun for example_short_circuit_decorator to 2022-11-06T00:31:25.250137+00:00, run_after=2022-11-07T00:31:25.250137+00:00
[2022-11-07T00:31:25.280+0000] {processor.py:176} INFO - Processing /home/airflow/.local/lib/python3.7/site-packages/airflow/example_dags/example_short_circuit_decorator.py took 0.662 seconds
[2022-11-07T17:11:03.731+0000] {processor.py:154} INFO - Started process (PID=52216) to work on /home/airflow/.local/lib/python3.7/site-packages/airflow/example_dags/example_short_circuit_decorator.py
[2022-11-07T17:11:03.736+0000] {processor.py:756} INFO - Processing file /home/airflow/.local/lib/python3.7/site-packages/airflow/example_dags/example_short_circuit_decorator.py for tasks to queue
[2022-11-07T17:11:03.741+0000] {logging_mixin.py:120} INFO - [2022-11-07T17:11:03.740+0000] {dagbag.py:537} INFO - Filling up the DagBag from /home/airflow/.local/lib/python3.7/site-packages/airflow/example_dags/example_short_circuit_decorator.py
[2022-11-07T17:11:03.824+0000] {processor.py:766} INFO - DAG(s) dict_keys(['example_short_circuit_decorator']) retrieved from /home/airflow/.local/lib/python3.7/site-packages/airflow/example_dags/example_short_circuit_decorator.py
[2022-11-07T17:11:03.943+0000] {logging_mixin.py:120} INFO - [2022-11-07T17:11:03.942+0000] {dag.py:2585} INFO - Sync 1 DAGs
[2022-11-07T17:11:03.994+0000] {logging_mixin.py:120} INFO - [2022-11-07T17:11:03.993+0000] {dag.py:3340} INFO - Setting next_dagrun for example_short_circuit_decorator to 2022-11-06T17:11:03.993669+00:00, run_after=2022-11-07T17:11:03.993669+00:00
[2022-11-07T17:11:04.026+0000] {processor.py:176} INFO - Processing /home/airflow/.local/lib/python3.7/site-packages/airflow/example_dags/example_short_circuit_decorator.py took 0.306 seconds
[2022-11-07T17:11:34.385+0000] {processor.py:154} INFO - Started process (PID=52282) to work on /home/airflow/.local/lib/python3.7/site-packages/airflow/example_dags/example_short_circuit_decorator.py
[2022-11-07T17:11:34.387+0000] {processor.py:756} INFO - Processing file /home/airflow/.local/lib/python3.7/site-packages/airflow/example_dags/example_short_circuit_decorator.py for tasks to queue
[2022-11-07T17:11:34.388+0000] {logging_mixin.py:120} INFO - [2022-11-07T17:11:34.388+0000] {dagbag.py:537} INFO - Filling up the DagBag from /home/airflow/.local/lib/python3.7/site-packages/airflow/example_dags/example_short_circuit_decorator.py
[2022-11-07T17:11:34.406+0000] {processor.py:766} INFO - DAG(s) dict_keys(['example_short_circuit_decorator']) retrieved from /home/airflow/.local/lib/python3.7/site-packages/airflow/example_dags/example_short_circuit_decorator.py
[2022-11-07T17:11:34.437+0000] {logging_mixin.py:120} INFO - [2022-11-07T17:11:34.437+0000] {dag.py:2585} INFO - Sync 1 DAGs
[2022-11-07T17:11:34.553+0000] {logging_mixin.py:120} INFO - [2022-11-07T17:11:34.553+0000] {dag.py:3340} INFO - Setting next_dagrun for example_short_circuit_decorator to 2022-11-06T17:11:34.553676+00:00, run_after=2022-11-07T17:11:34.553676+00:00
[2022-11-07T17:11:34.568+0000] {processor.py:176} INFO - Processing /home/airflow/.local/lib/python3.7/site-packages/airflow/example_dags/example_short_circuit_decorator.py took 0.186 seconds
[2022-11-07T17:12:05.218+0000] {processor.py:154} INFO - Started process (PID=52348) to work on /home/airflow/.local/lib/python3.7/site-packages/airflow/example_dags/example_short_circuit_decorator.py
[2022-11-07T17:12:05.221+0000] {processor.py:756} INFO - Processing file /home/airflow/.local/lib/python3.7/site-packages/airflow/example_dags/example_short_circuit_decorator.py for tasks to queue
[2022-11-07T17:12:05.222+0000] {logging_mixin.py:120} INFO - [2022-11-07T17:12:05.222+0000] {dagbag.py:537} INFO - Filling up the DagBag from /home/airflow/.local/lib/python3.7/site-packages/airflow/example_dags/example_short_circuit_decorator.py
[2022-11-07T17:12:05.243+0000] {processor.py:766} INFO - DAG(s) dict_keys(['example_short_circuit_decorator']) retrieved from /home/airflow/.local/lib/python3.7/site-packages/airflow/example_dags/example_short_circuit_decorator.py
[2022-11-07T17:12:05.278+0000] {logging_mixin.py:120} INFO - [2022-11-07T17:12:05.278+0000] {dag.py:2585} INFO - Sync 1 DAGs
[2022-11-07T17:12:05.404+0000] {logging_mixin.py:120} INFO - [2022-11-07T17:12:05.404+0000] {dag.py:3340} INFO - Setting next_dagrun for example_short_circuit_decorator to 2022-11-06T17:12:05.404705+00:00, run_after=2022-11-07T17:12:05.404705+00:00
[2022-11-07T17:12:05.417+0000] {processor.py:176} INFO - Processing /home/airflow/.local/lib/python3.7/site-packages/airflow/example_dags/example_short_circuit_decorator.py took 0.202 seconds
[2022-11-07T17:12:35.526+0000] {processor.py:154} INFO - Started process (PID=52416) to work on /home/airflow/.local/lib/python3.7/site-packages/airflow/example_dags/example_short_circuit_decorator.py
[2022-11-07T17:12:35.528+0000] {processor.py:756} INFO - Processing file /home/airflow/.local/lib/python3.7/site-packages/airflow/example_dags/example_short_circuit_decorator.py for tasks to queue
[2022-11-07T17:12:35.529+0000] {logging_mixin.py:120} INFO - [2022-11-07T17:12:35.529+0000] {dagbag.py:537} INFO - Filling up the DagBag from /home/airflow/.local/lib/python3.7/site-packages/airflow/example_dags/example_short_circuit_decorator.py
[2022-11-07T17:12:35.549+0000] {processor.py:766} INFO - DAG(s) dict_keys(['example_short_circuit_decorator']) retrieved from /home/airflow/.local/lib/python3.7/site-packages/airflow/example_dags/example_short_circuit_decorator.py
[2022-11-07T17:12:35.692+0000] {logging_mixin.py:120} INFO - [2022-11-07T17:12:35.692+0000] {dag.py:2585} INFO - Sync 1 DAGs
[2022-11-07T17:12:35.707+0000] {logging_mixin.py:120} INFO - [2022-11-07T17:12:35.707+0000] {dag.py:3340} INFO - Setting next_dagrun for example_short_circuit_decorator to 2022-11-06T17:12:35.706910+00:00, run_after=2022-11-07T17:12:35.706910+00:00
[2022-11-07T17:12:35.720+0000] {processor.py:176} INFO - Processing /home/airflow/.local/lib/python3.7/site-packages/airflow/example_dags/example_short_circuit_decorator.py took 0.197 seconds
[2022-11-07T17:13:05.862+0000] {processor.py:154} INFO - Started process (PID=52474) to work on /home/airflow/.local/lib/python3.7/site-packages/airflow/example_dags/example_short_circuit_decorator.py
[2022-11-07T17:13:05.864+0000] {processor.py:756} INFO - Processing file /home/airflow/.local/lib/python3.7/site-packages/airflow/example_dags/example_short_circuit_decorator.py for tasks to queue
[2022-11-07T17:13:05.865+0000] {logging_mixin.py:120} INFO - [2022-11-07T17:13:05.865+0000] {dagbag.py:537} INFO - Filling up the DagBag from /home/airflow/.local/lib/python3.7/site-packages/airflow/example_dags/example_short_circuit_decorator.py
[2022-11-07T17:13:05.882+0000] {processor.py:766} INFO - DAG(s) dict_keys(['example_short_circuit_decorator']) retrieved from /home/airflow/.local/lib/python3.7/site-packages/airflow/example_dags/example_short_circuit_decorator.py
[2022-11-07T17:13:05.913+0000] {logging_mixin.py:120} INFO - [2022-11-07T17:13:05.913+0000] {dag.py:2585} INFO - Sync 1 DAGs
[2022-11-07T17:13:05.931+0000] {logging_mixin.py:120} INFO - [2022-11-07T17:13:05.931+0000] {dag.py:3340} INFO - Setting next_dagrun for example_short_circuit_decorator to 2022-11-06T17:13:05.931225+00:00, run_after=2022-11-07T17:13:05.931225+00:00
[2022-11-07T17:13:05.943+0000] {processor.py:176} INFO - Processing /home/airflow/.local/lib/python3.7/site-packages/airflow/example_dags/example_short_circuit_decorator.py took 0.084 seconds
[2022-11-07T17:13:37.005+0000] {processor.py:154} INFO - Started process (PID=52540) to work on /home/airflow/.local/lib/python3.7/site-packages/airflow/example_dags/example_short_circuit_decorator.py
[2022-11-07T17:13:37.007+0000] {processor.py:756} INFO - Processing file /home/airflow/.local/lib/python3.7/site-packages/airflow/example_dags/example_short_circuit_decorator.py for tasks to queue
[2022-11-07T17:13:37.008+0000] {logging_mixin.py:120} INFO - [2022-11-07T17:13:37.008+0000] {dagbag.py:537} INFO - Filling up the DagBag from /home/airflow/.local/lib/python3.7/site-packages/airflow/example_dags/example_short_circuit_decorator.py
[2022-11-07T17:13:37.026+0000] {processor.py:766} INFO - DAG(s) dict_keys(['example_short_circuit_decorator']) retrieved from /home/airflow/.local/lib/python3.7/site-packages/airflow/example_dags/example_short_circuit_decorator.py
[2022-11-07T17:13:37.057+0000] {logging_mixin.py:120} INFO - [2022-11-07T17:13:37.057+0000] {dag.py:2585} INFO - Sync 1 DAGs
[2022-11-07T17:13:37.076+0000] {logging_mixin.py:120} INFO - [2022-11-07T17:13:37.076+0000] {dag.py:3340} INFO - Setting next_dagrun for example_short_circuit_decorator to 2022-11-06T17:13:37.076165+00:00, run_after=2022-11-07T17:13:37.076165+00:00
[2022-11-07T17:13:37.205+0000] {processor.py:176} INFO - Processing /home/airflow/.local/lib/python3.7/site-packages/airflow/example_dags/example_short_circuit_decorator.py took 0.202 seconds
[2022-11-07T17:14:07.657+0000] {processor.py:154} INFO - Started process (PID=52607) to work on /home/airflow/.local/lib/python3.7/site-packages/airflow/example_dags/example_short_circuit_decorator.py
[2022-11-07T17:14:07.659+0000] {processor.py:756} INFO - Processing file /home/airflow/.local/lib/python3.7/site-packages/airflow/example_dags/example_short_circuit_decorator.py for tasks to queue
[2022-11-07T17:14:07.662+0000] {logging_mixin.py:120} INFO - [2022-11-07T17:14:07.662+0000] {dagbag.py:537} INFO - Filling up the DagBag from /home/airflow/.local/lib/python3.7/site-packages/airflow/example_dags/example_short_circuit_decorator.py
[2022-11-07T17:14:07.681+0000] {processor.py:766} INFO - DAG(s) dict_keys(['example_short_circuit_decorator']) retrieved from /home/airflow/.local/lib/python3.7/site-packages/airflow/example_dags/example_short_circuit_decorator.py
[2022-11-07T17:14:07.713+0000] {logging_mixin.py:120} INFO - [2022-11-07T17:14:07.713+0000] {dag.py:2585} INFO - Sync 1 DAGs
[2022-11-07T17:14:07.838+0000] {logging_mixin.py:120} INFO - [2022-11-07T17:14:07.838+0000] {dag.py:3340} INFO - Setting next_dagrun for example_short_circuit_decorator to 2022-11-06T17:14:07.838190+00:00, run_after=2022-11-07T17:14:07.838190+00:00
[2022-11-07T17:14:07.850+0000] {processor.py:176} INFO - Processing /home/airflow/.local/lib/python3.7/site-packages/airflow/example_dags/example_short_circuit_decorator.py took 0.196 seconds
[2022-11-07T17:14:38.104+0000] {processor.py:154} INFO - Started process (PID=52675) to work on /home/airflow/.local/lib/python3.7/site-packages/airflow/example_dags/example_short_circuit_decorator.py
[2022-11-07T17:14:38.106+0000] {processor.py:756} INFO - Processing file /home/airflow/.local/lib/python3.7/site-packages/airflow/example_dags/example_short_circuit_decorator.py for tasks to queue
[2022-11-07T17:14:38.107+0000] {logging_mixin.py:120} INFO - [2022-11-07T17:14:38.107+0000] {dagbag.py:537} INFO - Filling up the DagBag from /home/airflow/.local/lib/python3.7/site-packages/airflow/example_dags/example_short_circuit_decorator.py
[2022-11-07T17:14:38.125+0000] {processor.py:766} INFO - DAG(s) dict_keys(['example_short_circuit_decorator']) retrieved from /home/airflow/.local/lib/python3.7/site-packages/airflow/example_dags/example_short_circuit_decorator.py
[2022-11-07T17:14:38.266+0000] {logging_mixin.py:120} INFO - [2022-11-07T17:14:38.266+0000] {dag.py:2585} INFO - Sync 1 DAGs
[2022-11-07T17:14:38.280+0000] {logging_mixin.py:120} INFO - [2022-11-07T17:14:38.280+0000] {dag.py:3340} INFO - Setting next_dagrun for example_short_circuit_decorator to 2022-11-06T17:14:38.280672+00:00, run_after=2022-11-07T17:14:38.280672+00:00
[2022-11-07T17:14:38.292+0000] {processor.py:176} INFO - Processing /home/airflow/.local/lib/python3.7/site-packages/airflow/example_dags/example_short_circuit_decorator.py took 0.191 seconds
[2022-11-07T17:21:20.243+0000] {processor.py:154} INFO - Started process (PID=52693) to work on /home/airflow/.local/lib/python3.7/site-packages/airflow/example_dags/example_short_circuit_decorator.py
[2022-11-07T17:21:20.244+0000] {processor.py:756} INFO - Processing file /home/airflow/.local/lib/python3.7/site-packages/airflow/example_dags/example_short_circuit_decorator.py for tasks to queue
[2022-11-07T17:21:20.246+0000] {logging_mixin.py:120} INFO - [2022-11-07T17:21:20.246+0000] {dagbag.py:537} INFO - Filling up the DagBag from /home/airflow/.local/lib/python3.7/site-packages/airflow/example_dags/example_short_circuit_decorator.py
[2022-11-07T17:21:20.276+0000] {processor.py:766} INFO - DAG(s) dict_keys(['example_short_circuit_decorator']) retrieved from /home/airflow/.local/lib/python3.7/site-packages/airflow/example_dags/example_short_circuit_decorator.py
[2022-11-07T17:21:20.450+0000] {logging_mixin.py:120} INFO - [2022-11-07T17:21:20.450+0000] {dag.py:2585} INFO - Sync 1 DAGs
[2022-11-07T17:21:20.479+0000] {logging_mixin.py:120} INFO - [2022-11-07T17:21:20.479+0000] {dag.py:3340} INFO - Setting next_dagrun for example_short_circuit_decorator to 2022-11-06T17:21:20.479429+00:00, run_after=2022-11-07T17:21:20.479429+00:00
[2022-11-07T17:21:20.492+0000] {processor.py:176} INFO - Processing /home/airflow/.local/lib/python3.7/site-packages/airflow/example_dags/example_short_circuit_decorator.py took 0.252 seconds
[2022-11-07T17:53:16.093+0000] {processor.py:154} INFO - Started process (PID=52762) to work on /home/airflow/.local/lib/python3.7/site-packages/airflow/example_dags/example_short_circuit_decorator.py
[2022-11-07T17:53:16.096+0000] {processor.py:756} INFO - Processing file /home/airflow/.local/lib/python3.7/site-packages/airflow/example_dags/example_short_circuit_decorator.py for tasks to queue
[2022-11-07T17:53:16.098+0000] {logging_mixin.py:120} INFO - [2022-11-07T17:53:16.098+0000] {dagbag.py:537} INFO - Filling up the DagBag from /home/airflow/.local/lib/python3.7/site-packages/airflow/example_dags/example_short_circuit_decorator.py
[2022-11-07T17:53:16.151+0000] {processor.py:766} INFO - DAG(s) dict_keys(['example_short_circuit_decorator']) retrieved from /home/airflow/.local/lib/python3.7/site-packages/airflow/example_dags/example_short_circuit_decorator.py
[2022-11-07T17:53:16.272+0000] {logging_mixin.py:120} INFO - [2022-11-07T17:53:16.272+0000] {dag.py:2585} INFO - Sync 1 DAGs
[2022-11-07T17:53:16.314+0000] {logging_mixin.py:120} INFO - [2022-11-07T17:53:16.314+0000] {dag.py:3340} INFO - Setting next_dagrun for example_short_circuit_decorator to 2022-11-06T17:53:16.314491+00:00, run_after=2022-11-07T17:53:16.314491+00:00
[2022-11-07T17:53:16.568+0000] {processor.py:176} INFO - Processing /home/airflow/.local/lib/python3.7/site-packages/airflow/example_dags/example_short_circuit_decorator.py took 0.480 seconds
[2022-11-07T18:20:15.519+0000] {processor.py:154} INFO - Started process (PID=52820) to work on /home/airflow/.local/lib/python3.7/site-packages/airflow/example_dags/example_short_circuit_decorator.py
[2022-11-07T18:20:15.523+0000] {processor.py:756} INFO - Processing file /home/airflow/.local/lib/python3.7/site-packages/airflow/example_dags/example_short_circuit_decorator.py for tasks to queue
[2022-11-07T18:20:15.525+0000] {logging_mixin.py:120} INFO - [2022-11-07T18:20:15.524+0000] {dagbag.py:537} INFO - Filling up the DagBag from /home/airflow/.local/lib/python3.7/site-packages/airflow/example_dags/example_short_circuit_decorator.py
[2022-11-07T18:20:15.579+0000] {processor.py:766} INFO - DAG(s) dict_keys(['example_short_circuit_decorator']) retrieved from /home/airflow/.local/lib/python3.7/site-packages/airflow/example_dags/example_short_circuit_decorator.py
[2022-11-07T18:20:15.643+0000] {logging_mixin.py:120} INFO - [2022-11-07T18:20:15.643+0000] {dag.py:2585} INFO - Sync 1 DAGs
[2022-11-07T18:20:15.922+0000] {logging_mixin.py:120} INFO - [2022-11-07T18:20:15.922+0000] {dag.py:3340} INFO - Setting next_dagrun for example_short_circuit_decorator to 2022-11-06T18:20:15.922561+00:00, run_after=2022-11-07T18:20:15.922561+00:00
[2022-11-07T18:20:15.943+0000] {processor.py:176} INFO - Processing /home/airflow/.local/lib/python3.7/site-packages/airflow/example_dags/example_short_circuit_decorator.py took 0.429 seconds
[2022-11-07T19:15:48.747+0000] {processor.py:154} INFO - Started process (PID=52887) to work on /home/airflow/.local/lib/python3.7/site-packages/airflow/example_dags/example_short_circuit_decorator.py
[2022-11-07T19:15:48.749+0000] {processor.py:756} INFO - Processing file /home/airflow/.local/lib/python3.7/site-packages/airflow/example_dags/example_short_circuit_decorator.py for tasks to queue
[2022-11-07T19:15:48.750+0000] {logging_mixin.py:120} INFO - [2022-11-07T19:15:48.750+0000] {dagbag.py:537} INFO - Filling up the DagBag from /home/airflow/.local/lib/python3.7/site-packages/airflow/example_dags/example_short_circuit_decorator.py
[2022-11-07T19:15:48.789+0000] {processor.py:766} INFO - DAG(s) dict_keys(['example_short_circuit_decorator']) retrieved from /home/airflow/.local/lib/python3.7/site-packages/airflow/example_dags/example_short_circuit_decorator.py
[2022-11-07T19:15:48.971+0000] {logging_mixin.py:120} INFO - [2022-11-07T19:15:48.971+0000] {dag.py:2585} INFO - Sync 1 DAGs
[2022-11-07T19:15:48.997+0000] {logging_mixin.py:120} INFO - [2022-11-07T19:15:48.997+0000] {dag.py:3340} INFO - Setting next_dagrun for example_short_circuit_decorator to 2022-11-06T19:15:48.997722+00:00, run_after=2022-11-07T19:15:48.997722+00:00
[2022-11-07T19:15:49.014+0000] {processor.py:176} INFO - Processing /home/airflow/.local/lib/python3.7/site-packages/airflow/example_dags/example_short_circuit_decorator.py took 0.272 seconds
[2022-11-07T19:44:40.985+0000] {processor.py:154} INFO - Started process (PID=52952) to work on /home/airflow/.local/lib/python3.7/site-packages/airflow/example_dags/example_short_circuit_decorator.py
[2022-11-07T19:44:40.992+0000] {processor.py:756} INFO - Processing file /home/airflow/.local/lib/python3.7/site-packages/airflow/example_dags/example_short_circuit_decorator.py for tasks to queue
[2022-11-07T19:44:40.995+0000] {logging_mixin.py:120} INFO - [2022-11-07T19:44:40.995+0000] {dagbag.py:537} INFO - Filling up the DagBag from /home/airflow/.local/lib/python3.7/site-packages/airflow/example_dags/example_short_circuit_decorator.py
[2022-11-07T19:44:41.063+0000] {processor.py:766} INFO - DAG(s) dict_keys(['example_short_circuit_decorator']) retrieved from /home/airflow/.local/lib/python3.7/site-packages/airflow/example_dags/example_short_circuit_decorator.py
[2022-11-07T19:44:41.596+0000] {logging_mixin.py:120} INFO - [2022-11-07T19:44:41.596+0000] {dag.py:2585} INFO - Sync 1 DAGs
[2022-11-07T19:44:41.618+0000] {logging_mixin.py:120} INFO - [2022-11-07T19:44:41.618+0000] {dag.py:3340} INFO - Setting next_dagrun for example_short_circuit_decorator to 2022-11-06T19:44:41.618293+00:00, run_after=2022-11-07T19:44:41.618293+00:00
[2022-11-07T19:44:41.650+0000] {processor.py:176} INFO - Processing /home/airflow/.local/lib/python3.7/site-packages/airflow/example_dags/example_short_circuit_decorator.py took 0.687 seconds
[2022-11-07T20:51:22.485+0000] {processor.py:154} INFO - Started process (PID=53010) to work on /home/airflow/.local/lib/python3.7/site-packages/airflow/example_dags/example_short_circuit_decorator.py
[2022-11-07T20:51:22.487+0000] {processor.py:756} INFO - Processing file /home/airflow/.local/lib/python3.7/site-packages/airflow/example_dags/example_short_circuit_decorator.py for tasks to queue
[2022-11-07T20:51:22.489+0000] {logging_mixin.py:120} INFO - [2022-11-07T20:51:22.489+0000] {dagbag.py:537} INFO - Filling up the DagBag from /home/airflow/.local/lib/python3.7/site-packages/airflow/example_dags/example_short_circuit_decorator.py
[2022-11-07T20:51:22.511+0000] {processor.py:766} INFO - DAG(s) dict_keys(['example_short_circuit_decorator']) retrieved from /home/airflow/.local/lib/python3.7/site-packages/airflow/example_dags/example_short_circuit_decorator.py
[2022-11-07T20:51:22.722+0000] {logging_mixin.py:120} INFO - [2022-11-07T20:51:22.721+0000] {dag.py:2585} INFO - Sync 1 DAGs
[2022-11-07T20:51:22.768+0000] {logging_mixin.py:120} INFO - [2022-11-07T20:51:22.768+0000] {dag.py:3340} INFO - Setting next_dagrun for example_short_circuit_decorator to 2022-11-06T20:51:22.767895+00:00, run_after=2022-11-07T20:51:22.767895+00:00
[2022-11-07T20:51:23.020+0000] {processor.py:176} INFO - Processing /home/airflow/.local/lib/python3.7/site-packages/airflow/example_dags/example_short_circuit_decorator.py took 0.540 seconds
[2022-11-07T21:44:40.641+0000] {processor.py:154} INFO - Started process (PID=53077) to work on /home/airflow/.local/lib/python3.7/site-packages/airflow/example_dags/example_short_circuit_decorator.py
[2022-11-07T21:44:40.644+0000] {processor.py:756} INFO - Processing file /home/airflow/.local/lib/python3.7/site-packages/airflow/example_dags/example_short_circuit_decorator.py for tasks to queue
[2022-11-07T21:44:40.650+0000] {logging_mixin.py:120} INFO - [2022-11-07T21:44:40.649+0000] {dagbag.py:537} INFO - Filling up the DagBag from /home/airflow/.local/lib/python3.7/site-packages/airflow/example_dags/example_short_circuit_decorator.py
[2022-11-07T21:44:40.693+0000] {processor.py:766} INFO - DAG(s) dict_keys(['example_short_circuit_decorator']) retrieved from /home/airflow/.local/lib/python3.7/site-packages/airflow/example_dags/example_short_circuit_decorator.py
[2022-11-07T21:44:40.761+0000] {logging_mixin.py:120} INFO - [2022-11-07T21:44:40.761+0000] {dag.py:2585} INFO - Sync 1 DAGs
[2022-11-07T21:44:40.993+0000] {logging_mixin.py:120} INFO - [2022-11-07T21:44:40.993+0000] {dag.py:3340} INFO - Setting next_dagrun for example_short_circuit_decorator to 2022-11-06T21:44:40.992981+00:00, run_after=2022-11-07T21:44:40.992981+00:00
[2022-11-07T21:44:41.016+0000] {processor.py:176} INFO - Processing /home/airflow/.local/lib/python3.7/site-packages/airflow/example_dags/example_short_circuit_decorator.py took 0.379 seconds
[2022-11-07T22:48:45.369+0000] {processor.py:154} INFO - Started process (PID=53143) to work on /home/airflow/.local/lib/python3.7/site-packages/airflow/example_dags/example_short_circuit_decorator.py
[2022-11-07T22:48:45.376+0000] {processor.py:756} INFO - Processing file /home/airflow/.local/lib/python3.7/site-packages/airflow/example_dags/example_short_circuit_decorator.py for tasks to queue
[2022-11-07T22:48:45.379+0000] {logging_mixin.py:120} INFO - [2022-11-07T22:48:45.379+0000] {dagbag.py:537} INFO - Filling up the DagBag from /home/airflow/.local/lib/python3.7/site-packages/airflow/example_dags/example_short_circuit_decorator.py
[2022-11-07T22:48:45.448+0000] {processor.py:766} INFO - DAG(s) dict_keys(['example_short_circuit_decorator']) retrieved from /home/airflow/.local/lib/python3.7/site-packages/airflow/example_dags/example_short_circuit_decorator.py
[2022-11-07T22:48:45.687+0000] {logging_mixin.py:120} INFO - [2022-11-07T22:48:45.687+0000] {dag.py:2585} INFO - Sync 1 DAGs
[2022-11-07T22:48:45.705+0000] {logging_mixin.py:120} INFO - [2022-11-07T22:48:45.705+0000] {dag.py:3340} INFO - Setting next_dagrun for example_short_circuit_decorator to 2022-11-06T22:48:45.705170+00:00, run_after=2022-11-07T22:48:45.705170+00:00
[2022-11-07T22:48:45.726+0000] {processor.py:176} INFO - Processing /home/airflow/.local/lib/python3.7/site-packages/airflow/example_dags/example_short_circuit_decorator.py took 0.362 seconds
[2022-11-07T23:21:11.430+0000] {processor.py:154} INFO - Started process (PID=53209) to work on /home/airflow/.local/lib/python3.7/site-packages/airflow/example_dags/example_short_circuit_decorator.py
[2022-11-07T23:21:11.435+0000] {processor.py:756} INFO - Processing file /home/airflow/.local/lib/python3.7/site-packages/airflow/example_dags/example_short_circuit_decorator.py for tasks to queue
[2022-11-07T23:21:11.442+0000] {logging_mixin.py:120} INFO - [2022-11-07T23:21:11.442+0000] {dagbag.py:537} INFO - Filling up the DagBag from /home/airflow/.local/lib/python3.7/site-packages/airflow/example_dags/example_short_circuit_decorator.py
[2022-11-07T23:21:11.520+0000] {processor.py:766} INFO - DAG(s) dict_keys(['example_short_circuit_decorator']) retrieved from /home/airflow/.local/lib/python3.7/site-packages/airflow/example_dags/example_short_circuit_decorator.py
[2022-11-07T23:21:11.648+0000] {logging_mixin.py:120} INFO - [2022-11-07T23:21:11.648+0000] {dag.py:2585} INFO - Sync 1 DAGs
[2022-11-07T23:21:11.701+0000] {logging_mixin.py:120} INFO - [2022-11-07T23:21:11.701+0000] {dag.py:3340} INFO - Setting next_dagrun for example_short_circuit_decorator to 2022-11-06T23:21:11.701660+00:00, run_after=2022-11-07T23:21:11.701660+00:00
[2022-11-07T23:21:11.747+0000] {processor.py:176} INFO - Processing /home/airflow/.local/lib/python3.7/site-packages/airflow/example_dags/example_short_circuit_decorator.py took 0.329 seconds
[2022-11-07T23:58:53.665+0000] {processor.py:154} INFO - Started process (PID=53267) to work on /home/airflow/.local/lib/python3.7/site-packages/airflow/example_dags/example_short_circuit_decorator.py
[2022-11-07T23:58:53.672+0000] {processor.py:756} INFO - Processing file /home/airflow/.local/lib/python3.7/site-packages/airflow/example_dags/example_short_circuit_decorator.py for tasks to queue
[2022-11-07T23:58:53.674+0000] {logging_mixin.py:120} INFO - [2022-11-07T23:58:53.674+0000] {dagbag.py:537} INFO - Filling up the DagBag from /home/airflow/.local/lib/python3.7/site-packages/airflow/example_dags/example_short_circuit_decorator.py
[2022-11-07T23:58:53.717+0000] {processor.py:766} INFO - DAG(s) dict_keys(['example_short_circuit_decorator']) retrieved from /home/airflow/.local/lib/python3.7/site-packages/airflow/example_dags/example_short_circuit_decorator.py
[2022-11-07T23:58:53.785+0000] {logging_mixin.py:120} INFO - [2022-11-07T23:58:53.783+0000] {dag.py:2585} INFO - Sync 1 DAGs
[2022-11-07T23:58:54.018+0000] {logging_mixin.py:120} INFO - [2022-11-07T23:58:54.018+0000] {dag.py:3340} INFO - Setting next_dagrun for example_short_circuit_decorator to 2022-11-06T23:58:54.018275+00:00, run_after=2022-11-07T23:58:54.018275+00:00
[2022-11-07T23:58:54.039+0000] {processor.py:176} INFO - Processing /home/airflow/.local/lib/python3.7/site-packages/airflow/example_dags/example_short_circuit_decorator.py took 0.377 seconds
