[2022-11-07T17:10:58.503+0000] {processor.py:154} INFO - Started process (PID=52200) to work on /home/airflow/.local/lib/python3.7/site-packages/airflow/example_dags/example_branch_labels.py
[2022-11-07T17:10:58.506+0000] {processor.py:756} INFO - Processing file /home/airflow/.local/lib/python3.7/site-packages/airflow/example_dags/example_branch_labels.py for tasks to queue
[2022-11-07T17:10:58.508+0000] {logging_mixin.py:120} INFO - [2022-11-07T17:10:58.508+0000] {dagbag.py:537} INFO - Filling up the DagBag from /home/airflow/.local/lib/python3.7/site-packages/airflow/example_dags/example_branch_labels.py
[2022-11-07T17:10:58.539+0000] {processor.py:766} INFO - DAG(s) dict_keys(['example_branch_labels']) retrieved from /home/airflow/.local/lib/python3.7/site-packages/airflow/example_dags/example_branch_labels.py
[2022-11-07T17:10:58.639+0000] {logging_mixin.py:120} INFO - [2022-11-07T17:10:58.639+0000] {dag.py:2585} INFO - Sync 1 DAGs
[2022-11-07T17:10:58.683+0000] {logging_mixin.py:120} INFO - [2022-11-07T17:10:58.683+0000] {dag.py:3340} INFO - Setting next_dagrun for example_branch_labels to 2022-11-06T00:00:00+00:00, run_after=2022-11-07T00:00:00+00:00
[2022-11-07T17:10:58.712+0000] {processor.py:176} INFO - Processing /home/airflow/.local/lib/python3.7/site-packages/airflow/example_dags/example_branch_labels.py took 0.219 seconds
[2022-11-07T17:11:28.834+0000] {processor.py:154} INFO - Started process (PID=52257) to work on /home/airflow/.local/lib/python3.7/site-packages/airflow/example_dags/example_branch_labels.py
[2022-11-07T17:11:28.835+0000] {processor.py:756} INFO - Processing file /home/airflow/.local/lib/python3.7/site-packages/airflow/example_dags/example_branch_labels.py for tasks to queue
[2022-11-07T17:11:28.836+0000] {logging_mixin.py:120} INFO - [2022-11-07T17:11:28.836+0000] {dagbag.py:537} INFO - Filling up the DagBag from /home/airflow/.local/lib/python3.7/site-packages/airflow/example_dags/example_branch_labels.py
[2022-11-07T17:11:28.848+0000] {processor.py:766} INFO - DAG(s) dict_keys(['example_branch_labels']) retrieved from /home/airflow/.local/lib/python3.7/site-packages/airflow/example_dags/example_branch_labels.py
[2022-11-07T17:11:28.883+0000] {logging_mixin.py:120} INFO - [2022-11-07T17:11:28.883+0000] {dag.py:2585} INFO - Sync 1 DAGs
[2022-11-07T17:11:28.901+0000] {logging_mixin.py:120} INFO - [2022-11-07T17:11:28.901+0000] {dag.py:3340} INFO - Setting next_dagrun for example_branch_labels to 2022-11-06T00:00:00+00:00, run_after=2022-11-07T00:00:00+00:00
[2022-11-07T17:11:28.913+0000] {processor.py:176} INFO - Processing /home/airflow/.local/lib/python3.7/site-packages/airflow/example_dags/example_branch_labels.py took 0.082 seconds
[2022-11-07T17:12:00.118+0000] {processor.py:154} INFO - Started process (PID=52323) to work on /home/airflow/.local/lib/python3.7/site-packages/airflow/example_dags/example_branch_labels.py
[2022-11-07T17:12:00.120+0000] {processor.py:756} INFO - Processing file /home/airflow/.local/lib/python3.7/site-packages/airflow/example_dags/example_branch_labels.py for tasks to queue
[2022-11-07T17:12:00.121+0000] {logging_mixin.py:120} INFO - [2022-11-07T17:12:00.121+0000] {dagbag.py:537} INFO - Filling up the DagBag from /home/airflow/.local/lib/python3.7/site-packages/airflow/example_dags/example_branch_labels.py
[2022-11-07T17:12:00.133+0000] {processor.py:766} INFO - DAG(s) dict_keys(['example_branch_labels']) retrieved from /home/airflow/.local/lib/python3.7/site-packages/airflow/example_dags/example_branch_labels.py
[2022-11-07T17:12:00.166+0000] {logging_mixin.py:120} INFO - [2022-11-07T17:12:00.166+0000] {dag.py:2585} INFO - Sync 1 DAGs
[2022-11-07T17:12:00.185+0000] {logging_mixin.py:120} INFO - [2022-11-07T17:12:00.184+0000] {dag.py:3340} INFO - Setting next_dagrun for example_branch_labels to 2022-11-06T00:00:00+00:00, run_after=2022-11-07T00:00:00+00:00
[2022-11-07T17:12:00.306+0000] {processor.py:176} INFO - Processing /home/airflow/.local/lib/python3.7/site-packages/airflow/example_dags/example_branch_labels.py took 0.191 seconds
[2022-11-07T17:12:30.604+0000] {processor.py:154} INFO - Started process (PID=52391) to work on /home/airflow/.local/lib/python3.7/site-packages/airflow/example_dags/example_branch_labels.py
[2022-11-07T17:12:30.606+0000] {processor.py:756} INFO - Processing file /home/airflow/.local/lib/python3.7/site-packages/airflow/example_dags/example_branch_labels.py for tasks to queue
[2022-11-07T17:12:30.608+0000] {logging_mixin.py:120} INFO - [2022-11-07T17:12:30.608+0000] {dagbag.py:537} INFO - Filling up the DagBag from /home/airflow/.local/lib/python3.7/site-packages/airflow/example_dags/example_branch_labels.py
[2022-11-07T17:12:30.619+0000] {processor.py:766} INFO - DAG(s) dict_keys(['example_branch_labels']) retrieved from /home/airflow/.local/lib/python3.7/site-packages/airflow/example_dags/example_branch_labels.py
[2022-11-07T17:12:30.647+0000] {logging_mixin.py:120} INFO - [2022-11-07T17:12:30.647+0000] {dag.py:2585} INFO - Sync 1 DAGs
[2022-11-07T17:12:30.752+0000] {logging_mixin.py:120} INFO - [2022-11-07T17:12:30.752+0000] {dag.py:3340} INFO - Setting next_dagrun for example_branch_labels to 2022-11-06T00:00:00+00:00, run_after=2022-11-07T00:00:00+00:00
[2022-11-07T17:12:30.762+0000] {processor.py:176} INFO - Processing /home/airflow/.local/lib/python3.7/site-packages/airflow/example_dags/example_branch_labels.py took 0.161 seconds
[2022-11-07T17:13:01.720+0000] {processor.py:154} INFO - Started process (PID=52458) to work on /home/airflow/.local/lib/python3.7/site-packages/airflow/example_dags/example_branch_labels.py
[2022-11-07T17:13:01.724+0000] {processor.py:756} INFO - Processing file /home/airflow/.local/lib/python3.7/site-packages/airflow/example_dags/example_branch_labels.py for tasks to queue
[2022-11-07T17:13:01.726+0000] {logging_mixin.py:120} INFO - [2022-11-07T17:13:01.726+0000] {dagbag.py:537} INFO - Filling up the DagBag from /home/airflow/.local/lib/python3.7/site-packages/airflow/example_dags/example_branch_labels.py
[2022-11-07T17:13:01.744+0000] {processor.py:766} INFO - DAG(s) dict_keys(['example_branch_labels']) retrieved from /home/airflow/.local/lib/python3.7/site-packages/airflow/example_dags/example_branch_labels.py
[2022-11-07T17:13:01.780+0000] {logging_mixin.py:120} INFO - [2022-11-07T17:13:01.780+0000] {dag.py:2585} INFO - Sync 1 DAGs
[2022-11-07T17:13:01.797+0000] {logging_mixin.py:120} INFO - [2022-11-07T17:13:01.797+0000] {dag.py:3340} INFO - Setting next_dagrun for example_branch_labels to 2022-11-06T00:00:00+00:00, run_after=2022-11-07T00:00:00+00:00
[2022-11-07T17:13:01.810+0000] {processor.py:176} INFO - Processing /home/airflow/.local/lib/python3.7/site-packages/airflow/example_dags/example_branch_labels.py took 0.097 seconds
[2022-11-07T17:13:32.552+0000] {processor.py:154} INFO - Started process (PID=52524) to work on /home/airflow/.local/lib/python3.7/site-packages/airflow/example_dags/example_branch_labels.py
[2022-11-07T17:13:32.557+0000] {processor.py:756} INFO - Processing file /home/airflow/.local/lib/python3.7/site-packages/airflow/example_dags/example_branch_labels.py for tasks to queue
[2022-11-07T17:13:32.558+0000] {logging_mixin.py:120} INFO - [2022-11-07T17:13:32.558+0000] {dagbag.py:537} INFO - Filling up the DagBag from /home/airflow/.local/lib/python3.7/site-packages/airflow/example_dags/example_branch_labels.py
[2022-11-07T17:13:32.575+0000] {processor.py:766} INFO - DAG(s) dict_keys(['example_branch_labels']) retrieved from /home/airflow/.local/lib/python3.7/site-packages/airflow/example_dags/example_branch_labels.py
[2022-11-07T17:13:32.621+0000] {logging_mixin.py:120} INFO - [2022-11-07T17:13:32.621+0000] {dag.py:2585} INFO - Sync 1 DAGs
[2022-11-07T17:13:32.640+0000] {logging_mixin.py:120} INFO - [2022-11-07T17:13:32.640+0000] {dag.py:3340} INFO - Setting next_dagrun for example_branch_labels to 2022-11-06T00:00:00+00:00, run_after=2022-11-07T00:00:00+00:00
[2022-11-07T17:13:32.653+0000] {processor.py:176} INFO - Processing /home/airflow/.local/lib/python3.7/site-packages/airflow/example_dags/example_branch_labels.py took 0.104 seconds
[2022-11-07T17:14:02.701+0000] {processor.py:154} INFO - Started process (PID=52591) to work on /home/airflow/.local/lib/python3.7/site-packages/airflow/example_dags/example_branch_labels.py
[2022-11-07T17:14:02.704+0000] {processor.py:756} INFO - Processing file /home/airflow/.local/lib/python3.7/site-packages/airflow/example_dags/example_branch_labels.py for tasks to queue
[2022-11-07T17:14:02.705+0000] {logging_mixin.py:120} INFO - [2022-11-07T17:14:02.704+0000] {dagbag.py:537} INFO - Filling up the DagBag from /home/airflow/.local/lib/python3.7/site-packages/airflow/example_dags/example_branch_labels.py
[2022-11-07T17:14:02.716+0000] {processor.py:766} INFO - DAG(s) dict_keys(['example_branch_labels']) retrieved from /home/airflow/.local/lib/python3.7/site-packages/airflow/example_dags/example_branch_labels.py
[2022-11-07T17:14:02.746+0000] {logging_mixin.py:120} INFO - [2022-11-07T17:14:02.746+0000] {dag.py:2585} INFO - Sync 1 DAGs
[2022-11-07T17:14:02.762+0000] {logging_mixin.py:120} INFO - [2022-11-07T17:14:02.762+0000] {dag.py:3340} INFO - Setting next_dagrun for example_branch_labels to 2022-11-06T00:00:00+00:00, run_after=2022-11-07T00:00:00+00:00
[2022-11-07T17:14:02.865+0000] {processor.py:176} INFO - Processing /home/airflow/.local/lib/python3.7/site-packages/airflow/example_dags/example_branch_labels.py took 0.167 seconds
[2022-11-07T17:14:33.199+0000] {processor.py:154} INFO - Started process (PID=52649) to work on /home/airflow/.local/lib/python3.7/site-packages/airflow/example_dags/example_branch_labels.py
[2022-11-07T17:14:33.202+0000] {processor.py:756} INFO - Processing file /home/airflow/.local/lib/python3.7/site-packages/airflow/example_dags/example_branch_labels.py for tasks to queue
[2022-11-07T17:14:33.203+0000] {logging_mixin.py:120} INFO - [2022-11-07T17:14:33.203+0000] {dagbag.py:537} INFO - Filling up the DagBag from /home/airflow/.local/lib/python3.7/site-packages/airflow/example_dags/example_branch_labels.py
[2022-11-07T17:14:33.214+0000] {processor.py:766} INFO - DAG(s) dict_keys(['example_branch_labels']) retrieved from /home/airflow/.local/lib/python3.7/site-packages/airflow/example_dags/example_branch_labels.py
[2022-11-07T17:14:33.243+0000] {logging_mixin.py:120} INFO - [2022-11-07T17:14:33.243+0000] {dag.py:2585} INFO - Sync 1 DAGs
[2022-11-07T17:14:33.355+0000] {logging_mixin.py:120} INFO - [2022-11-07T17:14:33.355+0000] {dag.py:3340} INFO - Setting next_dagrun for example_branch_labels to 2022-11-06T00:00:00+00:00, run_after=2022-11-07T00:00:00+00:00
[2022-11-07T17:14:33.366+0000] {processor.py:176} INFO - Processing /home/airflow/.local/lib/python3.7/site-packages/airflow/example_dags/example_branch_labels.py took 0.170 seconds
[2022-11-07T17:21:23.420+0000] {processor.py:154} INFO - Started process (PID=52717) to work on /home/airflow/.local/lib/python3.7/site-packages/airflow/example_dags/example_branch_labels.py
[2022-11-07T17:21:23.421+0000] {processor.py:756} INFO - Processing file /home/airflow/.local/lib/python3.7/site-packages/airflow/example_dags/example_branch_labels.py for tasks to queue
[2022-11-07T17:21:23.423+0000] {logging_mixin.py:120} INFO - [2022-11-07T17:21:23.423+0000] {dagbag.py:537} INFO - Filling up the DagBag from /home/airflow/.local/lib/python3.7/site-packages/airflow/example_dags/example_branch_labels.py
[2022-11-07T17:21:23.435+0000] {processor.py:766} INFO - DAG(s) dict_keys(['example_branch_labels']) retrieved from /home/airflow/.local/lib/python3.7/site-packages/airflow/example_dags/example_branch_labels.py
[2022-11-07T17:21:23.570+0000] {logging_mixin.py:120} INFO - [2022-11-07T17:21:23.570+0000] {dag.py:2585} INFO - Sync 1 DAGs
[2022-11-07T17:21:23.585+0000] {logging_mixin.py:120} INFO - [2022-11-07T17:21:23.585+0000] {dag.py:3340} INFO - Setting next_dagrun for example_branch_labels to 2022-11-06T00:00:00+00:00, run_after=2022-11-07T00:00:00+00:00
[2022-11-07T17:21:23.598+0000] {processor.py:176} INFO - Processing /home/airflow/.local/lib/python3.7/site-packages/airflow/example_dags/example_branch_labels.py took 0.181 seconds
[2022-11-07T17:53:21.429+0000] {processor.py:154} INFO - Started process (PID=52786) to work on /home/airflow/.local/lib/python3.7/site-packages/airflow/example_dags/example_branch_labels.py
[2022-11-07T17:53:21.432+0000] {processor.py:756} INFO - Processing file /home/airflow/.local/lib/python3.7/site-packages/airflow/example_dags/example_branch_labels.py for tasks to queue
[2022-11-07T17:53:21.437+0000] {logging_mixin.py:120} INFO - [2022-11-07T17:53:21.437+0000] {dagbag.py:537} INFO - Filling up the DagBag from /home/airflow/.local/lib/python3.7/site-packages/airflow/example_dags/example_branch_labels.py
[2022-11-07T17:53:21.460+0000] {processor.py:766} INFO - DAG(s) dict_keys(['example_branch_labels']) retrieved from /home/airflow/.local/lib/python3.7/site-packages/airflow/example_dags/example_branch_labels.py
[2022-11-07T17:53:21.513+0000] {logging_mixin.py:120} INFO - [2022-11-07T17:53:21.513+0000] {dag.py:2585} INFO - Sync 1 DAGs
[2022-11-07T17:53:21.540+0000] {logging_mixin.py:120} INFO - [2022-11-07T17:53:21.539+0000] {dag.py:3340} INFO - Setting next_dagrun for example_branch_labels to 2022-11-06T00:00:00+00:00, run_after=2022-11-07T00:00:00+00:00
[2022-11-07T17:53:21.566+0000] {processor.py:176} INFO - Processing /home/airflow/.local/lib/python3.7/site-packages/airflow/example_dags/example_branch_labels.py took 0.140 seconds
[2022-11-07T18:20:22.650+0000] {processor.py:154} INFO - Started process (PID=52853) to work on /home/airflow/.local/lib/python3.7/site-packages/airflow/example_dags/example_branch_labels.py
[2022-11-07T18:20:22.652+0000] {processor.py:756} INFO - Processing file /home/airflow/.local/lib/python3.7/site-packages/airflow/example_dags/example_branch_labels.py for tasks to queue
[2022-11-07T18:20:22.654+0000] {logging_mixin.py:120} INFO - [2022-11-07T18:20:22.654+0000] {dagbag.py:537} INFO - Filling up the DagBag from /home/airflow/.local/lib/python3.7/site-packages/airflow/example_dags/example_branch_labels.py
[2022-11-07T18:20:22.686+0000] {processor.py:766} INFO - DAG(s) dict_keys(['example_branch_labels']) retrieved from /home/airflow/.local/lib/python3.7/site-packages/airflow/example_dags/example_branch_labels.py
[2022-11-07T18:20:22.758+0000] {logging_mixin.py:120} INFO - [2022-11-07T18:20:22.758+0000] {dag.py:2585} INFO - Sync 1 DAGs
[2022-11-07T18:20:23.002+0000] {logging_mixin.py:120} INFO - [2022-11-07T18:20:23.002+0000] {dag.py:3340} INFO - Setting next_dagrun for example_branch_labels to 2022-11-06T00:00:00+00:00, run_after=2022-11-07T00:00:00+00:00
[2022-11-07T18:20:23.022+0000] {processor.py:176} INFO - Processing /home/airflow/.local/lib/python3.7/site-packages/airflow/example_dags/example_branch_labels.py took 0.382 seconds
[2022-11-07T19:15:54.496+0000] {processor.py:154} INFO - Started process (PID=52911) to work on /home/airflow/.local/lib/python3.7/site-packages/airflow/example_dags/example_branch_labels.py
[2022-11-07T19:15:54.506+0000] {processor.py:756} INFO - Processing file /home/airflow/.local/lib/python3.7/site-packages/airflow/example_dags/example_branch_labels.py for tasks to queue
[2022-11-07T19:15:54.512+0000] {logging_mixin.py:120} INFO - [2022-11-07T19:15:54.512+0000] {dagbag.py:537} INFO - Filling up the DagBag from /home/airflow/.local/lib/python3.7/site-packages/airflow/example_dags/example_branch_labels.py
[2022-11-07T19:15:54.555+0000] {processor.py:766} INFO - DAG(s) dict_keys(['example_branch_labels']) retrieved from /home/airflow/.local/lib/python3.7/site-packages/airflow/example_dags/example_branch_labels.py
[2022-11-07T19:15:54.647+0000] {logging_mixin.py:120} INFO - [2022-11-07T19:15:54.646+0000] {dag.py:2585} INFO - Sync 1 DAGs
[2022-11-07T19:15:55.058+0000] {logging_mixin.py:120} INFO - [2022-11-07T19:15:55.057+0000] {dag.py:3340} INFO - Setting next_dagrun for example_branch_labels to 2022-11-06T00:00:00+00:00, run_after=2022-11-07T00:00:00+00:00
[2022-11-07T19:15:55.102+0000] {processor.py:176} INFO - Processing /home/airflow/.local/lib/python3.7/site-packages/airflow/example_dags/example_branch_labels.py took 0.616 seconds
[2022-11-07T19:44:45.918+0000] {processor.py:154} INFO - Started process (PID=52976) to work on /home/airflow/.local/lib/python3.7/site-packages/airflow/example_dags/example_branch_labels.py
[2022-11-07T19:44:45.931+0000] {processor.py:756} INFO - Processing file /home/airflow/.local/lib/python3.7/site-packages/airflow/example_dags/example_branch_labels.py for tasks to queue
[2022-11-07T19:44:45.933+0000] {logging_mixin.py:120} INFO - [2022-11-07T19:44:45.933+0000] {dagbag.py:537} INFO - Filling up the DagBag from /home/airflow/.local/lib/python3.7/site-packages/airflow/example_dags/example_branch_labels.py
[2022-11-07T19:44:45.966+0000] {processor.py:766} INFO - DAG(s) dict_keys(['example_branch_labels']) retrieved from /home/airflow/.local/lib/python3.7/site-packages/airflow/example_dags/example_branch_labels.py
[2022-11-07T19:44:46.050+0000] {logging_mixin.py:120} INFO - [2022-11-07T19:44:46.050+0000] {dag.py:2585} INFO - Sync 1 DAGs
[2022-11-07T19:44:46.092+0000] {logging_mixin.py:120} INFO - [2022-11-07T19:44:46.091+0000] {dag.py:3340} INFO - Setting next_dagrun for example_branch_labels to 2022-11-06T00:00:00+00:00, run_after=2022-11-07T00:00:00+00:00
[2022-11-07T19:44:46.121+0000] {processor.py:176} INFO - Processing /home/airflow/.local/lib/python3.7/site-packages/airflow/example_dags/example_branch_labels.py took 0.207 seconds
[2022-11-07T20:51:26.704+0000] {processor.py:154} INFO - Started process (PID=53042) to work on /home/airflow/.local/lib/python3.7/site-packages/airflow/example_dags/example_branch_labels.py
[2022-11-07T20:51:26.706+0000] {processor.py:756} INFO - Processing file /home/airflow/.local/lib/python3.7/site-packages/airflow/example_dags/example_branch_labels.py for tasks to queue
[2022-11-07T20:51:26.707+0000] {logging_mixin.py:120} INFO - [2022-11-07T20:51:26.707+0000] {dagbag.py:537} INFO - Filling up the DagBag from /home/airflow/.local/lib/python3.7/site-packages/airflow/example_dags/example_branch_labels.py
[2022-11-07T20:51:26.721+0000] {processor.py:766} INFO - DAG(s) dict_keys(['example_branch_labels']) retrieved from /home/airflow/.local/lib/python3.7/site-packages/airflow/example_dags/example_branch_labels.py
[2022-11-07T20:51:26.757+0000] {logging_mixin.py:120} INFO - [2022-11-07T20:51:26.757+0000] {dag.py:2585} INFO - Sync 1 DAGs
[2022-11-07T20:51:26.776+0000] {logging_mixin.py:120} INFO - [2022-11-07T20:51:26.776+0000] {dag.py:3340} INFO - Setting next_dagrun for example_branch_labels to 2022-11-06T00:00:00+00:00, run_after=2022-11-07T00:00:00+00:00
[2022-11-07T20:51:26.922+0000] {processor.py:176} INFO - Processing /home/airflow/.local/lib/python3.7/site-packages/airflow/example_dags/example_branch_labels.py took 0.221 seconds
[2022-11-07T21:44:45.044+0000] {processor.py:154} INFO - Started process (PID=53101) to work on /home/airflow/.local/lib/python3.7/site-packages/airflow/example_dags/example_branch_labels.py
[2022-11-07T21:44:45.046+0000] {processor.py:756} INFO - Processing file /home/airflow/.local/lib/python3.7/site-packages/airflow/example_dags/example_branch_labels.py for tasks to queue
[2022-11-07T21:44:45.047+0000] {logging_mixin.py:120} INFO - [2022-11-07T21:44:45.047+0000] {dagbag.py:537} INFO - Filling up the DagBag from /home/airflow/.local/lib/python3.7/site-packages/airflow/example_dags/example_branch_labels.py
[2022-11-07T21:44:45.060+0000] {processor.py:766} INFO - DAG(s) dict_keys(['example_branch_labels']) retrieved from /home/airflow/.local/lib/python3.7/site-packages/airflow/example_dags/example_branch_labels.py
[2022-11-07T21:44:45.112+0000] {logging_mixin.py:120} INFO - [2022-11-07T21:44:45.112+0000] {dag.py:2585} INFO - Sync 1 DAGs
[2022-11-07T21:44:45.237+0000] {logging_mixin.py:120} INFO - [2022-11-07T21:44:45.237+0000] {dag.py:3340} INFO - Setting next_dagrun for example_branch_labels to 2022-11-06T00:00:00+00:00, run_after=2022-11-07T00:00:00+00:00
[2022-11-07T21:44:45.249+0000] {processor.py:176} INFO - Processing /home/airflow/.local/lib/python3.7/site-packages/airflow/example_dags/example_branch_labels.py took 0.208 seconds
[2022-11-07T22:48:51.327+0000] {processor.py:154} INFO - Started process (PID=53167) to work on /home/airflow/.local/lib/python3.7/site-packages/airflow/example_dags/example_branch_labels.py
[2022-11-07T22:48:51.334+0000] {processor.py:756} INFO - Processing file /home/airflow/.local/lib/python3.7/site-packages/airflow/example_dags/example_branch_labels.py for tasks to queue
[2022-11-07T22:48:51.344+0000] {logging_mixin.py:120} INFO - [2022-11-07T22:48:51.343+0000] {dagbag.py:537} INFO - Filling up the DagBag from /home/airflow/.local/lib/python3.7/site-packages/airflow/example_dags/example_branch_labels.py
[2022-11-07T22:48:51.389+0000] {processor.py:766} INFO - DAG(s) dict_keys(['example_branch_labels']) retrieved from /home/airflow/.local/lib/python3.7/site-packages/airflow/example_dags/example_branch_labels.py
[2022-11-07T22:48:51.724+0000] {logging_mixin.py:120} INFO - [2022-11-07T22:48:51.724+0000] {dag.py:2585} INFO - Sync 1 DAGs
[2022-11-07T22:48:51.760+0000] {logging_mixin.py:120} INFO - [2022-11-07T22:48:51.760+0000] {dag.py:3340} INFO - Setting next_dagrun for example_branch_labels to 2022-11-06T00:00:00+00:00, run_after=2022-11-07T00:00:00+00:00
[2022-11-07T22:48:51.789+0000] {processor.py:176} INFO - Processing /home/airflow/.local/lib/python3.7/site-packages/airflow/example_dags/example_branch_labels.py took 0.474 seconds
[2022-11-07T23:21:15.780+0000] {processor.py:154} INFO - Started process (PID=53233) to work on /home/airflow/.local/lib/python3.7/site-packages/airflow/example_dags/example_branch_labels.py
[2022-11-07T23:21:15.782+0000] {processor.py:756} INFO - Processing file /home/airflow/.local/lib/python3.7/site-packages/airflow/example_dags/example_branch_labels.py for tasks to queue
[2022-11-07T23:21:15.784+0000] {logging_mixin.py:120} INFO - [2022-11-07T23:21:15.783+0000] {dagbag.py:537} INFO - Filling up the DagBag from /home/airflow/.local/lib/python3.7/site-packages/airflow/example_dags/example_branch_labels.py
[2022-11-07T23:21:15.811+0000] {processor.py:766} INFO - DAG(s) dict_keys(['example_branch_labels']) retrieved from /home/airflow/.local/lib/python3.7/site-packages/airflow/example_dags/example_branch_labels.py
[2022-11-07T23:21:15.869+0000] {logging_mixin.py:120} INFO - [2022-11-07T23:21:15.869+0000] {dag.py:2585} INFO - Sync 1 DAGs
[2022-11-07T23:21:15.902+0000] {logging_mixin.py:120} INFO - [2022-11-07T23:21:15.902+0000] {dag.py:3340} INFO - Setting next_dagrun for example_branch_labels to 2022-11-06T00:00:00+00:00, run_after=2022-11-07T00:00:00+00:00
[2022-11-07T23:21:15.925+0000] {processor.py:176} INFO - Processing /home/airflow/.local/lib/python3.7/site-packages/airflow/example_dags/example_branch_labels.py took 0.150 seconds
[2022-11-07T23:59:00.599+0000] {processor.py:154} INFO - Started process (PID=53300) to work on /home/airflow/.local/lib/python3.7/site-packages/airflow/example_dags/example_branch_labels.py
[2022-11-07T23:59:00.600+0000] {processor.py:756} INFO - Processing file /home/airflow/.local/lib/python3.7/site-packages/airflow/example_dags/example_branch_labels.py for tasks to queue
[2022-11-07T23:59:00.601+0000] {logging_mixin.py:120} INFO - [2022-11-07T23:59:00.601+0000] {dagbag.py:537} INFO - Filling up the DagBag from /home/airflow/.local/lib/python3.7/site-packages/airflow/example_dags/example_branch_labels.py
[2022-11-07T23:59:00.614+0000] {processor.py:766} INFO - DAG(s) dict_keys(['example_branch_labels']) retrieved from /home/airflow/.local/lib/python3.7/site-packages/airflow/example_dags/example_branch_labels.py
[2022-11-07T23:59:00.650+0000] {logging_mixin.py:120} INFO - [2022-11-07T23:59:00.650+0000] {dag.py:2585} INFO - Sync 1 DAGs
[2022-11-07T23:59:00.783+0000] {logging_mixin.py:120} INFO - [2022-11-07T23:59:00.783+0000] {dag.py:3340} INFO - Setting next_dagrun for example_branch_labels to 2022-11-06T00:00:00+00:00, run_after=2022-11-07T00:00:00+00:00
[2022-11-07T23:59:00.797+0000] {processor.py:176} INFO - Processing /home/airflow/.local/lib/python3.7/site-packages/airflow/example_dags/example_branch_labels.py took 0.203 seconds
