[2022-11-07T00:31:25.408+0000] {processor.py:154} INFO - Started process (PID=52169) to work on /home/airflow/.local/lib/python3.7/site-packages/airflow/example_dags/example_branch_operator_decorator.py
[2022-11-07T00:31:25.417+0000] {processor.py:756} INFO - Processing file /home/airflow/.local/lib/python3.7/site-packages/airflow/example_dags/example_branch_operator_decorator.py for tasks to queue
[2022-11-07T00:31:25.420+0000] {logging_mixin.py:120} INFO - [2022-11-07T00:31:25.420+0000] {dagbag.py:537} INFO - Filling up the DagBag from /home/airflow/.local/lib/python3.7/site-packages/airflow/example_dags/example_branch_operator_decorator.py
[2022-11-07T00:31:25.505+0000] {processor.py:766} INFO - DAG(s) dict_keys(['example_branch_python_operator_decorator']) retrieved from /home/airflow/.local/lib/python3.7/site-packages/airflow/example_dags/example_branch_operator_decorator.py
[2022-11-07T17:11:03.902+0000] {processor.py:154} INFO - Started process (PID=52217) to work on /home/airflow/.local/lib/python3.7/site-packages/airflow/example_dags/example_branch_operator_decorator.py
[2022-11-07T17:11:03.909+0000] {processor.py:756} INFO - Processing file /home/airflow/.local/lib/python3.7/site-packages/airflow/example_dags/example_branch_operator_decorator.py for tasks to queue
[2022-11-07T17:11:03.914+0000] {logging_mixin.py:120} INFO - [2022-11-07T17:11:03.913+0000] {dagbag.py:537} INFO - Filling up the DagBag from /home/airflow/.local/lib/python3.7/site-packages/airflow/example_dags/example_branch_operator_decorator.py
[2022-11-07T17:11:03.970+0000] {processor.py:766} INFO - DAG(s) dict_keys(['example_branch_python_operator_decorator']) retrieved from /home/airflow/.local/lib/python3.7/site-packages/airflow/example_dags/example_branch_operator_decorator.py
[2022-11-07T17:11:04.096+0000] {logging_mixin.py:120} INFO - [2022-11-07T17:11:04.096+0000] {dag.py:2585} INFO - Sync 1 DAGs
[2022-11-07T17:11:04.189+0000] {logging_mixin.py:120} INFO - [2022-11-07T17:11:04.189+0000] {dag.py:3340} INFO - Setting next_dagrun for example_branch_python_operator_decorator to 2022-11-06T00:00:00+00:00, run_after=2022-11-07T00:00:00+00:00
[2022-11-07T17:11:04.238+0000] {processor.py:176} INFO - Processing /home/airflow/.local/lib/python3.7/site-packages/airflow/example_dags/example_branch_operator_decorator.py took 0.340 seconds
[2022-11-07T17:11:34.583+0000] {processor.py:154} INFO - Started process (PID=52283) to work on /home/airflow/.local/lib/python3.7/site-packages/airflow/example_dags/example_branch_operator_decorator.py
[2022-11-07T17:11:34.586+0000] {processor.py:756} INFO - Processing file /home/airflow/.local/lib/python3.7/site-packages/airflow/example_dags/example_branch_operator_decorator.py for tasks to queue
[2022-11-07T17:11:34.587+0000] {logging_mixin.py:120} INFO - [2022-11-07T17:11:34.587+0000] {dagbag.py:537} INFO - Filling up the DagBag from /home/airflow/.local/lib/python3.7/site-packages/airflow/example_dags/example_branch_operator_decorator.py
[2022-11-07T17:11:34.607+0000] {processor.py:766} INFO - DAG(s) dict_keys(['example_branch_python_operator_decorator']) retrieved from /home/airflow/.local/lib/python3.7/site-packages/airflow/example_dags/example_branch_operator_decorator.py
[2022-11-07T17:11:34.638+0000] {logging_mixin.py:120} INFO - [2022-11-07T17:11:34.638+0000] {dag.py:2585} INFO - Sync 1 DAGs
[2022-11-07T17:11:34.749+0000] {logging_mixin.py:120} INFO - [2022-11-07T17:11:34.749+0000] {dag.py:3340} INFO - Setting next_dagrun for example_branch_python_operator_decorator to 2022-11-06T00:00:00+00:00, run_after=2022-11-07T00:00:00+00:00
[2022-11-07T17:11:34.759+0000] {processor.py:176} INFO - Processing /home/airflow/.local/lib/python3.7/site-packages/airflow/example_dags/example_branch_operator_decorator.py took 0.179 seconds
[2022-11-07T17:12:05.301+0000] {processor.py:154} INFO - Started process (PID=52349) to work on /home/airflow/.local/lib/python3.7/site-packages/airflow/example_dags/example_branch_operator_decorator.py
[2022-11-07T17:12:05.303+0000] {processor.py:756} INFO - Processing file /home/airflow/.local/lib/python3.7/site-packages/airflow/example_dags/example_branch_operator_decorator.py for tasks to queue
[2022-11-07T17:12:05.304+0000] {logging_mixin.py:120} INFO - [2022-11-07T17:12:05.304+0000] {dagbag.py:537} INFO - Filling up the DagBag from /home/airflow/.local/lib/python3.7/site-packages/airflow/example_dags/example_branch_operator_decorator.py
[2022-11-07T17:12:05.322+0000] {processor.py:766} INFO - DAG(s) dict_keys(['example_branch_python_operator_decorator']) retrieved from /home/airflow/.local/lib/python3.7/site-packages/airflow/example_dags/example_branch_operator_decorator.py
[2022-11-07T17:12:05.354+0000] {logging_mixin.py:120} INFO - [2022-11-07T17:12:05.354+0000] {dag.py:2585} INFO - Sync 1 DAGs
[2022-11-07T17:12:05.479+0000] {logging_mixin.py:120} INFO - [2022-11-07T17:12:05.479+0000] {dag.py:3340} INFO - Setting next_dagrun for example_branch_python_operator_decorator to 2022-11-06T00:00:00+00:00, run_after=2022-11-07T00:00:00+00:00
[2022-11-07T17:12:05.491+0000] {processor.py:176} INFO - Processing /home/airflow/.local/lib/python3.7/site-packages/airflow/example_dags/example_branch_operator_decorator.py took 0.192 seconds
[2022-11-07T17:12:35.647+0000] {processor.py:154} INFO - Started process (PID=52417) to work on /home/airflow/.local/lib/python3.7/site-packages/airflow/example_dags/example_branch_operator_decorator.py
[2022-11-07T17:12:35.649+0000] {processor.py:756} INFO - Processing file /home/airflow/.local/lib/python3.7/site-packages/airflow/example_dags/example_branch_operator_decorator.py for tasks to queue
[2022-11-07T17:12:35.650+0000] {logging_mixin.py:120} INFO - [2022-11-07T17:12:35.650+0000] {dagbag.py:537} INFO - Filling up the DagBag from /home/airflow/.local/lib/python3.7/site-packages/airflow/example_dags/example_branch_operator_decorator.py
[2022-11-07T17:12:35.670+0000] {processor.py:766} INFO - DAG(s) dict_keys(['example_branch_python_operator_decorator']) retrieved from /home/airflow/.local/lib/python3.7/site-packages/airflow/example_dags/example_branch_operator_decorator.py
[2022-11-07T17:12:35.808+0000] {logging_mixin.py:120} INFO - [2022-11-07T17:12:35.808+0000] {dag.py:2585} INFO - Sync 1 DAGs
[2022-11-07T17:12:35.823+0000] {logging_mixin.py:120} INFO - [2022-11-07T17:12:35.823+0000] {dag.py:3340} INFO - Setting next_dagrun for example_branch_python_operator_decorator to 2022-11-06T00:00:00+00:00, run_after=2022-11-07T00:00:00+00:00
[2022-11-07T17:12:35.835+0000] {processor.py:176} INFO - Processing /home/airflow/.local/lib/python3.7/site-packages/airflow/example_dags/example_branch_operator_decorator.py took 0.191 seconds
[2022-11-07T17:13:05.879+0000] {processor.py:154} INFO - Started process (PID=52475) to work on /home/airflow/.local/lib/python3.7/site-packages/airflow/example_dags/example_branch_operator_decorator.py
[2022-11-07T17:13:05.884+0000] {processor.py:756} INFO - Processing file /home/airflow/.local/lib/python3.7/site-packages/airflow/example_dags/example_branch_operator_decorator.py for tasks to queue
[2022-11-07T17:13:05.885+0000] {logging_mixin.py:120} INFO - [2022-11-07T17:13:05.885+0000] {dagbag.py:537} INFO - Filling up the DagBag from /home/airflow/.local/lib/python3.7/site-packages/airflow/example_dags/example_branch_operator_decorator.py
[2022-11-07T17:13:05.902+0000] {processor.py:766} INFO - DAG(s) dict_keys(['example_branch_python_operator_decorator']) retrieved from /home/airflow/.local/lib/python3.7/site-packages/airflow/example_dags/example_branch_operator_decorator.py
[2022-11-07T17:13:05.935+0000] {logging_mixin.py:120} INFO - [2022-11-07T17:13:05.935+0000] {dag.py:2585} INFO - Sync 1 DAGs
[2022-11-07T17:13:05.952+0000] {logging_mixin.py:120} INFO - [2022-11-07T17:13:05.952+0000] {dag.py:3340} INFO - Setting next_dagrun for example_branch_python_operator_decorator to 2022-11-06T00:00:00+00:00, run_after=2022-11-07T00:00:00+00:00
[2022-11-07T17:13:05.964+0000] {processor.py:176} INFO - Processing /home/airflow/.local/lib/python3.7/site-packages/airflow/example_dags/example_branch_operator_decorator.py took 0.088 seconds
[2022-11-07T17:13:37.156+0000] {processor.py:154} INFO - Started process (PID=52541) to work on /home/airflow/.local/lib/python3.7/site-packages/airflow/example_dags/example_branch_operator_decorator.py
[2022-11-07T17:13:37.159+0000] {processor.py:756} INFO - Processing file /home/airflow/.local/lib/python3.7/site-packages/airflow/example_dags/example_branch_operator_decorator.py for tasks to queue
[2022-11-07T17:13:37.160+0000] {logging_mixin.py:120} INFO - [2022-11-07T17:13:37.160+0000] {dagbag.py:537} INFO - Filling up the DagBag from /home/airflow/.local/lib/python3.7/site-packages/airflow/example_dags/example_branch_operator_decorator.py
[2022-11-07T17:13:37.181+0000] {processor.py:766} INFO - DAG(s) dict_keys(['example_branch_python_operator_decorator']) retrieved from /home/airflow/.local/lib/python3.7/site-packages/airflow/example_dags/example_branch_operator_decorator.py
[2022-11-07T17:13:37.221+0000] {logging_mixin.py:120} INFO - [2022-11-07T17:13:37.221+0000] {dag.py:2585} INFO - Sync 1 DAGs
[2022-11-07T17:13:37.350+0000] {logging_mixin.py:120} INFO - [2022-11-07T17:13:37.350+0000] {dag.py:3340} INFO - Setting next_dagrun for example_branch_python_operator_decorator to 2022-11-06T00:00:00+00:00, run_after=2022-11-07T00:00:00+00:00
[2022-11-07T17:13:37.362+0000] {processor.py:176} INFO - Processing /home/airflow/.local/lib/python3.7/site-packages/airflow/example_dags/example_branch_operator_decorator.py took 0.209 seconds
[2022-11-07T17:14:07.809+0000] {processor.py:154} INFO - Started process (PID=52608) to work on /home/airflow/.local/lib/python3.7/site-packages/airflow/example_dags/example_branch_operator_decorator.py
[2022-11-07T17:14:07.810+0000] {processor.py:756} INFO - Processing file /home/airflow/.local/lib/python3.7/site-packages/airflow/example_dags/example_branch_operator_decorator.py for tasks to queue
[2022-11-07T17:14:07.812+0000] {logging_mixin.py:120} INFO - [2022-11-07T17:14:07.811+0000] {dagbag.py:537} INFO - Filling up the DagBag from /home/airflow/.local/lib/python3.7/site-packages/airflow/example_dags/example_branch_operator_decorator.py
[2022-11-07T17:14:07.832+0000] {processor.py:766} INFO - DAG(s) dict_keys(['example_branch_python_operator_decorator']) retrieved from /home/airflow/.local/lib/python3.7/site-packages/airflow/example_dags/example_branch_operator_decorator.py
[2022-11-07T17:14:07.864+0000] {logging_mixin.py:120} INFO - [2022-11-07T17:14:07.864+0000] {dag.py:2585} INFO - Sync 1 DAGs
[2022-11-07T17:14:07.987+0000] {logging_mixin.py:120} INFO - [2022-11-07T17:14:07.987+0000] {dag.py:3340} INFO - Setting next_dagrun for example_branch_python_operator_decorator to 2022-11-06T00:00:00+00:00, run_after=2022-11-07T00:00:00+00:00
[2022-11-07T17:14:07.998+0000] {processor.py:176} INFO - Processing /home/airflow/.local/lib/python3.7/site-packages/airflow/example_dags/example_branch_operator_decorator.py took 0.193 seconds
[2022-11-07T17:14:38.240+0000] {processor.py:154} INFO - Started process (PID=52676) to work on /home/airflow/.local/lib/python3.7/site-packages/airflow/example_dags/example_branch_operator_decorator.py
[2022-11-07T17:14:38.242+0000] {processor.py:756} INFO - Processing file /home/airflow/.local/lib/python3.7/site-packages/airflow/example_dags/example_branch_operator_decorator.py for tasks to queue
[2022-11-07T17:14:38.243+0000] {logging_mixin.py:120} INFO - [2022-11-07T17:14:38.243+0000] {dagbag.py:537} INFO - Filling up the DagBag from /home/airflow/.local/lib/python3.7/site-packages/airflow/example_dags/example_branch_operator_decorator.py
[2022-11-07T17:14:38.264+0000] {processor.py:766} INFO - DAG(s) dict_keys(['example_branch_python_operator_decorator']) retrieved from /home/airflow/.local/lib/python3.7/site-packages/airflow/example_dags/example_branch_operator_decorator.py
[2022-11-07T17:14:38.402+0000] {logging_mixin.py:120} INFO - [2022-11-07T17:14:38.402+0000] {dag.py:2585} INFO - Sync 1 DAGs
[2022-11-07T17:14:38.418+0000] {logging_mixin.py:120} INFO - [2022-11-07T17:14:38.418+0000] {dag.py:3340} INFO - Setting next_dagrun for example_branch_python_operator_decorator to 2022-11-06T00:00:00+00:00, run_after=2022-11-07T00:00:00+00:00
[2022-11-07T17:14:38.430+0000] {processor.py:176} INFO - Processing /home/airflow/.local/lib/python3.7/site-packages/airflow/example_dags/example_branch_operator_decorator.py took 0.193 seconds
[2022-11-07T17:21:20.271+0000] {processor.py:154} INFO - Started process (PID=52694) to work on /home/airflow/.local/lib/python3.7/site-packages/airflow/example_dags/example_branch_operator_decorator.py
[2022-11-07T17:21:20.273+0000] {processor.py:756} INFO - Processing file /home/airflow/.local/lib/python3.7/site-packages/airflow/example_dags/example_branch_operator_decorator.py for tasks to queue
[2022-11-07T17:21:20.274+0000] {logging_mixin.py:120} INFO - [2022-11-07T17:21:20.274+0000] {dagbag.py:537} INFO - Filling up the DagBag from /home/airflow/.local/lib/python3.7/site-packages/airflow/example_dags/example_branch_operator_decorator.py
[2022-11-07T17:21:20.295+0000] {processor.py:766} INFO - DAG(s) dict_keys(['example_branch_python_operator_decorator']) retrieved from /home/airflow/.local/lib/python3.7/site-packages/airflow/example_dags/example_branch_operator_decorator.py
[2022-11-07T17:21:20.472+0000] {logging_mixin.py:120} INFO - [2022-11-07T17:21:20.472+0000] {dag.py:2585} INFO - Sync 1 DAGs
[2022-11-07T17:21:20.495+0000] {logging_mixin.py:120} INFO - [2022-11-07T17:21:20.495+0000] {dag.py:3340} INFO - Setting next_dagrun for example_branch_python_operator_decorator to 2022-11-06T00:00:00+00:00, run_after=2022-11-07T00:00:00+00:00
[2022-11-07T17:21:20.514+0000] {processor.py:176} INFO - Processing /home/airflow/.local/lib/python3.7/site-packages/airflow/example_dags/example_branch_operator_decorator.py took 0.245 seconds
[2022-11-07T17:53:16.247+0000] {processor.py:154} INFO - Started process (PID=52763) to work on /home/airflow/.local/lib/python3.7/site-packages/airflow/example_dags/example_branch_operator_decorator.py
[2022-11-07T17:53:16.249+0000] {processor.py:756} INFO - Processing file /home/airflow/.local/lib/python3.7/site-packages/airflow/example_dags/example_branch_operator_decorator.py for tasks to queue
[2022-11-07T17:53:16.252+0000] {logging_mixin.py:120} INFO - [2022-11-07T17:53:16.252+0000] {dagbag.py:537} INFO - Filling up the DagBag from /home/airflow/.local/lib/python3.7/site-packages/airflow/example_dags/example_branch_operator_decorator.py
[2022-11-07T17:53:16.307+0000] {processor.py:766} INFO - DAG(s) dict_keys(['example_branch_python_operator_decorator']) retrieved from /home/airflow/.local/lib/python3.7/site-packages/airflow/example_dags/example_branch_operator_decorator.py
[2022-11-07T17:53:16.353+0000] {logging_mixin.py:120} INFO - [2022-11-07T17:53:16.353+0000] {dag.py:2585} INFO - Sync 1 DAGs
[2022-11-07T17:53:16.376+0000] {logging_mixin.py:120} INFO - [2022-11-07T17:53:16.376+0000] {dag.py:3340} INFO - Setting next_dagrun for example_branch_python_operator_decorator to 2022-11-06T00:00:00+00:00, run_after=2022-11-07T00:00:00+00:00
[2022-11-07T17:53:16.645+0000] {processor.py:176} INFO - Processing /home/airflow/.local/lib/python3.7/site-packages/airflow/example_dags/example_branch_operator_decorator.py took 0.415 seconds
[2022-11-07T18:20:15.837+0000] {processor.py:154} INFO - Started process (PID=52821) to work on /home/airflow/.local/lib/python3.7/site-packages/airflow/example_dags/example_branch_operator_decorator.py
[2022-11-07T18:20:15.840+0000] {processor.py:756} INFO - Processing file /home/airflow/.local/lib/python3.7/site-packages/airflow/example_dags/example_branch_operator_decorator.py for tasks to queue
[2022-11-07T18:20:15.843+0000] {logging_mixin.py:120} INFO - [2022-11-07T18:20:15.843+0000] {dagbag.py:537} INFO - Filling up the DagBag from /home/airflow/.local/lib/python3.7/site-packages/airflow/example_dags/example_branch_operator_decorator.py
[2022-11-07T18:20:15.887+0000] {processor.py:766} INFO - DAG(s) dict_keys(['example_branch_python_operator_decorator']) retrieved from /home/airflow/.local/lib/python3.7/site-packages/airflow/example_dags/example_branch_operator_decorator.py
[2022-11-07T18:20:15.956+0000] {logging_mixin.py:120} INFO - [2022-11-07T18:20:15.956+0000] {dag.py:2585} INFO - Sync 1 DAGs
[2022-11-07T18:20:16.216+0000] {logging_mixin.py:120} INFO - [2022-11-07T18:20:16.216+0000] {dag.py:3340} INFO - Setting next_dagrun for example_branch_python_operator_decorator to 2022-11-06T00:00:00+00:00, run_after=2022-11-07T00:00:00+00:00
[2022-11-07T18:20:16.237+0000] {processor.py:176} INFO - Processing /home/airflow/.local/lib/python3.7/site-packages/airflow/example_dags/example_branch_operator_decorator.py took 0.409 seconds
[2022-11-07T19:15:48.931+0000] {processor.py:154} INFO - Started process (PID=52888) to work on /home/airflow/.local/lib/python3.7/site-packages/airflow/example_dags/example_branch_operator_decorator.py
[2022-11-07T19:15:48.933+0000] {processor.py:756} INFO - Processing file /home/airflow/.local/lib/python3.7/site-packages/airflow/example_dags/example_branch_operator_decorator.py for tasks to queue
[2022-11-07T19:15:48.935+0000] {logging_mixin.py:120} INFO - [2022-11-07T19:15:48.935+0000] {dagbag.py:537} INFO - Filling up the DagBag from /home/airflow/.local/lib/python3.7/site-packages/airflow/example_dags/example_branch_operator_decorator.py
[2022-11-07T19:15:48.977+0000] {processor.py:766} INFO - DAG(s) dict_keys(['example_branch_python_operator_decorator']) retrieved from /home/airflow/.local/lib/python3.7/site-packages/airflow/example_dags/example_branch_operator_decorator.py
[2022-11-07T19:15:49.306+0000] {logging_mixin.py:120} INFO - [2022-11-07T19:15:49.306+0000] {dag.py:2585} INFO - Sync 1 DAGs
[2022-11-07T19:15:49.332+0000] {logging_mixin.py:120} INFO - [2022-11-07T19:15:49.332+0000] {dag.py:3340} INFO - Setting next_dagrun for example_branch_python_operator_decorator to 2022-11-06T00:00:00+00:00, run_after=2022-11-07T00:00:00+00:00
[2022-11-07T19:15:49.353+0000] {processor.py:176} INFO - Processing /home/airflow/.local/lib/python3.7/site-packages/airflow/example_dags/example_branch_operator_decorator.py took 0.425 seconds
[2022-11-07T19:44:41.208+0000] {processor.py:154} INFO - Started process (PID=52953) to work on /home/airflow/.local/lib/python3.7/site-packages/airflow/example_dags/example_branch_operator_decorator.py
[2022-11-07T19:44:41.210+0000] {processor.py:756} INFO - Processing file /home/airflow/.local/lib/python3.7/site-packages/airflow/example_dags/example_branch_operator_decorator.py for tasks to queue
[2022-11-07T19:44:41.212+0000] {logging_mixin.py:120} INFO - [2022-11-07T19:44:41.211+0000] {dagbag.py:537} INFO - Filling up the DagBag from /home/airflow/.local/lib/python3.7/site-packages/airflow/example_dags/example_branch_operator_decorator.py
[2022-11-07T19:44:41.273+0000] {processor.py:766} INFO - DAG(s) dict_keys(['example_branch_python_operator_decorator']) retrieved from /home/airflow/.local/lib/python3.7/site-packages/airflow/example_dags/example_branch_operator_decorator.py
[2022-11-07T19:44:41.726+0000] {logging_mixin.py:120} INFO - [2022-11-07T19:44:41.725+0000] {dag.py:2585} INFO - Sync 1 DAGs
[2022-11-07T19:44:41.749+0000] {logging_mixin.py:120} INFO - [2022-11-07T19:44:41.749+0000] {dag.py:3340} INFO - Setting next_dagrun for example_branch_python_operator_decorator to 2022-11-06T00:00:00+00:00, run_after=2022-11-07T00:00:00+00:00
[2022-11-07T19:44:41.764+0000] {processor.py:176} INFO - Processing /home/airflow/.local/lib/python3.7/site-packages/airflow/example_dags/example_branch_operator_decorator.py took 0.564 seconds
[2022-11-07T20:51:22.728+0000] {processor.py:154} INFO - Started process (PID=53011) to work on /home/airflow/.local/lib/python3.7/site-packages/airflow/example_dags/example_branch_operator_decorator.py
[2022-11-07T20:51:22.731+0000] {processor.py:756} INFO - Processing file /home/airflow/.local/lib/python3.7/site-packages/airflow/example_dags/example_branch_operator_decorator.py for tasks to queue
[2022-11-07T20:51:22.734+0000] {logging_mixin.py:120} INFO - [2022-11-07T20:51:22.733+0000] {dagbag.py:537} INFO - Filling up the DagBag from /home/airflow/.local/lib/python3.7/site-packages/airflow/example_dags/example_branch_operator_decorator.py
[2022-11-07T20:51:22.777+0000] {processor.py:766} INFO - DAG(s) dict_keys(['example_branch_python_operator_decorator']) retrieved from /home/airflow/.local/lib/python3.7/site-packages/airflow/example_dags/example_branch_operator_decorator.py
[2022-11-07T20:51:22.861+0000] {logging_mixin.py:120} INFO - [2022-11-07T20:51:22.860+0000] {dag.py:2585} INFO - Sync 1 DAGs
[2022-11-07T20:51:22.897+0000] {logging_mixin.py:120} INFO - [2022-11-07T20:51:22.897+0000] {dag.py:3340} INFO - Setting next_dagrun for example_branch_python_operator_decorator to 2022-11-06T00:00:00+00:00, run_after=2022-11-07T00:00:00+00:00
[2022-11-07T20:51:23.019+0000] {processor.py:176} INFO - Processing /home/airflow/.local/lib/python3.7/site-packages/airflow/example_dags/example_branch_operator_decorator.py took 0.297 seconds
[2022-11-07T21:44:40.919+0000] {processor.py:154} INFO - Started process (PID=53078) to work on /home/airflow/.local/lib/python3.7/site-packages/airflow/example_dags/example_branch_operator_decorator.py
[2022-11-07T21:44:40.925+0000] {processor.py:756} INFO - Processing file /home/airflow/.local/lib/python3.7/site-packages/airflow/example_dags/example_branch_operator_decorator.py for tasks to queue
[2022-11-07T21:44:40.927+0000] {logging_mixin.py:120} INFO - [2022-11-07T21:44:40.927+0000] {dagbag.py:537} INFO - Filling up the DagBag from /home/airflow/.local/lib/python3.7/site-packages/airflow/example_dags/example_branch_operator_decorator.py
[2022-11-07T21:44:40.978+0000] {processor.py:766} INFO - DAG(s) dict_keys(['example_branch_python_operator_decorator']) retrieved from /home/airflow/.local/lib/python3.7/site-packages/airflow/example_dags/example_branch_operator_decorator.py
[2022-11-07T21:44:41.024+0000] {logging_mixin.py:120} INFO - [2022-11-07T21:44:41.024+0000] {dag.py:2585} INFO - Sync 1 DAGs
[2022-11-07T21:44:41.251+0000] {logging_mixin.py:120} INFO - [2022-11-07T21:44:41.251+0000] {dag.py:3340} INFO - Setting next_dagrun for example_branch_python_operator_decorator to 2022-11-06T00:00:00+00:00, run_after=2022-11-07T00:00:00+00:00
[2022-11-07T21:44:41.263+0000] {processor.py:176} INFO - Processing /home/airflow/.local/lib/python3.7/site-packages/airflow/example_dags/example_branch_operator_decorator.py took 0.349 seconds
[2022-11-07T22:48:45.780+0000] {processor.py:154} INFO - Started process (PID=53144) to work on /home/airflow/.local/lib/python3.7/site-packages/airflow/example_dags/example_branch_operator_decorator.py
[2022-11-07T22:48:45.781+0000] {processor.py:756} INFO - Processing file /home/airflow/.local/lib/python3.7/site-packages/airflow/example_dags/example_branch_operator_decorator.py for tasks to queue
[2022-11-07T22:48:45.783+0000] {logging_mixin.py:120} INFO - [2022-11-07T22:48:45.783+0000] {dagbag.py:537} INFO - Filling up the DagBag from /home/airflow/.local/lib/python3.7/site-packages/airflow/example_dags/example_branch_operator_decorator.py
[2022-11-07T22:48:45.809+0000] {processor.py:766} INFO - DAG(s) dict_keys(['example_branch_python_operator_decorator']) retrieved from /home/airflow/.local/lib/python3.7/site-packages/airflow/example_dags/example_branch_operator_decorator.py
[2022-11-07T22:48:45.991+0000] {logging_mixin.py:120} INFO - [2022-11-07T22:48:45.991+0000] {dag.py:2585} INFO - Sync 1 DAGs
[2022-11-07T22:48:46.011+0000] {logging_mixin.py:120} INFO - [2022-11-07T22:48:46.011+0000] {dag.py:3340} INFO - Setting next_dagrun for example_branch_python_operator_decorator to 2022-11-06T00:00:00+00:00, run_after=2022-11-07T00:00:00+00:00
[2022-11-07T22:48:46.027+0000] {processor.py:176} INFO - Processing /home/airflow/.local/lib/python3.7/site-packages/airflow/example_dags/example_branch_operator_decorator.py took 0.250 seconds
[2022-11-07T23:21:11.807+0000] {processor.py:154} INFO - Started process (PID=53210) to work on /home/airflow/.local/lib/python3.7/site-packages/airflow/example_dags/example_branch_operator_decorator.py
[2022-11-07T23:21:11.810+0000] {processor.py:756} INFO - Processing file /home/airflow/.local/lib/python3.7/site-packages/airflow/example_dags/example_branch_operator_decorator.py for tasks to queue
[2022-11-07T23:21:11.822+0000] {logging_mixin.py:120} INFO - [2022-11-07T23:21:11.822+0000] {dagbag.py:537} INFO - Filling up the DagBag from /home/airflow/.local/lib/python3.7/site-packages/airflow/example_dags/example_branch_operator_decorator.py
[2022-11-07T23:21:11.888+0000] {processor.py:766} INFO - DAG(s) dict_keys(['example_branch_python_operator_decorator']) retrieved from /home/airflow/.local/lib/python3.7/site-packages/airflow/example_dags/example_branch_operator_decorator.py
[2022-11-07T23:21:11.989+0000] {logging_mixin.py:120} INFO - [2022-11-07T23:21:11.989+0000] {dag.py:2585} INFO - Sync 1 DAGs
[2022-11-07T23:21:12.024+0000] {logging_mixin.py:120} INFO - [2022-11-07T23:21:12.024+0000] {dag.py:3340} INFO - Setting next_dagrun for example_branch_python_operator_decorator to 2022-11-06T00:00:00+00:00, run_after=2022-11-07T00:00:00+00:00
[2022-11-07T23:21:12.052+0000] {processor.py:176} INFO - Processing /home/airflow/.local/lib/python3.7/site-packages/airflow/example_dags/example_branch_operator_decorator.py took 0.248 seconds
[2022-11-07T23:58:53.899+0000] {processor.py:154} INFO - Started process (PID=53268) to work on /home/airflow/.local/lib/python3.7/site-packages/airflow/example_dags/example_branch_operator_decorator.py
[2022-11-07T23:58:53.900+0000] {processor.py:756} INFO - Processing file /home/airflow/.local/lib/python3.7/site-packages/airflow/example_dags/example_branch_operator_decorator.py for tasks to queue
[2022-11-07T23:58:53.902+0000] {logging_mixin.py:120} INFO - [2022-11-07T23:58:53.902+0000] {dagbag.py:537} INFO - Filling up the DagBag from /home/airflow/.local/lib/python3.7/site-packages/airflow/example_dags/example_branch_operator_decorator.py
[2022-11-07T23:58:53.939+0000] {processor.py:766} INFO - DAG(s) dict_keys(['example_branch_python_operator_decorator']) retrieved from /home/airflow/.local/lib/python3.7/site-packages/airflow/example_dags/example_branch_operator_decorator.py
[2022-11-07T23:58:54.006+0000] {logging_mixin.py:120} INFO - [2022-11-07T23:58:54.006+0000] {dag.py:2585} INFO - Sync 1 DAGs
[2022-11-07T23:58:54.230+0000] {logging_mixin.py:120} INFO - [2022-11-07T23:58:54.230+0000] {dag.py:3340} INFO - Setting next_dagrun for example_branch_python_operator_decorator to 2022-11-06T00:00:00+00:00, run_after=2022-11-07T00:00:00+00:00
[2022-11-07T23:58:54.258+0000] {processor.py:176} INFO - Processing /home/airflow/.local/lib/python3.7/site-packages/airflow/example_dags/example_branch_operator_decorator.py took 0.366 seconds
