[2022-11-07T17:10:56.948+0000] {processor.py:154} INFO - Started process (PID=52192) to work on /home/airflow/.local/lib/python3.7/site-packages/airflow/example_dags/example_nested_branch_dag.py
[2022-11-07T17:10:56.951+0000] {processor.py:756} INFO - Processing file /home/airflow/.local/lib/python3.7/site-packages/airflow/example_dags/example_nested_branch_dag.py for tasks to queue
[2022-11-07T17:10:56.953+0000] {logging_mixin.py:120} INFO - [2022-11-07T17:10:56.953+0000] {dagbag.py:537} INFO - Filling up the DagBag from /home/airflow/.local/lib/python3.7/site-packages/airflow/example_dags/example_nested_branch_dag.py
[2022-11-07T17:10:56.989+0000] {processor.py:766} INFO - DAG(s) dict_keys(['example_nested_branch_dag']) retrieved from /home/airflow/.local/lib/python3.7/site-packages/airflow/example_dags/example_nested_branch_dag.py
[2022-11-07T17:10:57.055+0000] {logging_mixin.py:120} INFO - [2022-11-07T17:10:57.055+0000] {dag.py:2585} INFO - Sync 1 DAGs
[2022-11-07T17:10:57.087+0000] {logging_mixin.py:120} INFO - [2022-11-07T17:10:57.087+0000] {dag.py:3340} INFO - Setting next_dagrun for example_nested_branch_dag to 2022-11-06T00:00:00+00:00, run_after=2022-11-07T00:00:00+00:00
[2022-11-07T17:10:57.113+0000] {processor.py:176} INFO - Processing /home/airflow/.local/lib/python3.7/site-packages/airflow/example_dags/example_nested_branch_dag.py took 0.169 seconds
[2022-11-07T17:11:28.038+0000] {processor.py:154} INFO - Started process (PID=52249) to work on /home/airflow/.local/lib/python3.7/site-packages/airflow/example_dags/example_nested_branch_dag.py
[2022-11-07T17:11:28.039+0000] {processor.py:756} INFO - Processing file /home/airflow/.local/lib/python3.7/site-packages/airflow/example_dags/example_nested_branch_dag.py for tasks to queue
[2022-11-07T17:11:28.040+0000] {logging_mixin.py:120} INFO - [2022-11-07T17:11:28.040+0000] {dagbag.py:537} INFO - Filling up the DagBag from /home/airflow/.local/lib/python3.7/site-packages/airflow/example_dags/example_nested_branch_dag.py
[2022-11-07T17:11:28.056+0000] {processor.py:766} INFO - DAG(s) dict_keys(['example_nested_branch_dag']) retrieved from /home/airflow/.local/lib/python3.7/site-packages/airflow/example_dags/example_nested_branch_dag.py
[2022-11-07T17:11:28.085+0000] {logging_mixin.py:120} INFO - [2022-11-07T17:11:28.085+0000] {dag.py:2585} INFO - Sync 1 DAGs
[2022-11-07T17:11:28.102+0000] {logging_mixin.py:120} INFO - [2022-11-07T17:11:28.102+0000] {dag.py:3340} INFO - Setting next_dagrun for example_nested_branch_dag to 2022-11-06T00:00:00+00:00, run_after=2022-11-07T00:00:00+00:00
[2022-11-07T17:11:28.200+0000] {processor.py:176} INFO - Processing /home/airflow/.local/lib/python3.7/site-packages/airflow/example_dags/example_nested_branch_dag.py took 0.164 seconds
[2022-11-07T17:11:59.141+0000] {processor.py:154} INFO - Started process (PID=52315) to work on /home/airflow/.local/lib/python3.7/site-packages/airflow/example_dags/example_nested_branch_dag.py
[2022-11-07T17:11:59.142+0000] {processor.py:756} INFO - Processing file /home/airflow/.local/lib/python3.7/site-packages/airflow/example_dags/example_nested_branch_dag.py for tasks to queue
[2022-11-07T17:11:59.143+0000] {logging_mixin.py:120} INFO - [2022-11-07T17:11:59.143+0000] {dagbag.py:537} INFO - Filling up the DagBag from /home/airflow/.local/lib/python3.7/site-packages/airflow/example_dags/example_nested_branch_dag.py
[2022-11-07T17:11:59.161+0000] {processor.py:766} INFO - DAG(s) dict_keys(['example_nested_branch_dag']) retrieved from /home/airflow/.local/lib/python3.7/site-packages/airflow/example_dags/example_nested_branch_dag.py
[2022-11-07T17:11:59.193+0000] {logging_mixin.py:120} INFO - [2022-11-07T17:11:59.193+0000] {dag.py:2585} INFO - Sync 1 DAGs
[2022-11-07T17:11:59.318+0000] {logging_mixin.py:120} INFO - [2022-11-07T17:11:59.318+0000] {dag.py:3340} INFO - Setting next_dagrun for example_nested_branch_dag to 2022-11-06T00:00:00+00:00, run_after=2022-11-07T00:00:00+00:00
[2022-11-07T17:11:59.350+0000] {processor.py:176} INFO - Processing /home/airflow/.local/lib/python3.7/site-packages/airflow/example_dags/example_nested_branch_dag.py took 0.212 seconds
[2022-11-07T17:12:29.519+0000] {processor.py:154} INFO - Started process (PID=52383) to work on /home/airflow/.local/lib/python3.7/site-packages/airflow/example_dags/example_nested_branch_dag.py
[2022-11-07T17:12:29.520+0000] {processor.py:756} INFO - Processing file /home/airflow/.local/lib/python3.7/site-packages/airflow/example_dags/example_nested_branch_dag.py for tasks to queue
[2022-11-07T17:12:29.521+0000] {logging_mixin.py:120} INFO - [2022-11-07T17:12:29.521+0000] {dagbag.py:537} INFO - Filling up the DagBag from /home/airflow/.local/lib/python3.7/site-packages/airflow/example_dags/example_nested_branch_dag.py
[2022-11-07T17:12:29.537+0000] {processor.py:766} INFO - DAG(s) dict_keys(['example_nested_branch_dag']) retrieved from /home/airflow/.local/lib/python3.7/site-packages/airflow/example_dags/example_nested_branch_dag.py
[2022-11-07T17:12:29.657+0000] {logging_mixin.py:120} INFO - [2022-11-07T17:12:29.657+0000] {dag.py:2585} INFO - Sync 1 DAGs
[2022-11-07T17:12:29.670+0000] {logging_mixin.py:120} INFO - [2022-11-07T17:12:29.670+0000] {dag.py:3340} INFO - Setting next_dagrun for example_nested_branch_dag to 2022-11-06T00:00:00+00:00, run_after=2022-11-07T00:00:00+00:00
[2022-11-07T17:12:29.680+0000] {processor.py:176} INFO - Processing /home/airflow/.local/lib/python3.7/site-packages/airflow/example_dags/example_nested_branch_dag.py took 0.163 seconds
[2022-11-07T17:12:59.857+0000] {processor.py:154} INFO - Started process (PID=52450) to work on /home/airflow/.local/lib/python3.7/site-packages/airflow/example_dags/example_nested_branch_dag.py
[2022-11-07T17:12:59.858+0000] {processor.py:756} INFO - Processing file /home/airflow/.local/lib/python3.7/site-packages/airflow/example_dags/example_nested_branch_dag.py for tasks to queue
[2022-11-07T17:12:59.860+0000] {logging_mixin.py:120} INFO - [2022-11-07T17:12:59.860+0000] {dagbag.py:537} INFO - Filling up the DagBag from /home/airflow/.local/lib/python3.7/site-packages/airflow/example_dags/example_nested_branch_dag.py
[2022-11-07T17:12:59.877+0000] {processor.py:766} INFO - DAG(s) dict_keys(['example_nested_branch_dag']) retrieved from /home/airflow/.local/lib/python3.7/site-packages/airflow/example_dags/example_nested_branch_dag.py
[2022-11-07T17:12:59.908+0000] {logging_mixin.py:120} INFO - [2022-11-07T17:12:59.908+0000] {dag.py:2585} INFO - Sync 1 DAGs
[2022-11-07T17:12:59.926+0000] {logging_mixin.py:120} INFO - [2022-11-07T17:12:59.926+0000] {dag.py:3340} INFO - Setting next_dagrun for example_nested_branch_dag to 2022-11-06T00:00:00+00:00, run_after=2022-11-07T00:00:00+00:00
[2022-11-07T17:12:59.938+0000] {processor.py:176} INFO - Processing /home/airflow/.local/lib/python3.7/site-packages/airflow/example_dags/example_nested_branch_dag.py took 0.083 seconds
[2022-11-07T17:13:30.720+0000] {processor.py:154} INFO - Started process (PID=52516) to work on /home/airflow/.local/lib/python3.7/site-packages/airflow/example_dags/example_nested_branch_dag.py
[2022-11-07T17:13:30.722+0000] {processor.py:756} INFO - Processing file /home/airflow/.local/lib/python3.7/site-packages/airflow/example_dags/example_nested_branch_dag.py for tasks to queue
[2022-11-07T17:13:30.723+0000] {logging_mixin.py:120} INFO - [2022-11-07T17:13:30.723+0000] {dagbag.py:537} INFO - Filling up the DagBag from /home/airflow/.local/lib/python3.7/site-packages/airflow/example_dags/example_nested_branch_dag.py
[2022-11-07T17:13:30.738+0000] {processor.py:766} INFO - DAG(s) dict_keys(['example_nested_branch_dag']) retrieved from /home/airflow/.local/lib/python3.7/site-packages/airflow/example_dags/example_nested_branch_dag.py
[2022-11-07T17:13:30.769+0000] {logging_mixin.py:120} INFO - [2022-11-07T17:13:30.768+0000] {dag.py:2585} INFO - Sync 1 DAGs
[2022-11-07T17:13:30.784+0000] {logging_mixin.py:120} INFO - [2022-11-07T17:13:30.784+0000] {dag.py:3340} INFO - Setting next_dagrun for example_nested_branch_dag to 2022-11-06T00:00:00+00:00, run_after=2022-11-07T00:00:00+00:00
[2022-11-07T17:13:30.892+0000] {processor.py:176} INFO - Processing /home/airflow/.local/lib/python3.7/site-packages/airflow/example_dags/example_nested_branch_dag.py took 0.175 seconds
[2022-11-07T17:14:01.245+0000] {processor.py:154} INFO - Started process (PID=52583) to work on /home/airflow/.local/lib/python3.7/site-packages/airflow/example_dags/example_nested_branch_dag.py
[2022-11-07T17:14:01.246+0000] {processor.py:756} INFO - Processing file /home/airflow/.local/lib/python3.7/site-packages/airflow/example_dags/example_nested_branch_dag.py for tasks to queue
[2022-11-07T17:14:01.247+0000] {logging_mixin.py:120} INFO - [2022-11-07T17:14:01.247+0000] {dagbag.py:537} INFO - Filling up the DagBag from /home/airflow/.local/lib/python3.7/site-packages/airflow/example_dags/example_nested_branch_dag.py
[2022-11-07T17:14:01.264+0000] {processor.py:766} INFO - DAG(s) dict_keys(['example_nested_branch_dag']) retrieved from /home/airflow/.local/lib/python3.7/site-packages/airflow/example_dags/example_nested_branch_dag.py
[2022-11-07T17:14:01.295+0000] {logging_mixin.py:120} INFO - [2022-11-07T17:14:01.295+0000] {dag.py:2585} INFO - Sync 1 DAGs
[2022-11-07T17:14:01.410+0000] {logging_mixin.py:120} INFO - [2022-11-07T17:14:01.410+0000] {dag.py:3340} INFO - Setting next_dagrun for example_nested_branch_dag to 2022-11-06T00:00:00+00:00, run_after=2022-11-07T00:00:00+00:00
[2022-11-07T17:14:01.424+0000] {processor.py:176} INFO - Processing /home/airflow/.local/lib/python3.7/site-packages/airflow/example_dags/example_nested_branch_dag.py took 0.182 seconds
[2022-11-07T17:14:31.963+0000] {processor.py:154} INFO - Started process (PID=52641) to work on /home/airflow/.local/lib/python3.7/site-packages/airflow/example_dags/example_nested_branch_dag.py
[2022-11-07T17:14:31.965+0000] {processor.py:756} INFO - Processing file /home/airflow/.local/lib/python3.7/site-packages/airflow/example_dags/example_nested_branch_dag.py for tasks to queue
[2022-11-07T17:14:31.966+0000] {logging_mixin.py:120} INFO - [2022-11-07T17:14:31.966+0000] {dagbag.py:537} INFO - Filling up the DagBag from /home/airflow/.local/lib/python3.7/site-packages/airflow/example_dags/example_nested_branch_dag.py
[2022-11-07T17:14:31.987+0000] {processor.py:766} INFO - DAG(s) dict_keys(['example_nested_branch_dag']) retrieved from /home/airflow/.local/lib/python3.7/site-packages/airflow/example_dags/example_nested_branch_dag.py
[2022-11-07T17:14:32.159+0000] {logging_mixin.py:120} INFO - [2022-11-07T17:14:32.159+0000] {dag.py:2585} INFO - Sync 1 DAGs
[2022-11-07T17:14:32.177+0000] {logging_mixin.py:120} INFO - [2022-11-07T17:14:32.177+0000] {dag.py:3340} INFO - Setting next_dagrun for example_nested_branch_dag to 2022-11-06T00:00:00+00:00, run_after=2022-11-07T00:00:00+00:00
[2022-11-07T17:14:32.192+0000] {processor.py:176} INFO - Processing /home/airflow/.local/lib/python3.7/site-packages/airflow/example_dags/example_nested_branch_dag.py took 0.231 seconds
[2022-11-07T17:21:22.531+0000] {processor.py:154} INFO - Started process (PID=52709) to work on /home/airflow/.local/lib/python3.7/site-packages/airflow/example_dags/example_nested_branch_dag.py
[2022-11-07T17:21:22.533+0000] {processor.py:756} INFO - Processing file /home/airflow/.local/lib/python3.7/site-packages/airflow/example_dags/example_nested_branch_dag.py for tasks to queue
[2022-11-07T17:21:22.534+0000] {logging_mixin.py:120} INFO - [2022-11-07T17:21:22.534+0000] {dagbag.py:537} INFO - Filling up the DagBag from /home/airflow/.local/lib/python3.7/site-packages/airflow/example_dags/example_nested_branch_dag.py
[2022-11-07T17:21:22.553+0000] {processor.py:766} INFO - DAG(s) dict_keys(['example_nested_branch_dag']) retrieved from /home/airflow/.local/lib/python3.7/site-packages/airflow/example_dags/example_nested_branch_dag.py
[2022-11-07T17:21:22.694+0000] {logging_mixin.py:120} INFO - [2022-11-07T17:21:22.694+0000] {dag.py:2585} INFO - Sync 1 DAGs
[2022-11-07T17:21:22.709+0000] {logging_mixin.py:120} INFO - [2022-11-07T17:21:22.709+0000] {dag.py:3340} INFO - Setting next_dagrun for example_nested_branch_dag to 2022-11-06T00:00:00+00:00, run_after=2022-11-07T00:00:00+00:00
[2022-11-07T17:21:22.722+0000] {processor.py:176} INFO - Processing /home/airflow/.local/lib/python3.7/site-packages/airflow/example_dags/example_nested_branch_dag.py took 0.195 seconds
[2022-11-07T17:53:19.921+0000] {processor.py:154} INFO - Started process (PID=52778) to work on /home/airflow/.local/lib/python3.7/site-packages/airflow/example_dags/example_nested_branch_dag.py
[2022-11-07T17:53:19.923+0000] {processor.py:756} INFO - Processing file /home/airflow/.local/lib/python3.7/site-packages/airflow/example_dags/example_nested_branch_dag.py for tasks to queue
[2022-11-07T17:53:19.926+0000] {logging_mixin.py:120} INFO - [2022-11-07T17:53:19.926+0000] {dagbag.py:537} INFO - Filling up the DagBag from /home/airflow/.local/lib/python3.7/site-packages/airflow/example_dags/example_nested_branch_dag.py
[2022-11-07T17:53:19.978+0000] {processor.py:766} INFO - DAG(s) dict_keys(['example_nested_branch_dag']) retrieved from /home/airflow/.local/lib/python3.7/site-packages/airflow/example_dags/example_nested_branch_dag.py
[2022-11-07T17:53:20.028+0000] {logging_mixin.py:120} INFO - [2022-11-07T17:53:20.028+0000] {dag.py:2585} INFO - Sync 1 DAGs
[2022-11-07T17:53:20.067+0000] {logging_mixin.py:120} INFO - [2022-11-07T17:53:20.067+0000] {dag.py:3340} INFO - Setting next_dagrun for example_nested_branch_dag to 2022-11-06T00:00:00+00:00, run_after=2022-11-07T00:00:00+00:00
[2022-11-07T17:53:20.230+0000] {processor.py:176} INFO - Processing /home/airflow/.local/lib/python3.7/site-packages/airflow/example_dags/example_nested_branch_dag.py took 0.319 seconds
[2022-11-07T18:20:20.535+0000] {processor.py:154} INFO - Started process (PID=52845) to work on /home/airflow/.local/lib/python3.7/site-packages/airflow/example_dags/example_nested_branch_dag.py
[2022-11-07T18:20:20.538+0000] {processor.py:756} INFO - Processing file /home/airflow/.local/lib/python3.7/site-packages/airflow/example_dags/example_nested_branch_dag.py for tasks to queue
[2022-11-07T18:20:20.540+0000] {logging_mixin.py:120} INFO - [2022-11-07T18:20:20.539+0000] {dagbag.py:537} INFO - Filling up the DagBag from /home/airflow/.local/lib/python3.7/site-packages/airflow/example_dags/example_nested_branch_dag.py
[2022-11-07T18:20:20.613+0000] {processor.py:766} INFO - DAG(s) dict_keys(['example_nested_branch_dag']) retrieved from /home/airflow/.local/lib/python3.7/site-packages/airflow/example_dags/example_nested_branch_dag.py
[2022-11-07T18:20:20.699+0000] {logging_mixin.py:120} INFO - [2022-11-07T18:20:20.699+0000] {dag.py:2585} INFO - Sync 1 DAGs
[2022-11-07T18:20:20.936+0000] {logging_mixin.py:120} INFO - [2022-11-07T18:20:20.936+0000] {dag.py:3340} INFO - Setting next_dagrun for example_nested_branch_dag to 2022-11-06T00:00:00+00:00, run_after=2022-11-07T00:00:00+00:00
[2022-11-07T18:20:20.974+0000] {processor.py:176} INFO - Processing /home/airflow/.local/lib/python3.7/site-packages/airflow/example_dags/example_nested_branch_dag.py took 0.448 seconds
[2022-11-07T19:15:52.289+0000] {processor.py:154} INFO - Started process (PID=52903) to work on /home/airflow/.local/lib/python3.7/site-packages/airflow/example_dags/example_nested_branch_dag.py
[2022-11-07T19:15:52.292+0000] {processor.py:756} INFO - Processing file /home/airflow/.local/lib/python3.7/site-packages/airflow/example_dags/example_nested_branch_dag.py for tasks to queue
[2022-11-07T19:15:52.295+0000] {logging_mixin.py:120} INFO - [2022-11-07T19:15:52.294+0000] {dagbag.py:537} INFO - Filling up the DagBag from /home/airflow/.local/lib/python3.7/site-packages/airflow/example_dags/example_nested_branch_dag.py
[2022-11-07T19:15:52.345+0000] {processor.py:766} INFO - DAG(s) dict_keys(['example_nested_branch_dag']) retrieved from /home/airflow/.local/lib/python3.7/site-packages/airflow/example_dags/example_nested_branch_dag.py
[2022-11-07T19:15:52.623+0000] {logging_mixin.py:120} INFO - [2022-11-07T19:15:52.623+0000] {dag.py:2585} INFO - Sync 1 DAGs
[2022-11-07T19:15:52.660+0000] {logging_mixin.py:120} INFO - [2022-11-07T19:15:52.660+0000] {dag.py:3340} INFO - Setting next_dagrun for example_nested_branch_dag to 2022-11-06T00:00:00+00:00, run_after=2022-11-07T00:00:00+00:00
[2022-11-07T19:15:52.683+0000] {processor.py:176} INFO - Processing /home/airflow/.local/lib/python3.7/site-packages/airflow/example_dags/example_nested_branch_dag.py took 0.404 seconds
[2022-11-07T19:44:44.734+0000] {processor.py:154} INFO - Started process (PID=52968) to work on /home/airflow/.local/lib/python3.7/site-packages/airflow/example_dags/example_nested_branch_dag.py
[2022-11-07T19:44:44.738+0000] {processor.py:756} INFO - Processing file /home/airflow/.local/lib/python3.7/site-packages/airflow/example_dags/example_nested_branch_dag.py for tasks to queue
[2022-11-07T19:44:44.739+0000] {logging_mixin.py:120} INFO - [2022-11-07T19:44:44.739+0000] {dagbag.py:537} INFO - Filling up the DagBag from /home/airflow/.local/lib/python3.7/site-packages/airflow/example_dags/example_nested_branch_dag.py
[2022-11-07T19:44:44.773+0000] {processor.py:766} INFO - DAG(s) dict_keys(['example_nested_branch_dag']) retrieved from /home/airflow/.local/lib/python3.7/site-packages/airflow/example_dags/example_nested_branch_dag.py
[2022-11-07T19:44:45.014+0000] {logging_mixin.py:120} INFO - [2022-11-07T19:44:45.014+0000] {dag.py:2585} INFO - Sync 1 DAGs
[2022-11-07T19:44:45.036+0000] {logging_mixin.py:120} INFO - [2022-11-07T19:44:45.035+0000] {dag.py:3340} INFO - Setting next_dagrun for example_nested_branch_dag to 2022-11-06T00:00:00+00:00, run_after=2022-11-07T00:00:00+00:00
[2022-11-07T19:44:45.050+0000] {processor.py:176} INFO - Processing /home/airflow/.local/lib/python3.7/site-packages/airflow/example_dags/example_nested_branch_dag.py took 0.325 seconds
[2022-11-07T20:51:25.700+0000] {processor.py:154} INFO - Started process (PID=53034) to work on /home/airflow/.local/lib/python3.7/site-packages/airflow/example_dags/example_nested_branch_dag.py
[2022-11-07T20:51:25.703+0000] {processor.py:756} INFO - Processing file /home/airflow/.local/lib/python3.7/site-packages/airflow/example_dags/example_nested_branch_dag.py for tasks to queue
[2022-11-07T20:51:25.705+0000] {logging_mixin.py:120} INFO - [2022-11-07T20:51:25.704+0000] {dagbag.py:537} INFO - Filling up the DagBag from /home/airflow/.local/lib/python3.7/site-packages/airflow/example_dags/example_nested_branch_dag.py
[2022-11-07T20:51:25.733+0000] {processor.py:766} INFO - DAG(s) dict_keys(['example_nested_branch_dag']) retrieved from /home/airflow/.local/lib/python3.7/site-packages/airflow/example_dags/example_nested_branch_dag.py
[2022-11-07T20:51:25.779+0000] {logging_mixin.py:120} INFO - [2022-11-07T20:51:25.779+0000] {dag.py:2585} INFO - Sync 1 DAGs
[2022-11-07T20:51:25.917+0000] {logging_mixin.py:120} INFO - [2022-11-07T20:51:25.917+0000] {dag.py:3340} INFO - Setting next_dagrun for example_nested_branch_dag to 2022-11-06T00:00:00+00:00, run_after=2022-11-07T00:00:00+00:00
[2022-11-07T20:51:25.930+0000] {processor.py:176} INFO - Processing /home/airflow/.local/lib/python3.7/site-packages/airflow/example_dags/example_nested_branch_dag.py took 0.234 seconds
[2022-11-07T21:44:44.098+0000] {processor.py:154} INFO - Started process (PID=53093) to work on /home/airflow/.local/lib/python3.7/site-packages/airflow/example_dags/example_nested_branch_dag.py
[2022-11-07T21:44:44.099+0000] {processor.py:756} INFO - Processing file /home/airflow/.local/lib/python3.7/site-packages/airflow/example_dags/example_nested_branch_dag.py for tasks to queue
[2022-11-07T21:44:44.101+0000] {logging_mixin.py:120} INFO - [2022-11-07T21:44:44.101+0000] {dagbag.py:537} INFO - Filling up the DagBag from /home/airflow/.local/lib/python3.7/site-packages/airflow/example_dags/example_nested_branch_dag.py
[2022-11-07T21:44:44.119+0000] {processor.py:766} INFO - DAG(s) dict_keys(['example_nested_branch_dag']) retrieved from /home/airflow/.local/lib/python3.7/site-packages/airflow/example_dags/example_nested_branch_dag.py
[2022-11-07T21:44:44.153+0000] {logging_mixin.py:120} INFO - [2022-11-07T21:44:44.152+0000] {dag.py:2585} INFO - Sync 1 DAGs
[2022-11-07T21:44:44.279+0000] {logging_mixin.py:120} INFO - [2022-11-07T21:44:44.279+0000] {dag.py:3340} INFO - Setting next_dagrun for example_nested_branch_dag to 2022-11-06T00:00:00+00:00, run_after=2022-11-07T00:00:00+00:00
[2022-11-07T21:44:44.292+0000] {processor.py:176} INFO - Processing /home/airflow/.local/lib/python3.7/site-packages/airflow/example_dags/example_nested_branch_dag.py took 0.198 seconds
[2022-11-07T22:48:49.373+0000] {processor.py:154} INFO - Started process (PID=53159) to work on /home/airflow/.local/lib/python3.7/site-packages/airflow/example_dags/example_nested_branch_dag.py
[2022-11-07T22:48:49.379+0000] {processor.py:756} INFO - Processing file /home/airflow/.local/lib/python3.7/site-packages/airflow/example_dags/example_nested_branch_dag.py for tasks to queue
[2022-11-07T22:48:49.381+0000] {logging_mixin.py:120} INFO - [2022-11-07T22:48:49.381+0000] {dagbag.py:537} INFO - Filling up the DagBag from /home/airflow/.local/lib/python3.7/site-packages/airflow/example_dags/example_nested_branch_dag.py
[2022-11-07T22:48:49.418+0000] {processor.py:766} INFO - DAG(s) dict_keys(['example_nested_branch_dag']) retrieved from /home/airflow/.local/lib/python3.7/site-packages/airflow/example_dags/example_nested_branch_dag.py
[2022-11-07T22:48:49.661+0000] {logging_mixin.py:120} INFO - [2022-11-07T22:48:49.661+0000] {dag.py:2585} INFO - Sync 1 DAGs
[2022-11-07T22:48:49.690+0000] {logging_mixin.py:120} INFO - [2022-11-07T22:48:49.690+0000] {dag.py:3340} INFO - Setting next_dagrun for example_nested_branch_dag to 2022-11-06T00:00:00+00:00, run_after=2022-11-07T00:00:00+00:00
[2022-11-07T22:48:49.714+0000] {processor.py:176} INFO - Processing /home/airflow/.local/lib/python3.7/site-packages/airflow/example_dags/example_nested_branch_dag.py took 0.345 seconds
[2022-11-07T23:21:14.275+0000] {processor.py:154} INFO - Started process (PID=53225) to work on /home/airflow/.local/lib/python3.7/site-packages/airflow/example_dags/example_nested_branch_dag.py
[2022-11-07T23:21:14.277+0000] {processor.py:756} INFO - Processing file /home/airflow/.local/lib/python3.7/site-packages/airflow/example_dags/example_nested_branch_dag.py for tasks to queue
[2022-11-07T23:21:14.279+0000] {logging_mixin.py:120} INFO - [2022-11-07T23:21:14.278+0000] {dagbag.py:537} INFO - Filling up the DagBag from /home/airflow/.local/lib/python3.7/site-packages/airflow/example_dags/example_nested_branch_dag.py
[2022-11-07T23:21:14.307+0000] {processor.py:766} INFO - DAG(s) dict_keys(['example_nested_branch_dag']) retrieved from /home/airflow/.local/lib/python3.7/site-packages/airflow/example_dags/example_nested_branch_dag.py
[2022-11-07T23:21:14.380+0000] {logging_mixin.py:120} INFO - [2022-11-07T23:21:14.380+0000] {dag.py:2585} INFO - Sync 1 DAGs
[2022-11-07T23:21:14.421+0000] {logging_mixin.py:120} INFO - [2022-11-07T23:21:14.421+0000] {dag.py:3340} INFO - Setting next_dagrun for example_nested_branch_dag to 2022-11-06T00:00:00+00:00, run_after=2022-11-07T00:00:00+00:00
[2022-11-07T23:21:14.708+0000] {processor.py:176} INFO - Processing /home/airflow/.local/lib/python3.7/site-packages/airflow/example_dags/example_nested_branch_dag.py took 0.440 seconds
[2022-11-07T23:58:58.534+0000] {processor.py:154} INFO - Started process (PID=53292) to work on /home/airflow/.local/lib/python3.7/site-packages/airflow/example_dags/example_nested_branch_dag.py
[2022-11-07T23:58:58.556+0000] {processor.py:756} INFO - Processing file /home/airflow/.local/lib/python3.7/site-packages/airflow/example_dags/example_nested_branch_dag.py for tasks to queue
[2022-11-07T23:58:58.558+0000] {logging_mixin.py:120} INFO - [2022-11-07T23:58:58.558+0000] {dagbag.py:537} INFO - Filling up the DagBag from /home/airflow/.local/lib/python3.7/site-packages/airflow/example_dags/example_nested_branch_dag.py
[2022-11-07T23:58:58.615+0000] {processor.py:766} INFO - DAG(s) dict_keys(['example_nested_branch_dag']) retrieved from /home/airflow/.local/lib/python3.7/site-packages/airflow/example_dags/example_nested_branch_dag.py
[2022-11-07T23:58:58.703+0000] {logging_mixin.py:120} INFO - [2022-11-07T23:58:58.703+0000] {dag.py:2585} INFO - Sync 1 DAGs
[2022-11-07T23:58:59.007+0000] {logging_mixin.py:120} INFO - [2022-11-07T23:58:59.006+0000] {dag.py:3340} INFO - Setting next_dagrun for example_nested_branch_dag to 2022-11-06T00:00:00+00:00, run_after=2022-11-07T00:00:00+00:00
[2022-11-07T23:58:59.036+0000] {processor.py:176} INFO - Processing /home/airflow/.local/lib/python3.7/site-packages/airflow/example_dags/example_nested_branch_dag.py took 0.513 seconds
