[2022-11-07T17:10:55.817+0000] {processor.py:154} INFO - Started process (PID=52188) to work on /home/airflow/.local/lib/python3.7/site-packages/airflow/example_dags/example_subdag_operator.py
[2022-11-07T17:10:55.820+0000] {processor.py:756} INFO - Processing file /home/airflow/.local/lib/python3.7/site-packages/airflow/example_dags/example_subdag_operator.py for tasks to queue
[2022-11-07T17:10:55.823+0000] {logging_mixin.py:120} INFO - [2022-11-07T17:10:55.823+0000] {dagbag.py:537} INFO - Filling up the DagBag from /home/airflow/.local/lib/python3.7/site-packages/airflow/example_dags/example_subdag_operator.py
[2022-11-07T17:10:55.948+0000] {processor.py:766} INFO - DAG(s) dict_keys(['example_subdag_operator.section-1', 'example_subdag_operator.section-2', 'example_subdag_operator']) retrieved from /home/airflow/.local/lib/python3.7/site-packages/airflow/example_dags/example_subdag_operator.py
[2022-11-07T17:10:56.371+0000] {logging_mixin.py:120} INFO - [2022-11-07T17:10:56.369+0000] {dag.py:2585} INFO - Sync 3 DAGs
[2022-11-07T17:10:56.431+0000] {logging_mixin.py:120} INFO - [2022-11-07T17:10:56.430+0000] {dag.py:3340} INFO - Setting next_dagrun for example_subdag_operator to 2022-01-01T00:00:00+00:00, run_after=2022-01-01T00:00:00+00:00
[2022-11-07T17:10:56.438+0000] {logging_mixin.py:120} INFO - [2022-11-07T17:10:56.437+0000] {dag.py:3340} INFO - Setting next_dagrun for example_subdag_operator.section-1 to None, run_after=None
[2022-11-07T17:10:56.443+0000] {logging_mixin.py:120} INFO - [2022-11-07T17:10:56.443+0000] {dag.py:3340} INFO - Setting next_dagrun for example_subdag_operator.section-2 to None, run_after=None
[2022-11-07T17:10:56.462+0000] {logging_mixin.py:120} INFO - [2022-11-07T17:10:56.462+0000] {dag.py:2585} INFO - Sync 2 DAGs
[2022-11-07T17:10:56.474+0000] {logging_mixin.py:120} INFO - [2022-11-07T17:10:56.474+0000] {dag.py:3340} INFO - Setting next_dagrun for example_subdag_operator.section-1 to None, run_after=None
[2022-11-07T17:10:56.476+0000] {logging_mixin.py:120} INFO - [2022-11-07T17:10:56.476+0000] {dag.py:3340} INFO - Setting next_dagrun for example_subdag_operator.section-2 to None, run_after=None
[2022-11-07T17:10:56.495+0000] {processor.py:176} INFO - Processing /home/airflow/.local/lib/python3.7/site-packages/airflow/example_dags/example_subdag_operator.py took 0.687 seconds
[2022-11-07T17:11:26.603+0000] {processor.py:154} INFO - Started process (PID=52245) to work on /home/airflow/.local/lib/python3.7/site-packages/airflow/example_dags/example_subdag_operator.py
[2022-11-07T17:11:26.604+0000] {processor.py:756} INFO - Processing file /home/airflow/.local/lib/python3.7/site-packages/airflow/example_dags/example_subdag_operator.py for tasks to queue
[2022-11-07T17:11:26.607+0000] {logging_mixin.py:120} INFO - [2022-11-07T17:11:26.607+0000] {dagbag.py:537} INFO - Filling up the DagBag from /home/airflow/.local/lib/python3.7/site-packages/airflow/example_dags/example_subdag_operator.py
[2022-11-07T17:11:26.637+0000] {processor.py:766} INFO - DAG(s) dict_keys(['example_subdag_operator.section-1', 'example_subdag_operator.section-2', 'example_subdag_operator']) retrieved from /home/airflow/.local/lib/python3.7/site-packages/airflow/example_dags/example_subdag_operator.py
[2022-11-07T17:11:26.743+0000] {logging_mixin.py:120} INFO - [2022-11-07T17:11:26.742+0000] {dag.py:2585} INFO - Sync 3 DAGs
[2022-11-07T17:11:26.855+0000] {logging_mixin.py:120} INFO - [2022-11-07T17:11:26.855+0000] {dag.py:3340} INFO - Setting next_dagrun for example_subdag_operator to 2022-01-01T00:00:00+00:00, run_after=2022-01-01T00:00:00+00:00
[2022-11-07T17:11:26.857+0000] {logging_mixin.py:120} INFO - [2022-11-07T17:11:26.857+0000] {dag.py:3340} INFO - Setting next_dagrun for example_subdag_operator.section-1 to None, run_after=None
[2022-11-07T17:11:26.859+0000] {logging_mixin.py:120} INFO - [2022-11-07T17:11:26.859+0000] {dag.py:3340} INFO - Setting next_dagrun for example_subdag_operator.section-2 to None, run_after=None
[2022-11-07T17:11:26.863+0000] {logging_mixin.py:120} INFO - [2022-11-07T17:11:26.863+0000] {dag.py:2585} INFO - Sync 2 DAGs
[2022-11-07T17:11:26.874+0000] {logging_mixin.py:120} INFO - [2022-11-07T17:11:26.874+0000] {dag.py:3340} INFO - Setting next_dagrun for example_subdag_operator.section-1 to None, run_after=None
[2022-11-07T17:11:26.875+0000] {logging_mixin.py:120} INFO - [2022-11-07T17:11:26.875+0000] {dag.py:3340} INFO - Setting next_dagrun for example_subdag_operator.section-2 to None, run_after=None
[2022-11-07T17:11:26.881+0000] {processor.py:176} INFO - Processing /home/airflow/.local/lib/python3.7/site-packages/airflow/example_dags/example_subdag_operator.py took 0.281 seconds
[2022-11-07T17:11:57.501+0000] {processor.py:154} INFO - Started process (PID=52311) to work on /home/airflow/.local/lib/python3.7/site-packages/airflow/example_dags/example_subdag_operator.py
[2022-11-07T17:11:57.503+0000] {processor.py:756} INFO - Processing file /home/airflow/.local/lib/python3.7/site-packages/airflow/example_dags/example_subdag_operator.py for tasks to queue
[2022-11-07T17:11:57.504+0000] {logging_mixin.py:120} INFO - [2022-11-07T17:11:57.504+0000] {dagbag.py:537} INFO - Filling up the DagBag from /home/airflow/.local/lib/python3.7/site-packages/airflow/example_dags/example_subdag_operator.py
[2022-11-07T17:11:57.531+0000] {processor.py:766} INFO - DAG(s) dict_keys(['example_subdag_operator.section-1', 'example_subdag_operator.section-2', 'example_subdag_operator']) retrieved from /home/airflow/.local/lib/python3.7/site-packages/airflow/example_dags/example_subdag_operator.py
[2022-11-07T17:11:57.631+0000] {logging_mixin.py:120} INFO - [2022-11-07T17:11:57.631+0000] {dag.py:2585} INFO - Sync 3 DAGs
[2022-11-07T17:11:57.764+0000] {logging_mixin.py:120} INFO - [2022-11-07T17:11:57.764+0000] {dag.py:3340} INFO - Setting next_dagrun for example_subdag_operator to 2022-01-01T00:00:00+00:00, run_after=2022-01-01T00:00:00+00:00
[2022-11-07T17:11:57.767+0000] {logging_mixin.py:120} INFO - [2022-11-07T17:11:57.767+0000] {dag.py:3340} INFO - Setting next_dagrun for example_subdag_operator.section-1 to None, run_after=None
[2022-11-07T17:11:57.769+0000] {logging_mixin.py:120} INFO - [2022-11-07T17:11:57.769+0000] {dag.py:3340} INFO - Setting next_dagrun for example_subdag_operator.section-2 to None, run_after=None
[2022-11-07T17:11:57.774+0000] {logging_mixin.py:120} INFO - [2022-11-07T17:11:57.774+0000] {dag.py:2585} INFO - Sync 2 DAGs
[2022-11-07T17:11:57.781+0000] {logging_mixin.py:120} INFO - [2022-11-07T17:11:57.781+0000] {dag.py:3340} INFO - Setting next_dagrun for example_subdag_operator.section-1 to None, run_after=None
[2022-11-07T17:11:57.782+0000] {logging_mixin.py:120} INFO - [2022-11-07T17:11:57.782+0000] {dag.py:3340} INFO - Setting next_dagrun for example_subdag_operator.section-2 to None, run_after=None
[2022-11-07T17:11:57.790+0000] {processor.py:176} INFO - Processing /home/airflow/.local/lib/python3.7/site-packages/airflow/example_dags/example_subdag_operator.py took 0.291 seconds
[2022-11-07T17:12:27.999+0000] {processor.py:154} INFO - Started process (PID=52379) to work on /home/airflow/.local/lib/python3.7/site-packages/airflow/example_dags/example_subdag_operator.py
[2022-11-07T17:12:28.000+0000] {processor.py:756} INFO - Processing file /home/airflow/.local/lib/python3.7/site-packages/airflow/example_dags/example_subdag_operator.py for tasks to queue
[2022-11-07T17:12:28.002+0000] {logging_mixin.py:120} INFO - [2022-11-07T17:12:28.002+0000] {dagbag.py:537} INFO - Filling up the DagBag from /home/airflow/.local/lib/python3.7/site-packages/airflow/example_dags/example_subdag_operator.py
[2022-11-07T17:12:28.040+0000] {processor.py:766} INFO - DAG(s) dict_keys(['example_subdag_operator.section-1', 'example_subdag_operator.section-2', 'example_subdag_operator']) retrieved from /home/airflow/.local/lib/python3.7/site-packages/airflow/example_dags/example_subdag_operator.py
[2022-11-07T17:12:28.268+0000] {logging_mixin.py:120} INFO - [2022-11-07T17:12:28.268+0000] {dag.py:2585} INFO - Sync 3 DAGs
[2022-11-07T17:12:28.282+0000] {logging_mixin.py:120} INFO - [2022-11-07T17:12:28.282+0000] {dag.py:3340} INFO - Setting next_dagrun for example_subdag_operator to 2022-01-01T00:00:00+00:00, run_after=2022-01-01T00:00:00+00:00
[2022-11-07T17:12:28.286+0000] {logging_mixin.py:120} INFO - [2022-11-07T17:12:28.286+0000] {dag.py:3340} INFO - Setting next_dagrun for example_subdag_operator.section-1 to None, run_after=None
[2022-11-07T17:12:28.287+0000] {logging_mixin.py:120} INFO - [2022-11-07T17:12:28.287+0000] {dag.py:3340} INFO - Setting next_dagrun for example_subdag_operator.section-2 to None, run_after=None
[2022-11-07T17:12:28.292+0000] {logging_mixin.py:120} INFO - [2022-11-07T17:12:28.292+0000] {dag.py:2585} INFO - Sync 2 DAGs
[2022-11-07T17:12:28.297+0000] {logging_mixin.py:120} INFO - [2022-11-07T17:12:28.297+0000] {dag.py:3340} INFO - Setting next_dagrun for example_subdag_operator.section-1 to None, run_after=None
[2022-11-07T17:12:28.298+0000] {logging_mixin.py:120} INFO - [2022-11-07T17:12:28.298+0000] {dag.py:3340} INFO - Setting next_dagrun for example_subdag_operator.section-2 to None, run_after=None
[2022-11-07T17:12:28.307+0000] {processor.py:176} INFO - Processing /home/airflow/.local/lib/python3.7/site-packages/airflow/example_dags/example_subdag_operator.py took 0.312 seconds
[2022-11-07T17:12:58.465+0000] {processor.py:154} INFO - Started process (PID=52446) to work on /home/airflow/.local/lib/python3.7/site-packages/airflow/example_dags/example_subdag_operator.py
[2022-11-07T17:12:58.466+0000] {processor.py:756} INFO - Processing file /home/airflow/.local/lib/python3.7/site-packages/airflow/example_dags/example_subdag_operator.py for tasks to queue
[2022-11-07T17:12:58.467+0000] {logging_mixin.py:120} INFO - [2022-11-07T17:12:58.467+0000] {dagbag.py:537} INFO - Filling up the DagBag from /home/airflow/.local/lib/python3.7/site-packages/airflow/example_dags/example_subdag_operator.py
[2022-11-07T17:12:58.494+0000] {processor.py:766} INFO - DAG(s) dict_keys(['example_subdag_operator.section-1', 'example_subdag_operator.section-2', 'example_subdag_operator']) retrieved from /home/airflow/.local/lib/python3.7/site-packages/airflow/example_dags/example_subdag_operator.py
[2022-11-07T17:12:58.705+0000] {logging_mixin.py:120} INFO - [2022-11-07T17:12:58.704+0000] {dag.py:2585} INFO - Sync 3 DAGs
[2022-11-07T17:12:58.718+0000] {logging_mixin.py:120} INFO - [2022-11-07T17:12:58.718+0000] {dag.py:3340} INFO - Setting next_dagrun for example_subdag_operator to 2022-01-01T00:00:00+00:00, run_after=2022-01-01T00:00:00+00:00
[2022-11-07T17:12:58.721+0000] {logging_mixin.py:120} INFO - [2022-11-07T17:12:58.721+0000] {dag.py:3340} INFO - Setting next_dagrun for example_subdag_operator.section-1 to None, run_after=None
[2022-11-07T17:12:58.723+0000] {logging_mixin.py:120} INFO - [2022-11-07T17:12:58.723+0000] {dag.py:3340} INFO - Setting next_dagrun for example_subdag_operator.section-2 to None, run_after=None
[2022-11-07T17:12:58.727+0000] {logging_mixin.py:120} INFO - [2022-11-07T17:12:58.727+0000] {dag.py:2585} INFO - Sync 2 DAGs
[2022-11-07T17:12:58.731+0000] {logging_mixin.py:120} INFO - [2022-11-07T17:12:58.731+0000] {dag.py:3340} INFO - Setting next_dagrun for example_subdag_operator.section-1 to None, run_after=None
[2022-11-07T17:12:58.733+0000] {logging_mixin.py:120} INFO - [2022-11-07T17:12:58.733+0000] {dag.py:3340} INFO - Setting next_dagrun for example_subdag_operator.section-2 to None, run_after=None
[2022-11-07T17:12:58.740+0000] {processor.py:176} INFO - Processing /home/airflow/.local/lib/python3.7/site-packages/airflow/example_dags/example_subdag_operator.py took 0.278 seconds
[2022-11-07T17:13:29.172+0000] {processor.py:154} INFO - Started process (PID=52512) to work on /home/airflow/.local/lib/python3.7/site-packages/airflow/example_dags/example_subdag_operator.py
[2022-11-07T17:13:29.176+0000] {processor.py:756} INFO - Processing file /home/airflow/.local/lib/python3.7/site-packages/airflow/example_dags/example_subdag_operator.py for tasks to queue
[2022-11-07T17:13:29.177+0000] {logging_mixin.py:120} INFO - [2022-11-07T17:13:29.177+0000] {dagbag.py:537} INFO - Filling up the DagBag from /home/airflow/.local/lib/python3.7/site-packages/airflow/example_dags/example_subdag_operator.py
[2022-11-07T17:13:29.231+0000] {processor.py:766} INFO - DAG(s) dict_keys(['example_subdag_operator.section-1', 'example_subdag_operator.section-2', 'example_subdag_operator']) retrieved from /home/airflow/.local/lib/python3.7/site-packages/airflow/example_dags/example_subdag_operator.py
[2022-11-07T17:13:29.356+0000] {logging_mixin.py:120} INFO - [2022-11-07T17:13:29.356+0000] {dag.py:2585} INFO - Sync 3 DAGs
[2022-11-07T17:13:29.520+0000] {logging_mixin.py:120} INFO - [2022-11-07T17:13:29.520+0000] {dag.py:3340} INFO - Setting next_dagrun for example_subdag_operator to 2022-01-01T00:00:00+00:00, run_after=2022-01-01T00:00:00+00:00
[2022-11-07T17:13:29.524+0000] {logging_mixin.py:120} INFO - [2022-11-07T17:13:29.524+0000] {dag.py:3340} INFO - Setting next_dagrun for example_subdag_operator.section-1 to None, run_after=None
[2022-11-07T17:13:29.525+0000] {logging_mixin.py:120} INFO - [2022-11-07T17:13:29.525+0000] {dag.py:3340} INFO - Setting next_dagrun for example_subdag_operator.section-2 to None, run_after=None
[2022-11-07T17:13:29.530+0000] {logging_mixin.py:120} INFO - [2022-11-07T17:13:29.530+0000] {dag.py:2585} INFO - Sync 2 DAGs
[2022-11-07T17:13:29.534+0000] {logging_mixin.py:120} INFO - [2022-11-07T17:13:29.534+0000] {dag.py:3340} INFO - Setting next_dagrun for example_subdag_operator.section-1 to None, run_after=None
[2022-11-07T17:13:29.535+0000] {logging_mixin.py:120} INFO - [2022-11-07T17:13:29.535+0000] {dag.py:3340} INFO - Setting next_dagrun for example_subdag_operator.section-2 to None, run_after=None
[2022-11-07T17:13:29.542+0000] {processor.py:176} INFO - Processing /home/airflow/.local/lib/python3.7/site-packages/airflow/example_dags/example_subdag_operator.py took 0.379 seconds
[2022-11-07T17:13:59.605+0000] {processor.py:154} INFO - Started process (PID=52570) to work on /home/airflow/.local/lib/python3.7/site-packages/airflow/example_dags/example_subdag_operator.py
[2022-11-07T17:13:59.606+0000] {processor.py:756} INFO - Processing file /home/airflow/.local/lib/python3.7/site-packages/airflow/example_dags/example_subdag_operator.py for tasks to queue
[2022-11-07T17:13:59.607+0000] {logging_mixin.py:120} INFO - [2022-11-07T17:13:59.607+0000] {dagbag.py:537} INFO - Filling up the DagBag from /home/airflow/.local/lib/python3.7/site-packages/airflow/example_dags/example_subdag_operator.py
[2022-11-07T17:13:59.634+0000] {processor.py:766} INFO - DAG(s) dict_keys(['example_subdag_operator.section-1', 'example_subdag_operator.section-2', 'example_subdag_operator']) retrieved from /home/airflow/.local/lib/python3.7/site-packages/airflow/example_dags/example_subdag_operator.py
[2022-11-07T17:13:59.749+0000] {logging_mixin.py:120} INFO - [2022-11-07T17:13:59.749+0000] {dag.py:2585} INFO - Sync 3 DAGs
[2022-11-07T17:13:59.874+0000] {logging_mixin.py:120} INFO - [2022-11-07T17:13:59.874+0000] {dag.py:3340} INFO - Setting next_dagrun for example_subdag_operator to 2022-01-01T00:00:00+00:00, run_after=2022-01-01T00:00:00+00:00
[2022-11-07T17:13:59.878+0000] {logging_mixin.py:120} INFO - [2022-11-07T17:13:59.878+0000] {dag.py:3340} INFO - Setting next_dagrun for example_subdag_operator.section-1 to None, run_after=None
[2022-11-07T17:13:59.879+0000] {logging_mixin.py:120} INFO - [2022-11-07T17:13:59.879+0000] {dag.py:3340} INFO - Setting next_dagrun for example_subdag_operator.section-2 to None, run_after=None
[2022-11-07T17:13:59.885+0000] {logging_mixin.py:120} INFO - [2022-11-07T17:13:59.885+0000] {dag.py:2585} INFO - Sync 2 DAGs
[2022-11-07T17:13:59.889+0000] {logging_mixin.py:120} INFO - [2022-11-07T17:13:59.889+0000] {dag.py:3340} INFO - Setting next_dagrun for example_subdag_operator.section-1 to None, run_after=None
[2022-11-07T17:13:59.890+0000] {logging_mixin.py:120} INFO - [2022-11-07T17:13:59.890+0000] {dag.py:3340} INFO - Setting next_dagrun for example_subdag_operator.section-2 to None, run_after=None
[2022-11-07T17:13:59.898+0000] {processor.py:176} INFO - Processing /home/airflow/.local/lib/python3.7/site-packages/airflow/example_dags/example_subdag_operator.py took 0.296 seconds
[2022-11-07T17:14:30.360+0000] {processor.py:154} INFO - Started process (PID=52637) to work on /home/airflow/.local/lib/python3.7/site-packages/airflow/example_dags/example_subdag_operator.py
[2022-11-07T17:14:30.363+0000] {processor.py:756} INFO - Processing file /home/airflow/.local/lib/python3.7/site-packages/airflow/example_dags/example_subdag_operator.py for tasks to queue
[2022-11-07T17:14:30.364+0000] {logging_mixin.py:120} INFO - [2022-11-07T17:14:30.364+0000] {dagbag.py:537} INFO - Filling up the DagBag from /home/airflow/.local/lib/python3.7/site-packages/airflow/example_dags/example_subdag_operator.py
[2022-11-07T17:14:30.395+0000] {processor.py:766} INFO - DAG(s) dict_keys(['example_subdag_operator.section-1', 'example_subdag_operator.section-2', 'example_subdag_operator']) retrieved from /home/airflow/.local/lib/python3.7/site-packages/airflow/example_dags/example_subdag_operator.py
[2022-11-07T17:14:30.608+0000] {logging_mixin.py:120} INFO - [2022-11-07T17:14:30.607+0000] {dag.py:2585} INFO - Sync 3 DAGs
[2022-11-07T17:14:30.622+0000] {logging_mixin.py:120} INFO - [2022-11-07T17:14:30.622+0000] {dag.py:3340} INFO - Setting next_dagrun for example_subdag_operator to 2022-01-01T00:00:00+00:00, run_after=2022-01-01T00:00:00+00:00
[2022-11-07T17:14:30.625+0000] {logging_mixin.py:120} INFO - [2022-11-07T17:14:30.625+0000] {dag.py:3340} INFO - Setting next_dagrun for example_subdag_operator.section-1 to None, run_after=None
[2022-11-07T17:14:30.627+0000] {logging_mixin.py:120} INFO - [2022-11-07T17:14:30.627+0000] {dag.py:3340} INFO - Setting next_dagrun for example_subdag_operator.section-2 to None, run_after=None
[2022-11-07T17:14:30.632+0000] {logging_mixin.py:120} INFO - [2022-11-07T17:14:30.632+0000] {dag.py:2585} INFO - Sync 2 DAGs
[2022-11-07T17:14:30.636+0000] {logging_mixin.py:120} INFO - [2022-11-07T17:14:30.636+0000] {dag.py:3340} INFO - Setting next_dagrun for example_subdag_operator.section-1 to None, run_after=None
[2022-11-07T17:14:30.637+0000] {logging_mixin.py:120} INFO - [2022-11-07T17:14:30.637+0000] {dag.py:3340} INFO - Setting next_dagrun for example_subdag_operator.section-2 to None, run_after=None
[2022-11-07T17:14:30.644+0000] {processor.py:176} INFO - Processing /home/airflow/.local/lib/python3.7/site-packages/airflow/example_dags/example_subdag_operator.py took 0.288 seconds
[2022-11-07T17:21:21.821+0000] {processor.py:154} INFO - Started process (PID=52705) to work on /home/airflow/.local/lib/python3.7/site-packages/airflow/example_dags/example_subdag_operator.py
[2022-11-07T17:21:21.823+0000] {processor.py:756} INFO - Processing file /home/airflow/.local/lib/python3.7/site-packages/airflow/example_dags/example_subdag_operator.py for tasks to queue
[2022-11-07T17:21:21.824+0000] {logging_mixin.py:120} INFO - [2022-11-07T17:21:21.824+0000] {dagbag.py:537} INFO - Filling up the DagBag from /home/airflow/.local/lib/python3.7/site-packages/airflow/example_dags/example_subdag_operator.py
[2022-11-07T17:21:21.853+0000] {processor.py:766} INFO - DAG(s) dict_keys(['example_subdag_operator.section-1', 'example_subdag_operator.section-2', 'example_subdag_operator']) retrieved from /home/airflow/.local/lib/python3.7/site-packages/airflow/example_dags/example_subdag_operator.py
[2022-11-07T17:21:22.056+0000] {logging_mixin.py:120} INFO - [2022-11-07T17:21:22.056+0000] {dag.py:2585} INFO - Sync 3 DAGs
[2022-11-07T17:21:22.095+0000] {logging_mixin.py:120} INFO - [2022-11-07T17:21:22.095+0000] {dag.py:3340} INFO - Setting next_dagrun for example_subdag_operator to 2022-01-01T00:00:00+00:00, run_after=2022-01-01T00:00:00+00:00
[2022-11-07T17:21:22.104+0000] {logging_mixin.py:120} INFO - [2022-11-07T17:21:22.104+0000] {dag.py:3340} INFO - Setting next_dagrun for example_subdag_operator.section-1 to None, run_after=None
[2022-11-07T17:21:22.111+0000] {logging_mixin.py:120} INFO - [2022-11-07T17:21:22.111+0000] {dag.py:3340} INFO - Setting next_dagrun for example_subdag_operator.section-2 to None, run_after=None
[2022-11-07T17:21:22.120+0000] {logging_mixin.py:120} INFO - [2022-11-07T17:21:22.120+0000] {dag.py:2585} INFO - Sync 2 DAGs
[2022-11-07T17:21:22.126+0000] {logging_mixin.py:120} INFO - [2022-11-07T17:21:22.126+0000] {dag.py:3340} INFO - Setting next_dagrun for example_subdag_operator.section-1 to None, run_after=None
[2022-11-07T17:21:22.127+0000] {logging_mixin.py:120} INFO - [2022-11-07T17:21:22.127+0000] {dag.py:3340} INFO - Setting next_dagrun for example_subdag_operator.section-2 to None, run_after=None
[2022-11-07T17:21:22.135+0000] {processor.py:176} INFO - Processing /home/airflow/.local/lib/python3.7/site-packages/airflow/example_dags/example_subdag_operator.py took 0.317 seconds
[2022-11-07T17:53:19.054+0000] {processor.py:154} INFO - Started process (PID=52774) to work on /home/airflow/.local/lib/python3.7/site-packages/airflow/example_dags/example_subdag_operator.py
[2022-11-07T17:53:19.056+0000] {processor.py:756} INFO - Processing file /home/airflow/.local/lib/python3.7/site-packages/airflow/example_dags/example_subdag_operator.py for tasks to queue
[2022-11-07T17:53:19.058+0000] {logging_mixin.py:120} INFO - [2022-11-07T17:53:19.058+0000] {dagbag.py:537} INFO - Filling up the DagBag from /home/airflow/.local/lib/python3.7/site-packages/airflow/example_dags/example_subdag_operator.py
[2022-11-07T17:53:19.093+0000] {processor.py:766} INFO - DAG(s) dict_keys(['example_subdag_operator.section-1', 'example_subdag_operator.section-2', 'example_subdag_operator']) retrieved from /home/airflow/.local/lib/python3.7/site-packages/airflow/example_dags/example_subdag_operator.py
[2022-11-07T17:53:19.260+0000] {logging_mixin.py:120} INFO - [2022-11-07T17:53:19.260+0000] {dag.py:2585} INFO - Sync 3 DAGs
[2022-11-07T17:53:19.417+0000] {logging_mixin.py:120} INFO - [2022-11-07T17:53:19.417+0000] {dag.py:3340} INFO - Setting next_dagrun for example_subdag_operator to 2022-01-01T00:00:00+00:00, run_after=2022-01-01T00:00:00+00:00
[2022-11-07T17:53:19.424+0000] {logging_mixin.py:120} INFO - [2022-11-07T17:53:19.424+0000] {dag.py:3340} INFO - Setting next_dagrun for example_subdag_operator.section-1 to None, run_after=None
[2022-11-07T17:53:19.428+0000] {logging_mixin.py:120} INFO - [2022-11-07T17:53:19.428+0000] {dag.py:3340} INFO - Setting next_dagrun for example_subdag_operator.section-2 to None, run_after=None
[2022-11-07T17:53:19.437+0000] {logging_mixin.py:120} INFO - [2022-11-07T17:53:19.437+0000] {dag.py:2585} INFO - Sync 2 DAGs
[2022-11-07T17:53:19.444+0000] {logging_mixin.py:120} INFO - [2022-11-07T17:53:19.444+0000] {dag.py:3340} INFO - Setting next_dagrun for example_subdag_operator.section-1 to None, run_after=None
[2022-11-07T17:53:19.445+0000] {logging_mixin.py:120} INFO - [2022-11-07T17:53:19.445+0000] {dag.py:3340} INFO - Setting next_dagrun for example_subdag_operator.section-2 to None, run_after=None
[2022-11-07T17:53:19.454+0000] {processor.py:176} INFO - Processing /home/airflow/.local/lib/python3.7/site-packages/airflow/example_dags/example_subdag_operator.py took 0.403 seconds
[2022-11-07T18:20:19.194+0000] {processor.py:154} INFO - Started process (PID=52841) to work on /home/airflow/.local/lib/python3.7/site-packages/airflow/example_dags/example_subdag_operator.py
[2022-11-07T18:20:19.197+0000] {processor.py:756} INFO - Processing file /home/airflow/.local/lib/python3.7/site-packages/airflow/example_dags/example_subdag_operator.py for tasks to queue
[2022-11-07T18:20:19.200+0000] {logging_mixin.py:120} INFO - [2022-11-07T18:20:19.200+0000] {dagbag.py:537} INFO - Filling up the DagBag from /home/airflow/.local/lib/python3.7/site-packages/airflow/example_dags/example_subdag_operator.py
[2022-11-07T18:20:19.367+0000] {processor.py:766} INFO - DAG(s) dict_keys(['example_subdag_operator.section-1', 'example_subdag_operator.section-2', 'example_subdag_operator']) retrieved from /home/airflow/.local/lib/python3.7/site-packages/airflow/example_dags/example_subdag_operator.py
[2022-11-07T18:20:20.147+0000] {logging_mixin.py:120} INFO - [2022-11-07T18:20:20.147+0000] {dag.py:2585} INFO - Sync 3 DAGs
[2022-11-07T18:20:20.188+0000] {logging_mixin.py:120} INFO - [2022-11-07T18:20:20.188+0000] {dag.py:3340} INFO - Setting next_dagrun for example_subdag_operator to 2022-01-01T00:00:00+00:00, run_after=2022-01-01T00:00:00+00:00
[2022-11-07T18:20:20.196+0000] {logging_mixin.py:120} INFO - [2022-11-07T18:20:20.196+0000] {dag.py:3340} INFO - Setting next_dagrun for example_subdag_operator.section-1 to None, run_after=None
[2022-11-07T18:20:20.201+0000] {logging_mixin.py:120} INFO - [2022-11-07T18:20:20.201+0000] {dag.py:3340} INFO - Setting next_dagrun for example_subdag_operator.section-2 to None, run_after=None
[2022-11-07T18:20:20.219+0000] {logging_mixin.py:120} INFO - [2022-11-07T18:20:20.219+0000] {dag.py:2585} INFO - Sync 2 DAGs
[2022-11-07T18:20:20.231+0000] {logging_mixin.py:120} INFO - [2022-11-07T18:20:20.231+0000] {dag.py:3340} INFO - Setting next_dagrun for example_subdag_operator.section-1 to None, run_after=None
[2022-11-07T18:20:20.232+0000] {logging_mixin.py:120} INFO - [2022-11-07T18:20:20.232+0000] {dag.py:3340} INFO - Setting next_dagrun for example_subdag_operator.section-2 to None, run_after=None
[2022-11-07T18:20:20.257+0000] {processor.py:176} INFO - Processing /home/airflow/.local/lib/python3.7/site-packages/airflow/example_dags/example_subdag_operator.py took 1.081 seconds
[2022-11-07T19:15:51.266+0000] {processor.py:154} INFO - Started process (PID=52899) to work on /home/airflow/.local/lib/python3.7/site-packages/airflow/example_dags/example_subdag_operator.py
[2022-11-07T19:15:51.270+0000] {processor.py:756} INFO - Processing file /home/airflow/.local/lib/python3.7/site-packages/airflow/example_dags/example_subdag_operator.py for tasks to queue
[2022-11-07T19:15:51.272+0000] {logging_mixin.py:120} INFO - [2022-11-07T19:15:51.272+0000] {dagbag.py:537} INFO - Filling up the DagBag from /home/airflow/.local/lib/python3.7/site-packages/airflow/example_dags/example_subdag_operator.py
[2022-11-07T19:15:51.331+0000] {processor.py:766} INFO - DAG(s) dict_keys(['example_subdag_operator.section-1', 'example_subdag_operator.section-2', 'example_subdag_operator']) retrieved from /home/airflow/.local/lib/python3.7/site-packages/airflow/example_dags/example_subdag_operator.py
[2022-11-07T19:15:51.690+0000] {logging_mixin.py:120} INFO - [2022-11-07T19:15:51.690+0000] {dag.py:2585} INFO - Sync 3 DAGs
[2022-11-07T19:15:51.720+0000] {logging_mixin.py:120} INFO - [2022-11-07T19:15:51.720+0000] {dag.py:3340} INFO - Setting next_dagrun for example_subdag_operator to 2022-01-01T00:00:00+00:00, run_after=2022-01-01T00:00:00+00:00
[2022-11-07T19:15:51.726+0000] {logging_mixin.py:120} INFO - [2022-11-07T19:15:51.726+0000] {dag.py:3340} INFO - Setting next_dagrun for example_subdag_operator.section-1 to None, run_after=None
[2022-11-07T19:15:51.729+0000] {logging_mixin.py:120} INFO - [2022-11-07T19:15:51.729+0000] {dag.py:3340} INFO - Setting next_dagrun for example_subdag_operator.section-2 to None, run_after=None
[2022-11-07T19:15:51.738+0000] {logging_mixin.py:120} INFO - [2022-11-07T19:15:51.738+0000] {dag.py:2585} INFO - Sync 2 DAGs
[2022-11-07T19:15:51.744+0000] {logging_mixin.py:120} INFO - [2022-11-07T19:15:51.744+0000] {dag.py:3340} INFO - Setting next_dagrun for example_subdag_operator.section-1 to None, run_after=None
[2022-11-07T19:15:51.745+0000] {logging_mixin.py:120} INFO - [2022-11-07T19:15:51.745+0000] {dag.py:3340} INFO - Setting next_dagrun for example_subdag_operator.section-2 to None, run_after=None
[2022-11-07T19:15:51.770+0000] {processor.py:176} INFO - Processing /home/airflow/.local/lib/python3.7/site-packages/airflow/example_dags/example_subdag_operator.py took 0.511 seconds
[2022-11-07T19:44:43.914+0000] {processor.py:154} INFO - Started process (PID=52964) to work on /home/airflow/.local/lib/python3.7/site-packages/airflow/example_dags/example_subdag_operator.py
[2022-11-07T19:44:43.916+0000] {processor.py:756} INFO - Processing file /home/airflow/.local/lib/python3.7/site-packages/airflow/example_dags/example_subdag_operator.py for tasks to queue
[2022-11-07T19:44:43.918+0000] {logging_mixin.py:120} INFO - [2022-11-07T19:44:43.918+0000] {dagbag.py:537} INFO - Filling up the DagBag from /home/airflow/.local/lib/python3.7/site-packages/airflow/example_dags/example_subdag_operator.py
[2022-11-07T19:44:43.976+0000] {processor.py:766} INFO - DAG(s) dict_keys(['example_subdag_operator.section-1', 'example_subdag_operator.section-2', 'example_subdag_operator']) retrieved from /home/airflow/.local/lib/python3.7/site-packages/airflow/example_dags/example_subdag_operator.py
[2022-11-07T19:44:44.444+0000] {logging_mixin.py:120} INFO - [2022-11-07T19:44:44.444+0000] {dag.py:2585} INFO - Sync 3 DAGs
[2022-11-07T19:44:44.468+0000] {logging_mixin.py:120} INFO - [2022-11-07T19:44:44.468+0000] {dag.py:3340} INFO - Setting next_dagrun for example_subdag_operator to 2022-01-01T00:00:00+00:00, run_after=2022-01-01T00:00:00+00:00
[2022-11-07T19:44:44.472+0000] {logging_mixin.py:120} INFO - [2022-11-07T19:44:44.472+0000] {dag.py:3340} INFO - Setting next_dagrun for example_subdag_operator.section-1 to None, run_after=None
[2022-11-07T19:44:44.475+0000] {logging_mixin.py:120} INFO - [2022-11-07T19:44:44.475+0000] {dag.py:3340} INFO - Setting next_dagrun for example_subdag_operator.section-2 to None, run_after=None
[2022-11-07T19:44:44.483+0000] {logging_mixin.py:120} INFO - [2022-11-07T19:44:44.483+0000] {dag.py:2585} INFO - Sync 2 DAGs
[2022-11-07T19:44:44.491+0000] {logging_mixin.py:120} INFO - [2022-11-07T19:44:44.491+0000] {dag.py:3340} INFO - Setting next_dagrun for example_subdag_operator.section-1 to None, run_after=None
[2022-11-07T19:44:44.493+0000] {logging_mixin.py:120} INFO - [2022-11-07T19:44:44.493+0000] {dag.py:3340} INFO - Setting next_dagrun for example_subdag_operator.section-2 to None, run_after=None
[2022-11-07T19:44:44.505+0000] {processor.py:176} INFO - Processing /home/airflow/.local/lib/python3.7/site-packages/airflow/example_dags/example_subdag_operator.py took 0.595 seconds
[2022-11-07T20:51:24.971+0000] {processor.py:154} INFO - Started process (PID=53030) to work on /home/airflow/.local/lib/python3.7/site-packages/airflow/example_dags/example_subdag_operator.py
[2022-11-07T20:51:24.975+0000] {processor.py:756} INFO - Processing file /home/airflow/.local/lib/python3.7/site-packages/airflow/example_dags/example_subdag_operator.py for tasks to queue
[2022-11-07T20:51:24.977+0000] {logging_mixin.py:120} INFO - [2022-11-07T20:51:24.977+0000] {dagbag.py:537} INFO - Filling up the DagBag from /home/airflow/.local/lib/python3.7/site-packages/airflow/example_dags/example_subdag_operator.py
[2022-11-07T20:51:25.040+0000] {processor.py:766} INFO - DAG(s) dict_keys(['example_subdag_operator.section-1', 'example_subdag_operator.section-2', 'example_subdag_operator']) retrieved from /home/airflow/.local/lib/python3.7/site-packages/airflow/example_dags/example_subdag_operator.py
[2022-11-07T20:51:25.337+0000] {logging_mixin.py:120} INFO - [2022-11-07T20:51:25.337+0000] {dag.py:2585} INFO - Sync 3 DAGs
[2022-11-07T20:51:25.537+0000] {logging_mixin.py:120} INFO - [2022-11-07T20:51:25.537+0000] {dag.py:3340} INFO - Setting next_dagrun for example_subdag_operator to 2022-01-01T00:00:00+00:00, run_after=2022-01-01T00:00:00+00:00
[2022-11-07T20:51:25.541+0000] {logging_mixin.py:120} INFO - [2022-11-07T20:51:25.541+0000] {dag.py:3340} INFO - Setting next_dagrun for example_subdag_operator.section-1 to None, run_after=None
[2022-11-07T20:51:25.543+0000] {logging_mixin.py:120} INFO - [2022-11-07T20:51:25.543+0000] {dag.py:3340} INFO - Setting next_dagrun for example_subdag_operator.section-2 to None, run_after=None
[2022-11-07T20:51:25.548+0000] {logging_mixin.py:120} INFO - [2022-11-07T20:51:25.548+0000] {dag.py:2585} INFO - Sync 2 DAGs
[2022-11-07T20:51:25.554+0000] {logging_mixin.py:120} INFO - [2022-11-07T20:51:25.554+0000] {dag.py:3340} INFO - Setting next_dagrun for example_subdag_operator.section-1 to None, run_after=None
[2022-11-07T20:51:25.555+0000] {logging_mixin.py:120} INFO - [2022-11-07T20:51:25.555+0000] {dag.py:3340} INFO - Setting next_dagrun for example_subdag_operator.section-2 to None, run_after=None
[2022-11-07T20:51:25.568+0000] {processor.py:176} INFO - Processing /home/airflow/.local/lib/python3.7/site-packages/airflow/example_dags/example_subdag_operator.py took 0.601 seconds
[2022-11-07T21:44:43.412+0000] {processor.py:154} INFO - Started process (PID=53089) to work on /home/airflow/.local/lib/python3.7/site-packages/airflow/example_dags/example_subdag_operator.py
[2022-11-07T21:44:43.413+0000] {processor.py:756} INFO - Processing file /home/airflow/.local/lib/python3.7/site-packages/airflow/example_dags/example_subdag_operator.py for tasks to queue
[2022-11-07T21:44:43.416+0000] {logging_mixin.py:120} INFO - [2022-11-07T21:44:43.416+0000] {dagbag.py:537} INFO - Filling up the DagBag from /home/airflow/.local/lib/python3.7/site-packages/airflow/example_dags/example_subdag_operator.py
[2022-11-07T21:44:43.449+0000] {processor.py:766} INFO - DAG(s) dict_keys(['example_subdag_operator.section-1', 'example_subdag_operator.section-2', 'example_subdag_operator']) retrieved from /home/airflow/.local/lib/python3.7/site-packages/airflow/example_dags/example_subdag_operator.py
[2022-11-07T21:44:43.784+0000] {logging_mixin.py:120} INFO - [2022-11-07T21:44:43.784+0000] {dag.py:2585} INFO - Sync 3 DAGs
[2022-11-07T21:44:43.800+0000] {logging_mixin.py:120} INFO - [2022-11-07T21:44:43.800+0000] {dag.py:3340} INFO - Setting next_dagrun for example_subdag_operator to 2022-01-01T00:00:00+00:00, run_after=2022-01-01T00:00:00+00:00
[2022-11-07T21:44:43.803+0000] {logging_mixin.py:120} INFO - [2022-11-07T21:44:43.803+0000] {dag.py:3340} INFO - Setting next_dagrun for example_subdag_operator.section-1 to None, run_after=None
[2022-11-07T21:44:43.805+0000] {logging_mixin.py:120} INFO - [2022-11-07T21:44:43.805+0000] {dag.py:3340} INFO - Setting next_dagrun for example_subdag_operator.section-2 to None, run_after=None
[2022-11-07T21:44:43.810+0000] {logging_mixin.py:120} INFO - [2022-11-07T21:44:43.810+0000] {dag.py:2585} INFO - Sync 2 DAGs
[2022-11-07T21:44:43.815+0000] {logging_mixin.py:120} INFO - [2022-11-07T21:44:43.815+0000] {dag.py:3340} INFO - Setting next_dagrun for example_subdag_operator.section-1 to None, run_after=None
[2022-11-07T21:44:43.816+0000] {logging_mixin.py:120} INFO - [2022-11-07T21:44:43.816+0000] {dag.py:3340} INFO - Setting next_dagrun for example_subdag_operator.section-2 to None, run_after=None
[2022-11-07T21:44:43.832+0000] {processor.py:176} INFO - Processing /home/airflow/.local/lib/python3.7/site-packages/airflow/example_dags/example_subdag_operator.py took 0.424 seconds
[2022-11-07T22:48:48.386+0000] {processor.py:154} INFO - Started process (PID=53155) to work on /home/airflow/.local/lib/python3.7/site-packages/airflow/example_dags/example_subdag_operator.py
[2022-11-07T22:48:48.390+0000] {processor.py:756} INFO - Processing file /home/airflow/.local/lib/python3.7/site-packages/airflow/example_dags/example_subdag_operator.py for tasks to queue
[2022-11-07T22:48:48.393+0000] {logging_mixin.py:120} INFO - [2022-11-07T22:48:48.393+0000] {dagbag.py:537} INFO - Filling up the DagBag from /home/airflow/.local/lib/python3.7/site-packages/airflow/example_dags/example_subdag_operator.py
[2022-11-07T22:48:48.464+0000] {processor.py:766} INFO - DAG(s) dict_keys(['example_subdag_operator.section-1', 'example_subdag_operator.section-2', 'example_subdag_operator']) retrieved from /home/airflow/.local/lib/python3.7/site-packages/airflow/example_dags/example_subdag_operator.py
[2022-11-07T22:48:48.916+0000] {logging_mixin.py:120} INFO - [2022-11-07T22:48:48.916+0000] {dag.py:2585} INFO - Sync 3 DAGs
[2022-11-07T22:48:48.954+0000] {logging_mixin.py:120} INFO - [2022-11-07T22:48:48.954+0000] {dag.py:3340} INFO - Setting next_dagrun for example_subdag_operator to 2022-01-01T00:00:00+00:00, run_after=2022-01-01T00:00:00+00:00
[2022-11-07T22:48:48.960+0000] {logging_mixin.py:120} INFO - [2022-11-07T22:48:48.960+0000] {dag.py:3340} INFO - Setting next_dagrun for example_subdag_operator.section-1 to None, run_after=None
[2022-11-07T22:48:48.962+0000] {logging_mixin.py:120} INFO - [2022-11-07T22:48:48.962+0000] {dag.py:3340} INFO - Setting next_dagrun for example_subdag_operator.section-2 to None, run_after=None
[2022-11-07T22:48:48.969+0000] {logging_mixin.py:120} INFO - [2022-11-07T22:48:48.969+0000] {dag.py:2585} INFO - Sync 2 DAGs
[2022-11-07T22:48:48.976+0000] {logging_mixin.py:120} INFO - [2022-11-07T22:48:48.976+0000] {dag.py:3340} INFO - Setting next_dagrun for example_subdag_operator.section-1 to None, run_after=None
[2022-11-07T22:48:48.977+0000] {logging_mixin.py:120} INFO - [2022-11-07T22:48:48.977+0000] {dag.py:3340} INFO - Setting next_dagrun for example_subdag_operator.section-2 to None, run_after=None
[2022-11-07T22:48:48.991+0000] {processor.py:176} INFO - Processing /home/airflow/.local/lib/python3.7/site-packages/airflow/example_dags/example_subdag_operator.py took 0.609 seconds
[2022-11-07T23:21:13.599+0000] {processor.py:154} INFO - Started process (PID=53221) to work on /home/airflow/.local/lib/python3.7/site-packages/airflow/example_dags/example_subdag_operator.py
[2022-11-07T23:21:13.602+0000] {processor.py:756} INFO - Processing file /home/airflow/.local/lib/python3.7/site-packages/airflow/example_dags/example_subdag_operator.py for tasks to queue
[2022-11-07T23:21:13.612+0000] {logging_mixin.py:120} INFO - [2022-11-07T23:21:13.612+0000] {dagbag.py:537} INFO - Filling up the DagBag from /home/airflow/.local/lib/python3.7/site-packages/airflow/example_dags/example_subdag_operator.py
[2022-11-07T23:21:13.678+0000] {processor.py:766} INFO - DAG(s) dict_keys(['example_subdag_operator.section-1', 'example_subdag_operator.section-2', 'example_subdag_operator']) retrieved from /home/airflow/.local/lib/python3.7/site-packages/airflow/example_dags/example_subdag_operator.py
[2022-11-07T23:21:13.939+0000] {logging_mixin.py:120} INFO - [2022-11-07T23:21:13.939+0000] {dag.py:2585} INFO - Sync 3 DAGs
[2022-11-07T23:21:14.159+0000] {logging_mixin.py:120} INFO - [2022-11-07T23:21:14.159+0000] {dag.py:3340} INFO - Setting next_dagrun for example_subdag_operator to 2022-01-01T00:00:00+00:00, run_after=2022-01-01T00:00:00+00:00
[2022-11-07T23:21:14.163+0000] {logging_mixin.py:120} INFO - [2022-11-07T23:21:14.162+0000] {dag.py:3340} INFO - Setting next_dagrun for example_subdag_operator.section-1 to None, run_after=None
[2022-11-07T23:21:14.164+0000] {logging_mixin.py:120} INFO - [2022-11-07T23:21:14.164+0000] {dag.py:3340} INFO - Setting next_dagrun for example_subdag_operator.section-2 to None, run_after=None
[2022-11-07T23:21:14.172+0000] {logging_mixin.py:120} INFO - [2022-11-07T23:21:14.171+0000] {dag.py:2585} INFO - Sync 2 DAGs
[2022-11-07T23:21:14.179+0000] {logging_mixin.py:120} INFO - [2022-11-07T23:21:14.179+0000] {dag.py:3340} INFO - Setting next_dagrun for example_subdag_operator.section-1 to None, run_after=None
[2022-11-07T23:21:14.180+0000] {logging_mixin.py:120} INFO - [2022-11-07T23:21:14.180+0000] {dag.py:3340} INFO - Setting next_dagrun for example_subdag_operator.section-2 to None, run_after=None
[2022-11-07T23:21:14.191+0000] {processor.py:176} INFO - Processing /home/airflow/.local/lib/python3.7/site-packages/airflow/example_dags/example_subdag_operator.py took 0.597 seconds
[2022-11-07T23:58:57.083+0000] {processor.py:154} INFO - Started process (PID=53286) to work on /home/airflow/.local/lib/python3.7/site-packages/airflow/example_dags/example_subdag_operator.py
[2022-11-07T23:58:57.085+0000] {processor.py:756} INFO - Processing file /home/airflow/.local/lib/python3.7/site-packages/airflow/example_dags/example_subdag_operator.py for tasks to queue
[2022-11-07T23:58:57.088+0000] {logging_mixin.py:120} INFO - [2022-11-07T23:58:57.088+0000] {dagbag.py:537} INFO - Filling up the DagBag from /home/airflow/.local/lib/python3.7/site-packages/airflow/example_dags/example_subdag_operator.py
[2022-11-07T23:58:57.178+0000] {processor.py:766} INFO - DAG(s) dict_keys(['example_subdag_operator.section-1', 'example_subdag_operator.section-2', 'example_subdag_operator']) retrieved from /home/airflow/.local/lib/python3.7/site-packages/airflow/example_dags/example_subdag_operator.py
[2022-11-07T23:58:57.734+0000] {logging_mixin.py:120} INFO - [2022-11-07T23:58:57.733+0000] {dag.py:2585} INFO - Sync 3 DAGs
[2022-11-07T23:58:57.774+0000] {logging_mixin.py:120} INFO - [2022-11-07T23:58:57.774+0000] {dag.py:3340} INFO - Setting next_dagrun for example_subdag_operator to 2022-01-01T00:00:00+00:00, run_after=2022-01-01T00:00:00+00:00
[2022-11-07T23:58:57.780+0000] {logging_mixin.py:120} INFO - [2022-11-07T23:58:57.780+0000] {dag.py:3340} INFO - Setting next_dagrun for example_subdag_operator.section-1 to None, run_after=None
[2022-11-07T23:58:57.784+0000] {logging_mixin.py:120} INFO - [2022-11-07T23:58:57.784+0000] {dag.py:3340} INFO - Setting next_dagrun for example_subdag_operator.section-2 to None, run_after=None
[2022-11-07T23:58:57.794+0000] {logging_mixin.py:120} INFO - [2022-11-07T23:58:57.794+0000] {dag.py:2585} INFO - Sync 2 DAGs
[2022-11-07T23:58:57.802+0000] {logging_mixin.py:120} INFO - [2022-11-07T23:58:57.801+0000] {dag.py:3340} INFO - Setting next_dagrun for example_subdag_operator.section-1 to None, run_after=None
[2022-11-07T23:58:57.803+0000] {logging_mixin.py:120} INFO - [2022-11-07T23:58:57.803+0000] {dag.py:3340} INFO - Setting next_dagrun for example_subdag_operator.section-2 to None, run_after=None
[2022-11-07T23:58:57.817+0000] {processor.py:176} INFO - Processing /home/airflow/.local/lib/python3.7/site-packages/airflow/example_dags/example_subdag_operator.py took 0.744 seconds
