[2022-11-07T17:10:59.166+0000] {processor.py:154} INFO - Started process (PID=52203) to work on /home/airflow/.local/lib/python3.7/site-packages/airflow/example_dags/example_task_group_decorator.py
[2022-11-07T17:10:59.177+0000] {processor.py:756} INFO - Processing file /home/airflow/.local/lib/python3.7/site-packages/airflow/example_dags/example_task_group_decorator.py for tasks to queue
[2022-11-07T17:10:59.191+0000] {logging_mixin.py:120} INFO - [2022-11-07T17:10:59.191+0000] {dagbag.py:537} INFO - Filling up the DagBag from /home/airflow/.local/lib/python3.7/site-packages/airflow/example_dags/example_task_group_decorator.py
[2022-11-07T17:10:59.273+0000] {processor.py:766} INFO - DAG(s) dict_keys(['example_task_group_decorator']) retrieved from /home/airflow/.local/lib/python3.7/site-packages/airflow/example_dags/example_task_group_decorator.py
[2022-11-07T17:10:59.383+0000] {logging_mixin.py:120} INFO - [2022-11-07T17:10:59.383+0000] {dag.py:2585} INFO - Sync 1 DAGs
[2022-11-07T17:10:59.464+0000] {logging_mixin.py:120} INFO - [2022-11-07T17:10:59.463+0000] {dag.py:3340} INFO - Setting next_dagrun for example_task_group_decorator to 2022-11-06T17:10:59.463715+00:00, run_after=2022-11-07T17:10:59.463715+00:00
[2022-11-07T17:10:59.502+0000] {processor.py:176} INFO - Processing /home/airflow/.local/lib/python3.7/site-packages/airflow/example_dags/example_task_group_decorator.py took 0.348 seconds
[2022-11-07T17:11:30.087+0000] {processor.py:154} INFO - Started process (PID=52269) to work on /home/airflow/.local/lib/python3.7/site-packages/airflow/example_dags/example_task_group_decorator.py
[2022-11-07T17:11:30.089+0000] {processor.py:756} INFO - Processing file /home/airflow/.local/lib/python3.7/site-packages/airflow/example_dags/example_task_group_decorator.py for tasks to queue
[2022-11-07T17:11:30.090+0000] {logging_mixin.py:120} INFO - [2022-11-07T17:11:30.090+0000] {dagbag.py:537} INFO - Filling up the DagBag from /home/airflow/.local/lib/python3.7/site-packages/airflow/example_dags/example_task_group_decorator.py
[2022-11-07T17:11:30.112+0000] {processor.py:766} INFO - DAG(s) dict_keys(['example_task_group_decorator']) retrieved from /home/airflow/.local/lib/python3.7/site-packages/airflow/example_dags/example_task_group_decorator.py
[2022-11-07T17:11:30.158+0000] {logging_mixin.py:120} INFO - [2022-11-07T17:11:30.158+0000] {dag.py:2585} INFO - Sync 1 DAGs
[2022-11-07T17:11:30.179+0000] {logging_mixin.py:120} INFO - [2022-11-07T17:11:30.179+0000] {dag.py:3340} INFO - Setting next_dagrun for example_task_group_decorator to 2022-11-06T17:11:30.179117+00:00, run_after=2022-11-07T17:11:30.179117+00:00
[2022-11-07T17:11:30.307+0000] {processor.py:176} INFO - Processing /home/airflow/.local/lib/python3.7/site-packages/airflow/example_dags/example_task_group_decorator.py took 0.226 seconds
[2022-11-07T17:12:00.558+0000] {processor.py:154} INFO - Started process (PID=52326) to work on /home/airflow/.local/lib/python3.7/site-packages/airflow/example_dags/example_task_group_decorator.py
[2022-11-07T17:12:00.559+0000] {processor.py:756} INFO - Processing file /home/airflow/.local/lib/python3.7/site-packages/airflow/example_dags/example_task_group_decorator.py for tasks to queue
[2022-11-07T17:12:00.560+0000] {logging_mixin.py:120} INFO - [2022-11-07T17:12:00.560+0000] {dagbag.py:537} INFO - Filling up the DagBag from /home/airflow/.local/lib/python3.7/site-packages/airflow/example_dags/example_task_group_decorator.py
[2022-11-07T17:12:00.579+0000] {processor.py:766} INFO - DAG(s) dict_keys(['example_task_group_decorator']) retrieved from /home/airflow/.local/lib/python3.7/site-packages/airflow/example_dags/example_task_group_decorator.py
[2022-11-07T17:12:00.612+0000] {logging_mixin.py:120} INFO - [2022-11-07T17:12:00.612+0000] {dag.py:2585} INFO - Sync 1 DAGs
[2022-11-07T17:12:00.739+0000] {logging_mixin.py:120} INFO - [2022-11-07T17:12:00.738+0000] {dag.py:3340} INFO - Setting next_dagrun for example_task_group_decorator to 2022-11-06T17:12:00.738769+00:00, run_after=2022-11-07T17:12:00.738769+00:00
[2022-11-07T17:12:00.754+0000] {processor.py:176} INFO - Processing /home/airflow/.local/lib/python3.7/site-packages/airflow/example_dags/example_task_group_decorator.py took 0.200 seconds
[2022-11-07T17:12:31.021+0000] {processor.py:154} INFO - Started process (PID=52394) to work on /home/airflow/.local/lib/python3.7/site-packages/airflow/example_dags/example_task_group_decorator.py
[2022-11-07T17:12:31.022+0000] {processor.py:756} INFO - Processing file /home/airflow/.local/lib/python3.7/site-packages/airflow/example_dags/example_task_group_decorator.py for tasks to queue
[2022-11-07T17:12:31.026+0000] {logging_mixin.py:120} INFO - [2022-11-07T17:12:31.026+0000] {dagbag.py:537} INFO - Filling up the DagBag from /home/airflow/.local/lib/python3.7/site-packages/airflow/example_dags/example_task_group_decorator.py
[2022-11-07T17:12:31.042+0000] {processor.py:766} INFO - DAG(s) dict_keys(['example_task_group_decorator']) retrieved from /home/airflow/.local/lib/python3.7/site-packages/airflow/example_dags/example_task_group_decorator.py
[2022-11-07T17:12:31.163+0000] {logging_mixin.py:120} INFO - [2022-11-07T17:12:31.163+0000] {dag.py:2585} INFO - Sync 1 DAGs
[2022-11-07T17:12:31.175+0000] {logging_mixin.py:120} INFO - [2022-11-07T17:12:31.175+0000] {dag.py:3340} INFO - Setting next_dagrun for example_task_group_decorator to 2022-11-06T17:12:31.175540+00:00, run_after=2022-11-07T17:12:31.175540+00:00
[2022-11-07T17:12:31.185+0000] {processor.py:176} INFO - Processing /home/airflow/.local/lib/python3.7/site-packages/airflow/example_dags/example_task_group_decorator.py took 0.166 seconds
[2022-11-07T17:13:01.862+0000] {processor.py:154} INFO - Started process (PID=52461) to work on /home/airflow/.local/lib/python3.7/site-packages/airflow/example_dags/example_task_group_decorator.py
[2022-11-07T17:13:01.865+0000] {processor.py:756} INFO - Processing file /home/airflow/.local/lib/python3.7/site-packages/airflow/example_dags/example_task_group_decorator.py for tasks to queue
[2022-11-07T17:13:01.866+0000] {logging_mixin.py:120} INFO - [2022-11-07T17:13:01.866+0000] {dagbag.py:537} INFO - Filling up the DagBag from /home/airflow/.local/lib/python3.7/site-packages/airflow/example_dags/example_task_group_decorator.py
[2022-11-07T17:13:01.887+0000] {processor.py:766} INFO - DAG(s) dict_keys(['example_task_group_decorator']) retrieved from /home/airflow/.local/lib/python3.7/site-packages/airflow/example_dags/example_task_group_decorator.py
[2022-11-07T17:13:01.922+0000] {logging_mixin.py:120} INFO - [2022-11-07T17:13:01.922+0000] {dag.py:2585} INFO - Sync 1 DAGs
[2022-11-07T17:13:01.942+0000] {logging_mixin.py:120} INFO - [2022-11-07T17:13:01.942+0000] {dag.py:3340} INFO - Setting next_dagrun for example_task_group_decorator to 2022-11-06T17:13:01.942259+00:00, run_after=2022-11-07T17:13:01.942259+00:00
[2022-11-07T17:13:01.957+0000] {processor.py:176} INFO - Processing /home/airflow/.local/lib/python3.7/site-packages/airflow/example_dags/example_task_group_decorator.py took 0.098 seconds
[2022-11-07T17:13:32.837+0000] {processor.py:154} INFO - Started process (PID=52527) to work on /home/airflow/.local/lib/python3.7/site-packages/airflow/example_dags/example_task_group_decorator.py
[2022-11-07T17:13:32.839+0000] {processor.py:756} INFO - Processing file /home/airflow/.local/lib/python3.7/site-packages/airflow/example_dags/example_task_group_decorator.py for tasks to queue
[2022-11-07T17:13:32.841+0000] {logging_mixin.py:120} INFO - [2022-11-07T17:13:32.840+0000] {dagbag.py:537} INFO - Filling up the DagBag from /home/airflow/.local/lib/python3.7/site-packages/airflow/example_dags/example_task_group_decorator.py
[2022-11-07T17:13:32.874+0000] {processor.py:766} INFO - DAG(s) dict_keys(['example_task_group_decorator']) retrieved from /home/airflow/.local/lib/python3.7/site-packages/airflow/example_dags/example_task_group_decorator.py
[2022-11-07T17:13:32.920+0000] {logging_mixin.py:120} INFO - [2022-11-07T17:13:32.920+0000] {dag.py:2585} INFO - Sync 1 DAGs
[2022-11-07T17:13:32.948+0000] {logging_mixin.py:120} INFO - [2022-11-07T17:13:32.948+0000] {dag.py:3340} INFO - Setting next_dagrun for example_task_group_decorator to 2022-11-06T17:13:32.948298+00:00, run_after=2022-11-07T17:13:32.948298+00:00
[2022-11-07T17:13:33.054+0000] {processor.py:176} INFO - Processing /home/airflow/.local/lib/python3.7/site-packages/airflow/example_dags/example_task_group_decorator.py took 0.222 seconds
[2022-11-07T17:14:03.126+0000] {processor.py:154} INFO - Started process (PID=52594) to work on /home/airflow/.local/lib/python3.7/site-packages/airflow/example_dags/example_task_group_decorator.py
[2022-11-07T17:14:03.128+0000] {processor.py:756} INFO - Processing file /home/airflow/.local/lib/python3.7/site-packages/airflow/example_dags/example_task_group_decorator.py for tasks to queue
[2022-11-07T17:14:03.130+0000] {logging_mixin.py:120} INFO - [2022-11-07T17:14:03.130+0000] {dagbag.py:537} INFO - Filling up the DagBag from /home/airflow/.local/lib/python3.7/site-packages/airflow/example_dags/example_task_group_decorator.py
[2022-11-07T17:14:03.149+0000] {processor.py:766} INFO - DAG(s) dict_keys(['example_task_group_decorator']) retrieved from /home/airflow/.local/lib/python3.7/site-packages/airflow/example_dags/example_task_group_decorator.py
[2022-11-07T17:14:03.181+0000] {logging_mixin.py:120} INFO - [2022-11-07T17:14:03.181+0000] {dag.py:2585} INFO - Sync 1 DAGs
[2022-11-07T17:14:03.299+0000] {logging_mixin.py:120} INFO - [2022-11-07T17:14:03.299+0000] {dag.py:3340} INFO - Setting next_dagrun for example_task_group_decorator to 2022-11-06T17:14:03.299274+00:00, run_after=2022-11-07T17:14:03.299274+00:00
[2022-11-07T17:14:03.315+0000] {processor.py:176} INFO - Processing /home/airflow/.local/lib/python3.7/site-packages/airflow/example_dags/example_task_group_decorator.py took 0.192 seconds
[2022-11-07T17:14:33.688+0000] {processor.py:154} INFO - Started process (PID=52660) to work on /home/airflow/.local/lib/python3.7/site-packages/airflow/example_dags/example_task_group_decorator.py
[2022-11-07T17:14:33.691+0000] {processor.py:756} INFO - Processing file /home/airflow/.local/lib/python3.7/site-packages/airflow/example_dags/example_task_group_decorator.py for tasks to queue
[2022-11-07T17:14:33.693+0000] {logging_mixin.py:120} INFO - [2022-11-07T17:14:33.693+0000] {dagbag.py:537} INFO - Filling up the DagBag from /home/airflow/.local/lib/python3.7/site-packages/airflow/example_dags/example_task_group_decorator.py
[2022-11-07T17:14:33.723+0000] {processor.py:766} INFO - DAG(s) dict_keys(['example_task_group_decorator']) retrieved from /home/airflow/.local/lib/python3.7/site-packages/airflow/example_dags/example_task_group_decorator.py
[2022-11-07T17:14:33.865+0000] {logging_mixin.py:120} INFO - [2022-11-07T17:14:33.865+0000] {dag.py:2585} INFO - Sync 1 DAGs
[2022-11-07T17:14:33.881+0000] {logging_mixin.py:120} INFO - [2022-11-07T17:14:33.881+0000] {dag.py:3340} INFO - Setting next_dagrun for example_task_group_decorator to 2022-11-06T17:14:33.881055+00:00, run_after=2022-11-07T17:14:33.881055+00:00
[2022-11-07T17:14:33.894+0000] {processor.py:176} INFO - Processing /home/airflow/.local/lib/python3.7/site-packages/airflow/example_dags/example_task_group_decorator.py took 0.208 seconds
[2022-11-07T17:21:23.650+0000] {processor.py:154} INFO - Started process (PID=52720) to work on /home/airflow/.local/lib/python3.7/site-packages/airflow/example_dags/example_task_group_decorator.py
[2022-11-07T17:21:23.653+0000] {processor.py:756} INFO - Processing file /home/airflow/.local/lib/python3.7/site-packages/airflow/example_dags/example_task_group_decorator.py for tasks to queue
[2022-11-07T17:21:23.655+0000] {logging_mixin.py:120} INFO - [2022-11-07T17:21:23.655+0000] {dagbag.py:537} INFO - Filling up the DagBag from /home/airflow/.local/lib/python3.7/site-packages/airflow/example_dags/example_task_group_decorator.py
[2022-11-07T17:21:23.675+0000] {processor.py:766} INFO - DAG(s) dict_keys(['example_task_group_decorator']) retrieved from /home/airflow/.local/lib/python3.7/site-packages/airflow/example_dags/example_task_group_decorator.py
[2022-11-07T17:21:23.811+0000] {logging_mixin.py:120} INFO - [2022-11-07T17:21:23.810+0000] {dag.py:2585} INFO - Sync 1 DAGs
[2022-11-07T17:21:23.824+0000] {logging_mixin.py:120} INFO - [2022-11-07T17:21:23.824+0000] {dag.py:3340} INFO - Setting next_dagrun for example_task_group_decorator to 2022-11-06T17:21:23.824562+00:00, run_after=2022-11-07T17:21:23.824562+00:00
[2022-11-07T17:21:23.835+0000] {processor.py:176} INFO - Processing /home/airflow/.local/lib/python3.7/site-packages/airflow/example_dags/example_task_group_decorator.py took 0.189 seconds
[2022-11-07T17:53:22.022+0000] {processor.py:154} INFO - Started process (PID=52789) to work on /home/airflow/.local/lib/python3.7/site-packages/airflow/example_dags/example_task_group_decorator.py
[2022-11-07T17:53:22.026+0000] {processor.py:756} INFO - Processing file /home/airflow/.local/lib/python3.7/site-packages/airflow/example_dags/example_task_group_decorator.py for tasks to queue
[2022-11-07T17:53:22.028+0000] {logging_mixin.py:120} INFO - [2022-11-07T17:53:22.028+0000] {dagbag.py:537} INFO - Filling up the DagBag from /home/airflow/.local/lib/python3.7/site-packages/airflow/example_dags/example_task_group_decorator.py
[2022-11-07T17:53:22.082+0000] {processor.py:766} INFO - DAG(s) dict_keys(['example_task_group_decorator']) retrieved from /home/airflow/.local/lib/python3.7/site-packages/airflow/example_dags/example_task_group_decorator.py
[2022-11-07T17:53:22.151+0000] {logging_mixin.py:120} INFO - [2022-11-07T17:53:22.151+0000] {dag.py:2585} INFO - Sync 1 DAGs
[2022-11-07T17:53:22.319+0000] {logging_mixin.py:120} INFO - [2022-11-07T17:53:22.319+0000] {dag.py:3340} INFO - Setting next_dagrun for example_task_group_decorator to 2022-11-06T17:53:22.319220+00:00, run_after=2022-11-07T17:53:22.319220+00:00
[2022-11-07T17:53:22.349+0000] {processor.py:176} INFO - Processing /home/airflow/.local/lib/python3.7/site-packages/airflow/example_dags/example_task_group_decorator.py took 0.330 seconds
[2022-11-07T18:20:23.383+0000] {processor.py:154} INFO - Started process (PID=52856) to work on /home/airflow/.local/lib/python3.7/site-packages/airflow/example_dags/example_task_group_decorator.py
[2022-11-07T18:20:23.385+0000] {processor.py:756} INFO - Processing file /home/airflow/.local/lib/python3.7/site-packages/airflow/example_dags/example_task_group_decorator.py for tasks to queue
[2022-11-07T18:20:23.387+0000] {logging_mixin.py:120} INFO - [2022-11-07T18:20:23.387+0000] {dagbag.py:537} INFO - Filling up the DagBag from /home/airflow/.local/lib/python3.7/site-packages/airflow/example_dags/example_task_group_decorator.py
[2022-11-07T18:20:23.431+0000] {processor.py:766} INFO - DAG(s) dict_keys(['example_task_group_decorator']) retrieved from /home/airflow/.local/lib/python3.7/site-packages/airflow/example_dags/example_task_group_decorator.py
[2022-11-07T18:20:23.500+0000] {logging_mixin.py:120} INFO - [2022-11-07T18:20:23.500+0000] {dag.py:2585} INFO - Sync 1 DAGs
[2022-11-07T18:20:23.726+0000] {logging_mixin.py:120} INFO - [2022-11-07T18:20:23.726+0000] {dag.py:3340} INFO - Setting next_dagrun for example_task_group_decorator to 2022-11-06T18:20:23.726321+00:00, run_after=2022-11-07T18:20:23.726321+00:00
[2022-11-07T18:20:23.750+0000] {processor.py:176} INFO - Processing /home/airflow/.local/lib/python3.7/site-packages/airflow/example_dags/example_task_group_decorator.py took 0.373 seconds
[2022-11-07T19:15:55.931+0000] {processor.py:154} INFO - Started process (PID=52923) to work on /home/airflow/.local/lib/python3.7/site-packages/airflow/example_dags/example_task_group_decorator.py
[2022-11-07T19:15:55.942+0000] {processor.py:756} INFO - Processing file /home/airflow/.local/lib/python3.7/site-packages/airflow/example_dags/example_task_group_decorator.py for tasks to queue
[2022-11-07T19:15:55.944+0000] {logging_mixin.py:120} INFO - [2022-11-07T19:15:55.944+0000] {dagbag.py:537} INFO - Filling up the DagBag from /home/airflow/.local/lib/python3.7/site-packages/airflow/example_dags/example_task_group_decorator.py
[2022-11-07T19:15:55.974+0000] {processor.py:766} INFO - DAG(s) dict_keys(['example_task_group_decorator']) retrieved from /home/airflow/.local/lib/python3.7/site-packages/airflow/example_dags/example_task_group_decorator.py
[2022-11-07T19:15:56.159+0000] {logging_mixin.py:120} INFO - [2022-11-07T19:15:56.158+0000] {dag.py:2585} INFO - Sync 1 DAGs
[2022-11-07T19:15:56.181+0000] {logging_mixin.py:120} INFO - [2022-11-07T19:15:56.181+0000] {dag.py:3340} INFO - Setting next_dagrun for example_task_group_decorator to 2022-11-06T19:15:56.181480+00:00, run_after=2022-11-07T19:15:56.181480+00:00
[2022-11-07T19:15:56.199+0000] {processor.py:176} INFO - Processing /home/airflow/.local/lib/python3.7/site-packages/airflow/example_dags/example_task_group_decorator.py took 0.271 seconds
[2022-11-07T19:44:46.220+0000] {processor.py:154} INFO - Started process (PID=52979) to work on /home/airflow/.local/lib/python3.7/site-packages/airflow/example_dags/example_task_group_decorator.py
[2022-11-07T19:44:46.231+0000] {processor.py:756} INFO - Processing file /home/airflow/.local/lib/python3.7/site-packages/airflow/example_dags/example_task_group_decorator.py for tasks to queue
[2022-11-07T19:44:46.233+0000] {logging_mixin.py:120} INFO - [2022-11-07T19:44:46.233+0000] {dagbag.py:537} INFO - Filling up the DagBag from /home/airflow/.local/lib/python3.7/site-packages/airflow/example_dags/example_task_group_decorator.py
[2022-11-07T19:44:46.285+0000] {processor.py:766} INFO - DAG(s) dict_keys(['example_task_group_decorator']) retrieved from /home/airflow/.local/lib/python3.7/site-packages/airflow/example_dags/example_task_group_decorator.py
[2022-11-07T19:44:46.357+0000] {logging_mixin.py:120} INFO - [2022-11-07T19:44:46.357+0000] {dag.py:2585} INFO - Sync 1 DAGs
[2022-11-07T19:44:46.388+0000] {logging_mixin.py:120} INFO - [2022-11-07T19:44:46.387+0000] {dag.py:3340} INFO - Setting next_dagrun for example_task_group_decorator to 2022-11-06T19:44:46.387602+00:00, run_after=2022-11-07T19:44:46.387602+00:00
[2022-11-07T19:44:46.418+0000] {processor.py:176} INFO - Processing /home/airflow/.local/lib/python3.7/site-packages/airflow/example_dags/example_task_group_decorator.py took 0.206 seconds
[2022-11-07T20:51:27.184+0000] {processor.py:154} INFO - Started process (PID=53045) to work on /home/airflow/.local/lib/python3.7/site-packages/airflow/example_dags/example_task_group_decorator.py
[2022-11-07T20:51:27.186+0000] {processor.py:756} INFO - Processing file /home/airflow/.local/lib/python3.7/site-packages/airflow/example_dags/example_task_group_decorator.py for tasks to queue
[2022-11-07T20:51:27.187+0000] {logging_mixin.py:120} INFO - [2022-11-07T20:51:27.187+0000] {dagbag.py:537} INFO - Filling up the DagBag from /home/airflow/.local/lib/python3.7/site-packages/airflow/example_dags/example_task_group_decorator.py
[2022-11-07T20:51:27.209+0000] {processor.py:766} INFO - DAG(s) dict_keys(['example_task_group_decorator']) retrieved from /home/airflow/.local/lib/python3.7/site-packages/airflow/example_dags/example_task_group_decorator.py
[2022-11-07T20:51:27.243+0000] {logging_mixin.py:120} INFO - [2022-11-07T20:51:27.243+0000] {dag.py:2585} INFO - Sync 1 DAGs
[2022-11-07T20:51:27.373+0000] {logging_mixin.py:120} INFO - [2022-11-07T20:51:27.372+0000] {dag.py:3340} INFO - Setting next_dagrun for example_task_group_decorator to 2022-11-06T20:51:27.372805+00:00, run_after=2022-11-07T20:51:27.372805+00:00
[2022-11-07T20:51:27.386+0000] {processor.py:176} INFO - Processing /home/airflow/.local/lib/python3.7/site-packages/airflow/example_dags/example_task_group_decorator.py took 0.205 seconds
[2022-11-07T21:44:45.339+0000] {processor.py:154} INFO - Started process (PID=53104) to work on /home/airflow/.local/lib/python3.7/site-packages/airflow/example_dags/example_task_group_decorator.py
[2022-11-07T21:44:45.341+0000] {processor.py:756} INFO - Processing file /home/airflow/.local/lib/python3.7/site-packages/airflow/example_dags/example_task_group_decorator.py for tasks to queue
[2022-11-07T21:44:45.342+0000] {logging_mixin.py:120} INFO - [2022-11-07T21:44:45.342+0000] {dagbag.py:537} INFO - Filling up the DagBag from /home/airflow/.local/lib/python3.7/site-packages/airflow/example_dags/example_task_group_decorator.py
[2022-11-07T21:44:45.377+0000] {processor.py:766} INFO - DAG(s) dict_keys(['example_task_group_decorator']) retrieved from /home/airflow/.local/lib/python3.7/site-packages/airflow/example_dags/example_task_group_decorator.py
[2022-11-07T21:44:45.547+0000] {logging_mixin.py:120} INFO - [2022-11-07T21:44:45.547+0000] {dag.py:2585} INFO - Sync 1 DAGs
[2022-11-07T21:44:45.582+0000] {logging_mixin.py:120} INFO - [2022-11-07T21:44:45.582+0000] {dag.py:3340} INFO - Setting next_dagrun for example_task_group_decorator to 2022-11-06T21:44:45.581874+00:00, run_after=2022-11-07T21:44:45.581874+00:00
[2022-11-07T21:44:45.596+0000] {processor.py:176} INFO - Processing /home/airflow/.local/lib/python3.7/site-packages/airflow/example_dags/example_task_group_decorator.py took 0.260 seconds
[2022-11-07T22:48:51.994+0000] {processor.py:154} INFO - Started process (PID=53170) to work on /home/airflow/.local/lib/python3.7/site-packages/airflow/example_dags/example_task_group_decorator.py
[2022-11-07T22:48:51.997+0000] {processor.py:756} INFO - Processing file /home/airflow/.local/lib/python3.7/site-packages/airflow/example_dags/example_task_group_decorator.py for tasks to queue
[2022-11-07T22:48:52.008+0000] {logging_mixin.py:120} INFO - [2022-11-07T22:48:52.008+0000] {dagbag.py:537} INFO - Filling up the DagBag from /home/airflow/.local/lib/python3.7/site-packages/airflow/example_dags/example_task_group_decorator.py
[2022-11-07T22:48:52.091+0000] {processor.py:766} INFO - DAG(s) dict_keys(['example_task_group_decorator']) retrieved from /home/airflow/.local/lib/python3.7/site-packages/airflow/example_dags/example_task_group_decorator.py
[2022-11-07T22:48:52.309+0000] {logging_mixin.py:120} INFO - [2022-11-07T22:48:52.309+0000] {dag.py:2585} INFO - Sync 1 DAGs
[2022-11-07T22:48:52.357+0000] {logging_mixin.py:120} INFO - [2022-11-07T22:48:52.356+0000] {dag.py:3340} INFO - Setting next_dagrun for example_task_group_decorator to 2022-11-06T22:48:52.356780+00:00, run_after=2022-11-07T22:48:52.356780+00:00
[2022-11-07T22:48:52.399+0000] {processor.py:176} INFO - Processing /home/airflow/.local/lib/python3.7/site-packages/airflow/example_dags/example_task_group_decorator.py took 0.413 seconds
[2022-11-07T23:21:16.327+0000] {processor.py:154} INFO - Started process (PID=53236) to work on /home/airflow/.local/lib/python3.7/site-packages/airflow/example_dags/example_task_group_decorator.py
[2022-11-07T23:21:16.330+0000] {processor.py:756} INFO - Processing file /home/airflow/.local/lib/python3.7/site-packages/airflow/example_dags/example_task_group_decorator.py for tasks to queue
[2022-11-07T23:21:16.332+0000] {logging_mixin.py:120} INFO - [2022-11-07T23:21:16.332+0000] {dagbag.py:537} INFO - Filling up the DagBag from /home/airflow/.local/lib/python3.7/site-packages/airflow/example_dags/example_task_group_decorator.py
[2022-11-07T23:21:16.378+0000] {processor.py:766} INFO - DAG(s) dict_keys(['example_task_group_decorator']) retrieved from /home/airflow/.local/lib/python3.7/site-packages/airflow/example_dags/example_task_group_decorator.py
[2022-11-07T23:21:16.445+0000] {logging_mixin.py:120} INFO - [2022-11-07T23:21:16.445+0000] {dag.py:2585} INFO - Sync 1 DAGs
[2022-11-07T23:21:16.480+0000] {logging_mixin.py:120} INFO - [2022-11-07T23:21:16.480+0000] {dag.py:3340} INFO - Setting next_dagrun for example_task_group_decorator to 2022-11-06T23:21:16.480489+00:00, run_after=2022-11-07T23:21:16.480489+00:00
[2022-11-07T23:21:16.726+0000] {processor.py:176} INFO - Processing /home/airflow/.local/lib/python3.7/site-packages/airflow/example_dags/example_task_group_decorator.py took 0.403 seconds
[2022-11-07T23:59:00.935+0000] {processor.py:154} INFO - Started process (PID=53303) to work on /home/airflow/.local/lib/python3.7/site-packages/airflow/example_dags/example_task_group_decorator.py
[2022-11-07T23:59:00.938+0000] {processor.py:756} INFO - Processing file /home/airflow/.local/lib/python3.7/site-packages/airflow/example_dags/example_task_group_decorator.py for tasks to queue
[2022-11-07T23:59:00.940+0000] {logging_mixin.py:120} INFO - [2022-11-07T23:59:00.940+0000] {dagbag.py:537} INFO - Filling up the DagBag from /home/airflow/.local/lib/python3.7/site-packages/airflow/example_dags/example_task_group_decorator.py
[2022-11-07T23:59:00.966+0000] {processor.py:766} INFO - DAG(s) dict_keys(['example_task_group_decorator']) retrieved from /home/airflow/.local/lib/python3.7/site-packages/airflow/example_dags/example_task_group_decorator.py
[2022-11-07T23:59:01.014+0000] {logging_mixin.py:120} INFO - [2022-11-07T23:59:01.014+0000] {dag.py:2585} INFO - Sync 1 DAGs
[2022-11-07T23:59:01.159+0000] {logging_mixin.py:120} INFO - [2022-11-07T23:59:01.159+0000] {dag.py:3340} INFO - Setting next_dagrun for example_task_group_decorator to 2022-11-06T23:59:01.159050+00:00, run_after=2022-11-07T23:59:01.159050+00:00
[2022-11-07T23:59:01.172+0000] {processor.py:176} INFO - Processing /home/airflow/.local/lib/python3.7/site-packages/airflow/example_dags/example_task_group_decorator.py took 0.240 seconds
