[2022-11-07T17:10:55.315+0000] {processor.py:154} INFO - Started process (PID=52186) to work on /home/airflow/.local/lib/python3.7/site-packages/airflow/example_dags/example_datasets.py
[2022-11-07T17:10:55.319+0000] {processor.py:756} INFO - Processing file /home/airflow/.local/lib/python3.7/site-packages/airflow/example_dags/example_datasets.py for tasks to queue
[2022-11-07T17:10:55.323+0000] {logging_mixin.py:120} INFO - [2022-11-07T17:10:55.323+0000] {dagbag.py:537} INFO - Filling up the DagBag from /home/airflow/.local/lib/python3.7/site-packages/airflow/example_dags/example_datasets.py
[2022-11-07T17:10:55.387+0000] {processor.py:766} INFO - DAG(s) dict_keys(['dataset_produces_1', 'dataset_consumes_1_never_scheduled', 'dataset_consumes_unknown_never_scheduled', 'dataset_consumes_1', 'dataset_produces_2', 'dataset_consumes_1_and_2']) retrieved from /home/airflow/.local/lib/python3.7/site-packages/airflow/example_dags/example_datasets.py
[2022-11-07T17:10:55.566+0000] {logging_mixin.py:120} INFO - [2022-11-07T17:10:55.566+0000] {dag.py:2585} INFO - Sync 6 DAGs
[2022-11-07T17:10:55.630+0000] {logging_mixin.py:120} INFO - [2022-11-07T17:10:55.630+0000] {dag.py:3340} INFO - Setting next_dagrun for dataset_consumes_1 to None, run_after=None
[2022-11-07T17:10:55.640+0000] {logging_mixin.py:120} INFO - [2022-11-07T17:10:55.640+0000] {dag.py:3340} INFO - Setting next_dagrun for dataset_consumes_1_and_2 to None, run_after=None
[2022-11-07T17:10:55.645+0000] {logging_mixin.py:120} INFO - [2022-11-07T17:10:55.645+0000] {dag.py:3340} INFO - Setting next_dagrun for dataset_consumes_1_never_scheduled to None, run_after=None
[2022-11-07T17:10:55.652+0000] {logging_mixin.py:120} INFO - [2022-11-07T17:10:55.652+0000] {dag.py:3340} INFO - Setting next_dagrun for dataset_consumes_unknown_never_scheduled to None, run_after=None
[2022-11-07T17:10:55.661+0000] {logging_mixin.py:120} INFO - [2022-11-07T17:10:55.661+0000] {dag.py:3340} INFO - Setting next_dagrun for dataset_produces_1 to 2022-11-06T00:00:00+00:00, run_after=2022-11-07T00:00:00+00:00
[2022-11-07T17:10:55.664+0000] {logging_mixin.py:120} INFO - [2022-11-07T17:10:55.664+0000] {dag.py:3340} INFO - Setting next_dagrun for dataset_produces_2 to None, run_after=None
[2022-11-07T17:10:55.730+0000] {processor.py:176} INFO - Processing /home/airflow/.local/lib/python3.7/site-packages/airflow/example_dags/example_datasets.py took 0.428 seconds
[2022-11-07T17:11:26.328+0000] {processor.py:154} INFO - Started process (PID=52243) to work on /home/airflow/.local/lib/python3.7/site-packages/airflow/example_dags/example_datasets.py
[2022-11-07T17:11:26.329+0000] {processor.py:756} INFO - Processing file /home/airflow/.local/lib/python3.7/site-packages/airflow/example_dags/example_datasets.py for tasks to queue
[2022-11-07T17:11:26.330+0000] {logging_mixin.py:120} INFO - [2022-11-07T17:11:26.330+0000] {dagbag.py:537} INFO - Filling up the DagBag from /home/airflow/.local/lib/python3.7/site-packages/airflow/example_dags/example_datasets.py
[2022-11-07T17:11:26.344+0000] {processor.py:766} INFO - DAG(s) dict_keys(['dataset_consumes_1_never_scheduled', 'dataset_consumes_1', 'dataset_produces_1', 'dataset_consumes_1_and_2', 'dataset_consumes_unknown_never_scheduled', 'dataset_produces_2']) retrieved from /home/airflow/.local/lib/python3.7/site-packages/airflow/example_dags/example_datasets.py
[2022-11-07T17:11:26.384+0000] {logging_mixin.py:120} INFO - [2022-11-07T17:11:26.384+0000] {dag.py:2585} INFO - Sync 6 DAGs
[2022-11-07T17:11:26.400+0000] {logging_mixin.py:120} INFO - [2022-11-07T17:11:26.400+0000] {dag.py:3340} INFO - Setting next_dagrun for dataset_consumes_1 to None, run_after=None
[2022-11-07T17:11:26.403+0000] {logging_mixin.py:120} INFO - [2022-11-07T17:11:26.403+0000] {dag.py:3340} INFO - Setting next_dagrun for dataset_consumes_1_and_2 to None, run_after=None
[2022-11-07T17:11:26.405+0000] {logging_mixin.py:120} INFO - [2022-11-07T17:11:26.405+0000] {dag.py:3340} INFO - Setting next_dagrun for dataset_consumes_1_never_scheduled to None, run_after=None
[2022-11-07T17:11:26.407+0000] {logging_mixin.py:120} INFO - [2022-11-07T17:11:26.407+0000] {dag.py:3340} INFO - Setting next_dagrun for dataset_consumes_unknown_never_scheduled to None, run_after=None
[2022-11-07T17:11:26.418+0000] {logging_mixin.py:120} INFO - [2022-11-07T17:11:26.418+0000] {dag.py:3340} INFO - Setting next_dagrun for dataset_produces_1 to 2022-11-06T00:00:00+00:00, run_after=2022-11-07T00:00:00+00:00
[2022-11-07T17:11:26.420+0000] {logging_mixin.py:120} INFO - [2022-11-07T17:11:26.420+0000] {dag.py:3340} INFO - Setting next_dagrun for dataset_produces_2 to None, run_after=None
[2022-11-07T17:11:26.564+0000] {processor.py:176} INFO - Processing /home/airflow/.local/lib/python3.7/site-packages/airflow/example_dags/example_datasets.py took 0.239 seconds
[2022-11-07T17:11:57.229+0000] {processor.py:154} INFO - Started process (PID=52309) to work on /home/airflow/.local/lib/python3.7/site-packages/airflow/example_dags/example_datasets.py
[2022-11-07T17:11:57.231+0000] {processor.py:756} INFO - Processing file /home/airflow/.local/lib/python3.7/site-packages/airflow/example_dags/example_datasets.py for tasks to queue
[2022-11-07T17:11:57.232+0000] {logging_mixin.py:120} INFO - [2022-11-07T17:11:57.232+0000] {dagbag.py:537} INFO - Filling up the DagBag from /home/airflow/.local/lib/python3.7/site-packages/airflow/example_dags/example_datasets.py
[2022-11-07T17:11:57.248+0000] {processor.py:766} INFO - DAG(s) dict_keys(['dataset_produces_1', 'dataset_consumes_unknown_never_scheduled', 'dataset_consumes_1', 'dataset_consumes_1_never_scheduled', 'dataset_produces_2', 'dataset_consumes_1_and_2']) retrieved from /home/airflow/.local/lib/python3.7/site-packages/airflow/example_dags/example_datasets.py
[2022-11-07T17:11:57.285+0000] {logging_mixin.py:120} INFO - [2022-11-07T17:11:57.285+0000] {dag.py:2585} INFO - Sync 6 DAGs
[2022-11-07T17:11:57.406+0000] {logging_mixin.py:120} INFO - [2022-11-07T17:11:57.406+0000] {dag.py:3340} INFO - Setting next_dagrun for dataset_consumes_1 to None, run_after=None
[2022-11-07T17:11:57.412+0000] {logging_mixin.py:120} INFO - [2022-11-07T17:11:57.412+0000] {dag.py:3340} INFO - Setting next_dagrun for dataset_consumes_1_and_2 to None, run_after=None
[2022-11-07T17:11:57.418+0000] {logging_mixin.py:120} INFO - [2022-11-07T17:11:57.418+0000] {dag.py:3340} INFO - Setting next_dagrun for dataset_consumes_1_never_scheduled to None, run_after=None
[2022-11-07T17:11:57.421+0000] {logging_mixin.py:120} INFO - [2022-11-07T17:11:57.421+0000] {dag.py:3340} INFO - Setting next_dagrun for dataset_consumes_unknown_never_scheduled to None, run_after=None
[2022-11-07T17:11:57.424+0000] {logging_mixin.py:120} INFO - [2022-11-07T17:11:57.424+0000] {dag.py:3340} INFO - Setting next_dagrun for dataset_produces_1 to 2022-11-06T00:00:00+00:00, run_after=2022-11-07T00:00:00+00:00
[2022-11-07T17:11:57.425+0000] {logging_mixin.py:120} INFO - [2022-11-07T17:11:57.425+0000] {dag.py:3340} INFO - Setting next_dagrun for dataset_produces_2 to None, run_after=None
[2022-11-07T17:11:57.449+0000] {processor.py:176} INFO - Processing /home/airflow/.local/lib/python3.7/site-packages/airflow/example_dags/example_datasets.py took 0.223 seconds
[2022-11-07T17:12:27.515+0000] {processor.py:154} INFO - Started process (PID=52377) to work on /home/airflow/.local/lib/python3.7/site-packages/airflow/example_dags/example_datasets.py
[2022-11-07T17:12:27.517+0000] {processor.py:756} INFO - Processing file /home/airflow/.local/lib/python3.7/site-packages/airflow/example_dags/example_datasets.py for tasks to queue
[2022-11-07T17:12:27.519+0000] {logging_mixin.py:120} INFO - [2022-11-07T17:12:27.518+0000] {dagbag.py:537} INFO - Filling up the DagBag from /home/airflow/.local/lib/python3.7/site-packages/airflow/example_dags/example_datasets.py
[2022-11-07T17:12:27.535+0000] {processor.py:766} INFO - DAG(s) dict_keys(['dataset_consumes_1', 'dataset_consumes_1_and_2', 'dataset_produces_1', 'dataset_produces_2', 'dataset_consumes_1_never_scheduled', 'dataset_consumes_unknown_never_scheduled']) retrieved from /home/airflow/.local/lib/python3.7/site-packages/airflow/example_dags/example_datasets.py
[2022-11-07T17:12:27.577+0000] {logging_mixin.py:120} INFO - [2022-11-07T17:12:27.577+0000] {dag.py:2585} INFO - Sync 6 DAGs
[2022-11-07T17:12:27.699+0000] {logging_mixin.py:120} INFO - [2022-11-07T17:12:27.698+0000] {dag.py:3340} INFO - Setting next_dagrun for dataset_consumes_1 to None, run_after=None
[2022-11-07T17:12:27.702+0000] {logging_mixin.py:120} INFO - [2022-11-07T17:12:27.702+0000] {dag.py:3340} INFO - Setting next_dagrun for dataset_consumes_1_and_2 to None, run_after=None
[2022-11-07T17:12:27.711+0000] {logging_mixin.py:120} INFO - [2022-11-07T17:12:27.711+0000] {dag.py:3340} INFO - Setting next_dagrun for dataset_consumes_1_never_scheduled to None, run_after=None
[2022-11-07T17:12:27.713+0000] {logging_mixin.py:120} INFO - [2022-11-07T17:12:27.712+0000] {dag.py:3340} INFO - Setting next_dagrun for dataset_consumes_unknown_never_scheduled to None, run_after=None
[2022-11-07T17:12:27.715+0000] {logging_mixin.py:120} INFO - [2022-11-07T17:12:27.715+0000] {dag.py:3340} INFO - Setting next_dagrun for dataset_produces_1 to 2022-11-06T00:00:00+00:00, run_after=2022-11-07T00:00:00+00:00
[2022-11-07T17:12:27.717+0000] {logging_mixin.py:120} INFO - [2022-11-07T17:12:27.717+0000] {dag.py:3340} INFO - Setting next_dagrun for dataset_produces_2 to None, run_after=None
[2022-11-07T17:12:27.733+0000] {processor.py:176} INFO - Processing /home/airflow/.local/lib/python3.7/site-packages/airflow/example_dags/example_datasets.py took 0.221 seconds
[2022-11-07T17:12:58.018+0000] {processor.py:154} INFO - Started process (PID=52444) to work on /home/airflow/.local/lib/python3.7/site-packages/airflow/example_dags/example_datasets.py
[2022-11-07T17:12:58.020+0000] {processor.py:756} INFO - Processing file /home/airflow/.local/lib/python3.7/site-packages/airflow/example_dags/example_datasets.py for tasks to queue
[2022-11-07T17:12:58.021+0000] {logging_mixin.py:120} INFO - [2022-11-07T17:12:58.021+0000] {dagbag.py:537} INFO - Filling up the DagBag from /home/airflow/.local/lib/python3.7/site-packages/airflow/example_dags/example_datasets.py
[2022-11-07T17:12:58.038+0000] {processor.py:766} INFO - DAG(s) dict_keys(['dataset_produces_2', 'dataset_consumes_1_and_2', 'dataset_consumes_1', 'dataset_produces_1', 'dataset_consumes_unknown_never_scheduled', 'dataset_consumes_1_never_scheduled']) retrieved from /home/airflow/.local/lib/python3.7/site-packages/airflow/example_dags/example_datasets.py
[2022-11-07T17:12:58.180+0000] {logging_mixin.py:120} INFO - [2022-11-07T17:12:58.180+0000] {dag.py:2585} INFO - Sync 6 DAGs
[2022-11-07T17:12:58.196+0000] {logging_mixin.py:120} INFO - [2022-11-07T17:12:58.196+0000] {dag.py:3340} INFO - Setting next_dagrun for dataset_consumes_1 to None, run_after=None
[2022-11-07T17:12:58.199+0000] {logging_mixin.py:120} INFO - [2022-11-07T17:12:58.199+0000] {dag.py:3340} INFO - Setting next_dagrun for dataset_consumes_1_and_2 to None, run_after=None
[2022-11-07T17:12:58.201+0000] {logging_mixin.py:120} INFO - [2022-11-07T17:12:58.201+0000] {dag.py:3340} INFO - Setting next_dagrun for dataset_consumes_1_never_scheduled to None, run_after=None
[2022-11-07T17:12:58.203+0000] {logging_mixin.py:120} INFO - [2022-11-07T17:12:58.203+0000] {dag.py:3340} INFO - Setting next_dagrun for dataset_consumes_unknown_never_scheduled to None, run_after=None
[2022-11-07T17:12:58.205+0000] {logging_mixin.py:120} INFO - [2022-11-07T17:12:58.205+0000] {dag.py:3340} INFO - Setting next_dagrun for dataset_produces_1 to 2022-11-06T00:00:00+00:00, run_after=2022-11-07T00:00:00+00:00
[2022-11-07T17:12:58.206+0000] {logging_mixin.py:120} INFO - [2022-11-07T17:12:58.206+0000] {dag.py:3340} INFO - Setting next_dagrun for dataset_produces_2 to None, run_after=None
[2022-11-07T17:12:58.221+0000] {processor.py:176} INFO - Processing /home/airflow/.local/lib/python3.7/site-packages/airflow/example_dags/example_datasets.py took 0.206 seconds
[2022-11-07T17:13:28.654+0000] {processor.py:154} INFO - Started process (PID=52510) to work on /home/airflow/.local/lib/python3.7/site-packages/airflow/example_dags/example_datasets.py
[2022-11-07T17:13:28.656+0000] {processor.py:756} INFO - Processing file /home/airflow/.local/lib/python3.7/site-packages/airflow/example_dags/example_datasets.py for tasks to queue
[2022-11-07T17:13:28.660+0000] {logging_mixin.py:120} INFO - [2022-11-07T17:13:28.659+0000] {dagbag.py:537} INFO - Filling up the DagBag from /home/airflow/.local/lib/python3.7/site-packages/airflow/example_dags/example_datasets.py
[2022-11-07T17:13:28.680+0000] {processor.py:766} INFO - DAG(s) dict_keys(['dataset_consumes_1_and_2', 'dataset_consumes_1_never_scheduled', 'dataset_produces_1', 'dataset_consumes_unknown_never_scheduled', 'dataset_consumes_1', 'dataset_produces_2']) retrieved from /home/airflow/.local/lib/python3.7/site-packages/airflow/example_dags/example_datasets.py
[2022-11-07T17:13:28.743+0000] {logging_mixin.py:120} INFO - [2022-11-07T17:13:28.743+0000] {dag.py:2585} INFO - Sync 6 DAGs
[2022-11-07T17:13:28.768+0000] {logging_mixin.py:120} INFO - [2022-11-07T17:13:28.768+0000] {dag.py:3340} INFO - Setting next_dagrun for dataset_consumes_1 to None, run_after=None
[2022-11-07T17:13:28.777+0000] {logging_mixin.py:120} INFO - [2022-11-07T17:13:28.777+0000] {dag.py:3340} INFO - Setting next_dagrun for dataset_consumes_1_and_2 to None, run_after=None
[2022-11-07T17:13:28.779+0000] {logging_mixin.py:120} INFO - [2022-11-07T17:13:28.779+0000] {dag.py:3340} INFO - Setting next_dagrun for dataset_consumes_1_never_scheduled to None, run_after=None
[2022-11-07T17:13:28.780+0000] {logging_mixin.py:120} INFO - [2022-11-07T17:13:28.780+0000] {dag.py:3340} INFO - Setting next_dagrun for dataset_consumes_unknown_never_scheduled to None, run_after=None
[2022-11-07T17:13:28.786+0000] {logging_mixin.py:120} INFO - [2022-11-07T17:13:28.786+0000] {dag.py:3340} INFO - Setting next_dagrun for dataset_produces_1 to 2022-11-06T00:00:00+00:00, run_after=2022-11-07T00:00:00+00:00
[2022-11-07T17:13:28.791+0000] {logging_mixin.py:120} INFO - [2022-11-07T17:13:28.791+0000] {dag.py:3340} INFO - Setting next_dagrun for dataset_produces_2 to None, run_after=None
[2022-11-07T17:13:29.068+0000] {processor.py:176} INFO - Processing /home/airflow/.local/lib/python3.7/site-packages/airflow/example_dags/example_datasets.py took 0.417 seconds
[2022-11-07T17:13:59.347+0000] {processor.py:154} INFO - Started process (PID=52568) to work on /home/airflow/.local/lib/python3.7/site-packages/airflow/example_dags/example_datasets.py
[2022-11-07T17:13:59.349+0000] {processor.py:756} INFO - Processing file /home/airflow/.local/lib/python3.7/site-packages/airflow/example_dags/example_datasets.py for tasks to queue
[2022-11-07T17:13:59.351+0000] {logging_mixin.py:120} INFO - [2022-11-07T17:13:59.351+0000] {dagbag.py:537} INFO - Filling up the DagBag from /home/airflow/.local/lib/python3.7/site-packages/airflow/example_dags/example_datasets.py
[2022-11-07T17:13:59.368+0000] {processor.py:766} INFO - DAG(s) dict_keys(['dataset_consumes_1_and_2', 'dataset_consumes_1', 'dataset_produces_2', 'dataset_produces_1', 'dataset_consumes_1_never_scheduled', 'dataset_consumes_unknown_never_scheduled']) retrieved from /home/airflow/.local/lib/python3.7/site-packages/airflow/example_dags/example_datasets.py
[2022-11-07T17:13:59.406+0000] {logging_mixin.py:120} INFO - [2022-11-07T17:13:59.406+0000] {dag.py:2585} INFO - Sync 6 DAGs
[2022-11-07T17:13:59.525+0000] {logging_mixin.py:120} INFO - [2022-11-07T17:13:59.524+0000] {dag.py:3340} INFO - Setting next_dagrun for dataset_consumes_1 to None, run_after=None
[2022-11-07T17:13:59.527+0000] {logging_mixin.py:120} INFO - [2022-11-07T17:13:59.527+0000] {dag.py:3340} INFO - Setting next_dagrun for dataset_consumes_1_and_2 to None, run_after=None
[2022-11-07T17:13:59.529+0000] {logging_mixin.py:120} INFO - [2022-11-07T17:13:59.529+0000] {dag.py:3340} INFO - Setting next_dagrun for dataset_consumes_1_never_scheduled to None, run_after=None
[2022-11-07T17:13:59.531+0000] {logging_mixin.py:120} INFO - [2022-11-07T17:13:59.531+0000] {dag.py:3340} INFO - Setting next_dagrun for dataset_consumes_unknown_never_scheduled to None, run_after=None
[2022-11-07T17:13:59.534+0000] {logging_mixin.py:120} INFO - [2022-11-07T17:13:59.534+0000] {dag.py:3340} INFO - Setting next_dagrun for dataset_produces_1 to 2022-11-06T00:00:00+00:00, run_after=2022-11-07T00:00:00+00:00
[2022-11-07T17:13:59.537+0000] {logging_mixin.py:120} INFO - [2022-11-07T17:13:59.537+0000] {dag.py:3340} INFO - Setting next_dagrun for dataset_produces_2 to None, run_after=None
[2022-11-07T17:13:59.553+0000] {processor.py:176} INFO - Processing /home/airflow/.local/lib/python3.7/site-packages/airflow/example_dags/example_datasets.py took 0.211 seconds
[2022-11-07T17:14:30.068+0000] {processor.py:154} INFO - Started process (PID=52635) to work on /home/airflow/.local/lib/python3.7/site-packages/airflow/example_dags/example_datasets.py
[2022-11-07T17:14:30.081+0000] {processor.py:756} INFO - Processing file /home/airflow/.local/lib/python3.7/site-packages/airflow/example_dags/example_datasets.py for tasks to queue
[2022-11-07T17:14:30.083+0000] {logging_mixin.py:120} INFO - [2022-11-07T17:14:30.083+0000] {dagbag.py:537} INFO - Filling up the DagBag from /home/airflow/.local/lib/python3.7/site-packages/airflow/example_dags/example_datasets.py
[2022-11-07T17:14:30.099+0000] {processor.py:766} INFO - DAG(s) dict_keys(['dataset_produces_1', 'dataset_consumes_1_and_2', 'dataset_consumes_1_never_scheduled', 'dataset_consumes_1', 'dataset_consumes_unknown_never_scheduled', 'dataset_produces_2']) retrieved from /home/airflow/.local/lib/python3.7/site-packages/airflow/example_dags/example_datasets.py
[2022-11-07T17:14:30.142+0000] {logging_mixin.py:120} INFO - [2022-11-07T17:14:30.142+0000] {dag.py:2585} INFO - Sync 6 DAGs
[2022-11-07T17:14:30.261+0000] {logging_mixin.py:120} INFO - [2022-11-07T17:14:30.261+0000] {dag.py:3340} INFO - Setting next_dagrun for dataset_consumes_1 to None, run_after=None
[2022-11-07T17:14:30.264+0000] {logging_mixin.py:120} INFO - [2022-11-07T17:14:30.264+0000] {dag.py:3340} INFO - Setting next_dagrun for dataset_consumes_1_and_2 to None, run_after=None
[2022-11-07T17:14:30.265+0000] {logging_mixin.py:120} INFO - [2022-11-07T17:14:30.265+0000] {dag.py:3340} INFO - Setting next_dagrun for dataset_consumes_1_never_scheduled to None, run_after=None
[2022-11-07T17:14:30.267+0000] {logging_mixin.py:120} INFO - [2022-11-07T17:14:30.267+0000] {dag.py:3340} INFO - Setting next_dagrun for dataset_consumes_unknown_never_scheduled to None, run_after=None
[2022-11-07T17:14:30.269+0000] {logging_mixin.py:120} INFO - [2022-11-07T17:14:30.269+0000] {dag.py:3340} INFO - Setting next_dagrun for dataset_produces_1 to 2022-11-06T00:00:00+00:00, run_after=2022-11-07T00:00:00+00:00
[2022-11-07T17:14:30.272+0000] {logging_mixin.py:120} INFO - [2022-11-07T17:14:30.271+0000] {dag.py:3340} INFO - Setting next_dagrun for dataset_produces_2 to None, run_after=None
[2022-11-07T17:14:30.287+0000] {processor.py:176} INFO - Processing /home/airflow/.local/lib/python3.7/site-packages/airflow/example_dags/example_datasets.py took 0.224 seconds
[2022-11-07T17:21:21.529+0000] {processor.py:154} INFO - Started process (PID=52703) to work on /home/airflow/.local/lib/python3.7/site-packages/airflow/example_dags/example_datasets.py
[2022-11-07T17:21:21.531+0000] {processor.py:756} INFO - Processing file /home/airflow/.local/lib/python3.7/site-packages/airflow/example_dags/example_datasets.py for tasks to queue
[2022-11-07T17:21:21.532+0000] {logging_mixin.py:120} INFO - [2022-11-07T17:21:21.532+0000] {dagbag.py:537} INFO - Filling up the DagBag from /home/airflow/.local/lib/python3.7/site-packages/airflow/example_dags/example_datasets.py
[2022-11-07T17:21:21.549+0000] {processor.py:766} INFO - DAG(s) dict_keys(['dataset_consumes_1', 'dataset_consumes_1_never_scheduled', 'dataset_produces_1', 'dataset_produces_2', 'dataset_consumes_1_and_2', 'dataset_consumes_unknown_never_scheduled']) retrieved from /home/airflow/.local/lib/python3.7/site-packages/airflow/example_dags/example_datasets.py
[2022-11-07T17:21:21.730+0000] {logging_mixin.py:120} INFO - [2022-11-07T17:21:21.730+0000] {dag.py:2585} INFO - Sync 6 DAGs
[2022-11-07T17:21:21.746+0000] {logging_mixin.py:120} INFO - [2022-11-07T17:21:21.746+0000] {dag.py:3340} INFO - Setting next_dagrun for dataset_consumes_1 to None, run_after=None
[2022-11-07T17:21:21.750+0000] {logging_mixin.py:120} INFO - [2022-11-07T17:21:21.750+0000] {dag.py:3340} INFO - Setting next_dagrun for dataset_consumes_1_and_2 to None, run_after=None
[2022-11-07T17:21:21.752+0000] {logging_mixin.py:120} INFO - [2022-11-07T17:21:21.752+0000] {dag.py:3340} INFO - Setting next_dagrun for dataset_consumes_1_never_scheduled to None, run_after=None
[2022-11-07T17:21:21.754+0000] {logging_mixin.py:120} INFO - [2022-11-07T17:21:21.754+0000] {dag.py:3340} INFO - Setting next_dagrun for dataset_consumes_unknown_never_scheduled to None, run_after=None
[2022-11-07T17:21:21.757+0000] {logging_mixin.py:120} INFO - [2022-11-07T17:21:21.757+0000] {dag.py:3340} INFO - Setting next_dagrun for dataset_produces_1 to 2022-11-06T00:00:00+00:00, run_after=2022-11-07T00:00:00+00:00
[2022-11-07T17:21:21.759+0000] {logging_mixin.py:120} INFO - [2022-11-07T17:21:21.759+0000] {dag.py:3340} INFO - Setting next_dagrun for dataset_produces_2 to None, run_after=None
[2022-11-07T17:21:21.777+0000] {processor.py:176} INFO - Processing /home/airflow/.local/lib/python3.7/site-packages/airflow/example_dags/example_datasets.py took 0.252 seconds
[2022-11-07T17:53:18.372+0000] {processor.py:154} INFO - Started process (PID=52772) to work on /home/airflow/.local/lib/python3.7/site-packages/airflow/example_dags/example_datasets.py
[2022-11-07T17:53:18.382+0000] {processor.py:756} INFO - Processing file /home/airflow/.local/lib/python3.7/site-packages/airflow/example_dags/example_datasets.py for tasks to queue
[2022-11-07T17:53:18.385+0000] {logging_mixin.py:120} INFO - [2022-11-07T17:53:18.385+0000] {dagbag.py:537} INFO - Filling up the DagBag from /home/airflow/.local/lib/python3.7/site-packages/airflow/example_dags/example_datasets.py
[2022-11-07T17:53:18.429+0000] {processor.py:766} INFO - DAG(s) dict_keys(['dataset_consumes_1', 'dataset_produces_1', 'dataset_produces_2', 'dataset_consumes_1_and_2', 'dataset_consumes_unknown_never_scheduled', 'dataset_consumes_1_never_scheduled']) retrieved from /home/airflow/.local/lib/python3.7/site-packages/airflow/example_dags/example_datasets.py
[2022-11-07T17:53:18.544+0000] {logging_mixin.py:120} INFO - [2022-11-07T17:53:18.544+0000] {dag.py:2585} INFO - Sync 6 DAGs
[2022-11-07T17:53:18.588+0000] {logging_mixin.py:120} INFO - [2022-11-07T17:53:18.588+0000] {dag.py:3340} INFO - Setting next_dagrun for dataset_consumes_1 to None, run_after=None
[2022-11-07T17:53:18.597+0000] {logging_mixin.py:120} INFO - [2022-11-07T17:53:18.597+0000] {dag.py:3340} INFO - Setting next_dagrun for dataset_consumes_1_and_2 to None, run_after=None
[2022-11-07T17:53:18.600+0000] {logging_mixin.py:120} INFO - [2022-11-07T17:53:18.599+0000] {dag.py:3340} INFO - Setting next_dagrun for dataset_consumes_1_never_scheduled to None, run_after=None
[2022-11-07T17:53:18.601+0000] {logging_mixin.py:120} INFO - [2022-11-07T17:53:18.601+0000] {dag.py:3340} INFO - Setting next_dagrun for dataset_consumes_unknown_never_scheduled to None, run_after=None
[2022-11-07T17:53:18.604+0000] {logging_mixin.py:120} INFO - [2022-11-07T17:53:18.604+0000] {dag.py:3340} INFO - Setting next_dagrun for dataset_produces_1 to 2022-11-06T00:00:00+00:00, run_after=2022-11-07T00:00:00+00:00
[2022-11-07T17:53:18.608+0000] {logging_mixin.py:120} INFO - [2022-11-07T17:53:18.607+0000] {dag.py:3340} INFO - Setting next_dagrun for dataset_produces_2 to None, run_after=None
[2022-11-07T17:53:18.984+0000] {processor.py:176} INFO - Processing /home/airflow/.local/lib/python3.7/site-packages/airflow/example_dags/example_datasets.py took 0.615 seconds
[2022-11-07T18:20:18.383+0000] {processor.py:154} INFO - Started process (PID=52839) to work on /home/airflow/.local/lib/python3.7/site-packages/airflow/example_dags/example_datasets.py
[2022-11-07T18:20:18.388+0000] {processor.py:756} INFO - Processing file /home/airflow/.local/lib/python3.7/site-packages/airflow/example_dags/example_datasets.py for tasks to queue
[2022-11-07T18:20:18.392+0000] {logging_mixin.py:120} INFO - [2022-11-07T18:20:18.392+0000] {dagbag.py:537} INFO - Filling up the DagBag from /home/airflow/.local/lib/python3.7/site-packages/airflow/example_dags/example_datasets.py
[2022-11-07T18:20:18.444+0000] {processor.py:766} INFO - DAG(s) dict_keys(['dataset_consumes_1', 'dataset_consumes_1_and_2', 'dataset_consumes_1_never_scheduled', 'dataset_consumes_unknown_never_scheduled', 'dataset_produces_2', 'dataset_produces_1']) retrieved from /home/airflow/.local/lib/python3.7/site-packages/airflow/example_dags/example_datasets.py
[2022-11-07T18:20:18.567+0000] {logging_mixin.py:120} INFO - [2022-11-07T18:20:18.567+0000] {dag.py:2585} INFO - Sync 6 DAGs
[2022-11-07T18:20:18.968+0000] {logging_mixin.py:120} INFO - [2022-11-07T18:20:18.967+0000] {dag.py:3340} INFO - Setting next_dagrun for dataset_consumes_1 to None, run_after=None
[2022-11-07T18:20:18.976+0000] {logging_mixin.py:120} INFO - [2022-11-07T18:20:18.974+0000] {dag.py:3340} INFO - Setting next_dagrun for dataset_consumes_1_and_2 to None, run_after=None
[2022-11-07T18:20:18.980+0000] {logging_mixin.py:120} INFO - [2022-11-07T18:20:18.979+0000] {dag.py:3340} INFO - Setting next_dagrun for dataset_consumes_1_never_scheduled to None, run_after=None
[2022-11-07T18:20:18.984+0000] {logging_mixin.py:120} INFO - [2022-11-07T18:20:18.984+0000] {dag.py:3340} INFO - Setting next_dagrun for dataset_consumes_unknown_never_scheduled to None, run_after=None
[2022-11-07T18:20:18.987+0000] {logging_mixin.py:120} INFO - [2022-11-07T18:20:18.987+0000] {dag.py:3340} INFO - Setting next_dagrun for dataset_produces_1 to 2022-11-06T00:00:00+00:00, run_after=2022-11-07T00:00:00+00:00
[2022-11-07T18:20:18.994+0000] {logging_mixin.py:120} INFO - [2022-11-07T18:20:18.994+0000] {dag.py:3340} INFO - Setting next_dagrun for dataset_produces_2 to None, run_after=None
[2022-11-07T18:20:19.042+0000] {processor.py:176} INFO - Processing /home/airflow/.local/lib/python3.7/site-packages/airflow/example_dags/example_datasets.py took 0.668 seconds
[2022-11-07T19:15:50.834+0000] {processor.py:154} INFO - Started process (PID=52897) to work on /home/airflow/.local/lib/python3.7/site-packages/airflow/example_dags/example_datasets.py
[2022-11-07T19:15:50.836+0000] {processor.py:756} INFO - Processing file /home/airflow/.local/lib/python3.7/site-packages/airflow/example_dags/example_datasets.py for tasks to queue
[2022-11-07T19:15:50.840+0000] {logging_mixin.py:120} INFO - [2022-11-07T19:15:50.840+0000] {dagbag.py:537} INFO - Filling up the DagBag from /home/airflow/.local/lib/python3.7/site-packages/airflow/example_dags/example_datasets.py
[2022-11-07T19:15:50.867+0000] {processor.py:766} INFO - DAG(s) dict_keys(['dataset_produces_1', 'dataset_consumes_1_never_scheduled', 'dataset_produces_2', 'dataset_consumes_1_and_2', 'dataset_consumes_unknown_never_scheduled', 'dataset_consumes_1']) retrieved from /home/airflow/.local/lib/python3.7/site-packages/airflow/example_dags/example_datasets.py
[2022-11-07T19:15:50.932+0000] {logging_mixin.py:120} INFO - [2022-11-07T19:15:50.932+0000] {dag.py:2585} INFO - Sync 6 DAGs
[2022-11-07T19:15:51.116+0000] {logging_mixin.py:120} INFO - [2022-11-07T19:15:51.116+0000] {dag.py:3340} INFO - Setting next_dagrun for dataset_consumes_1 to None, run_after=None
[2022-11-07T19:15:51.122+0000] {logging_mixin.py:120} INFO - [2022-11-07T19:15:51.122+0000] {dag.py:3340} INFO - Setting next_dagrun for dataset_consumes_1_and_2 to None, run_after=None
[2022-11-07T19:15:51.125+0000] {logging_mixin.py:120} INFO - [2022-11-07T19:15:51.124+0000] {dag.py:3340} INFO - Setting next_dagrun for dataset_consumes_1_never_scheduled to None, run_after=None
[2022-11-07T19:15:51.127+0000] {logging_mixin.py:120} INFO - [2022-11-07T19:15:51.127+0000] {dag.py:3340} INFO - Setting next_dagrun for dataset_consumes_unknown_never_scheduled to None, run_after=None
[2022-11-07T19:15:51.136+0000] {logging_mixin.py:120} INFO - [2022-11-07T19:15:51.135+0000] {dag.py:3340} INFO - Setting next_dagrun for dataset_produces_1 to 2022-11-06T00:00:00+00:00, run_after=2022-11-07T00:00:00+00:00
[2022-11-07T19:15:51.139+0000] {logging_mixin.py:120} INFO - [2022-11-07T19:15:51.138+0000] {dag.py:3340} INFO - Setting next_dagrun for dataset_produces_2 to None, run_after=None
[2022-11-07T19:15:51.188+0000] {processor.py:176} INFO - Processing /home/airflow/.local/lib/python3.7/site-packages/airflow/example_dags/example_datasets.py took 0.359 seconds
[2022-11-07T19:44:43.316+0000] {processor.py:154} INFO - Started process (PID=52962) to work on /home/airflow/.local/lib/python3.7/site-packages/airflow/example_dags/example_datasets.py
[2022-11-07T19:44:43.318+0000] {processor.py:756} INFO - Processing file /home/airflow/.local/lib/python3.7/site-packages/airflow/example_dags/example_datasets.py for tasks to queue
[2022-11-07T19:44:43.319+0000] {logging_mixin.py:120} INFO - [2022-11-07T19:44:43.319+0000] {dagbag.py:537} INFO - Filling up the DagBag from /home/airflow/.local/lib/python3.7/site-packages/airflow/example_dags/example_datasets.py
[2022-11-07T19:44:43.360+0000] {processor.py:766} INFO - DAG(s) dict_keys(['dataset_produces_2', 'dataset_consumes_1_and_2', 'dataset_produces_1', 'dataset_consumes_1_never_scheduled', 'dataset_consumes_unknown_never_scheduled', 'dataset_consumes_1']) retrieved from /home/airflow/.local/lib/python3.7/site-packages/airflow/example_dags/example_datasets.py
[2022-11-07T19:44:43.731+0000] {logging_mixin.py:120} INFO - [2022-11-07T19:44:43.731+0000] {dag.py:2585} INFO - Sync 6 DAGs
[2022-11-07T19:44:43.760+0000] {logging_mixin.py:120} INFO - [2022-11-07T19:44:43.760+0000] {dag.py:3340} INFO - Setting next_dagrun for dataset_consumes_1 to None, run_after=None
[2022-11-07T19:44:43.768+0000] {logging_mixin.py:120} INFO - [2022-11-07T19:44:43.768+0000] {dag.py:3340} INFO - Setting next_dagrun for dataset_consumes_1_and_2 to None, run_after=None
[2022-11-07T19:44:43.777+0000] {logging_mixin.py:120} INFO - [2022-11-07T19:44:43.777+0000] {dag.py:3340} INFO - Setting next_dagrun for dataset_consumes_1_never_scheduled to None, run_after=None
[2022-11-07T19:44:43.781+0000] {logging_mixin.py:120} INFO - [2022-11-07T19:44:43.781+0000] {dag.py:3340} INFO - Setting next_dagrun for dataset_consumes_unknown_never_scheduled to None, run_after=None
[2022-11-07T19:44:43.785+0000] {logging_mixin.py:120} INFO - [2022-11-07T19:44:43.785+0000] {dag.py:3340} INFO - Setting next_dagrun for dataset_produces_1 to 2022-11-06T00:00:00+00:00, run_after=2022-11-07T00:00:00+00:00
[2022-11-07T19:44:43.788+0000] {logging_mixin.py:120} INFO - [2022-11-07T19:44:43.788+0000] {dag.py:3340} INFO - Setting next_dagrun for dataset_produces_2 to None, run_after=None
[2022-11-07T19:44:43.841+0000] {processor.py:176} INFO - Processing /home/airflow/.local/lib/python3.7/site-packages/airflow/example_dags/example_datasets.py took 0.529 seconds
[2022-11-07T20:51:24.524+0000] {processor.py:154} INFO - Started process (PID=53026) to work on /home/airflow/.local/lib/python3.7/site-packages/airflow/example_dags/example_datasets.py
[2022-11-07T20:51:24.526+0000] {processor.py:756} INFO - Processing file /home/airflow/.local/lib/python3.7/site-packages/airflow/example_dags/example_datasets.py for tasks to queue
[2022-11-07T20:51:24.531+0000] {logging_mixin.py:120} INFO - [2022-11-07T20:51:24.528+0000] {dagbag.py:537} INFO - Filling up the DagBag from /home/airflow/.local/lib/python3.7/site-packages/airflow/example_dags/example_datasets.py
[2022-11-07T20:51:24.565+0000] {processor.py:766} INFO - DAG(s) dict_keys(['dataset_consumes_1_and_2', 'dataset_consumes_1_never_scheduled', 'dataset_produces_1', 'dataset_consumes_1', 'dataset_produces_2', 'dataset_consumes_unknown_never_scheduled']) retrieved from /home/airflow/.local/lib/python3.7/site-packages/airflow/example_dags/example_datasets.py
[2022-11-07T20:51:24.652+0000] {logging_mixin.py:120} INFO - [2022-11-07T20:51:24.651+0000] {dag.py:2585} INFO - Sync 6 DAGs
[2022-11-07T20:51:24.688+0000] {logging_mixin.py:120} INFO - [2022-11-07T20:51:24.687+0000] {dag.py:3340} INFO - Setting next_dagrun for dataset_consumes_1 to None, run_after=None
[2022-11-07T20:51:24.694+0000] {logging_mixin.py:120} INFO - [2022-11-07T20:51:24.694+0000] {dag.py:3340} INFO - Setting next_dagrun for dataset_consumes_1_and_2 to None, run_after=None
[2022-11-07T20:51:24.696+0000] {logging_mixin.py:120} INFO - [2022-11-07T20:51:24.696+0000] {dag.py:3340} INFO - Setting next_dagrun for dataset_consumes_1_never_scheduled to None, run_after=None
[2022-11-07T20:51:24.700+0000] {logging_mixin.py:120} INFO - [2022-11-07T20:51:24.700+0000] {dag.py:3340} INFO - Setting next_dagrun for dataset_consumes_unknown_never_scheduled to None, run_after=None
[2022-11-07T20:51:24.704+0000] {logging_mixin.py:120} INFO - [2022-11-07T20:51:24.704+0000] {dag.py:3340} INFO - Setting next_dagrun for dataset_produces_1 to 2022-11-06T00:00:00+00:00, run_after=2022-11-07T00:00:00+00:00
[2022-11-07T20:51:24.707+0000] {logging_mixin.py:120} INFO - [2022-11-07T20:51:24.707+0000] {dag.py:3340} INFO - Setting next_dagrun for dataset_produces_2 to None, run_after=None
[2022-11-07T20:51:24.902+0000] {processor.py:176} INFO - Processing /home/airflow/.local/lib/python3.7/site-packages/airflow/example_dags/example_datasets.py took 0.384 seconds
[2022-11-07T21:44:42.977+0000] {processor.py:154} INFO - Started process (PID=53087) to work on /home/airflow/.local/lib/python3.7/site-packages/airflow/example_dags/example_datasets.py
[2022-11-07T21:44:42.978+0000] {processor.py:756} INFO - Processing file /home/airflow/.local/lib/python3.7/site-packages/airflow/example_dags/example_datasets.py for tasks to queue
[2022-11-07T21:44:42.980+0000] {logging_mixin.py:120} INFO - [2022-11-07T21:44:42.979+0000] {dagbag.py:537} INFO - Filling up the DagBag from /home/airflow/.local/lib/python3.7/site-packages/airflow/example_dags/example_datasets.py
[2022-11-07T21:44:43.003+0000] {processor.py:766} INFO - DAG(s) dict_keys(['dataset_consumes_1', 'dataset_produces_1', 'dataset_consumes_1_and_2', 'dataset_consumes_unknown_never_scheduled', 'dataset_consumes_1_never_scheduled', 'dataset_produces_2']) retrieved from /home/airflow/.local/lib/python3.7/site-packages/airflow/example_dags/example_datasets.py
[2022-11-07T21:44:43.082+0000] {logging_mixin.py:120} INFO - [2022-11-07T21:44:43.082+0000] {dag.py:2585} INFO - Sync 6 DAGs
[2022-11-07T21:44:43.309+0000] {logging_mixin.py:120} INFO - [2022-11-07T21:44:43.309+0000] {dag.py:3340} INFO - Setting next_dagrun for dataset_consumes_1 to None, run_after=None
[2022-11-07T21:44:43.314+0000] {logging_mixin.py:120} INFO - [2022-11-07T21:44:43.314+0000] {dag.py:3340} INFO - Setting next_dagrun for dataset_consumes_1_and_2 to None, run_after=None
[2022-11-07T21:44:43.316+0000] {logging_mixin.py:120} INFO - [2022-11-07T21:44:43.316+0000] {dag.py:3340} INFO - Setting next_dagrun for dataset_consumes_1_never_scheduled to None, run_after=None
[2022-11-07T21:44:43.318+0000] {logging_mixin.py:120} INFO - [2022-11-07T21:44:43.318+0000] {dag.py:3340} INFO - Setting next_dagrun for dataset_consumes_unknown_never_scheduled to None, run_after=None
[2022-11-07T21:44:43.320+0000] {logging_mixin.py:120} INFO - [2022-11-07T21:44:43.320+0000] {dag.py:3340} INFO - Setting next_dagrun for dataset_produces_1 to 2022-11-06T00:00:00+00:00, run_after=2022-11-07T00:00:00+00:00
[2022-11-07T21:44:43.324+0000] {logging_mixin.py:120} INFO - [2022-11-07T21:44:43.324+0000] {dag.py:3340} INFO - Setting next_dagrun for dataset_produces_2 to None, run_after=None
[2022-11-07T21:44:43.349+0000] {processor.py:176} INFO - Processing /home/airflow/.local/lib/python3.7/site-packages/airflow/example_dags/example_datasets.py took 0.375 seconds
[2022-11-07T22:48:47.791+0000] {processor.py:154} INFO - Started process (PID=53153) to work on /home/airflow/.local/lib/python3.7/site-packages/airflow/example_dags/example_datasets.py
[2022-11-07T22:48:47.793+0000] {processor.py:756} INFO - Processing file /home/airflow/.local/lib/python3.7/site-packages/airflow/example_dags/example_datasets.py for tasks to queue
[2022-11-07T22:48:47.794+0000] {logging_mixin.py:120} INFO - [2022-11-07T22:48:47.794+0000] {dagbag.py:537} INFO - Filling up the DagBag from /home/airflow/.local/lib/python3.7/site-packages/airflow/example_dags/example_datasets.py
[2022-11-07T22:48:47.822+0000] {processor.py:766} INFO - DAG(s) dict_keys(['dataset_consumes_1_and_2', 'dataset_produces_2', 'dataset_consumes_unknown_never_scheduled', 'dataset_produces_1', 'dataset_consumes_1_never_scheduled', 'dataset_consumes_1']) retrieved from /home/airflow/.local/lib/python3.7/site-packages/airflow/example_dags/example_datasets.py
[2022-11-07T22:48:48.192+0000] {logging_mixin.py:120} INFO - [2022-11-07T22:48:48.192+0000] {dag.py:2585} INFO - Sync 6 DAGs
[2022-11-07T22:48:48.229+0000] {logging_mixin.py:120} INFO - [2022-11-07T22:48:48.229+0000] {dag.py:3340} INFO - Setting next_dagrun for dataset_consumes_1 to None, run_after=None
[2022-11-07T22:48:48.239+0000] {logging_mixin.py:120} INFO - [2022-11-07T22:48:48.239+0000] {dag.py:3340} INFO - Setting next_dagrun for dataset_consumes_1_and_2 to None, run_after=None
[2022-11-07T22:48:48.242+0000] {logging_mixin.py:120} INFO - [2022-11-07T22:48:48.242+0000] {dag.py:3340} INFO - Setting next_dagrun for dataset_consumes_1_never_scheduled to None, run_after=None
[2022-11-07T22:48:48.247+0000] {logging_mixin.py:120} INFO - [2022-11-07T22:48:48.247+0000] {dag.py:3340} INFO - Setting next_dagrun for dataset_consumes_unknown_never_scheduled to None, run_after=None
[2022-11-07T22:48:48.251+0000] {logging_mixin.py:120} INFO - [2022-11-07T22:48:48.251+0000] {dag.py:3340} INFO - Setting next_dagrun for dataset_produces_1 to 2022-11-06T00:00:00+00:00, run_after=2022-11-07T00:00:00+00:00
[2022-11-07T22:48:48.254+0000] {logging_mixin.py:120} INFO - [2022-11-07T22:48:48.254+0000] {dag.py:3340} INFO - Setting next_dagrun for dataset_produces_2 to None, run_after=None
[2022-11-07T22:48:48.294+0000] {processor.py:176} INFO - Processing /home/airflow/.local/lib/python3.7/site-packages/airflow/example_dags/example_datasets.py took 0.507 seconds
[2022-11-07T23:21:13.229+0000] {processor.py:154} INFO - Started process (PID=53219) to work on /home/airflow/.local/lib/python3.7/site-packages/airflow/example_dags/example_datasets.py
[2022-11-07T23:21:13.232+0000] {processor.py:756} INFO - Processing file /home/airflow/.local/lib/python3.7/site-packages/airflow/example_dags/example_datasets.py for tasks to queue
[2022-11-07T23:21:13.234+0000] {logging_mixin.py:120} INFO - [2022-11-07T23:21:13.234+0000] {dagbag.py:537} INFO - Filling up the DagBag from /home/airflow/.local/lib/python3.7/site-packages/airflow/example_dags/example_datasets.py
[2022-11-07T23:21:13.257+0000] {processor.py:766} INFO - DAG(s) dict_keys(['dataset_consumes_1_and_2', 'dataset_produces_2', 'dataset_consumes_1_never_scheduled', 'dataset_produces_1', 'dataset_consumes_unknown_never_scheduled', 'dataset_consumes_1']) retrieved from /home/airflow/.local/lib/python3.7/site-packages/airflow/example_dags/example_datasets.py
[2022-11-07T23:21:13.346+0000] {logging_mixin.py:120} INFO - [2022-11-07T23:21:13.346+0000] {dag.py:2585} INFO - Sync 6 DAGs
[2022-11-07T23:21:13.382+0000] {logging_mixin.py:120} INFO - [2022-11-07T23:21:13.382+0000] {dag.py:3340} INFO - Setting next_dagrun for dataset_consumes_1 to None, run_after=None
[2022-11-07T23:21:13.388+0000] {logging_mixin.py:120} INFO - [2022-11-07T23:21:13.388+0000] {dag.py:3340} INFO - Setting next_dagrun for dataset_consumes_1_and_2 to None, run_after=None
[2022-11-07T23:21:13.390+0000] {logging_mixin.py:120} INFO - [2022-11-07T23:21:13.390+0000] {dag.py:3340} INFO - Setting next_dagrun for dataset_consumes_1_never_scheduled to None, run_after=None
[2022-11-07T23:21:13.393+0000] {logging_mixin.py:120} INFO - [2022-11-07T23:21:13.393+0000] {dag.py:3340} INFO - Setting next_dagrun for dataset_consumes_unknown_never_scheduled to None, run_after=None
[2022-11-07T23:21:13.396+0000] {logging_mixin.py:120} INFO - [2022-11-07T23:21:13.396+0000] {dag.py:3340} INFO - Setting next_dagrun for dataset_produces_1 to 2022-11-06T00:00:00+00:00, run_after=2022-11-07T00:00:00+00:00
[2022-11-07T23:21:13.402+0000] {logging_mixin.py:120} INFO - [2022-11-07T23:21:13.402+0000] {dag.py:3340} INFO - Setting next_dagrun for dataset_produces_2 to None, run_after=None
[2022-11-07T23:21:13.433+0000] {processor.py:176} INFO - Processing /home/airflow/.local/lib/python3.7/site-packages/airflow/example_dags/example_datasets.py took 0.207 seconds
[2022-11-07T23:58:56.269+0000] {processor.py:154} INFO - Started process (PID=53277) to work on /home/airflow/.local/lib/python3.7/site-packages/airflow/example_dags/example_datasets.py
[2022-11-07T23:58:56.271+0000] {processor.py:756} INFO - Processing file /home/airflow/.local/lib/python3.7/site-packages/airflow/example_dags/example_datasets.py for tasks to queue
[2022-11-07T23:58:56.283+0000] {logging_mixin.py:120} INFO - [2022-11-07T23:58:56.283+0000] {dagbag.py:537} INFO - Filling up the DagBag from /home/airflow/.local/lib/python3.7/site-packages/airflow/example_dags/example_datasets.py
[2022-11-07T23:58:56.324+0000] {processor.py:766} INFO - DAG(s) dict_keys(['dataset_consumes_1_never_scheduled', 'dataset_consumes_unknown_never_scheduled', 'dataset_produces_1', 'dataset_consumes_1', 'dataset_produces_2', 'dataset_consumes_1_and_2']) retrieved from /home/airflow/.local/lib/python3.7/site-packages/airflow/example_dags/example_datasets.py
[2022-11-07T23:58:56.473+0000] {logging_mixin.py:120} INFO - [2022-11-07T23:58:56.473+0000] {dag.py:2585} INFO - Sync 6 DAGs
[2022-11-07T23:58:56.859+0000] {logging_mixin.py:120} INFO - [2022-11-07T23:58:56.859+0000] {dag.py:3340} INFO - Setting next_dagrun for dataset_consumes_1 to None, run_after=None
[2022-11-07T23:58:56.864+0000] {logging_mixin.py:120} INFO - [2022-11-07T23:58:56.864+0000] {dag.py:3340} INFO - Setting next_dagrun for dataset_consumes_1_and_2 to None, run_after=None
[2022-11-07T23:58:56.867+0000] {logging_mixin.py:120} INFO - [2022-11-07T23:58:56.867+0000] {dag.py:3340} INFO - Setting next_dagrun for dataset_consumes_1_never_scheduled to None, run_after=None
[2022-11-07T23:58:56.871+0000] {logging_mixin.py:120} INFO - [2022-11-07T23:58:56.871+0000] {dag.py:3340} INFO - Setting next_dagrun for dataset_consumes_unknown_never_scheduled to None, run_after=None
[2022-11-07T23:58:56.876+0000] {logging_mixin.py:120} INFO - [2022-11-07T23:58:56.876+0000] {dag.py:3340} INFO - Setting next_dagrun for dataset_produces_1 to 2022-11-06T00:00:00+00:00, run_after=2022-11-07T00:00:00+00:00
[2022-11-07T23:58:56.880+0000] {logging_mixin.py:120} INFO - [2022-11-07T23:58:56.879+0000] {dag.py:3340} INFO - Setting next_dagrun for dataset_produces_2 to None, run_after=None
[2022-11-07T23:58:56.930+0000] {processor.py:176} INFO - Processing /home/airflow/.local/lib/python3.7/site-packages/airflow/example_dags/example_datasets.py took 0.665 seconds
