[2022-11-07T17:10:54.815+0000] {processor.py:154} INFO - Started process (PID=52184) to work on /home/airflow/.local/lib/python3.7/site-packages/airflow/example_dags/example_branch_datetime_operator.py
[2022-11-07T17:10:54.820+0000] {processor.py:756} INFO - Processing file /home/airflow/.local/lib/python3.7/site-packages/airflow/example_dags/example_branch_datetime_operator.py for tasks to queue
[2022-11-07T17:10:54.823+0000] {logging_mixin.py:120} INFO - [2022-11-07T17:10:54.822+0000] {dagbag.py:537} INFO - Filling up the DagBag from /home/airflow/.local/lib/python3.7/site-packages/airflow/example_dags/example_branch_datetime_operator.py
[2022-11-07T17:10:54.886+0000] {processor.py:766} INFO - DAG(s) dict_keys(['example_branch_datetime_operator_2', 'example_branch_datetime_operator_3', 'example_branch_datetime_operator']) retrieved from /home/airflow/.local/lib/python3.7/site-packages/airflow/example_dags/example_branch_datetime_operator.py
[2022-11-07T17:10:55.052+0000] {logging_mixin.py:120} INFO - [2022-11-07T17:10:55.052+0000] {dag.py:2585} INFO - Sync 3 DAGs
[2022-11-07T17:10:55.125+0000] {logging_mixin.py:120} INFO - [2022-11-07T17:10:55.125+0000] {dag.py:3340} INFO - Setting next_dagrun for example_branch_datetime_operator to 2022-11-06T00:00:00+00:00, run_after=2022-11-07T00:00:00+00:00
[2022-11-07T17:10:55.138+0000] {logging_mixin.py:120} INFO - [2022-11-07T17:10:55.138+0000] {dag.py:3340} INFO - Setting next_dagrun for example_branch_datetime_operator_2 to 2022-11-06T00:00:00+00:00, run_after=2022-11-07T00:00:00+00:00
[2022-11-07T17:10:55.154+0000] {logging_mixin.py:120} INFO - [2022-11-07T17:10:55.154+0000] {dag.py:3340} INFO - Setting next_dagrun for example_branch_datetime_operator_3 to 2022-11-06T00:00:00+00:00, run_after=2022-11-07T00:00:00+00:00
[2022-11-07T17:10:55.203+0000] {processor.py:176} INFO - Processing /home/airflow/.local/lib/python3.7/site-packages/airflow/example_dags/example_branch_datetime_operator.py took 0.396 seconds
[2022-11-07T17:11:25.309+0000] {processor.py:154} INFO - Started process (PID=52241) to work on /home/airflow/.local/lib/python3.7/site-packages/airflow/example_dags/example_branch_datetime_operator.py
[2022-11-07T17:11:25.310+0000] {processor.py:756} INFO - Processing file /home/airflow/.local/lib/python3.7/site-packages/airflow/example_dags/example_branch_datetime_operator.py for tasks to queue
[2022-11-07T17:11:25.311+0000] {logging_mixin.py:120} INFO - [2022-11-07T17:11:25.311+0000] {dagbag.py:537} INFO - Filling up the DagBag from /home/airflow/.local/lib/python3.7/site-packages/airflow/example_dags/example_branch_datetime_operator.py
[2022-11-07T17:11:25.324+0000] {processor.py:766} INFO - DAG(s) dict_keys(['example_branch_datetime_operator_3', 'example_branch_datetime_operator_2', 'example_branch_datetime_operator']) retrieved from /home/airflow/.local/lib/python3.7/site-packages/airflow/example_dags/example_branch_datetime_operator.py
[2022-11-07T17:11:25.356+0000] {logging_mixin.py:120} INFO - [2022-11-07T17:11:25.356+0000] {dag.py:2585} INFO - Sync 3 DAGs
[2022-11-07T17:11:25.374+0000] {logging_mixin.py:120} INFO - [2022-11-07T17:11:25.374+0000] {dag.py:3340} INFO - Setting next_dagrun for example_branch_datetime_operator to 2022-11-06T00:00:00+00:00, run_after=2022-11-07T00:00:00+00:00
[2022-11-07T17:11:25.378+0000] {logging_mixin.py:120} INFO - [2022-11-07T17:11:25.378+0000] {dag.py:3340} INFO - Setting next_dagrun for example_branch_datetime_operator_2 to 2022-11-06T00:00:00+00:00, run_after=2022-11-07T00:00:00+00:00
[2022-11-07T17:11:25.381+0000] {logging_mixin.py:120} INFO - [2022-11-07T17:11:25.381+0000] {dag.py:3340} INFO - Setting next_dagrun for example_branch_datetime_operator_3 to 2022-11-06T00:00:00+00:00, run_after=2022-11-07T00:00:00+00:00
[2022-11-07T17:11:25.392+0000] {processor.py:176} INFO - Processing /home/airflow/.local/lib/python3.7/site-packages/airflow/example_dags/example_branch_datetime_operator.py took 0.086 seconds
[2022-11-07T17:11:55.872+0000] {processor.py:154} INFO - Started process (PID=52307) to work on /home/airflow/.local/lib/python3.7/site-packages/airflow/example_dags/example_branch_datetime_operator.py
[2022-11-07T17:11:55.875+0000] {processor.py:756} INFO - Processing file /home/airflow/.local/lib/python3.7/site-packages/airflow/example_dags/example_branch_datetime_operator.py for tasks to queue
[2022-11-07T17:11:55.876+0000] {logging_mixin.py:120} INFO - [2022-11-07T17:11:55.876+0000] {dagbag.py:537} INFO - Filling up the DagBag from /home/airflow/.local/lib/python3.7/site-packages/airflow/example_dags/example_branch_datetime_operator.py
[2022-11-07T17:11:55.893+0000] {processor.py:766} INFO - DAG(s) dict_keys(['example_branch_datetime_operator_2', 'example_branch_datetime_operator_3', 'example_branch_datetime_operator']) retrieved from /home/airflow/.local/lib/python3.7/site-packages/airflow/example_dags/example_branch_datetime_operator.py
[2022-11-07T17:11:55.945+0000] {logging_mixin.py:120} INFO - [2022-11-07T17:11:55.945+0000] {dag.py:2585} INFO - Sync 3 DAGs
[2022-11-07T17:11:55.970+0000] {logging_mixin.py:120} INFO - [2022-11-07T17:11:55.970+0000] {dag.py:3340} INFO - Setting next_dagrun for example_branch_datetime_operator to 2022-11-06T00:00:00+00:00, run_after=2022-11-07T00:00:00+00:00
[2022-11-07T17:11:56.099+0000] {logging_mixin.py:120} INFO - [2022-11-07T17:11:56.099+0000] {dag.py:3340} INFO - Setting next_dagrun for example_branch_datetime_operator_2 to 2022-11-06T00:00:00+00:00, run_after=2022-11-07T00:00:00+00:00
[2022-11-07T17:11:56.102+0000] {logging_mixin.py:120} INFO - [2022-11-07T17:11:56.102+0000] {dag.py:3340} INFO - Setting next_dagrun for example_branch_datetime_operator_3 to 2022-11-06T00:00:00+00:00, run_after=2022-11-07T00:00:00+00:00
[2022-11-07T17:11:56.120+0000] {processor.py:176} INFO - Processing /home/airflow/.local/lib/python3.7/site-packages/airflow/example_dags/example_branch_datetime_operator.py took 0.252 seconds
[2022-11-07T17:12:26.264+0000] {processor.py:154} INFO - Started process (PID=52375) to work on /home/airflow/.local/lib/python3.7/site-packages/airflow/example_dags/example_branch_datetime_operator.py
[2022-11-07T17:12:26.266+0000] {processor.py:756} INFO - Processing file /home/airflow/.local/lib/python3.7/site-packages/airflow/example_dags/example_branch_datetime_operator.py for tasks to queue
[2022-11-07T17:12:26.267+0000] {logging_mixin.py:120} INFO - [2022-11-07T17:12:26.266+0000] {dagbag.py:537} INFO - Filling up the DagBag from /home/airflow/.local/lib/python3.7/site-packages/airflow/example_dags/example_branch_datetime_operator.py
[2022-11-07T17:12:26.281+0000] {processor.py:766} INFO - DAG(s) dict_keys(['example_branch_datetime_operator', 'example_branch_datetime_operator_2', 'example_branch_datetime_operator_3']) retrieved from /home/airflow/.local/lib/python3.7/site-packages/airflow/example_dags/example_branch_datetime_operator.py
[2022-11-07T17:12:26.316+0000] {logging_mixin.py:120} INFO - [2022-11-07T17:12:26.316+0000] {dag.py:2585} INFO - Sync 3 DAGs
[2022-11-07T17:12:26.437+0000] {logging_mixin.py:120} INFO - [2022-11-07T17:12:26.437+0000] {dag.py:3340} INFO - Setting next_dagrun for example_branch_datetime_operator to 2022-11-06T00:00:00+00:00, run_after=2022-11-07T00:00:00+00:00
[2022-11-07T17:12:26.441+0000] {logging_mixin.py:120} INFO - [2022-11-07T17:12:26.441+0000] {dag.py:3340} INFO - Setting next_dagrun for example_branch_datetime_operator_2 to 2022-11-06T00:00:00+00:00, run_after=2022-11-07T00:00:00+00:00
[2022-11-07T17:12:26.444+0000] {logging_mixin.py:120} INFO - [2022-11-07T17:12:26.444+0000] {dag.py:3340} INFO - Setting next_dagrun for example_branch_datetime_operator_3 to 2022-11-06T00:00:00+00:00, run_after=2022-11-07T00:00:00+00:00
[2022-11-07T17:12:26.456+0000] {processor.py:176} INFO - Processing /home/airflow/.local/lib/python3.7/site-packages/airflow/example_dags/example_branch_datetime_operator.py took 0.195 seconds
[2022-11-07T17:12:56.880+0000] {processor.py:154} INFO - Started process (PID=52442) to work on /home/airflow/.local/lib/python3.7/site-packages/airflow/example_dags/example_branch_datetime_operator.py
[2022-11-07T17:12:56.882+0000] {processor.py:756} INFO - Processing file /home/airflow/.local/lib/python3.7/site-packages/airflow/example_dags/example_branch_datetime_operator.py for tasks to queue
[2022-11-07T17:12:56.884+0000] {logging_mixin.py:120} INFO - [2022-11-07T17:12:56.884+0000] {dagbag.py:537} INFO - Filling up the DagBag from /home/airflow/.local/lib/python3.7/site-packages/airflow/example_dags/example_branch_datetime_operator.py
[2022-11-07T17:12:56.899+0000] {processor.py:766} INFO - DAG(s) dict_keys(['example_branch_datetime_operator_2', 'example_branch_datetime_operator_3', 'example_branch_datetime_operator']) retrieved from /home/airflow/.local/lib/python3.7/site-packages/airflow/example_dags/example_branch_datetime_operator.py
[2022-11-07T17:12:57.032+0000] {logging_mixin.py:120} INFO - [2022-11-07T17:12:57.032+0000] {dag.py:2585} INFO - Sync 3 DAGs
[2022-11-07T17:12:57.044+0000] {logging_mixin.py:120} INFO - [2022-11-07T17:12:57.044+0000] {dag.py:3340} INFO - Setting next_dagrun for example_branch_datetime_operator to 2022-11-06T00:00:00+00:00, run_after=2022-11-07T00:00:00+00:00
[2022-11-07T17:12:57.048+0000] {logging_mixin.py:120} INFO - [2022-11-07T17:12:57.047+0000] {dag.py:3340} INFO - Setting next_dagrun for example_branch_datetime_operator_2 to 2022-11-06T00:00:00+00:00, run_after=2022-11-07T00:00:00+00:00
[2022-11-07T17:12:57.049+0000] {logging_mixin.py:120} INFO - [2022-11-07T17:12:57.049+0000] {dag.py:3340} INFO - Setting next_dagrun for example_branch_datetime_operator_3 to 2022-11-06T00:00:00+00:00, run_after=2022-11-07T00:00:00+00:00
[2022-11-07T17:12:57.059+0000] {processor.py:176} INFO - Processing /home/airflow/.local/lib/python3.7/site-packages/airflow/example_dags/example_branch_datetime_operator.py took 0.183 seconds
[2022-11-07T17:13:27.637+0000] {processor.py:154} INFO - Started process (PID=52500) to work on /home/airflow/.local/lib/python3.7/site-packages/airflow/example_dags/example_branch_datetime_operator.py
[2022-11-07T17:13:27.640+0000] {processor.py:756} INFO - Processing file /home/airflow/.local/lib/python3.7/site-packages/airflow/example_dags/example_branch_datetime_operator.py for tasks to queue
[2022-11-07T17:13:27.641+0000] {logging_mixin.py:120} INFO - [2022-11-07T17:13:27.641+0000] {dagbag.py:537} INFO - Filling up the DagBag from /home/airflow/.local/lib/python3.7/site-packages/airflow/example_dags/example_branch_datetime_operator.py
[2022-11-07T17:13:27.657+0000] {processor.py:766} INFO - DAG(s) dict_keys(['example_branch_datetime_operator', 'example_branch_datetime_operator_2', 'example_branch_datetime_operator_3']) retrieved from /home/airflow/.local/lib/python3.7/site-packages/airflow/example_dags/example_branch_datetime_operator.py
[2022-11-07T17:13:27.706+0000] {logging_mixin.py:120} INFO - [2022-11-07T17:13:27.706+0000] {dag.py:2585} INFO - Sync 3 DAGs
[2022-11-07T17:13:27.723+0000] {logging_mixin.py:120} INFO - [2022-11-07T17:13:27.723+0000] {dag.py:3340} INFO - Setting next_dagrun for example_branch_datetime_operator to 2022-11-06T00:00:00+00:00, run_after=2022-11-07T00:00:00+00:00
[2022-11-07T17:13:27.728+0000] {logging_mixin.py:120} INFO - [2022-11-07T17:13:27.727+0000] {dag.py:3340} INFO - Setting next_dagrun for example_branch_datetime_operator_2 to 2022-11-06T00:00:00+00:00, run_after=2022-11-07T00:00:00+00:00
[2022-11-07T17:13:27.731+0000] {logging_mixin.py:120} INFO - [2022-11-07T17:13:27.731+0000] {dag.py:3340} INFO - Setting next_dagrun for example_branch_datetime_operator_3 to 2022-11-06T00:00:00+00:00, run_after=2022-11-07T00:00:00+00:00
[2022-11-07T17:13:27.741+0000] {processor.py:176} INFO - Processing /home/airflow/.local/lib/python3.7/site-packages/airflow/example_dags/example_branch_datetime_operator.py took 0.107 seconds
[2022-11-07T17:13:58.287+0000] {processor.py:154} INFO - Started process (PID=52566) to work on /home/airflow/.local/lib/python3.7/site-packages/airflow/example_dags/example_branch_datetime_operator.py
[2022-11-07T17:13:58.288+0000] {processor.py:756} INFO - Processing file /home/airflow/.local/lib/python3.7/site-packages/airflow/example_dags/example_branch_datetime_operator.py for tasks to queue
[2022-11-07T17:13:58.290+0000] {logging_mixin.py:120} INFO - [2022-11-07T17:13:58.290+0000] {dagbag.py:537} INFO - Filling up the DagBag from /home/airflow/.local/lib/python3.7/site-packages/airflow/example_dags/example_branch_datetime_operator.py
[2022-11-07T17:13:58.303+0000] {processor.py:766} INFO - DAG(s) dict_keys(['example_branch_datetime_operator_3', 'example_branch_datetime_operator_2', 'example_branch_datetime_operator']) retrieved from /home/airflow/.local/lib/python3.7/site-packages/airflow/example_dags/example_branch_datetime_operator.py
[2022-11-07T17:13:58.339+0000] {logging_mixin.py:120} INFO - [2022-11-07T17:13:58.339+0000] {dag.py:2585} INFO - Sync 3 DAGs
[2022-11-07T17:13:58.355+0000] {logging_mixin.py:120} INFO - [2022-11-07T17:13:58.355+0000] {dag.py:3340} INFO - Setting next_dagrun for example_branch_datetime_operator to 2022-11-06T00:00:00+00:00, run_after=2022-11-07T00:00:00+00:00
[2022-11-07T17:13:58.449+0000] {logging_mixin.py:120} INFO - [2022-11-07T17:13:58.448+0000] {dag.py:3340} INFO - Setting next_dagrun for example_branch_datetime_operator_2 to 2022-11-06T00:00:00+00:00, run_after=2022-11-07T00:00:00+00:00
[2022-11-07T17:13:58.451+0000] {logging_mixin.py:120} INFO - [2022-11-07T17:13:58.451+0000] {dag.py:3340} INFO - Setting next_dagrun for example_branch_datetime_operator_3 to 2022-11-06T00:00:00+00:00, run_after=2022-11-07T00:00:00+00:00
[2022-11-07T17:13:58.461+0000] {processor.py:176} INFO - Processing /home/airflow/.local/lib/python3.7/site-packages/airflow/example_dags/example_branch_datetime_operator.py took 0.177 seconds
[2022-11-07T17:14:29.012+0000] {processor.py:154} INFO - Started process (PID=52633) to work on /home/airflow/.local/lib/python3.7/site-packages/airflow/example_dags/example_branch_datetime_operator.py
[2022-11-07T17:14:29.016+0000] {processor.py:756} INFO - Processing file /home/airflow/.local/lib/python3.7/site-packages/airflow/example_dags/example_branch_datetime_operator.py for tasks to queue
[2022-11-07T17:14:29.017+0000] {logging_mixin.py:120} INFO - [2022-11-07T17:14:29.016+0000] {dagbag.py:537} INFO - Filling up the DagBag from /home/airflow/.local/lib/python3.7/site-packages/airflow/example_dags/example_branch_datetime_operator.py
[2022-11-07T17:14:29.029+0000] {processor.py:766} INFO - DAG(s) dict_keys(['example_branch_datetime_operator_2', 'example_branch_datetime_operator_3', 'example_branch_datetime_operator']) retrieved from /home/airflow/.local/lib/python3.7/site-packages/airflow/example_dags/example_branch_datetime_operator.py
[2022-11-07T17:14:29.061+0000] {logging_mixin.py:120} INFO - [2022-11-07T17:14:29.061+0000] {dag.py:2585} INFO - Sync 3 DAGs
[2022-11-07T17:14:29.168+0000] {logging_mixin.py:120} INFO - [2022-11-07T17:14:29.168+0000] {dag.py:3340} INFO - Setting next_dagrun for example_branch_datetime_operator to 2022-11-06T00:00:00+00:00, run_after=2022-11-07T00:00:00+00:00
[2022-11-07T17:14:29.172+0000] {logging_mixin.py:120} INFO - [2022-11-07T17:14:29.172+0000] {dag.py:3340} INFO - Setting next_dagrun for example_branch_datetime_operator_2 to 2022-11-06T00:00:00+00:00, run_after=2022-11-07T00:00:00+00:00
[2022-11-07T17:14:29.174+0000] {logging_mixin.py:120} INFO - [2022-11-07T17:14:29.174+0000] {dag.py:3340} INFO - Setting next_dagrun for example_branch_datetime_operator_3 to 2022-11-06T00:00:00+00:00, run_after=2022-11-07T00:00:00+00:00
[2022-11-07T17:14:29.183+0000] {processor.py:176} INFO - Processing /home/airflow/.local/lib/python3.7/site-packages/airflow/example_dags/example_branch_datetime_operator.py took 0.175 seconds
[2022-11-07T17:21:21.302+0000] {processor.py:154} INFO - Started process (PID=52701) to work on /home/airflow/.local/lib/python3.7/site-packages/airflow/example_dags/example_branch_datetime_operator.py
[2022-11-07T17:21:21.304+0000] {processor.py:756} INFO - Processing file /home/airflow/.local/lib/python3.7/site-packages/airflow/example_dags/example_branch_datetime_operator.py for tasks to queue
[2022-11-07T17:21:21.305+0000] {logging_mixin.py:120} INFO - [2022-11-07T17:21:21.305+0000] {dagbag.py:537} INFO - Filling up the DagBag from /home/airflow/.local/lib/python3.7/site-packages/airflow/example_dags/example_branch_datetime_operator.py
[2022-11-07T17:21:21.318+0000] {processor.py:766} INFO - DAG(s) dict_keys(['example_branch_datetime_operator_2', 'example_branch_datetime_operator', 'example_branch_datetime_operator_3']) retrieved from /home/airflow/.local/lib/python3.7/site-packages/airflow/example_dags/example_branch_datetime_operator.py
[2022-11-07T17:21:21.451+0000] {logging_mixin.py:120} INFO - [2022-11-07T17:21:21.450+0000] {dag.py:2585} INFO - Sync 3 DAGs
[2022-11-07T17:21:21.465+0000] {logging_mixin.py:120} INFO - [2022-11-07T17:21:21.465+0000] {dag.py:3340} INFO - Setting next_dagrun for example_branch_datetime_operator to 2022-11-06T00:00:00+00:00, run_after=2022-11-07T00:00:00+00:00
[2022-11-07T17:21:21.469+0000] {logging_mixin.py:120} INFO - [2022-11-07T17:21:21.469+0000] {dag.py:3340} INFO - Setting next_dagrun for example_branch_datetime_operator_2 to 2022-11-06T00:00:00+00:00, run_after=2022-11-07T00:00:00+00:00
[2022-11-07T17:21:21.471+0000] {logging_mixin.py:120} INFO - [2022-11-07T17:21:21.471+0000] {dag.py:3340} INFO - Setting next_dagrun for example_branch_datetime_operator_3 to 2022-11-06T00:00:00+00:00, run_after=2022-11-07T00:00:00+00:00
[2022-11-07T17:21:21.482+0000] {processor.py:176} INFO - Processing /home/airflow/.local/lib/python3.7/site-packages/airflow/example_dags/example_branch_datetime_operator.py took 0.184 seconds
[2022-11-07T17:53:18.019+0000] {processor.py:154} INFO - Started process (PID=52770) to work on /home/airflow/.local/lib/python3.7/site-packages/airflow/example_dags/example_branch_datetime_operator.py
[2022-11-07T17:53:18.022+0000] {processor.py:756} INFO - Processing file /home/airflow/.local/lib/python3.7/site-packages/airflow/example_dags/example_branch_datetime_operator.py for tasks to queue
[2022-11-07T17:53:18.030+0000] {logging_mixin.py:120} INFO - [2022-11-07T17:53:18.030+0000] {dagbag.py:537} INFO - Filling up the DagBag from /home/airflow/.local/lib/python3.7/site-packages/airflow/example_dags/example_branch_datetime_operator.py
[2022-11-07T17:53:18.082+0000] {processor.py:766} INFO - DAG(s) dict_keys(['example_branch_datetime_operator_3', 'example_branch_datetime_operator_2', 'example_branch_datetime_operator']) retrieved from /home/airflow/.local/lib/python3.7/site-packages/airflow/example_dags/example_branch_datetime_operator.py
[2022-11-07T17:53:18.190+0000] {logging_mixin.py:120} INFO - [2022-11-07T17:53:18.190+0000] {dag.py:2585} INFO - Sync 3 DAGs
[2022-11-07T17:53:18.237+0000] {logging_mixin.py:120} INFO - [2022-11-07T17:53:18.237+0000] {dag.py:3340} INFO - Setting next_dagrun for example_branch_datetime_operator to 2022-11-06T00:00:00+00:00, run_after=2022-11-07T00:00:00+00:00
[2022-11-07T17:53:18.247+0000] {logging_mixin.py:120} INFO - [2022-11-07T17:53:18.247+0000] {dag.py:3340} INFO - Setting next_dagrun for example_branch_datetime_operator_2 to 2022-11-06T00:00:00+00:00, run_after=2022-11-07T00:00:00+00:00
[2022-11-07T17:53:18.253+0000] {logging_mixin.py:120} INFO - [2022-11-07T17:53:18.253+0000] {dag.py:3340} INFO - Setting next_dagrun for example_branch_datetime_operator_3 to 2022-11-06T00:00:00+00:00, run_after=2022-11-07T00:00:00+00:00
[2022-11-07T17:53:18.297+0000] {processor.py:176} INFO - Processing /home/airflow/.local/lib/python3.7/site-packages/airflow/example_dags/example_branch_datetime_operator.py took 0.282 seconds
[2022-11-07T18:20:17.679+0000] {processor.py:154} INFO - Started process (PID=52828) to work on /home/airflow/.local/lib/python3.7/site-packages/airflow/example_dags/example_branch_datetime_operator.py
[2022-11-07T18:20:17.774+0000] {processor.py:756} INFO - Processing file /home/airflow/.local/lib/python3.7/site-packages/airflow/example_dags/example_branch_datetime_operator.py for tasks to queue
[2022-11-07T18:20:17.778+0000] {logging_mixin.py:120} INFO - [2022-11-07T18:20:17.778+0000] {dagbag.py:537} INFO - Filling up the DagBag from /home/airflow/.local/lib/python3.7/site-packages/airflow/example_dags/example_branch_datetime_operator.py
[2022-11-07T18:20:17.811+0000] {processor.py:766} INFO - DAG(s) dict_keys(['example_branch_datetime_operator_3', 'example_branch_datetime_operator_2', 'example_branch_datetime_operator']) retrieved from /home/airflow/.local/lib/python3.7/site-packages/airflow/example_dags/example_branch_datetime_operator.py
[2022-11-07T18:20:17.906+0000] {logging_mixin.py:120} INFO - [2022-11-07T18:20:17.905+0000] {dag.py:2585} INFO - Sync 3 DAGs
[2022-11-07T18:20:18.229+0000] {logging_mixin.py:120} INFO - [2022-11-07T18:20:18.229+0000] {dag.py:3340} INFO - Setting next_dagrun for example_branch_datetime_operator to 2022-11-06T00:00:00+00:00, run_after=2022-11-07T00:00:00+00:00
[2022-11-07T18:20:18.234+0000] {logging_mixin.py:120} INFO - [2022-11-07T18:20:18.234+0000] {dag.py:3340} INFO - Setting next_dagrun for example_branch_datetime_operator_2 to 2022-11-06T00:00:00+00:00, run_after=2022-11-07T00:00:00+00:00
[2022-11-07T18:20:18.239+0000] {logging_mixin.py:120} INFO - [2022-11-07T18:20:18.239+0000] {dag.py:3340} INFO - Setting next_dagrun for example_branch_datetime_operator_3 to 2022-11-06T00:00:00+00:00, run_after=2022-11-07T00:00:00+00:00
[2022-11-07T18:20:18.269+0000] {processor.py:176} INFO - Processing /home/airflow/.local/lib/python3.7/site-packages/airflow/example_dags/example_branch_datetime_operator.py took 0.594 seconds
[2022-11-07T19:15:50.400+0000] {processor.py:154} INFO - Started process (PID=52895) to work on /home/airflow/.local/lib/python3.7/site-packages/airflow/example_dags/example_branch_datetime_operator.py
[2022-11-07T19:15:50.404+0000] {processor.py:756} INFO - Processing file /home/airflow/.local/lib/python3.7/site-packages/airflow/example_dags/example_branch_datetime_operator.py for tasks to queue
[2022-11-07T19:15:50.406+0000] {logging_mixin.py:120} INFO - [2022-11-07T19:15:50.406+0000] {dagbag.py:537} INFO - Filling up the DagBag from /home/airflow/.local/lib/python3.7/site-packages/airflow/example_dags/example_branch_datetime_operator.py
[2022-11-07T19:15:50.442+0000] {processor.py:766} INFO - DAG(s) dict_keys(['example_branch_datetime_operator_3', 'example_branch_datetime_operator_2', 'example_branch_datetime_operator']) retrieved from /home/airflow/.local/lib/python3.7/site-packages/airflow/example_dags/example_branch_datetime_operator.py
[2022-11-07T19:15:50.518+0000] {logging_mixin.py:120} INFO - [2022-11-07T19:15:50.518+0000] {dag.py:2585} INFO - Sync 3 DAGs
[2022-11-07T19:15:50.727+0000] {logging_mixin.py:120} INFO - [2022-11-07T19:15:50.727+0000] {dag.py:3340} INFO - Setting next_dagrun for example_branch_datetime_operator to 2022-11-06T00:00:00+00:00, run_after=2022-11-07T00:00:00+00:00
[2022-11-07T19:15:50.733+0000] {logging_mixin.py:120} INFO - [2022-11-07T19:15:50.733+0000] {dag.py:3340} INFO - Setting next_dagrun for example_branch_datetime_operator_2 to 2022-11-06T00:00:00+00:00, run_after=2022-11-07T00:00:00+00:00
[2022-11-07T19:15:50.736+0000] {logging_mixin.py:120} INFO - [2022-11-07T19:15:50.735+0000] {dag.py:3340} INFO - Setting next_dagrun for example_branch_datetime_operator_3 to 2022-11-06T00:00:00+00:00, run_after=2022-11-07T00:00:00+00:00
[2022-11-07T19:15:50.756+0000] {processor.py:176} INFO - Processing /home/airflow/.local/lib/python3.7/site-packages/airflow/example_dags/example_branch_datetime_operator.py took 0.360 seconds
[2022-11-07T19:44:42.864+0000] {processor.py:154} INFO - Started process (PID=52960) to work on /home/airflow/.local/lib/python3.7/site-packages/airflow/example_dags/example_branch_datetime_operator.py
[2022-11-07T19:44:42.867+0000] {processor.py:756} INFO - Processing file /home/airflow/.local/lib/python3.7/site-packages/airflow/example_dags/example_branch_datetime_operator.py for tasks to queue
[2022-11-07T19:44:42.870+0000] {logging_mixin.py:120} INFO - [2022-11-07T19:44:42.869+0000] {dagbag.py:537} INFO - Filling up the DagBag from /home/airflow/.local/lib/python3.7/site-packages/airflow/example_dags/example_branch_datetime_operator.py
[2022-11-07T19:44:42.908+0000] {processor.py:766} INFO - DAG(s) dict_keys(['example_branch_datetime_operator_2', 'example_branch_datetime_operator', 'example_branch_datetime_operator_3']) retrieved from /home/airflow/.local/lib/python3.7/site-packages/airflow/example_dags/example_branch_datetime_operator.py
[2022-11-07T19:44:43.196+0000] {logging_mixin.py:120} INFO - [2022-11-07T19:44:43.196+0000] {dag.py:2585} INFO - Sync 3 DAGs
[2022-11-07T19:44:43.222+0000] {logging_mixin.py:120} INFO - [2022-11-07T19:44:43.222+0000] {dag.py:3340} INFO - Setting next_dagrun for example_branch_datetime_operator to 2022-11-06T00:00:00+00:00, run_after=2022-11-07T00:00:00+00:00
[2022-11-07T19:44:43.231+0000] {logging_mixin.py:120} INFO - [2022-11-07T19:44:43.231+0000] {dag.py:3340} INFO - Setting next_dagrun for example_branch_datetime_operator_2 to 2022-11-06T00:00:00+00:00, run_after=2022-11-07T00:00:00+00:00
[2022-11-07T19:44:43.234+0000] {logging_mixin.py:120} INFO - [2022-11-07T19:44:43.234+0000] {dag.py:3340} INFO - Setting next_dagrun for example_branch_datetime_operator_3 to 2022-11-06T00:00:00+00:00, run_after=2022-11-07T00:00:00+00:00
[2022-11-07T19:44:43.251+0000] {processor.py:176} INFO - Processing /home/airflow/.local/lib/python3.7/site-packages/airflow/example_dags/example_branch_datetime_operator.py took 0.391 seconds
[2022-11-07T20:51:24.368+0000] {processor.py:154} INFO - Started process (PID=53018) to work on /home/airflow/.local/lib/python3.7/site-packages/airflow/example_dags/example_branch_datetime_operator.py
[2022-11-07T20:51:24.370+0000] {processor.py:756} INFO - Processing file /home/airflow/.local/lib/python3.7/site-packages/airflow/example_dags/example_branch_datetime_operator.py for tasks to queue
[2022-11-07T20:51:24.371+0000] {logging_mixin.py:120} INFO - [2022-11-07T20:51:24.371+0000] {dagbag.py:537} INFO - Filling up the DagBag from /home/airflow/.local/lib/python3.7/site-packages/airflow/example_dags/example_branch_datetime_operator.py
[2022-11-07T20:51:24.387+0000] {processor.py:766} INFO - DAG(s) dict_keys(['example_branch_datetime_operator_3', 'example_branch_datetime_operator_2', 'example_branch_datetime_operator']) retrieved from /home/airflow/.local/lib/python3.7/site-packages/airflow/example_dags/example_branch_datetime_operator.py
[2022-11-07T20:51:24.425+0000] {logging_mixin.py:120} INFO - [2022-11-07T20:51:24.424+0000] {dag.py:2585} INFO - Sync 3 DAGs
[2022-11-07T20:51:24.446+0000] {logging_mixin.py:120} INFO - [2022-11-07T20:51:24.446+0000] {dag.py:3340} INFO - Setting next_dagrun for example_branch_datetime_operator to 2022-11-06T00:00:00+00:00, run_after=2022-11-07T00:00:00+00:00
[2022-11-07T20:51:24.453+0000] {logging_mixin.py:120} INFO - [2022-11-07T20:51:24.453+0000] {dag.py:3340} INFO - Setting next_dagrun for example_branch_datetime_operator_2 to 2022-11-06T00:00:00+00:00, run_after=2022-11-07T00:00:00+00:00
[2022-11-07T20:51:24.455+0000] {logging_mixin.py:120} INFO - [2022-11-07T20:51:24.455+0000] {dag.py:3340} INFO - Setting next_dagrun for example_branch_datetime_operator_3 to 2022-11-06T00:00:00+00:00, run_after=2022-11-07T00:00:00+00:00
[2022-11-07T20:51:24.473+0000] {processor.py:176} INFO - Processing /home/airflow/.local/lib/python3.7/site-packages/airflow/example_dags/example_branch_datetime_operator.py took 0.108 seconds
[2022-11-07T21:44:42.338+0000] {processor.py:154} INFO - Started process (PID=53085) to work on /home/airflow/.local/lib/python3.7/site-packages/airflow/example_dags/example_branch_datetime_operator.py
[2022-11-07T21:44:42.340+0000] {processor.py:756} INFO - Processing file /home/airflow/.local/lib/python3.7/site-packages/airflow/example_dags/example_branch_datetime_operator.py for tasks to queue
[2022-11-07T21:44:42.341+0000] {logging_mixin.py:120} INFO - [2022-11-07T21:44:42.341+0000] {dagbag.py:537} INFO - Filling up the DagBag from /home/airflow/.local/lib/python3.7/site-packages/airflow/example_dags/example_branch_datetime_operator.py
[2022-11-07T21:44:42.365+0000] {processor.py:766} INFO - DAG(s) dict_keys(['example_branch_datetime_operator_3', 'example_branch_datetime_operator', 'example_branch_datetime_operator_2']) retrieved from /home/airflow/.local/lib/python3.7/site-packages/airflow/example_dags/example_branch_datetime_operator.py
[2022-11-07T21:44:42.428+0000] {logging_mixin.py:120} INFO - [2022-11-07T21:44:42.428+0000] {dag.py:2585} INFO - Sync 3 DAGs
[2022-11-07T21:44:42.866+0000] {logging_mixin.py:120} INFO - [2022-11-07T21:44:42.866+0000] {dag.py:3340} INFO - Setting next_dagrun for example_branch_datetime_operator to 2022-11-06T00:00:00+00:00, run_after=2022-11-07T00:00:00+00:00
[2022-11-07T21:44:42.873+0000] {logging_mixin.py:120} INFO - [2022-11-07T21:44:42.873+0000] {dag.py:3340} INFO - Setting next_dagrun for example_branch_datetime_operator_2 to 2022-11-06T00:00:00+00:00, run_after=2022-11-07T00:00:00+00:00
[2022-11-07T21:44:42.883+0000] {logging_mixin.py:120} INFO - [2022-11-07T21:44:42.883+0000] {dag.py:3340} INFO - Setting next_dagrun for example_branch_datetime_operator_3 to 2022-11-06T00:00:00+00:00, run_after=2022-11-07T00:00:00+00:00
[2022-11-07T21:44:42.896+0000] {processor.py:176} INFO - Processing /home/airflow/.local/lib/python3.7/site-packages/airflow/example_dags/example_branch_datetime_operator.py took 0.561 seconds
[2022-11-07T22:48:47.373+0000] {processor.py:154} INFO - Started process (PID=53151) to work on /home/airflow/.local/lib/python3.7/site-packages/airflow/example_dags/example_branch_datetime_operator.py
[2022-11-07T22:48:47.375+0000] {processor.py:756} INFO - Processing file /home/airflow/.local/lib/python3.7/site-packages/airflow/example_dags/example_branch_datetime_operator.py for tasks to queue
[2022-11-07T22:48:47.377+0000] {logging_mixin.py:120} INFO - [2022-11-07T22:48:47.376+0000] {dagbag.py:537} INFO - Filling up the DagBag from /home/airflow/.local/lib/python3.7/site-packages/airflow/example_dags/example_branch_datetime_operator.py
[2022-11-07T22:48:47.400+0000] {processor.py:766} INFO - DAG(s) dict_keys(['example_branch_datetime_operator', 'example_branch_datetime_operator_2', 'example_branch_datetime_operator_3']) retrieved from /home/airflow/.local/lib/python3.7/site-packages/airflow/example_dags/example_branch_datetime_operator.py
[2022-11-07T22:48:47.659+0000] {logging_mixin.py:120} INFO - [2022-11-07T22:48:47.659+0000] {dag.py:2585} INFO - Sync 3 DAGs
[2022-11-07T22:48:47.691+0000] {logging_mixin.py:120} INFO - [2022-11-07T22:48:47.691+0000] {dag.py:3340} INFO - Setting next_dagrun for example_branch_datetime_operator to 2022-11-06T00:00:00+00:00, run_after=2022-11-07T00:00:00+00:00
[2022-11-07T22:48:47.697+0000] {logging_mixin.py:120} INFO - [2022-11-07T22:48:47.696+0000] {dag.py:3340} INFO - Setting next_dagrun for example_branch_datetime_operator_2 to 2022-11-06T00:00:00+00:00, run_after=2022-11-07T00:00:00+00:00
[2022-11-07T22:48:47.699+0000] {logging_mixin.py:120} INFO - [2022-11-07T22:48:47.699+0000] {dag.py:3340} INFO - Setting next_dagrun for example_branch_datetime_operator_3 to 2022-11-06T00:00:00+00:00, run_after=2022-11-07T00:00:00+00:00
[2022-11-07T22:48:47.719+0000] {processor.py:176} INFO - Processing /home/airflow/.local/lib/python3.7/site-packages/airflow/example_dags/example_branch_datetime_operator.py took 0.367 seconds
[2022-11-07T23:21:12.984+0000] {processor.py:154} INFO - Started process (PID=53217) to work on /home/airflow/.local/lib/python3.7/site-packages/airflow/example_dags/example_branch_datetime_operator.py
[2022-11-07T23:21:12.987+0000] {processor.py:756} INFO - Processing file /home/airflow/.local/lib/python3.7/site-packages/airflow/example_dags/example_branch_datetime_operator.py for tasks to queue
[2022-11-07T23:21:12.990+0000] {logging_mixin.py:120} INFO - [2022-11-07T23:21:12.990+0000] {dagbag.py:537} INFO - Filling up the DagBag from /home/airflow/.local/lib/python3.7/site-packages/airflow/example_dags/example_branch_datetime_operator.py
[2022-11-07T23:21:13.035+0000] {processor.py:766} INFO - DAG(s) dict_keys(['example_branch_datetime_operator_2', 'example_branch_datetime_operator_3', 'example_branch_datetime_operator']) retrieved from /home/airflow/.local/lib/python3.7/site-packages/airflow/example_dags/example_branch_datetime_operator.py
[2022-11-07T23:21:13.103+0000] {logging_mixin.py:120} INFO - [2022-11-07T23:21:13.103+0000] {dag.py:2585} INFO - Sync 3 DAGs
[2022-11-07T23:21:13.137+0000] {logging_mixin.py:120} INFO - [2022-11-07T23:21:13.137+0000] {dag.py:3340} INFO - Setting next_dagrun for example_branch_datetime_operator to 2022-11-06T00:00:00+00:00, run_after=2022-11-07T00:00:00+00:00
[2022-11-07T23:21:13.146+0000] {logging_mixin.py:120} INFO - [2022-11-07T23:21:13.146+0000] {dag.py:3340} INFO - Setting next_dagrun for example_branch_datetime_operator_2 to 2022-11-06T00:00:00+00:00, run_after=2022-11-07T00:00:00+00:00
[2022-11-07T23:21:13.155+0000] {logging_mixin.py:120} INFO - [2022-11-07T23:21:13.155+0000] {dag.py:3340} INFO - Setting next_dagrun for example_branch_datetime_operator_3 to 2022-11-06T00:00:00+00:00, run_after=2022-11-07T00:00:00+00:00
[2022-11-07T23:21:13.173+0000] {processor.py:176} INFO - Processing /home/airflow/.local/lib/python3.7/site-packages/airflow/example_dags/example_branch_datetime_operator.py took 0.192 seconds
[2022-11-07T23:58:55.551+0000] {processor.py:154} INFO - Started process (PID=53275) to work on /home/airflow/.local/lib/python3.7/site-packages/airflow/example_dags/example_branch_datetime_operator.py
[2022-11-07T23:58:55.555+0000] {processor.py:756} INFO - Processing file /home/airflow/.local/lib/python3.7/site-packages/airflow/example_dags/example_branch_datetime_operator.py for tasks to queue
[2022-11-07T23:58:55.556+0000] {logging_mixin.py:120} INFO - [2022-11-07T23:58:55.556+0000] {dagbag.py:537} INFO - Filling up the DagBag from /home/airflow/.local/lib/python3.7/site-packages/airflow/example_dags/example_branch_datetime_operator.py
[2022-11-07T23:58:55.599+0000] {processor.py:766} INFO - DAG(s) dict_keys(['example_branch_datetime_operator_3', 'example_branch_datetime_operator_2', 'example_branch_datetime_operator']) retrieved from /home/airflow/.local/lib/python3.7/site-packages/airflow/example_dags/example_branch_datetime_operator.py
[2022-11-07T23:58:55.695+0000] {logging_mixin.py:120} INFO - [2022-11-07T23:58:55.694+0000] {dag.py:2585} INFO - Sync 3 DAGs
[2022-11-07T23:58:56.077+0000] {logging_mixin.py:120} INFO - [2022-11-07T23:58:56.077+0000] {dag.py:3340} INFO - Setting next_dagrun for example_branch_datetime_operator to 2022-11-06T00:00:00+00:00, run_after=2022-11-07T00:00:00+00:00
[2022-11-07T23:58:56.087+0000] {logging_mixin.py:120} INFO - [2022-11-07T23:58:56.087+0000] {dag.py:3340} INFO - Setting next_dagrun for example_branch_datetime_operator_2 to 2022-11-06T00:00:00+00:00, run_after=2022-11-07T00:00:00+00:00
[2022-11-07T23:58:56.098+0000] {logging_mixin.py:120} INFO - [2022-11-07T23:58:56.098+0000] {dag.py:3340} INFO - Setting next_dagrun for example_branch_datetime_operator_3 to 2022-11-06T00:00:00+00:00, run_after=2022-11-07T00:00:00+00:00
[2022-11-07T23:58:56.131+0000] {processor.py:176} INFO - Processing /home/airflow/.local/lib/python3.7/site-packages/airflow/example_dags/example_branch_datetime_operator.py took 0.587 seconds
