[2022-11-07T17:10:58.124+0000] {processor.py:154} INFO - Started process (PID=52197) to work on /home/airflow/.local/lib/python3.7/site-packages/airflow/example_dags/example_xcom.py
[2022-11-07T17:10:58.136+0000] {processor.py:756} INFO - Processing file /home/airflow/.local/lib/python3.7/site-packages/airflow/example_dags/example_xcom.py for tasks to queue
[2022-11-07T17:10:58.138+0000] {logging_mixin.py:120} INFO - [2022-11-07T17:10:58.138+0000] {dagbag.py:537} INFO - Filling up the DagBag from /home/airflow/.local/lib/python3.7/site-packages/airflow/example_dags/example_xcom.py
[2022-11-07T17:10:58.197+0000] {processor.py:766} INFO - DAG(s) dict_keys(['example_xcom']) retrieved from /home/airflow/.local/lib/python3.7/site-packages/airflow/example_dags/example_xcom.py
[2022-11-07T17:10:58.293+0000] {logging_mixin.py:120} INFO - [2022-11-07T17:10:58.293+0000] {dag.py:2585} INFO - Sync 1 DAGs
[2022-11-07T17:10:58.350+0000] {logging_mixin.py:120} INFO - [2022-11-07T17:10:58.350+0000] {dag.py:3340} INFO - Setting next_dagrun for example_xcom to 2021-01-01T00:00:00+00:00, run_after=2021-01-01T00:00:00+00:00
[2022-11-07T17:10:58.383+0000] {processor.py:176} INFO - Processing /home/airflow/.local/lib/python3.7/site-packages/airflow/example_dags/example_xcom.py took 0.266 seconds
[2022-11-07T17:11:28.454+0000] {processor.py:154} INFO - Started process (PID=52254) to work on /home/airflow/.local/lib/python3.7/site-packages/airflow/example_dags/example_xcom.py
[2022-11-07T17:11:28.456+0000] {processor.py:756} INFO - Processing file /home/airflow/.local/lib/python3.7/site-packages/airflow/example_dags/example_xcom.py for tasks to queue
[2022-11-07T17:11:28.458+0000] {logging_mixin.py:120} INFO - [2022-11-07T17:11:28.458+0000] {dagbag.py:537} INFO - Filling up the DagBag from /home/airflow/.local/lib/python3.7/site-packages/airflow/example_dags/example_xcom.py
[2022-11-07T17:11:28.475+0000] {processor.py:766} INFO - DAG(s) dict_keys(['example_xcom']) retrieved from /home/airflow/.local/lib/python3.7/site-packages/airflow/example_dags/example_xcom.py
[2022-11-07T17:11:28.509+0000] {logging_mixin.py:120} INFO - [2022-11-07T17:11:28.509+0000] {dag.py:2585} INFO - Sync 1 DAGs
[2022-11-07T17:11:28.528+0000] {logging_mixin.py:120} INFO - [2022-11-07T17:11:28.528+0000] {dag.py:3340} INFO - Setting next_dagrun for example_xcom to 2021-01-01T00:00:00+00:00, run_after=2021-01-01T00:00:00+00:00
[2022-11-07T17:11:28.648+0000] {processor.py:176} INFO - Processing /home/airflow/.local/lib/python3.7/site-packages/airflow/example_dags/example_xcom.py took 0.197 seconds
[2022-11-07T17:11:59.862+0000] {processor.py:154} INFO - Started process (PID=52320) to work on /home/airflow/.local/lib/python3.7/site-packages/airflow/example_dags/example_xcom.py
[2022-11-07T17:11:59.863+0000] {processor.py:756} INFO - Processing file /home/airflow/.local/lib/python3.7/site-packages/airflow/example_dags/example_xcom.py for tasks to queue
[2022-11-07T17:11:59.864+0000] {logging_mixin.py:120} INFO - [2022-11-07T17:11:59.864+0000] {dagbag.py:537} INFO - Filling up the DagBag from /home/airflow/.local/lib/python3.7/site-packages/airflow/example_dags/example_xcom.py
[2022-11-07T17:11:59.882+0000] {processor.py:766} INFO - DAG(s) dict_keys(['example_xcom']) retrieved from /home/airflow/.local/lib/python3.7/site-packages/airflow/example_dags/example_xcom.py
[2022-11-07T17:11:59.913+0000] {logging_mixin.py:120} INFO - [2022-11-07T17:11:59.913+0000] {dag.py:2585} INFO - Sync 1 DAGs
[2022-11-07T17:12:00.038+0000] {logging_mixin.py:120} INFO - [2022-11-07T17:12:00.038+0000] {dag.py:3340} INFO - Setting next_dagrun for example_xcom to 2021-01-01T00:00:00+00:00, run_after=2021-01-01T00:00:00+00:00
[2022-11-07T17:12:00.051+0000] {processor.py:176} INFO - Processing /home/airflow/.local/lib/python3.7/site-packages/airflow/example_dags/example_xcom.py took 0.192 seconds
[2022-11-07T17:12:30.173+0000] {processor.py:154} INFO - Started process (PID=52388) to work on /home/airflow/.local/lib/python3.7/site-packages/airflow/example_dags/example_xcom.py
[2022-11-07T17:12:30.174+0000] {processor.py:756} INFO - Processing file /home/airflow/.local/lib/python3.7/site-packages/airflow/example_dags/example_xcom.py for tasks to queue
[2022-11-07T17:12:30.176+0000] {logging_mixin.py:120} INFO - [2022-11-07T17:12:30.176+0000] {dagbag.py:537} INFO - Filling up the DagBag from /home/airflow/.local/lib/python3.7/site-packages/airflow/example_dags/example_xcom.py
[2022-11-07T17:12:30.193+0000] {processor.py:766} INFO - DAG(s) dict_keys(['example_xcom']) retrieved from /home/airflow/.local/lib/python3.7/site-packages/airflow/example_dags/example_xcom.py
[2022-11-07T17:12:30.326+0000] {logging_mixin.py:120} INFO - [2022-11-07T17:12:30.326+0000] {dag.py:2585} INFO - Sync 1 DAGs
[2022-11-07T17:12:30.339+0000] {logging_mixin.py:120} INFO - [2022-11-07T17:12:30.339+0000] {dag.py:3340} INFO - Setting next_dagrun for example_xcom to 2021-01-01T00:00:00+00:00, run_after=2021-01-01T00:00:00+00:00
[2022-11-07T17:12:30.351+0000] {processor.py:176} INFO - Processing /home/airflow/.local/lib/python3.7/site-packages/airflow/example_dags/example_xcom.py took 0.181 seconds
[2022-11-07T17:13:00.536+0000] {processor.py:154} INFO - Started process (PID=52455) to work on /home/airflow/.local/lib/python3.7/site-packages/airflow/example_dags/example_xcom.py
[2022-11-07T17:13:00.538+0000] {processor.py:756} INFO - Processing file /home/airflow/.local/lib/python3.7/site-packages/airflow/example_dags/example_xcom.py for tasks to queue
[2022-11-07T17:13:00.539+0000] {logging_mixin.py:120} INFO - [2022-11-07T17:13:00.539+0000] {dagbag.py:537} INFO - Filling up the DagBag from /home/airflow/.local/lib/python3.7/site-packages/airflow/example_dags/example_xcom.py
[2022-11-07T17:13:00.561+0000] {processor.py:766} INFO - DAG(s) dict_keys(['example_xcom']) retrieved from /home/airflow/.local/lib/python3.7/site-packages/airflow/example_dags/example_xcom.py
[2022-11-07T17:13:00.597+0000] {logging_mixin.py:120} INFO - [2022-11-07T17:13:00.597+0000] {dag.py:2585} INFO - Sync 1 DAGs
[2022-11-07T17:13:00.615+0000] {logging_mixin.py:120} INFO - [2022-11-07T17:13:00.615+0000] {dag.py:3340} INFO - Setting next_dagrun for example_xcom to 2021-01-01T00:00:00+00:00, run_after=2021-01-01T00:00:00+00:00
[2022-11-07T17:13:00.631+0000] {processor.py:176} INFO - Processing /home/airflow/.local/lib/python3.7/site-packages/airflow/example_dags/example_xcom.py took 0.099 seconds
[2022-11-07T17:13:31.160+0000] {processor.py:154} INFO - Started process (PID=52521) to work on /home/airflow/.local/lib/python3.7/site-packages/airflow/example_dags/example_xcom.py
[2022-11-07T17:13:31.162+0000] {processor.py:756} INFO - Processing file /home/airflow/.local/lib/python3.7/site-packages/airflow/example_dags/example_xcom.py for tasks to queue
[2022-11-07T17:13:31.163+0000] {logging_mixin.py:120} INFO - [2022-11-07T17:13:31.163+0000] {dagbag.py:537} INFO - Filling up the DagBag from /home/airflow/.local/lib/python3.7/site-packages/airflow/example_dags/example_xcom.py
[2022-11-07T17:13:31.181+0000] {processor.py:766} INFO - DAG(s) dict_keys(['example_xcom']) retrieved from /home/airflow/.local/lib/python3.7/site-packages/airflow/example_dags/example_xcom.py
[2022-11-07T17:13:31.213+0000] {logging_mixin.py:120} INFO - [2022-11-07T17:13:31.213+0000] {dag.py:2585} INFO - Sync 1 DAGs
[2022-11-07T17:13:31.232+0000] {logging_mixin.py:120} INFO - [2022-11-07T17:13:31.232+0000] {dag.py:3340} INFO - Setting next_dagrun for example_xcom to 2021-01-01T00:00:00+00:00, run_after=2021-01-01T00:00:00+00:00
[2022-11-07T17:13:31.353+0000] {processor.py:176} INFO - Processing /home/airflow/.local/lib/python3.7/site-packages/airflow/example_dags/example_xcom.py took 0.196 seconds
[2022-11-07T17:14:02.170+0000] {processor.py:154} INFO - Started process (PID=52588) to work on /home/airflow/.local/lib/python3.7/site-packages/airflow/example_dags/example_xcom.py
[2022-11-07T17:14:02.171+0000] {processor.py:756} INFO - Processing file /home/airflow/.local/lib/python3.7/site-packages/airflow/example_dags/example_xcom.py for tasks to queue
[2022-11-07T17:14:02.173+0000] {logging_mixin.py:120} INFO - [2022-11-07T17:14:02.173+0000] {dagbag.py:537} INFO - Filling up the DagBag from /home/airflow/.local/lib/python3.7/site-packages/airflow/example_dags/example_xcom.py
[2022-11-07T17:14:02.196+0000] {processor.py:766} INFO - DAG(s) dict_keys(['example_xcom']) retrieved from /home/airflow/.local/lib/python3.7/site-packages/airflow/example_dags/example_xcom.py
[2022-11-07T17:14:02.242+0000] {logging_mixin.py:120} INFO - [2022-11-07T17:14:02.242+0000] {dag.py:2585} INFO - Sync 1 DAGs
[2022-11-07T17:14:02.393+0000] {logging_mixin.py:120} INFO - [2022-11-07T17:14:02.393+0000] {dag.py:3340} INFO - Setting next_dagrun for example_xcom to 2021-01-01T00:00:00+00:00, run_after=2021-01-01T00:00:00+00:00
[2022-11-07T17:14:02.410+0000] {processor.py:176} INFO - Processing /home/airflow/.local/lib/python3.7/site-packages/airflow/example_dags/example_xcom.py took 0.244 seconds
[2022-11-07T17:14:32.755+0000] {processor.py:154} INFO - Started process (PID=52646) to work on /home/airflow/.local/lib/python3.7/site-packages/airflow/example_dags/example_xcom.py
[2022-11-07T17:14:32.756+0000] {processor.py:756} INFO - Processing file /home/airflow/.local/lib/python3.7/site-packages/airflow/example_dags/example_xcom.py for tasks to queue
[2022-11-07T17:14:32.757+0000] {logging_mixin.py:120} INFO - [2022-11-07T17:14:32.757+0000] {dagbag.py:537} INFO - Filling up the DagBag from /home/airflow/.local/lib/python3.7/site-packages/airflow/example_dags/example_xcom.py
[2022-11-07T17:14:32.774+0000] {processor.py:766} INFO - DAG(s) dict_keys(['example_xcom']) retrieved from /home/airflow/.local/lib/python3.7/site-packages/airflow/example_dags/example_xcom.py
[2022-11-07T17:14:32.903+0000] {logging_mixin.py:120} INFO - [2022-11-07T17:14:32.903+0000] {dag.py:2585} INFO - Sync 1 DAGs
[2022-11-07T17:14:32.916+0000] {logging_mixin.py:120} INFO - [2022-11-07T17:14:32.916+0000] {dag.py:3340} INFO - Setting next_dagrun for example_xcom to 2021-01-01T00:00:00+00:00, run_after=2021-01-01T00:00:00+00:00
[2022-11-07T17:14:32.927+0000] {processor.py:176} INFO - Processing /home/airflow/.local/lib/python3.7/site-packages/airflow/example_dags/example_xcom.py took 0.175 seconds
[2022-11-07T17:21:23.135+0000] {processor.py:154} INFO - Started process (PID=52714) to work on /home/airflow/.local/lib/python3.7/site-packages/airflow/example_dags/example_xcom.py
[2022-11-07T17:21:23.137+0000] {processor.py:756} INFO - Processing file /home/airflow/.local/lib/python3.7/site-packages/airflow/example_dags/example_xcom.py for tasks to queue
[2022-11-07T17:21:23.140+0000] {logging_mixin.py:120} INFO - [2022-11-07T17:21:23.140+0000] {dagbag.py:537} INFO - Filling up the DagBag from /home/airflow/.local/lib/python3.7/site-packages/airflow/example_dags/example_xcom.py
[2022-11-07T17:21:23.157+0000] {processor.py:766} INFO - DAG(s) dict_keys(['example_xcom']) retrieved from /home/airflow/.local/lib/python3.7/site-packages/airflow/example_dags/example_xcom.py
[2022-11-07T17:21:23.298+0000] {logging_mixin.py:120} INFO - [2022-11-07T17:21:23.298+0000] {dag.py:2585} INFO - Sync 1 DAGs
[2022-11-07T17:21:23.312+0000] {logging_mixin.py:120} INFO - [2022-11-07T17:21:23.312+0000] {dag.py:3340} INFO - Setting next_dagrun for example_xcom to 2021-01-01T00:00:00+00:00, run_after=2021-01-01T00:00:00+00:00
[2022-11-07T17:21:23.323+0000] {processor.py:176} INFO - Processing /home/airflow/.local/lib/python3.7/site-packages/airflow/example_dags/example_xcom.py took 0.191 seconds
[2022-11-07T17:53:20.638+0000] {processor.py:154} INFO - Started process (PID=52783) to work on /home/airflow/.local/lib/python3.7/site-packages/airflow/example_dags/example_xcom.py
[2022-11-07T17:53:20.639+0000] {processor.py:756} INFO - Processing file /home/airflow/.local/lib/python3.7/site-packages/airflow/example_dags/example_xcom.py for tasks to queue
[2022-11-07T17:53:20.641+0000] {logging_mixin.py:120} INFO - [2022-11-07T17:53:20.641+0000] {dagbag.py:537} INFO - Filling up the DagBag from /home/airflow/.local/lib/python3.7/site-packages/airflow/example_dags/example_xcom.py
[2022-11-07T17:53:20.680+0000] {processor.py:766} INFO - DAG(s) dict_keys(['example_xcom']) retrieved from /home/airflow/.local/lib/python3.7/site-packages/airflow/example_dags/example_xcom.py
[2022-11-07T17:53:20.759+0000] {logging_mixin.py:120} INFO - [2022-11-07T17:53:20.759+0000] {dag.py:2585} INFO - Sync 1 DAGs
[2022-11-07T17:53:20.791+0000] {logging_mixin.py:120} INFO - [2022-11-07T17:53:20.791+0000] {dag.py:3340} INFO - Setting next_dagrun for example_xcom to 2021-01-01T00:00:00+00:00, run_after=2021-01-01T00:00:00+00:00
[2022-11-07T17:53:20.988+0000] {processor.py:176} INFO - Processing /home/airflow/.local/lib/python3.7/site-packages/airflow/example_dags/example_xcom.py took 0.354 seconds
[2022-11-07T18:20:22.083+0000] {processor.py:154} INFO - Started process (PID=52850) to work on /home/airflow/.local/lib/python3.7/site-packages/airflow/example_dags/example_xcom.py
[2022-11-07T18:20:22.090+0000] {processor.py:756} INFO - Processing file /home/airflow/.local/lib/python3.7/site-packages/airflow/example_dags/example_xcom.py for tasks to queue
[2022-11-07T18:20:22.093+0000] {logging_mixin.py:120} INFO - [2022-11-07T18:20:22.093+0000] {dagbag.py:537} INFO - Filling up the DagBag from /home/airflow/.local/lib/python3.7/site-packages/airflow/example_dags/example_xcom.py
[2022-11-07T18:20:22.118+0000] {processor.py:766} INFO - DAG(s) dict_keys(['example_xcom']) retrieved from /home/airflow/.local/lib/python3.7/site-packages/airflow/example_dags/example_xcom.py
[2022-11-07T18:20:22.194+0000] {logging_mixin.py:120} INFO - [2022-11-07T18:20:22.194+0000] {dag.py:2585} INFO - Sync 1 DAGs
[2022-11-07T18:20:22.456+0000] {logging_mixin.py:120} INFO - [2022-11-07T18:20:22.456+0000] {dag.py:3340} INFO - Setting next_dagrun for example_xcom to 2021-01-01T00:00:00+00:00, run_after=2021-01-01T00:00:00+00:00
[2022-11-07T18:20:22.482+0000] {processor.py:176} INFO - Processing /home/airflow/.local/lib/python3.7/site-packages/airflow/example_dags/example_xcom.py took 0.418 seconds
[2022-11-07T19:15:53.501+0000] {processor.py:154} INFO - Started process (PID=52908) to work on /home/airflow/.local/lib/python3.7/site-packages/airflow/example_dags/example_xcom.py
[2022-11-07T19:15:53.504+0000] {processor.py:756} INFO - Processing file /home/airflow/.local/lib/python3.7/site-packages/airflow/example_dags/example_xcom.py for tasks to queue
[2022-11-07T19:15:53.506+0000] {logging_mixin.py:120} INFO - [2022-11-07T19:15:53.505+0000] {dagbag.py:537} INFO - Filling up the DagBag from /home/airflow/.local/lib/python3.7/site-packages/airflow/example_dags/example_xcom.py
[2022-11-07T19:15:53.920+0000] {processor.py:766} INFO - DAG(s) dict_keys(['example_xcom']) retrieved from /home/airflow/.local/lib/python3.7/site-packages/airflow/example_dags/example_xcom.py
[2022-11-07T19:15:54.162+0000] {logging_mixin.py:120} INFO - [2022-11-07T19:15:54.162+0000] {dag.py:2585} INFO - Sync 1 DAGs
[2022-11-07T19:15:54.185+0000] {logging_mixin.py:120} INFO - [2022-11-07T19:15:54.185+0000] {dag.py:3340} INFO - Setting next_dagrun for example_xcom to 2021-01-01T00:00:00+00:00, run_after=2021-01-01T00:00:00+00:00
[2022-11-07T19:15:54.205+0000] {processor.py:176} INFO - Processing /home/airflow/.local/lib/python3.7/site-packages/airflow/example_dags/example_xcom.py took 0.708 seconds
[2022-11-07T19:44:45.560+0000] {processor.py:154} INFO - Started process (PID=52973) to work on /home/airflow/.local/lib/python3.7/site-packages/airflow/example_dags/example_xcom.py
[2022-11-07T19:44:45.563+0000] {processor.py:756} INFO - Processing file /home/airflow/.local/lib/python3.7/site-packages/airflow/example_dags/example_xcom.py for tasks to queue
[2022-11-07T19:44:45.565+0000] {logging_mixin.py:120} INFO - [2022-11-07T19:44:45.565+0000] {dagbag.py:537} INFO - Filling up the DagBag from /home/airflow/.local/lib/python3.7/site-packages/airflow/example_dags/example_xcom.py
[2022-11-07T19:44:45.601+0000] {processor.py:766} INFO - DAG(s) dict_keys(['example_xcom']) retrieved from /home/airflow/.local/lib/python3.7/site-packages/airflow/example_dags/example_xcom.py
[2022-11-07T19:44:45.664+0000] {logging_mixin.py:120} INFO - [2022-11-07T19:44:45.664+0000] {dag.py:2585} INFO - Sync 1 DAGs
[2022-11-07T19:44:45.694+0000] {logging_mixin.py:120} INFO - [2022-11-07T19:44:45.694+0000] {dag.py:3340} INFO - Setting next_dagrun for example_xcom to 2021-01-01T00:00:00+00:00, run_after=2021-01-01T00:00:00+00:00
[2022-11-07T19:44:45.714+0000] {processor.py:176} INFO - Processing /home/airflow/.local/lib/python3.7/site-packages/airflow/example_dags/example_xcom.py took 0.158 seconds
[2022-11-07T20:51:26.400+0000] {processor.py:154} INFO - Started process (PID=53039) to work on /home/airflow/.local/lib/python3.7/site-packages/airflow/example_dags/example_xcom.py
[2022-11-07T20:51:26.402+0000] {processor.py:756} INFO - Processing file /home/airflow/.local/lib/python3.7/site-packages/airflow/example_dags/example_xcom.py for tasks to queue
[2022-11-07T20:51:26.403+0000] {logging_mixin.py:120} INFO - [2022-11-07T20:51:26.403+0000] {dagbag.py:537} INFO - Filling up the DagBag from /home/airflow/.local/lib/python3.7/site-packages/airflow/example_dags/example_xcom.py
[2022-11-07T20:51:26.423+0000] {processor.py:766} INFO - DAG(s) dict_keys(['example_xcom']) retrieved from /home/airflow/.local/lib/python3.7/site-packages/airflow/example_dags/example_xcom.py
[2022-11-07T20:51:26.464+0000] {logging_mixin.py:120} INFO - [2022-11-07T20:51:26.464+0000] {dag.py:2585} INFO - Sync 1 DAGs
[2022-11-07T20:51:26.590+0000] {logging_mixin.py:120} INFO - [2022-11-07T20:51:26.590+0000] {dag.py:3340} INFO - Setting next_dagrun for example_xcom to 2021-01-01T00:00:00+00:00, run_after=2021-01-01T00:00:00+00:00
[2022-11-07T20:51:26.604+0000] {processor.py:176} INFO - Processing /home/airflow/.local/lib/python3.7/site-packages/airflow/example_dags/example_xcom.py took 0.208 seconds
[2022-11-07T21:44:44.573+0000] {processor.py:154} INFO - Started process (PID=53098) to work on /home/airflow/.local/lib/python3.7/site-packages/airflow/example_dags/example_xcom.py
[2022-11-07T21:44:44.574+0000] {processor.py:756} INFO - Processing file /home/airflow/.local/lib/python3.7/site-packages/airflow/example_dags/example_xcom.py for tasks to queue
[2022-11-07T21:44:44.575+0000] {logging_mixin.py:120} INFO - [2022-11-07T21:44:44.575+0000] {dagbag.py:537} INFO - Filling up the DagBag from /home/airflow/.local/lib/python3.7/site-packages/airflow/example_dags/example_xcom.py
[2022-11-07T21:44:44.592+0000] {processor.py:766} INFO - DAG(s) dict_keys(['example_xcom']) retrieved from /home/airflow/.local/lib/python3.7/site-packages/airflow/example_dags/example_xcom.py
[2022-11-07T21:44:44.626+0000] {logging_mixin.py:120} INFO - [2022-11-07T21:44:44.626+0000] {dag.py:2585} INFO - Sync 1 DAGs
[2022-11-07T21:44:44.748+0000] {logging_mixin.py:120} INFO - [2022-11-07T21:44:44.748+0000] {dag.py:3340} INFO - Setting next_dagrun for example_xcom to 2021-01-01T00:00:00+00:00, run_after=2021-01-01T00:00:00+00:00
[2022-11-07T21:44:44.764+0000] {processor.py:176} INFO - Processing /home/airflow/.local/lib/python3.7/site-packages/airflow/example_dags/example_xcom.py took 0.194 seconds
[2022-11-07T22:48:50.324+0000] {processor.py:154} INFO - Started process (PID=53164) to work on /home/airflow/.local/lib/python3.7/site-packages/airflow/example_dags/example_xcom.py
[2022-11-07T22:48:50.326+0000] {processor.py:756} INFO - Processing file /home/airflow/.local/lib/python3.7/site-packages/airflow/example_dags/example_xcom.py for tasks to queue
[2022-11-07T22:48:50.328+0000] {logging_mixin.py:120} INFO - [2022-11-07T22:48:50.328+0000] {dagbag.py:537} INFO - Filling up the DagBag from /home/airflow/.local/lib/python3.7/site-packages/airflow/example_dags/example_xcom.py
[2022-11-07T22:48:50.372+0000] {processor.py:766} INFO - DAG(s) dict_keys(['example_xcom']) retrieved from /home/airflow/.local/lib/python3.7/site-packages/airflow/example_dags/example_xcom.py
[2022-11-07T22:48:50.677+0000] {logging_mixin.py:120} INFO - [2022-11-07T22:48:50.677+0000] {dag.py:2585} INFO - Sync 1 DAGs
[2022-11-07T22:48:50.722+0000] {logging_mixin.py:120} INFO - [2022-11-07T22:48:50.722+0000] {dag.py:3340} INFO - Setting next_dagrun for example_xcom to 2021-01-01T00:00:00+00:00, run_after=2021-01-01T00:00:00+00:00
[2022-11-07T22:48:50.751+0000] {processor.py:176} INFO - Processing /home/airflow/.local/lib/python3.7/site-packages/airflow/example_dags/example_xcom.py took 0.430 seconds
[2022-11-07T23:21:14.971+0000] {processor.py:154} INFO - Started process (PID=53230) to work on /home/airflow/.local/lib/python3.7/site-packages/airflow/example_dags/example_xcom.py
[2022-11-07T23:21:14.975+0000] {processor.py:756} INFO - Processing file /home/airflow/.local/lib/python3.7/site-packages/airflow/example_dags/example_xcom.py for tasks to queue
[2022-11-07T23:21:14.977+0000] {logging_mixin.py:120} INFO - [2022-11-07T23:21:14.976+0000] {dagbag.py:537} INFO - Filling up the DagBag from /home/airflow/.local/lib/python3.7/site-packages/airflow/example_dags/example_xcom.py
[2022-11-07T23:21:15.035+0000] {processor.py:766} INFO - DAG(s) dict_keys(['example_xcom']) retrieved from /home/airflow/.local/lib/python3.7/site-packages/airflow/example_dags/example_xcom.py
[2022-11-07T23:21:15.122+0000] {logging_mixin.py:120} INFO - [2022-11-07T23:21:15.122+0000] {dag.py:2585} INFO - Sync 1 DAGs
[2022-11-07T23:21:15.158+0000] {logging_mixin.py:120} INFO - [2022-11-07T23:21:15.157+0000] {dag.py:3340} INFO - Setting next_dagrun for example_xcom to 2021-01-01T00:00:00+00:00, run_after=2021-01-01T00:00:00+00:00
[2022-11-07T23:21:15.363+0000] {processor.py:176} INFO - Processing /home/airflow/.local/lib/python3.7/site-packages/airflow/example_dags/example_xcom.py took 0.398 seconds
[2022-11-07T23:58:59.700+0000] {processor.py:154} INFO - Started process (PID=53297) to work on /home/airflow/.local/lib/python3.7/site-packages/airflow/example_dags/example_xcom.py
[2022-11-07T23:58:59.702+0000] {processor.py:756} INFO - Processing file /home/airflow/.local/lib/python3.7/site-packages/airflow/example_dags/example_xcom.py for tasks to queue
[2022-11-07T23:58:59.704+0000] {logging_mixin.py:120} INFO - [2022-11-07T23:58:59.704+0000] {dagbag.py:537} INFO - Filling up the DagBag from /home/airflow/.local/lib/python3.7/site-packages/airflow/example_dags/example_xcom.py
[2022-11-07T23:58:59.741+0000] {processor.py:766} INFO - DAG(s) dict_keys(['example_xcom']) retrieved from /home/airflow/.local/lib/python3.7/site-packages/airflow/example_dags/example_xcom.py
[2022-11-07T23:58:59.796+0000] {logging_mixin.py:120} INFO - [2022-11-07T23:58:59.796+0000] {dag.py:2585} INFO - Sync 1 DAGs
[2022-11-07T23:59:00.003+0000] {logging_mixin.py:120} INFO - [2022-11-07T23:59:00.003+0000] {dag.py:3340} INFO - Setting next_dagrun for example_xcom to 2021-01-01T00:00:00+00:00, run_after=2021-01-01T00:00:00+00:00
[2022-11-07T23:59:00.023+0000] {processor.py:176} INFO - Processing /home/airflow/.local/lib/python3.7/site-packages/airflow/example_dags/example_xcom.py took 0.328 seconds
