[2022-11-07T17:10:59.618+0000] {processor.py:154} INFO - Started process (PID=52204) to work on /home/airflow/.local/lib/python3.7/site-packages/airflow/example_dags/example_time_delta_sensor_async.py
[2022-11-07T17:10:59.621+0000] {processor.py:756} INFO - Processing file /home/airflow/.local/lib/python3.7/site-packages/airflow/example_dags/example_time_delta_sensor_async.py for tasks to queue
[2022-11-07T17:10:59.628+0000] {logging_mixin.py:120} INFO - [2022-11-07T17:10:59.628+0000] {dagbag.py:537} INFO - Filling up the DagBag from /home/airflow/.local/lib/python3.7/site-packages/airflow/example_dags/example_time_delta_sensor_async.py
[2022-11-07T17:10:59.722+0000] {processor.py:766} INFO - DAG(s) dict_keys(['example_time_delta_sensor_async']) retrieved from /home/airflow/.local/lib/python3.7/site-packages/airflow/example_dags/example_time_delta_sensor_async.py
[2022-11-07T17:11:00.606+0000] {logging_mixin.py:120} INFO - [2022-11-07T17:11:00.606+0000] {dag.py:2585} INFO - Sync 1 DAGs
[2022-11-07T17:11:00.665+0000] {logging_mixin.py:120} INFO - [2022-11-07T17:11:00.665+0000] {dag.py:3340} INFO - Setting next_dagrun for example_time_delta_sensor_async to None, run_after=None
[2022-11-07T17:11:00.739+0000] {processor.py:176} INFO - Processing /home/airflow/.local/lib/python3.7/site-packages/airflow/example_dags/example_time_delta_sensor_async.py took 1.129 seconds
[2022-11-07T17:11:31.349+0000] {processor.py:154} INFO - Started process (PID=52270) to work on /home/airflow/.local/lib/python3.7/site-packages/airflow/example_dags/example_time_delta_sensor_async.py
[2022-11-07T17:11:31.350+0000] {processor.py:756} INFO - Processing file /home/airflow/.local/lib/python3.7/site-packages/airflow/example_dags/example_time_delta_sensor_async.py for tasks to queue
[2022-11-07T17:11:31.351+0000] {logging_mixin.py:120} INFO - [2022-11-07T17:11:31.351+0000] {dagbag.py:537} INFO - Filling up the DagBag from /home/airflow/.local/lib/python3.7/site-packages/airflow/example_dags/example_time_delta_sensor_async.py
[2022-11-07T17:11:31.368+0000] {processor.py:766} INFO - DAG(s) dict_keys(['example_time_delta_sensor_async']) retrieved from /home/airflow/.local/lib/python3.7/site-packages/airflow/example_dags/example_time_delta_sensor_async.py
[2022-11-07T17:11:31.466+0000] {logging_mixin.py:120} INFO - [2022-11-07T17:11:31.466+0000] {dag.py:2585} INFO - Sync 1 DAGs
[2022-11-07T17:11:31.574+0000] {logging_mixin.py:120} INFO - [2022-11-07T17:11:31.574+0000] {dag.py:3340} INFO - Setting next_dagrun for example_time_delta_sensor_async to None, run_after=None
[2022-11-07T17:11:31.587+0000] {processor.py:176} INFO - Processing /home/airflow/.local/lib/python3.7/site-packages/airflow/example_dags/example_time_delta_sensor_async.py took 0.241 seconds
[2022-11-07T17:12:01.808+0000] {processor.py:154} INFO - Started process (PID=52334) to work on /home/airflow/.local/lib/python3.7/site-packages/airflow/example_dags/example_time_delta_sensor_async.py
[2022-11-07T17:12:01.809+0000] {processor.py:756} INFO - Processing file /home/airflow/.local/lib/python3.7/site-packages/airflow/example_dags/example_time_delta_sensor_async.py for tasks to queue
[2022-11-07T17:12:01.814+0000] {logging_mixin.py:120} INFO - [2022-11-07T17:12:01.813+0000] {dagbag.py:537} INFO - Filling up the DagBag from /home/airflow/.local/lib/python3.7/site-packages/airflow/example_dags/example_time_delta_sensor_async.py
[2022-11-07T17:12:01.838+0000] {processor.py:766} INFO - DAG(s) dict_keys(['example_time_delta_sensor_async']) retrieved from /home/airflow/.local/lib/python3.7/site-packages/airflow/example_dags/example_time_delta_sensor_async.py
[2022-11-07T17:12:02.058+0000] {logging_mixin.py:120} INFO - [2022-11-07T17:12:02.058+0000] {dag.py:2585} INFO - Sync 1 DAGs
[2022-11-07T17:12:02.273+0000] {logging_mixin.py:120} INFO - [2022-11-07T17:12:02.273+0000] {dag.py:3340} INFO - Setting next_dagrun for example_time_delta_sensor_async to None, run_after=None
[2022-11-07T17:12:02.286+0000] {processor.py:176} INFO - Processing /home/airflow/.local/lib/python3.7/site-packages/airflow/example_dags/example_time_delta_sensor_async.py took 0.482 seconds
[2022-11-07T17:12:32.493+0000] {processor.py:154} INFO - Started process (PID=52396) to work on /home/airflow/.local/lib/python3.7/site-packages/airflow/example_dags/example_time_delta_sensor_async.py
[2022-11-07T17:12:32.494+0000] {processor.py:756} INFO - Processing file /home/airflow/.local/lib/python3.7/site-packages/airflow/example_dags/example_time_delta_sensor_async.py for tasks to queue
[2022-11-07T17:12:32.495+0000] {logging_mixin.py:120} INFO - [2022-11-07T17:12:32.495+0000] {dagbag.py:537} INFO - Filling up the DagBag from /home/airflow/.local/lib/python3.7/site-packages/airflow/example_dags/example_time_delta_sensor_async.py
[2022-11-07T17:12:32.504+0000] {processor.py:766} INFO - DAG(s) dict_keys(['example_time_delta_sensor_async']) retrieved from /home/airflow/.local/lib/python3.7/site-packages/airflow/example_dags/example_time_delta_sensor_async.py
[2022-11-07T17:12:32.689+0000] {logging_mixin.py:120} INFO - [2022-11-07T17:12:32.689+0000] {dag.py:2585} INFO - Sync 1 DAGs
[2022-11-07T17:12:32.702+0000] {logging_mixin.py:120} INFO - [2022-11-07T17:12:32.701+0000] {dag.py:3340} INFO - Setting next_dagrun for example_time_delta_sensor_async to None, run_after=None
[2022-11-07T17:12:32.711+0000] {processor.py:176} INFO - Processing /home/airflow/.local/lib/python3.7/site-packages/airflow/example_dags/example_time_delta_sensor_async.py took 0.221 seconds
[2022-11-07T17:13:03.001+0000] {processor.py:154} INFO - Started process (PID=52462) to work on /home/airflow/.local/lib/python3.7/site-packages/airflow/example_dags/example_time_delta_sensor_async.py
[2022-11-07T17:13:03.007+0000] {processor.py:756} INFO - Processing file /home/airflow/.local/lib/python3.7/site-packages/airflow/example_dags/example_time_delta_sensor_async.py for tasks to queue
[2022-11-07T17:13:03.010+0000] {logging_mixin.py:120} INFO - [2022-11-07T17:13:03.009+0000] {dagbag.py:537} INFO - Filling up the DagBag from /home/airflow/.local/lib/python3.7/site-packages/airflow/example_dags/example_time_delta_sensor_async.py
[2022-11-07T17:13:03.025+0000] {processor.py:766} INFO - DAG(s) dict_keys(['example_time_delta_sensor_async']) retrieved from /home/airflow/.local/lib/python3.7/site-packages/airflow/example_dags/example_time_delta_sensor_async.py
[2022-11-07T17:13:03.141+0000] {logging_mixin.py:120} INFO - [2022-11-07T17:13:03.141+0000] {dag.py:2585} INFO - Sync 1 DAGs
[2022-11-07T17:13:03.157+0000] {logging_mixin.py:120} INFO - [2022-11-07T17:13:03.157+0000] {dag.py:3340} INFO - Setting next_dagrun for example_time_delta_sensor_async to None, run_after=None
[2022-11-07T17:13:03.170+0000] {processor.py:176} INFO - Processing /home/airflow/.local/lib/python3.7/site-packages/airflow/example_dags/example_time_delta_sensor_async.py took 0.176 seconds
[2022-11-07T17:13:33.993+0000] {processor.py:154} INFO - Started process (PID=52528) to work on /home/airflow/.local/lib/python3.7/site-packages/airflow/example_dags/example_time_delta_sensor_async.py
[2022-11-07T17:13:33.996+0000] {processor.py:756} INFO - Processing file /home/airflow/.local/lib/python3.7/site-packages/airflow/example_dags/example_time_delta_sensor_async.py for tasks to queue
[2022-11-07T17:13:33.997+0000] {logging_mixin.py:120} INFO - [2022-11-07T17:13:33.997+0000] {dagbag.py:537} INFO - Filling up the DagBag from /home/airflow/.local/lib/python3.7/site-packages/airflow/example_dags/example_time_delta_sensor_async.py
[2022-11-07T17:13:34.013+0000] {processor.py:766} INFO - DAG(s) dict_keys(['example_time_delta_sensor_async']) retrieved from /home/airflow/.local/lib/python3.7/site-packages/airflow/example_dags/example_time_delta_sensor_async.py
[2022-11-07T17:13:34.132+0000] {logging_mixin.py:120} INFO - [2022-11-07T17:13:34.131+0000] {dag.py:2585} INFO - Sync 1 DAGs
[2022-11-07T17:13:34.274+0000] {logging_mixin.py:120} INFO - [2022-11-07T17:13:34.274+0000] {dag.py:3340} INFO - Setting next_dagrun for example_time_delta_sensor_async to None, run_after=None
[2022-11-07T17:13:34.288+0000] {processor.py:176} INFO - Processing /home/airflow/.local/lib/python3.7/site-packages/airflow/example_dags/example_time_delta_sensor_async.py took 0.303 seconds
[2022-11-07T17:14:04.400+0000] {processor.py:154} INFO - Started process (PID=52595) to work on /home/airflow/.local/lib/python3.7/site-packages/airflow/example_dags/example_time_delta_sensor_async.py
[2022-11-07T17:14:04.404+0000] {processor.py:756} INFO - Processing file /home/airflow/.local/lib/python3.7/site-packages/airflow/example_dags/example_time_delta_sensor_async.py for tasks to queue
[2022-11-07T17:14:04.406+0000] {logging_mixin.py:120} INFO - [2022-11-07T17:14:04.406+0000] {dagbag.py:537} INFO - Filling up the DagBag from /home/airflow/.local/lib/python3.7/site-packages/airflow/example_dags/example_time_delta_sensor_async.py
[2022-11-07T17:14:04.421+0000] {processor.py:766} INFO - DAG(s) dict_keys(['example_time_delta_sensor_async']) retrieved from /home/airflow/.local/lib/python3.7/site-packages/airflow/example_dags/example_time_delta_sensor_async.py
[2022-11-07T17:14:04.526+0000] {logging_mixin.py:120} INFO - [2022-11-07T17:14:04.526+0000] {dag.py:2585} INFO - Sync 1 DAGs
[2022-11-07T17:14:04.642+0000] {logging_mixin.py:120} INFO - [2022-11-07T17:14:04.642+0000] {dag.py:3340} INFO - Setting next_dagrun for example_time_delta_sensor_async to None, run_after=None
[2022-11-07T17:14:04.661+0000] {processor.py:176} INFO - Processing /home/airflow/.local/lib/python3.7/site-packages/airflow/example_dags/example_time_delta_sensor_async.py took 0.271 seconds
[2022-11-07T17:14:34.941+0000] {processor.py:154} INFO - Started process (PID=52663) to work on /home/airflow/.local/lib/python3.7/site-packages/airflow/example_dags/example_time_delta_sensor_async.py
[2022-11-07T17:14:34.948+0000] {processor.py:756} INFO - Processing file /home/airflow/.local/lib/python3.7/site-packages/airflow/example_dags/example_time_delta_sensor_async.py for tasks to queue
[2022-11-07T17:14:34.950+0000] {logging_mixin.py:120} INFO - [2022-11-07T17:14:34.949+0000] {dagbag.py:537} INFO - Filling up the DagBag from /home/airflow/.local/lib/python3.7/site-packages/airflow/example_dags/example_time_delta_sensor_async.py
[2022-11-07T17:14:34.964+0000] {processor.py:766} INFO - DAG(s) dict_keys(['example_time_delta_sensor_async']) retrieved from /home/airflow/.local/lib/python3.7/site-packages/airflow/example_dags/example_time_delta_sensor_async.py
[2022-11-07T17:14:35.209+0000] {logging_mixin.py:120} INFO - [2022-11-07T17:14:35.209+0000] {dag.py:2585} INFO - Sync 1 DAGs
[2022-11-07T17:14:35.228+0000] {logging_mixin.py:120} INFO - [2022-11-07T17:14:35.228+0000] {dag.py:3340} INFO - Setting next_dagrun for example_time_delta_sensor_async to None, run_after=None
[2022-11-07T17:14:35.240+0000] {processor.py:176} INFO - Processing /home/airflow/.local/lib/python3.7/site-packages/airflow/example_dags/example_time_delta_sensor_async.py took 0.303 seconds
[2022-11-07T17:21:23.750+0000] {processor.py:154} INFO - Started process (PID=52721) to work on /home/airflow/.local/lib/python3.7/site-packages/airflow/example_dags/example_time_delta_sensor_async.py
[2022-11-07T17:21:23.752+0000] {processor.py:756} INFO - Processing file /home/airflow/.local/lib/python3.7/site-packages/airflow/example_dags/example_time_delta_sensor_async.py for tasks to queue
[2022-11-07T17:21:23.753+0000] {logging_mixin.py:120} INFO - [2022-11-07T17:21:23.753+0000] {dagbag.py:537} INFO - Filling up the DagBag from /home/airflow/.local/lib/python3.7/site-packages/airflow/example_dags/example_time_delta_sensor_async.py
[2022-11-07T17:21:23.765+0000] {processor.py:766} INFO - DAG(s) dict_keys(['example_time_delta_sensor_async']) retrieved from /home/airflow/.local/lib/python3.7/site-packages/airflow/example_dags/example_time_delta_sensor_async.py
[2022-11-07T17:21:23.996+0000] {logging_mixin.py:120} INFO - [2022-11-07T17:21:23.996+0000] {dag.py:2585} INFO - Sync 1 DAGs
[2022-11-07T17:21:24.011+0000] {logging_mixin.py:120} INFO - [2022-11-07T17:21:24.010+0000] {dag.py:3340} INFO - Setting next_dagrun for example_time_delta_sensor_async to None, run_after=None
[2022-11-07T17:21:24.024+0000] {processor.py:176} INFO - Processing /home/airflow/.local/lib/python3.7/site-packages/airflow/example_dags/example_time_delta_sensor_async.py took 0.277 seconds
[2022-11-07T17:53:22.097+0000] {processor.py:154} INFO - Started process (PID=52790) to work on /home/airflow/.local/lib/python3.7/site-packages/airflow/example_dags/example_time_delta_sensor_async.py
[2022-11-07T17:53:22.100+0000] {processor.py:756} INFO - Processing file /home/airflow/.local/lib/python3.7/site-packages/airflow/example_dags/example_time_delta_sensor_async.py for tasks to queue
[2022-11-07T17:53:22.102+0000] {logging_mixin.py:120} INFO - [2022-11-07T17:53:22.102+0000] {dagbag.py:537} INFO - Filling up the DagBag from /home/airflow/.local/lib/python3.7/site-packages/airflow/example_dags/example_time_delta_sensor_async.py
[2022-11-07T17:53:22.119+0000] {processor.py:766} INFO - DAG(s) dict_keys(['example_time_delta_sensor_async']) retrieved from /home/airflow/.local/lib/python3.7/site-packages/airflow/example_dags/example_time_delta_sensor_async.py
[2022-11-07T17:53:22.357+0000] {logging_mixin.py:120} INFO - [2022-11-07T17:53:22.357+0000] {dag.py:2585} INFO - Sync 1 DAGs
[2022-11-07T17:53:22.617+0000] {logging_mixin.py:120} INFO - [2022-11-07T17:53:22.617+0000] {dag.py:3340} INFO - Setting next_dagrun for example_time_delta_sensor_async to None, run_after=None
[2022-11-07T17:53:22.647+0000] {processor.py:176} INFO - Processing /home/airflow/.local/lib/python3.7/site-packages/airflow/example_dags/example_time_delta_sensor_async.py took 0.553 seconds
[2022-11-07T18:20:23.595+0000] {processor.py:154} INFO - Started process (PID=52857) to work on /home/airflow/.local/lib/python3.7/site-packages/airflow/example_dags/example_time_delta_sensor_async.py
[2022-11-07T18:20:23.597+0000] {processor.py:756} INFO - Processing file /home/airflow/.local/lib/python3.7/site-packages/airflow/example_dags/example_time_delta_sensor_async.py for tasks to queue
[2022-11-07T18:20:23.600+0000] {logging_mixin.py:120} INFO - [2022-11-07T18:20:23.599+0000] {dagbag.py:537} INFO - Filling up the DagBag from /home/airflow/.local/lib/python3.7/site-packages/airflow/example_dags/example_time_delta_sensor_async.py
[2022-11-07T18:20:23.619+0000] {processor.py:766} INFO - DAG(s) dict_keys(['example_time_delta_sensor_async']) retrieved from /home/airflow/.local/lib/python3.7/site-packages/airflow/example_dags/example_time_delta_sensor_async.py
[2022-11-07T18:20:23.856+0000] {logging_mixin.py:120} INFO - [2022-11-07T18:20:23.856+0000] {dag.py:2585} INFO - Sync 1 DAGs
[2022-11-07T18:20:24.056+0000] {logging_mixin.py:120} INFO - [2022-11-07T18:20:24.056+0000] {dag.py:3340} INFO - Setting next_dagrun for example_time_delta_sensor_async to None, run_after=None
[2022-11-07T18:20:24.082+0000] {processor.py:176} INFO - Processing /home/airflow/.local/lib/python3.7/site-packages/airflow/example_dags/example_time_delta_sensor_async.py took 0.491 seconds
[2022-11-07T19:15:55.990+0000] {processor.py:154} INFO - Started process (PID=52924) to work on /home/airflow/.local/lib/python3.7/site-packages/airflow/example_dags/example_time_delta_sensor_async.py
[2022-11-07T19:15:55.992+0000] {processor.py:756} INFO - Processing file /home/airflow/.local/lib/python3.7/site-packages/airflow/example_dags/example_time_delta_sensor_async.py for tasks to queue
[2022-11-07T19:15:55.994+0000] {logging_mixin.py:120} INFO - [2022-11-07T19:15:55.993+0000] {dagbag.py:537} INFO - Filling up the DagBag from /home/airflow/.local/lib/python3.7/site-packages/airflow/example_dags/example_time_delta_sensor_async.py
[2022-11-07T19:15:56.012+0000] {processor.py:766} INFO - DAG(s) dict_keys(['example_time_delta_sensor_async']) retrieved from /home/airflow/.local/lib/python3.7/site-packages/airflow/example_dags/example_time_delta_sensor_async.py
[2022-11-07T19:15:56.292+0000] {logging_mixin.py:120} INFO - [2022-11-07T19:15:56.292+0000] {dag.py:2585} INFO - Sync 1 DAGs
[2022-11-07T19:15:56.313+0000] {logging_mixin.py:120} INFO - [2022-11-07T19:15:56.313+0000] {dag.py:3340} INFO - Setting next_dagrun for example_time_delta_sensor_async to None, run_after=None
[2022-11-07T19:15:56.333+0000] {processor.py:176} INFO - Processing /home/airflow/.local/lib/python3.7/site-packages/airflow/example_dags/example_time_delta_sensor_async.py took 0.348 seconds
[2022-11-07T19:44:46.400+0000] {processor.py:154} INFO - Started process (PID=52980) to work on /home/airflow/.local/lib/python3.7/site-packages/airflow/example_dags/example_time_delta_sensor_async.py
[2022-11-07T19:44:46.403+0000] {processor.py:756} INFO - Processing file /home/airflow/.local/lib/python3.7/site-packages/airflow/example_dags/example_time_delta_sensor_async.py for tasks to queue
[2022-11-07T19:44:46.405+0000] {logging_mixin.py:120} INFO - [2022-11-07T19:44:46.405+0000] {dagbag.py:537} INFO - Filling up the DagBag from /home/airflow/.local/lib/python3.7/site-packages/airflow/example_dags/example_time_delta_sensor_async.py
[2022-11-07T19:44:46.442+0000] {processor.py:766} INFO - DAG(s) dict_keys(['example_time_delta_sensor_async']) retrieved from /home/airflow/.local/lib/python3.7/site-packages/airflow/example_dags/example_time_delta_sensor_async.py
[2022-11-07T19:44:46.755+0000] {logging_mixin.py:120} INFO - [2022-11-07T19:44:46.755+0000] {dag.py:2585} INFO - Sync 1 DAGs
[2022-11-07T19:44:46.784+0000] {logging_mixin.py:120} INFO - [2022-11-07T19:44:46.784+0000] {dag.py:3340} INFO - Setting next_dagrun for example_time_delta_sensor_async to None, run_after=None
[2022-11-07T19:44:46.804+0000] {processor.py:176} INFO - Processing /home/airflow/.local/lib/python3.7/site-packages/airflow/example_dags/example_time_delta_sensor_async.py took 0.409 seconds
[2022-11-07T20:51:27.208+0000] {processor.py:154} INFO - Started process (PID=53046) to work on /home/airflow/.local/lib/python3.7/site-packages/airflow/example_dags/example_time_delta_sensor_async.py
[2022-11-07T20:51:27.210+0000] {processor.py:756} INFO - Processing file /home/airflow/.local/lib/python3.7/site-packages/airflow/example_dags/example_time_delta_sensor_async.py for tasks to queue
[2022-11-07T20:51:27.211+0000] {logging_mixin.py:120} INFO - [2022-11-07T20:51:27.211+0000] {dagbag.py:537} INFO - Filling up the DagBag from /home/airflow/.local/lib/python3.7/site-packages/airflow/example_dags/example_time_delta_sensor_async.py
[2022-11-07T20:51:27.223+0000] {processor.py:766} INFO - DAG(s) dict_keys(['example_time_delta_sensor_async']) retrieved from /home/airflow/.local/lib/python3.7/site-packages/airflow/example_dags/example_time_delta_sensor_async.py
[2022-11-07T20:51:27.345+0000] {logging_mixin.py:120} INFO - [2022-11-07T20:51:27.345+0000] {dag.py:2585} INFO - Sync 1 DAGs
[2022-11-07T20:51:27.476+0000] {logging_mixin.py:120} INFO - [2022-11-07T20:51:27.476+0000] {dag.py:3340} INFO - Setting next_dagrun for example_time_delta_sensor_async to None, run_after=None
[2022-11-07T20:51:27.489+0000] {processor.py:176} INFO - Processing /home/airflow/.local/lib/python3.7/site-packages/airflow/example_dags/example_time_delta_sensor_async.py took 0.283 seconds
[2022-11-07T21:44:45.577+0000] {processor.py:154} INFO - Started process (PID=53105) to work on /home/airflow/.local/lib/python3.7/site-packages/airflow/example_dags/example_time_delta_sensor_async.py
[2022-11-07T21:44:45.579+0000] {processor.py:756} INFO - Processing file /home/airflow/.local/lib/python3.7/site-packages/airflow/example_dags/example_time_delta_sensor_async.py for tasks to queue
[2022-11-07T21:44:45.581+0000] {logging_mixin.py:120} INFO - [2022-11-07T21:44:45.580+0000] {dagbag.py:537} INFO - Filling up the DagBag from /home/airflow/.local/lib/python3.7/site-packages/airflow/example_dags/example_time_delta_sensor_async.py
[2022-11-07T21:44:45.599+0000] {processor.py:766} INFO - DAG(s) dict_keys(['example_time_delta_sensor_async']) retrieved from /home/airflow/.local/lib/python3.7/site-packages/airflow/example_dags/example_time_delta_sensor_async.py
[2022-11-07T21:44:45.848+0000] {logging_mixin.py:120} INFO - [2022-11-07T21:44:45.848+0000] {dag.py:2585} INFO - Sync 1 DAGs
[2022-11-07T21:44:45.865+0000] {logging_mixin.py:120} INFO - [2022-11-07T21:44:45.865+0000] {dag.py:3340} INFO - Setting next_dagrun for example_time_delta_sensor_async to None, run_after=None
[2022-11-07T21:44:45.881+0000] {processor.py:176} INFO - Processing /home/airflow/.local/lib/python3.7/site-packages/airflow/example_dags/example_time_delta_sensor_async.py took 0.309 seconds
[2022-11-07T22:48:52.338+0000] {processor.py:154} INFO - Started process (PID=53177) to work on /home/airflow/.local/lib/python3.7/site-packages/airflow/example_dags/example_time_delta_sensor_async.py
[2022-11-07T22:48:52.340+0000] {processor.py:756} INFO - Processing file /home/airflow/.local/lib/python3.7/site-packages/airflow/example_dags/example_time_delta_sensor_async.py for tasks to queue
[2022-11-07T22:48:52.342+0000] {logging_mixin.py:120} INFO - [2022-11-07T22:48:52.342+0000] {dagbag.py:537} INFO - Filling up the DagBag from /home/airflow/.local/lib/python3.7/site-packages/airflow/example_dags/example_time_delta_sensor_async.py
[2022-11-07T22:48:52.356+0000] {processor.py:766} INFO - DAG(s) dict_keys(['example_time_delta_sensor_async']) retrieved from /home/airflow/.local/lib/python3.7/site-packages/airflow/example_dags/example_time_delta_sensor_async.py
[2022-11-07T22:48:52.776+0000] {logging_mixin.py:120} INFO - [2022-11-07T22:48:52.776+0000] {dag.py:2585} INFO - Sync 1 DAGs
[2022-11-07T22:48:52.808+0000] {logging_mixin.py:120} INFO - [2022-11-07T22:48:52.808+0000] {dag.py:3340} INFO - Setting next_dagrun for example_time_delta_sensor_async to None, run_after=None
[2022-11-07T22:48:52.830+0000] {processor.py:176} INFO - Processing /home/airflow/.local/lib/python3.7/site-packages/airflow/example_dags/example_time_delta_sensor_async.py took 0.497 seconds
[2022-11-07T23:21:16.404+0000] {processor.py:154} INFO - Started process (PID=53237) to work on /home/airflow/.local/lib/python3.7/site-packages/airflow/example_dags/example_time_delta_sensor_async.py
[2022-11-07T23:21:16.408+0000] {processor.py:756} INFO - Processing file /home/airflow/.local/lib/python3.7/site-packages/airflow/example_dags/example_time_delta_sensor_async.py for tasks to queue
[2022-11-07T23:21:16.410+0000] {logging_mixin.py:120} INFO - [2022-11-07T23:21:16.410+0000] {dagbag.py:537} INFO - Filling up the DagBag from /home/airflow/.local/lib/python3.7/site-packages/airflow/example_dags/example_time_delta_sensor_async.py
[2022-11-07T23:21:16.436+0000] {processor.py:766} INFO - DAG(s) dict_keys(['example_time_delta_sensor_async']) retrieved from /home/airflow/.local/lib/python3.7/site-packages/airflow/example_dags/example_time_delta_sensor_async.py
[2022-11-07T23:21:16.673+0000] {logging_mixin.py:120} INFO - [2022-11-07T23:21:16.673+0000] {dag.py:2585} INFO - Sync 1 DAGs
[2022-11-07T23:21:16.714+0000] {logging_mixin.py:120} INFO - [2022-11-07T23:21:16.714+0000] {dag.py:3340} INFO - Setting next_dagrun for example_time_delta_sensor_async to None, run_after=None
[2022-11-07T23:21:16.910+0000] {processor.py:176} INFO - Processing /home/airflow/.local/lib/python3.7/site-packages/airflow/example_dags/example_time_delta_sensor_async.py took 0.509 seconds
[2022-11-07T23:59:01.136+0000] {processor.py:154} INFO - Started process (PID=53304) to work on /home/airflow/.local/lib/python3.7/site-packages/airflow/example_dags/example_time_delta_sensor_async.py
[2022-11-07T23:59:01.139+0000] {processor.py:756} INFO - Processing file /home/airflow/.local/lib/python3.7/site-packages/airflow/example_dags/example_time_delta_sensor_async.py for tasks to queue
[2022-11-07T23:59:01.141+0000] {logging_mixin.py:120} INFO - [2022-11-07T23:59:01.141+0000] {dagbag.py:537} INFO - Filling up the DagBag from /home/airflow/.local/lib/python3.7/site-packages/airflow/example_dags/example_time_delta_sensor_async.py
[2022-11-07T23:59:01.153+0000] {processor.py:766} INFO - DAG(s) dict_keys(['example_time_delta_sensor_async']) retrieved from /home/airflow/.local/lib/python3.7/site-packages/airflow/example_dags/example_time_delta_sensor_async.py
[2022-11-07T23:59:01.287+0000] {logging_mixin.py:120} INFO - [2022-11-07T23:59:01.287+0000] {dag.py:2585} INFO - Sync 1 DAGs
[2022-11-07T23:59:01.416+0000] {logging_mixin.py:120} INFO - [2022-11-07T23:59:01.415+0000] {dag.py:3340} INFO - Setting next_dagrun for example_time_delta_sensor_async to None, run_after=None
[2022-11-07T23:59:01.431+0000] {processor.py:176} INFO - Processing /home/airflow/.local/lib/python3.7/site-packages/airflow/example_dags/example_time_delta_sensor_async.py took 0.299 seconds
