[2022-11-07T17:11:00.969+0000] {processor.py:154} INFO - Started process (PID=52206) to work on /home/airflow/.local/lib/python3.7/site-packages/airflow/example_dags/example_trigger_controller_dag.py
[2022-11-07T17:11:00.980+0000] {processor.py:756} INFO - Processing file /home/airflow/.local/lib/python3.7/site-packages/airflow/example_dags/example_trigger_controller_dag.py for tasks to queue
[2022-11-07T17:11:01.001+0000] {logging_mixin.py:120} INFO - [2022-11-07T17:11:01.000+0000] {dagbag.py:537} INFO - Filling up the DagBag from /home/airflow/.local/lib/python3.7/site-packages/airflow/example_dags/example_trigger_controller_dag.py
[2022-11-07T17:11:01.056+0000] {processor.py:766} INFO - DAG(s) dict_keys(['example_trigger_controller_dag']) retrieved from /home/airflow/.local/lib/python3.7/site-packages/airflow/example_dags/example_trigger_controller_dag.py
[2022-11-07T17:11:01.201+0000] {logging_mixin.py:120} INFO - [2022-11-07T17:11:01.201+0000] {dag.py:2585} INFO - Sync 1 DAGs
[2022-11-07T17:11:01.272+0000] {logging_mixin.py:120} INFO - [2022-11-07T17:11:01.271+0000] {dag.py:3340} INFO - Setting next_dagrun for example_trigger_controller_dag to 2021-01-01T00:00:00+00:00, run_after=2021-01-01T00:00:00+00:00
[2022-11-07T17:11:01.336+0000] {processor.py:176} INFO - Processing /home/airflow/.local/lib/python3.7/site-packages/airflow/example_dags/example_trigger_controller_dag.py took 0.390 seconds
[2022-11-07T17:11:31.625+0000] {processor.py:154} INFO - Started process (PID=52272) to work on /home/airflow/.local/lib/python3.7/site-packages/airflow/example_dags/example_trigger_controller_dag.py
[2022-11-07T17:11:31.626+0000] {processor.py:756} INFO - Processing file /home/airflow/.local/lib/python3.7/site-packages/airflow/example_dags/example_trigger_controller_dag.py for tasks to queue
[2022-11-07T17:11:31.627+0000] {logging_mixin.py:120} INFO - [2022-11-07T17:11:31.627+0000] {dagbag.py:537} INFO - Filling up the DagBag from /home/airflow/.local/lib/python3.7/site-packages/airflow/example_dags/example_trigger_controller_dag.py
[2022-11-07T17:11:31.635+0000] {processor.py:766} INFO - DAG(s) dict_keys(['example_trigger_controller_dag']) retrieved from /home/airflow/.local/lib/python3.7/site-packages/airflow/example_dags/example_trigger_controller_dag.py
[2022-11-07T17:11:31.665+0000] {logging_mixin.py:120} INFO - [2022-11-07T17:11:31.665+0000] {dag.py:2585} INFO - Sync 1 DAGs
[2022-11-07T17:11:31.679+0000] {logging_mixin.py:120} INFO - [2022-11-07T17:11:31.679+0000] {dag.py:3340} INFO - Setting next_dagrun for example_trigger_controller_dag to 2021-01-01T00:00:00+00:00, run_after=2021-01-01T00:00:00+00:00
[2022-11-07T17:11:31.690+0000] {processor.py:176} INFO - Processing /home/airflow/.local/lib/python3.7/site-packages/airflow/example_dags/example_trigger_controller_dag.py took 0.068 seconds
[2022-11-07T17:12:02.194+0000] {processor.py:154} INFO - Started process (PID=52338) to work on /home/airflow/.local/lib/python3.7/site-packages/airflow/example_dags/example_trigger_controller_dag.py
[2022-11-07T17:12:02.202+0000] {processor.py:756} INFO - Processing file /home/airflow/.local/lib/python3.7/site-packages/airflow/example_dags/example_trigger_controller_dag.py for tasks to queue
[2022-11-07T17:12:02.204+0000] {logging_mixin.py:120} INFO - [2022-11-07T17:12:02.204+0000] {dagbag.py:537} INFO - Filling up the DagBag from /home/airflow/.local/lib/python3.7/site-packages/airflow/example_dags/example_trigger_controller_dag.py
[2022-11-07T17:12:02.220+0000] {processor.py:766} INFO - DAG(s) dict_keys(['example_trigger_controller_dag']) retrieved from /home/airflow/.local/lib/python3.7/site-packages/airflow/example_dags/example_trigger_controller_dag.py
[2022-11-07T17:12:02.292+0000] {logging_mixin.py:120} INFO - [2022-11-07T17:12:02.292+0000] {dag.py:2585} INFO - Sync 1 DAGs
[2022-11-07T17:12:02.453+0000] {logging_mixin.py:120} INFO - [2022-11-07T17:12:02.453+0000] {dag.py:3340} INFO - Setting next_dagrun for example_trigger_controller_dag to 2021-01-01T00:00:00+00:00, run_after=2021-01-01T00:00:00+00:00
[2022-11-07T17:12:02.469+0000] {processor.py:176} INFO - Processing /home/airflow/.local/lib/python3.7/site-packages/airflow/example_dags/example_trigger_controller_dag.py took 0.278 seconds
[2022-11-07T17:12:32.752+0000] {processor.py:154} INFO - Started process (PID=52397) to work on /home/airflow/.local/lib/python3.7/site-packages/airflow/example_dags/example_trigger_controller_dag.py
[2022-11-07T17:12:32.756+0000] {processor.py:756} INFO - Processing file /home/airflow/.local/lib/python3.7/site-packages/airflow/example_dags/example_trigger_controller_dag.py for tasks to queue
[2022-11-07T17:12:32.758+0000] {logging_mixin.py:120} INFO - [2022-11-07T17:12:32.757+0000] {dagbag.py:537} INFO - Filling up the DagBag from /home/airflow/.local/lib/python3.7/site-packages/airflow/example_dags/example_trigger_controller_dag.py
[2022-11-07T17:12:32.767+0000] {processor.py:766} INFO - DAG(s) dict_keys(['example_trigger_controller_dag']) retrieved from /home/airflow/.local/lib/python3.7/site-packages/airflow/example_dags/example_trigger_controller_dag.py
[2022-11-07T17:12:32.799+0000] {logging_mixin.py:120} INFO - [2022-11-07T17:12:32.799+0000] {dag.py:2585} INFO - Sync 1 DAGs
[2022-11-07T17:12:32.909+0000] {logging_mixin.py:120} INFO - [2022-11-07T17:12:32.909+0000] {dag.py:3340} INFO - Setting next_dagrun for example_trigger_controller_dag to 2021-01-01T00:00:00+00:00, run_after=2021-01-01T00:00:00+00:00
[2022-11-07T17:12:32.921+0000] {processor.py:176} INFO - Processing /home/airflow/.local/lib/python3.7/site-packages/airflow/example_dags/example_trigger_controller_dag.py took 0.171 seconds
[2022-11-07T17:13:03.199+0000] {processor.py:154} INFO - Started process (PID=52464) to work on /home/airflow/.local/lib/python3.7/site-packages/airflow/example_dags/example_trigger_controller_dag.py
[2022-11-07T17:13:03.201+0000] {processor.py:756} INFO - Processing file /home/airflow/.local/lib/python3.7/site-packages/airflow/example_dags/example_trigger_controller_dag.py for tasks to queue
[2022-11-07T17:13:03.202+0000] {logging_mixin.py:120} INFO - [2022-11-07T17:13:03.202+0000] {dagbag.py:537} INFO - Filling up the DagBag from /home/airflow/.local/lib/python3.7/site-packages/airflow/example_dags/example_trigger_controller_dag.py
[2022-11-07T17:13:03.211+0000] {processor.py:766} INFO - DAG(s) dict_keys(['example_trigger_controller_dag']) retrieved from /home/airflow/.local/lib/python3.7/site-packages/airflow/example_dags/example_trigger_controller_dag.py
[2022-11-07T17:13:03.242+0000] {logging_mixin.py:120} INFO - [2022-11-07T17:13:03.241+0000] {dag.py:2585} INFO - Sync 1 DAGs
[2022-11-07T17:13:03.256+0000] {logging_mixin.py:120} INFO - [2022-11-07T17:13:03.256+0000] {dag.py:3340} INFO - Setting next_dagrun for example_trigger_controller_dag to 2021-01-01T00:00:00+00:00, run_after=2021-01-01T00:00:00+00:00
[2022-11-07T17:13:03.267+0000] {processor.py:176} INFO - Processing /home/airflow/.local/lib/python3.7/site-packages/airflow/example_dags/example_trigger_controller_dag.py took 0.071 seconds
[2022-11-07T17:13:34.336+0000] {processor.py:154} INFO - Started process (PID=52530) to work on /home/airflow/.local/lib/python3.7/site-packages/airflow/example_dags/example_trigger_controller_dag.py
[2022-11-07T17:13:34.338+0000] {processor.py:756} INFO - Processing file /home/airflow/.local/lib/python3.7/site-packages/airflow/example_dags/example_trigger_controller_dag.py for tasks to queue
[2022-11-07T17:13:34.339+0000] {logging_mixin.py:120} INFO - [2022-11-07T17:13:34.339+0000] {dagbag.py:537} INFO - Filling up the DagBag from /home/airflow/.local/lib/python3.7/site-packages/airflow/example_dags/example_trigger_controller_dag.py
[2022-11-07T17:13:34.351+0000] {processor.py:766} INFO - DAG(s) dict_keys(['example_trigger_controller_dag']) retrieved from /home/airflow/.local/lib/python3.7/site-packages/airflow/example_dags/example_trigger_controller_dag.py
[2022-11-07T17:13:34.386+0000] {logging_mixin.py:120} INFO - [2022-11-07T17:13:34.386+0000] {dag.py:2585} INFO - Sync 1 DAGs
[2022-11-07T17:13:34.405+0000] {logging_mixin.py:120} INFO - [2022-11-07T17:13:34.404+0000] {dag.py:3340} INFO - Setting next_dagrun for example_trigger_controller_dag to 2021-01-01T00:00:00+00:00, run_after=2021-01-01T00:00:00+00:00
[2022-11-07T17:13:34.418+0000] {processor.py:176} INFO - Processing /home/airflow/.local/lib/python3.7/site-packages/airflow/example_dags/example_trigger_controller_dag.py took 0.085 seconds
[2022-11-07T17:14:04.718+0000] {processor.py:154} INFO - Started process (PID=52597) to work on /home/airflow/.local/lib/python3.7/site-packages/airflow/example_dags/example_trigger_controller_dag.py
[2022-11-07T17:14:04.722+0000] {processor.py:756} INFO - Processing file /home/airflow/.local/lib/python3.7/site-packages/airflow/example_dags/example_trigger_controller_dag.py for tasks to queue
[2022-11-07T17:14:04.725+0000] {logging_mixin.py:120} INFO - [2022-11-07T17:14:04.725+0000] {dagbag.py:537} INFO - Filling up the DagBag from /home/airflow/.local/lib/python3.7/site-packages/airflow/example_dags/example_trigger_controller_dag.py
[2022-11-07T17:14:04.743+0000] {processor.py:766} INFO - DAG(s) dict_keys(['example_trigger_controller_dag']) retrieved from /home/airflow/.local/lib/python3.7/site-packages/airflow/example_dags/example_trigger_controller_dag.py
[2022-11-07T17:14:04.798+0000] {logging_mixin.py:120} INFO - [2022-11-07T17:14:04.798+0000] {dag.py:2585} INFO - Sync 1 DAGs
[2022-11-07T17:14:04.816+0000] {logging_mixin.py:120} INFO - [2022-11-07T17:14:04.816+0000] {dag.py:3340} INFO - Setting next_dagrun for example_trigger_controller_dag to 2021-01-01T00:00:00+00:00, run_after=2021-01-01T00:00:00+00:00
[2022-11-07T17:14:04.936+0000] {processor.py:176} INFO - Processing /home/airflow/.local/lib/python3.7/site-packages/airflow/example_dags/example_trigger_controller_dag.py took 0.222 seconds
[2022-11-07T17:14:35.292+0000] {processor.py:154} INFO - Started process (PID=52665) to work on /home/airflow/.local/lib/python3.7/site-packages/airflow/example_dags/example_trigger_controller_dag.py
[2022-11-07T17:14:35.293+0000] {processor.py:756} INFO - Processing file /home/airflow/.local/lib/python3.7/site-packages/airflow/example_dags/example_trigger_controller_dag.py for tasks to queue
[2022-11-07T17:14:35.294+0000] {logging_mixin.py:120} INFO - [2022-11-07T17:14:35.294+0000] {dagbag.py:537} INFO - Filling up the DagBag from /home/airflow/.local/lib/python3.7/site-packages/airflow/example_dags/example_trigger_controller_dag.py
[2022-11-07T17:14:35.305+0000] {processor.py:766} INFO - DAG(s) dict_keys(['example_trigger_controller_dag']) retrieved from /home/airflow/.local/lib/python3.7/site-packages/airflow/example_dags/example_trigger_controller_dag.py
[2022-11-07T17:14:35.341+0000] {logging_mixin.py:120} INFO - [2022-11-07T17:14:35.341+0000] {dag.py:2585} INFO - Sync 1 DAGs
[2022-11-07T17:14:35.461+0000] {logging_mixin.py:120} INFO - [2022-11-07T17:14:35.461+0000] {dag.py:3340} INFO - Setting next_dagrun for example_trigger_controller_dag to 2021-01-01T00:00:00+00:00, run_after=2021-01-01T00:00:00+00:00
[2022-11-07T17:14:35.471+0000] {processor.py:176} INFO - Processing /home/airflow/.local/lib/python3.7/site-packages/airflow/example_dags/example_trigger_controller_dag.py took 0.182 seconds
[2022-11-07T17:21:24.068+0000] {processor.py:154} INFO - Started process (PID=52723) to work on /home/airflow/.local/lib/python3.7/site-packages/airflow/example_dags/example_trigger_controller_dag.py
[2022-11-07T17:21:24.070+0000] {processor.py:756} INFO - Processing file /home/airflow/.local/lib/python3.7/site-packages/airflow/example_dags/example_trigger_controller_dag.py for tasks to queue
[2022-11-07T17:21:24.071+0000] {logging_mixin.py:120} INFO - [2022-11-07T17:21:24.071+0000] {dagbag.py:537} INFO - Filling up the DagBag from /home/airflow/.local/lib/python3.7/site-packages/airflow/example_dags/example_trigger_controller_dag.py
[2022-11-07T17:21:24.080+0000] {processor.py:766} INFO - DAG(s) dict_keys(['example_trigger_controller_dag']) retrieved from /home/airflow/.local/lib/python3.7/site-packages/airflow/example_dags/example_trigger_controller_dag.py
[2022-11-07T17:21:24.251+0000] {logging_mixin.py:120} INFO - [2022-11-07T17:21:24.250+0000] {dag.py:2585} INFO - Sync 1 DAGs
[2022-11-07T17:21:24.266+0000] {logging_mixin.py:120} INFO - [2022-11-07T17:21:24.266+0000] {dag.py:3340} INFO - Setting next_dagrun for example_trigger_controller_dag to 2021-01-01T00:00:00+00:00, run_after=2021-01-01T00:00:00+00:00
[2022-11-07T17:21:24.278+0000] {processor.py:176} INFO - Processing /home/airflow/.local/lib/python3.7/site-packages/airflow/example_dags/example_trigger_controller_dag.py took 0.213 seconds
[2022-11-07T17:53:22.730+0000] {processor.py:154} INFO - Started process (PID=52792) to work on /home/airflow/.local/lib/python3.7/site-packages/airflow/example_dags/example_trigger_controller_dag.py
[2022-11-07T17:53:22.734+0000] {processor.py:756} INFO - Processing file /home/airflow/.local/lib/python3.7/site-packages/airflow/example_dags/example_trigger_controller_dag.py for tasks to queue
[2022-11-07T17:53:22.736+0000] {logging_mixin.py:120} INFO - [2022-11-07T17:53:22.736+0000] {dagbag.py:537} INFO - Filling up the DagBag from /home/airflow/.local/lib/python3.7/site-packages/airflow/example_dags/example_trigger_controller_dag.py
[2022-11-07T17:53:22.756+0000] {processor.py:766} INFO - DAG(s) dict_keys(['example_trigger_controller_dag']) retrieved from /home/airflow/.local/lib/python3.7/site-packages/airflow/example_dags/example_trigger_controller_dag.py
[2022-11-07T17:53:22.834+0000] {logging_mixin.py:120} INFO - [2022-11-07T17:53:22.834+0000] {dag.py:2585} INFO - Sync 1 DAGs
[2022-11-07T17:53:22.863+0000] {logging_mixin.py:120} INFO - [2022-11-07T17:53:22.863+0000] {dag.py:3340} INFO - Setting next_dagrun for example_trigger_controller_dag to 2021-01-01T00:00:00+00:00, run_after=2021-01-01T00:00:00+00:00
[2022-11-07T17:53:22.882+0000] {processor.py:176} INFO - Processing /home/airflow/.local/lib/python3.7/site-packages/airflow/example_dags/example_trigger_controller_dag.py took 0.158 seconds
[2022-11-07T18:20:24.171+0000] {processor.py:154} INFO - Started process (PID=52859) to work on /home/airflow/.local/lib/python3.7/site-packages/airflow/example_dags/example_trigger_controller_dag.py
[2022-11-07T18:20:24.175+0000] {processor.py:756} INFO - Processing file /home/airflow/.local/lib/python3.7/site-packages/airflow/example_dags/example_trigger_controller_dag.py for tasks to queue
[2022-11-07T18:20:24.177+0000] {logging_mixin.py:120} INFO - [2022-11-07T18:20:24.176+0000] {dagbag.py:537} INFO - Filling up the DagBag from /home/airflow/.local/lib/python3.7/site-packages/airflow/example_dags/example_trigger_controller_dag.py
[2022-11-07T18:20:24.192+0000] {processor.py:766} INFO - DAG(s) dict_keys(['example_trigger_controller_dag']) retrieved from /home/airflow/.local/lib/python3.7/site-packages/airflow/example_dags/example_trigger_controller_dag.py
[2022-11-07T18:20:24.243+0000] {logging_mixin.py:120} INFO - [2022-11-07T18:20:24.242+0000] {dag.py:2585} INFO - Sync 1 DAGs
[2022-11-07T18:20:24.394+0000] {logging_mixin.py:120} INFO - [2022-11-07T18:20:24.394+0000] {dag.py:3340} INFO - Setting next_dagrun for example_trigger_controller_dag to 2021-01-01T00:00:00+00:00, run_after=2021-01-01T00:00:00+00:00
[2022-11-07T18:20:24.413+0000] {processor.py:176} INFO - Processing /home/airflow/.local/lib/python3.7/site-packages/airflow/example_dags/example_trigger_controller_dag.py took 0.252 seconds
[2022-11-07T19:15:56.387+0000] {processor.py:154} INFO - Started process (PID=52926) to work on /home/airflow/.local/lib/python3.7/site-packages/airflow/example_dags/example_trigger_controller_dag.py
[2022-11-07T19:15:56.389+0000] {processor.py:756} INFO - Processing file /home/airflow/.local/lib/python3.7/site-packages/airflow/example_dags/example_trigger_controller_dag.py for tasks to queue
[2022-11-07T19:15:56.391+0000] {logging_mixin.py:120} INFO - [2022-11-07T19:15:56.391+0000] {dagbag.py:537} INFO - Filling up the DagBag from /home/airflow/.local/lib/python3.7/site-packages/airflow/example_dags/example_trigger_controller_dag.py
[2022-11-07T19:15:56.418+0000] {processor.py:766} INFO - DAG(s) dict_keys(['example_trigger_controller_dag']) retrieved from /home/airflow/.local/lib/python3.7/site-packages/airflow/example_dags/example_trigger_controller_dag.py
[2022-11-07T19:15:56.498+0000] {logging_mixin.py:120} INFO - [2022-11-07T19:15:56.498+0000] {dag.py:2585} INFO - Sync 1 DAGs
[2022-11-07T19:15:56.761+0000] {logging_mixin.py:120} INFO - [2022-11-07T19:15:56.761+0000] {dag.py:3340} INFO - Setting next_dagrun for example_trigger_controller_dag to 2021-01-01T00:00:00+00:00, run_after=2021-01-01T00:00:00+00:00
[2022-11-07T19:15:56.781+0000] {processor.py:176} INFO - Processing /home/airflow/.local/lib/python3.7/site-packages/airflow/example_dags/example_trigger_controller_dag.py took 0.397 seconds
[2022-11-07T19:44:46.862+0000] {processor.py:154} INFO - Started process (PID=52982) to work on /home/airflow/.local/lib/python3.7/site-packages/airflow/example_dags/example_trigger_controller_dag.py
[2022-11-07T19:44:46.865+0000] {processor.py:756} INFO - Processing file /home/airflow/.local/lib/python3.7/site-packages/airflow/example_dags/example_trigger_controller_dag.py for tasks to queue
[2022-11-07T19:44:46.868+0000] {logging_mixin.py:120} INFO - [2022-11-07T19:44:46.867+0000] {dagbag.py:537} INFO - Filling up the DagBag from /home/airflow/.local/lib/python3.7/site-packages/airflow/example_dags/example_trigger_controller_dag.py
[2022-11-07T19:44:46.892+0000] {processor.py:766} INFO - DAG(s) dict_keys(['example_trigger_controller_dag']) retrieved from /home/airflow/.local/lib/python3.7/site-packages/airflow/example_dags/example_trigger_controller_dag.py
[2022-11-07T19:44:46.956+0000] {logging_mixin.py:120} INFO - [2022-11-07T19:44:46.956+0000] {dag.py:2585} INFO - Sync 1 DAGs
[2022-11-07T19:44:46.992+0000] {logging_mixin.py:120} INFO - [2022-11-07T19:44:46.992+0000] {dag.py:3340} INFO - Setting next_dagrun for example_trigger_controller_dag to 2021-01-01T00:00:00+00:00, run_after=2021-01-01T00:00:00+00:00
[2022-11-07T19:44:47.017+0000] {processor.py:176} INFO - Processing /home/airflow/.local/lib/python3.7/site-packages/airflow/example_dags/example_trigger_controller_dag.py took 0.158 seconds
[2022-11-07T20:51:27.529+0000] {processor.py:154} INFO - Started process (PID=53048) to work on /home/airflow/.local/lib/python3.7/site-packages/airflow/example_dags/example_trigger_controller_dag.py
[2022-11-07T20:51:27.530+0000] {processor.py:756} INFO - Processing file /home/airflow/.local/lib/python3.7/site-packages/airflow/example_dags/example_trigger_controller_dag.py for tasks to queue
[2022-11-07T20:51:27.531+0000] {logging_mixin.py:120} INFO - [2022-11-07T20:51:27.531+0000] {dagbag.py:537} INFO - Filling up the DagBag from /home/airflow/.local/lib/python3.7/site-packages/airflow/example_dags/example_trigger_controller_dag.py
[2022-11-07T20:51:27.542+0000] {processor.py:766} INFO - DAG(s) dict_keys(['example_trigger_controller_dag']) retrieved from /home/airflow/.local/lib/python3.7/site-packages/airflow/example_dags/example_trigger_controller_dag.py
[2022-11-07T20:51:27.575+0000] {logging_mixin.py:120} INFO - [2022-11-07T20:51:27.575+0000] {dag.py:2585} INFO - Sync 1 DAGs
[2022-11-07T20:51:27.592+0000] {logging_mixin.py:120} INFO - [2022-11-07T20:51:27.592+0000] {dag.py:3340} INFO - Setting next_dagrun for example_trigger_controller_dag to 2021-01-01T00:00:00+00:00, run_after=2021-01-01T00:00:00+00:00
[2022-11-07T20:51:27.712+0000] {processor.py:176} INFO - Processing /home/airflow/.local/lib/python3.7/site-packages/airflow/example_dags/example_trigger_controller_dag.py took 0.187 seconds
[2022-11-07T21:44:45.922+0000] {processor.py:154} INFO - Started process (PID=53107) to work on /home/airflow/.local/lib/python3.7/site-packages/airflow/example_dags/example_trigger_controller_dag.py
[2022-11-07T21:44:45.924+0000] {processor.py:756} INFO - Processing file /home/airflow/.local/lib/python3.7/site-packages/airflow/example_dags/example_trigger_controller_dag.py for tasks to queue
[2022-11-07T21:44:45.925+0000] {logging_mixin.py:120} INFO - [2022-11-07T21:44:45.924+0000] {dagbag.py:537} INFO - Filling up the DagBag from /home/airflow/.local/lib/python3.7/site-packages/airflow/example_dags/example_trigger_controller_dag.py
[2022-11-07T21:44:45.937+0000] {processor.py:766} INFO - DAG(s) dict_keys(['example_trigger_controller_dag']) retrieved from /home/airflow/.local/lib/python3.7/site-packages/airflow/example_dags/example_trigger_controller_dag.py
[2022-11-07T21:44:45.987+0000] {logging_mixin.py:120} INFO - [2022-11-07T21:44:45.987+0000] {dag.py:2585} INFO - Sync 1 DAGs
[2022-11-07T21:44:46.130+0000] {logging_mixin.py:120} INFO - [2022-11-07T21:44:46.130+0000] {dag.py:3340} INFO - Setting next_dagrun for example_trigger_controller_dag to 2021-01-01T00:00:00+00:00, run_after=2021-01-01T00:00:00+00:00
[2022-11-07T21:44:46.144+0000] {processor.py:176} INFO - Processing /home/airflow/.local/lib/python3.7/site-packages/airflow/example_dags/example_trigger_controller_dag.py took 0.225 seconds
[2022-11-07T22:48:52.912+0000] {processor.py:154} INFO - Started process (PID=53181) to work on /home/airflow/.local/lib/python3.7/site-packages/airflow/example_dags/example_trigger_controller_dag.py
[2022-11-07T22:48:52.914+0000] {processor.py:756} INFO - Processing file /home/airflow/.local/lib/python3.7/site-packages/airflow/example_dags/example_trigger_controller_dag.py for tasks to queue
[2022-11-07T22:48:52.915+0000] {logging_mixin.py:120} INFO - [2022-11-07T22:48:52.915+0000] {dagbag.py:537} INFO - Filling up the DagBag from /home/airflow/.local/lib/python3.7/site-packages/airflow/example_dags/example_trigger_controller_dag.py
[2022-11-07T22:48:52.929+0000] {processor.py:766} INFO - DAG(s) dict_keys(['example_trigger_controller_dag']) retrieved from /home/airflow/.local/lib/python3.7/site-packages/airflow/example_dags/example_trigger_controller_dag.py
[2022-11-07T22:48:53.129+0000] {logging_mixin.py:120} INFO - [2022-11-07T22:48:53.129+0000] {dag.py:2585} INFO - Sync 1 DAGs
[2022-11-07T22:48:53.180+0000] {logging_mixin.py:120} INFO - [2022-11-07T22:48:53.179+0000] {dag.py:3340} INFO - Setting next_dagrun for example_trigger_controller_dag to 2021-01-01T00:00:00+00:00, run_after=2021-01-01T00:00:00+00:00
[2022-11-07T22:48:53.204+0000] {processor.py:176} INFO - Processing /home/airflow/.local/lib/python3.7/site-packages/airflow/example_dags/example_trigger_controller_dag.py took 0.297 seconds
[2022-11-07T23:21:16.977+0000] {processor.py:154} INFO - Started process (PID=53239) to work on /home/airflow/.local/lib/python3.7/site-packages/airflow/example_dags/example_trigger_controller_dag.py
[2022-11-07T23:21:16.980+0000] {processor.py:756} INFO - Processing file /home/airflow/.local/lib/python3.7/site-packages/airflow/example_dags/example_trigger_controller_dag.py for tasks to queue
[2022-11-07T23:21:16.982+0000] {logging_mixin.py:120} INFO - [2022-11-07T23:21:16.982+0000] {dagbag.py:537} INFO - Filling up the DagBag from /home/airflow/.local/lib/python3.7/site-packages/airflow/example_dags/example_trigger_controller_dag.py
[2022-11-07T23:21:17.005+0000] {processor.py:766} INFO - DAG(s) dict_keys(['example_trigger_controller_dag']) retrieved from /home/airflow/.local/lib/python3.7/site-packages/airflow/example_dags/example_trigger_controller_dag.py
[2022-11-07T23:21:17.384+0000] {logging_mixin.py:120} INFO - [2022-11-07T23:21:17.384+0000] {dag.py:2585} INFO - Sync 1 DAGs
[2022-11-07T23:21:17.406+0000] {logging_mixin.py:120} INFO - [2022-11-07T23:21:17.406+0000] {dag.py:3340} INFO - Setting next_dagrun for example_trigger_controller_dag to 2021-01-01T00:00:00+00:00, run_after=2021-01-01T00:00:00+00:00
[2022-11-07T23:21:17.422+0000] {processor.py:176} INFO - Processing /home/airflow/.local/lib/python3.7/site-packages/airflow/example_dags/example_trigger_controller_dag.py took 0.450 seconds
[2022-11-07T23:59:01.473+0000] {processor.py:154} INFO - Started process (PID=53306) to work on /home/airflow/.local/lib/python3.7/site-packages/airflow/example_dags/example_trigger_controller_dag.py
[2022-11-07T23:59:01.474+0000] {processor.py:756} INFO - Processing file /home/airflow/.local/lib/python3.7/site-packages/airflow/example_dags/example_trigger_controller_dag.py for tasks to queue
[2022-11-07T23:59:01.475+0000] {logging_mixin.py:120} INFO - [2022-11-07T23:59:01.475+0000] {dagbag.py:537} INFO - Filling up the DagBag from /home/airflow/.local/lib/python3.7/site-packages/airflow/example_dags/example_trigger_controller_dag.py
[2022-11-07T23:59:01.487+0000] {processor.py:766} INFO - DAG(s) dict_keys(['example_trigger_controller_dag']) retrieved from /home/airflow/.local/lib/python3.7/site-packages/airflow/example_dags/example_trigger_controller_dag.py
[2022-11-07T23:59:01.525+0000] {logging_mixin.py:120} INFO - [2022-11-07T23:59:01.525+0000] {dag.py:2585} INFO - Sync 1 DAGs
[2022-11-07T23:59:01.660+0000] {logging_mixin.py:120} INFO - [2022-11-07T23:59:01.660+0000] {dag.py:3340} INFO - Setting next_dagrun for example_trigger_controller_dag to 2021-01-01T00:00:00+00:00, run_after=2021-01-01T00:00:00+00:00
[2022-11-07T23:59:01.673+0000] {processor.py:176} INFO - Processing /home/airflow/.local/lib/python3.7/site-packages/airflow/example_dags/example_trigger_controller_dag.py took 0.203 seconds
