[2022-11-07T17:10:58.456+0000] {processor.py:154} INFO - Started process (PID=52199) to work on /home/airflow/.local/lib/python3.7/site-packages/airflow/example_dags/example_branch_python_dop_operator_3.py
[2022-11-07T17:10:58.460+0000] {processor.py:756} INFO - Processing file /home/airflow/.local/lib/python3.7/site-packages/airflow/example_dags/example_branch_python_dop_operator_3.py for tasks to queue
[2022-11-07T17:10:58.463+0000] {logging_mixin.py:120} INFO - [2022-11-07T17:10:58.462+0000] {dagbag.py:537} INFO - Filling up the DagBag from /home/airflow/.local/lib/python3.7/site-packages/airflow/example_dags/example_branch_python_dop_operator_3.py
[2022-11-07T17:10:58.530+0000] {processor.py:766} INFO - DAG(s) dict_keys(['example_branch_dop_operator_v3']) retrieved from /home/airflow/.local/lib/python3.7/site-packages/airflow/example_dags/example_branch_python_dop_operator_3.py
[2022-11-07T17:10:58.621+0000] {logging_mixin.py:120} INFO - [2022-11-07T17:10:58.621+0000] {dag.py:2585} INFO - Sync 1 DAGs
[2022-11-07T17:10:58.670+0000] {logging_mixin.py:120} INFO - [2022-11-07T17:10:58.670+0000] {dag.py:3340} INFO - Setting next_dagrun for example_branch_dop_operator_v3 to 2022-11-07T17:09:00+00:00, run_after=2022-11-07T17:10:00+00:00
[2022-11-07T17:10:58.702+0000] {processor.py:176} INFO - Processing /home/airflow/.local/lib/python3.7/site-packages/airflow/example_dags/example_branch_python_dop_operator_3.py took 0.257 seconds
[2022-11-07T17:11:28.831+0000] {processor.py:154} INFO - Started process (PID=52256) to work on /home/airflow/.local/lib/python3.7/site-packages/airflow/example_dags/example_branch_python_dop_operator_3.py
[2022-11-07T17:11:28.832+0000] {processor.py:756} INFO - Processing file /home/airflow/.local/lib/python3.7/site-packages/airflow/example_dags/example_branch_python_dop_operator_3.py for tasks to queue
[2022-11-07T17:11:28.833+0000] {logging_mixin.py:120} INFO - [2022-11-07T17:11:28.832+0000] {dagbag.py:537} INFO - Filling up the DagBag from /home/airflow/.local/lib/python3.7/site-packages/airflow/example_dags/example_branch_python_dop_operator_3.py
[2022-11-07T17:11:28.851+0000] {processor.py:766} INFO - DAG(s) dict_keys(['example_branch_dop_operator_v3']) retrieved from /home/airflow/.local/lib/python3.7/site-packages/airflow/example_dags/example_branch_python_dop_operator_3.py
[2022-11-07T17:11:28.900+0000] {logging_mixin.py:120} INFO - [2022-11-07T17:11:28.899+0000] {dag.py:2585} INFO - Sync 1 DAGs
[2022-11-07T17:11:28.919+0000] {logging_mixin.py:120} INFO - [2022-11-07T17:11:28.919+0000] {dag.py:3340} INFO - Setting next_dagrun for example_branch_dop_operator_v3 to 2022-11-07T17:10:00+00:00, run_after=2022-11-07T17:11:00+00:00
[2022-11-07T17:11:29.027+0000] {processor.py:176} INFO - Processing /home/airflow/.local/lib/python3.7/site-packages/airflow/example_dags/example_branch_python_dop_operator_3.py took 0.200 seconds
[2022-11-07T17:12:00.103+0000] {processor.py:154} INFO - Started process (PID=52322) to work on /home/airflow/.local/lib/python3.7/site-packages/airflow/example_dags/example_branch_python_dop_operator_3.py
[2022-11-07T17:12:00.105+0000] {processor.py:756} INFO - Processing file /home/airflow/.local/lib/python3.7/site-packages/airflow/example_dags/example_branch_python_dop_operator_3.py for tasks to queue
[2022-11-07T17:12:00.106+0000] {logging_mixin.py:120} INFO - [2022-11-07T17:12:00.106+0000] {dagbag.py:537} INFO - Filling up the DagBag from /home/airflow/.local/lib/python3.7/site-packages/airflow/example_dags/example_branch_python_dop_operator_3.py
[2022-11-07T17:12:00.126+0000] {processor.py:766} INFO - DAG(s) dict_keys(['example_branch_dop_operator_v3']) retrieved from /home/airflow/.local/lib/python3.7/site-packages/airflow/example_dags/example_branch_python_dop_operator_3.py
[2022-11-07T17:12:00.158+0000] {logging_mixin.py:120} INFO - [2022-11-07T17:12:00.158+0000] {dag.py:2585} INFO - Sync 1 DAGs
[2022-11-07T17:12:00.287+0000] {logging_mixin.py:120} INFO - [2022-11-07T17:12:00.287+0000] {dag.py:3340} INFO - Setting next_dagrun for example_branch_dop_operator_v3 to 2022-11-07T17:11:00+00:00, run_after=2022-11-07T17:12:00+00:00
[2022-11-07T17:12:00.301+0000] {processor.py:176} INFO - Processing /home/airflow/.local/lib/python3.7/site-packages/airflow/example_dags/example_branch_python_dop_operator_3.py took 0.205 seconds
[2022-11-07T17:12:30.403+0000] {processor.py:154} INFO - Started process (PID=52390) to work on /home/airflow/.local/lib/python3.7/site-packages/airflow/example_dags/example_branch_python_dop_operator_3.py
[2022-11-07T17:12:30.405+0000] {processor.py:756} INFO - Processing file /home/airflow/.local/lib/python3.7/site-packages/airflow/example_dags/example_branch_python_dop_operator_3.py for tasks to queue
[2022-11-07T17:12:30.407+0000] {logging_mixin.py:120} INFO - [2022-11-07T17:12:30.406+0000] {dagbag.py:537} INFO - Filling up the DagBag from /home/airflow/.local/lib/python3.7/site-packages/airflow/example_dags/example_branch_python_dop_operator_3.py
[2022-11-07T17:12:30.422+0000] {processor.py:766} INFO - DAG(s) dict_keys(['example_branch_dop_operator_v3']) retrieved from /home/airflow/.local/lib/python3.7/site-packages/airflow/example_dags/example_branch_python_dop_operator_3.py
[2022-11-07T17:12:30.542+0000] {logging_mixin.py:120} INFO - [2022-11-07T17:12:30.542+0000] {dag.py:2585} INFO - Sync 1 DAGs
[2022-11-07T17:12:30.557+0000] {logging_mixin.py:120} INFO - [2022-11-07T17:12:30.557+0000] {dag.py:3340} INFO - Setting next_dagrun for example_branch_dop_operator_v3 to 2022-11-07T17:11:00+00:00, run_after=2022-11-07T17:12:00+00:00
[2022-11-07T17:12:30.567+0000] {processor.py:176} INFO - Processing /home/airflow/.local/lib/python3.7/site-packages/airflow/example_dags/example_branch_python_dop_operator_3.py took 0.166 seconds
[2022-11-07T17:13:00.668+0000] {processor.py:154} INFO - Started process (PID=52457) to work on /home/airflow/.local/lib/python3.7/site-packages/airflow/example_dags/example_branch_python_dop_operator_3.py
[2022-11-07T17:13:00.669+0000] {processor.py:756} INFO - Processing file /home/airflow/.local/lib/python3.7/site-packages/airflow/example_dags/example_branch_python_dop_operator_3.py for tasks to queue
[2022-11-07T17:13:00.670+0000] {logging_mixin.py:120} INFO - [2022-11-07T17:13:00.670+0000] {dagbag.py:537} INFO - Filling up the DagBag from /home/airflow/.local/lib/python3.7/site-packages/airflow/example_dags/example_branch_python_dop_operator_3.py
[2022-11-07T17:13:00.688+0000] {processor.py:766} INFO - DAG(s) dict_keys(['example_branch_dop_operator_v3']) retrieved from /home/airflow/.local/lib/python3.7/site-packages/airflow/example_dags/example_branch_python_dop_operator_3.py
[2022-11-07T17:13:00.722+0000] {logging_mixin.py:120} INFO - [2022-11-07T17:13:00.721+0000] {dag.py:2585} INFO - Sync 1 DAGs
[2022-11-07T17:13:00.743+0000] {logging_mixin.py:120} INFO - [2022-11-07T17:13:00.743+0000] {dag.py:3340} INFO - Setting next_dagrun for example_branch_dop_operator_v3 to 2022-11-07T17:12:00+00:00, run_after=2022-11-07T17:13:00+00:00
[2022-11-07T17:13:00.758+0000] {processor.py:176} INFO - Processing /home/airflow/.local/lib/python3.7/site-packages/airflow/example_dags/example_branch_python_dop_operator_3.py took 0.093 seconds
[2022-11-07T17:13:31.393+0000] {processor.py:154} INFO - Started process (PID=52523) to work on /home/airflow/.local/lib/python3.7/site-packages/airflow/example_dags/example_branch_python_dop_operator_3.py
[2022-11-07T17:13:31.394+0000] {processor.py:756} INFO - Processing file /home/airflow/.local/lib/python3.7/site-packages/airflow/example_dags/example_branch_python_dop_operator_3.py for tasks to queue
[2022-11-07T17:13:31.395+0000] {logging_mixin.py:120} INFO - [2022-11-07T17:13:31.395+0000] {dagbag.py:537} INFO - Filling up the DagBag from /home/airflow/.local/lib/python3.7/site-packages/airflow/example_dags/example_branch_python_dop_operator_3.py
[2022-11-07T17:13:31.413+0000] {processor.py:766} INFO - DAG(s) dict_keys(['example_branch_dop_operator_v3']) retrieved from /home/airflow/.local/lib/python3.7/site-packages/airflow/example_dags/example_branch_python_dop_operator_3.py
[2022-11-07T17:13:31.443+0000] {logging_mixin.py:120} INFO - [2022-11-07T17:13:31.443+0000] {dag.py:2585} INFO - Sync 1 DAGs
[2022-11-07T17:13:31.464+0000] {logging_mixin.py:120} INFO - [2022-11-07T17:13:31.464+0000] {dag.py:3340} INFO - Setting next_dagrun for example_branch_dop_operator_v3 to 2022-11-07T17:12:00+00:00, run_after=2022-11-07T17:13:00+00:00
[2022-11-07T17:13:31.580+0000] {processor.py:176} INFO - Processing /home/airflow/.local/lib/python3.7/site-packages/airflow/example_dags/example_branch_python_dop_operator_3.py took 0.190 seconds
[2022-11-07T17:14:02.471+0000] {processor.py:154} INFO - Started process (PID=52590) to work on /home/airflow/.local/lib/python3.7/site-packages/airflow/example_dags/example_branch_python_dop_operator_3.py
[2022-11-07T17:14:02.473+0000] {processor.py:756} INFO - Processing file /home/airflow/.local/lib/python3.7/site-packages/airflow/example_dags/example_branch_python_dop_operator_3.py for tasks to queue
[2022-11-07T17:14:02.475+0000] {logging_mixin.py:120} INFO - [2022-11-07T17:14:02.475+0000] {dagbag.py:537} INFO - Filling up the DagBag from /home/airflow/.local/lib/python3.7/site-packages/airflow/example_dags/example_branch_python_dop_operator_3.py
[2022-11-07T17:14:02.502+0000] {processor.py:766} INFO - DAG(s) dict_keys(['example_branch_dop_operator_v3']) retrieved from /home/airflow/.local/lib/python3.7/site-packages/airflow/example_dags/example_branch_python_dop_operator_3.py
[2022-11-07T17:14:02.534+0000] {logging_mixin.py:120} INFO - [2022-11-07T17:14:02.534+0000] {dag.py:2585} INFO - Sync 1 DAGs
[2022-11-07T17:14:02.649+0000] {logging_mixin.py:120} INFO - [2022-11-07T17:14:02.649+0000] {dag.py:3340} INFO - Setting next_dagrun for example_branch_dop_operator_v3 to 2022-11-07T17:13:00+00:00, run_after=2022-11-07T17:14:00+00:00
[2022-11-07T17:14:02.660+0000] {processor.py:176} INFO - Processing /home/airflow/.local/lib/python3.7/site-packages/airflow/example_dags/example_branch_python_dop_operator_3.py took 0.193 seconds
[2022-11-07T17:14:32.977+0000] {processor.py:154} INFO - Started process (PID=52648) to work on /home/airflow/.local/lib/python3.7/site-packages/airflow/example_dags/example_branch_python_dop_operator_3.py
[2022-11-07T17:14:32.979+0000] {processor.py:756} INFO - Processing file /home/airflow/.local/lib/python3.7/site-packages/airflow/example_dags/example_branch_python_dop_operator_3.py for tasks to queue
[2022-11-07T17:14:32.980+0000] {logging_mixin.py:120} INFO - [2022-11-07T17:14:32.980+0000] {dagbag.py:537} INFO - Filling up the DagBag from /home/airflow/.local/lib/python3.7/site-packages/airflow/example_dags/example_branch_python_dop_operator_3.py
[2022-11-07T17:14:32.996+0000] {processor.py:766} INFO - DAG(s) dict_keys(['example_branch_dop_operator_v3']) retrieved from /home/airflow/.local/lib/python3.7/site-packages/airflow/example_dags/example_branch_python_dop_operator_3.py
[2022-11-07T17:14:33.130+0000] {logging_mixin.py:120} INFO - [2022-11-07T17:14:33.130+0000] {dag.py:2585} INFO - Sync 1 DAGs
[2022-11-07T17:14:33.147+0000] {logging_mixin.py:120} INFO - [2022-11-07T17:14:33.147+0000] {dag.py:3340} INFO - Setting next_dagrun for example_branch_dop_operator_v3 to 2022-11-07T17:13:00+00:00, run_after=2022-11-07T17:14:00+00:00
[2022-11-07T17:14:33.157+0000] {processor.py:176} INFO - Processing /home/airflow/.local/lib/python3.7/site-packages/airflow/example_dags/example_branch_python_dop_operator_3.py took 0.183 seconds
[2022-11-07T17:21:23.361+0000] {processor.py:154} INFO - Started process (PID=52716) to work on /home/airflow/.local/lib/python3.7/site-packages/airflow/example_dags/example_branch_python_dop_operator_3.py
[2022-11-07T17:21:23.363+0000] {processor.py:756} INFO - Processing file /home/airflow/.local/lib/python3.7/site-packages/airflow/example_dags/example_branch_python_dop_operator_3.py for tasks to queue
[2022-11-07T17:21:23.364+0000] {logging_mixin.py:120} INFO - [2022-11-07T17:21:23.364+0000] {dagbag.py:537} INFO - Filling up the DagBag from /home/airflow/.local/lib/python3.7/site-packages/airflow/example_dags/example_branch_python_dop_operator_3.py
[2022-11-07T17:21:23.381+0000] {processor.py:766} INFO - DAG(s) dict_keys(['example_branch_dop_operator_v3']) retrieved from /home/airflow/.local/lib/python3.7/site-packages/airflow/example_dags/example_branch_python_dop_operator_3.py
[2022-11-07T17:21:23.425+0000] {logging_mixin.py:120} INFO - [2022-11-07T17:21:23.425+0000] {dag.py:2585} INFO - Sync 1 DAGs
[2022-11-07T17:21:23.444+0000] {logging_mixin.py:120} INFO - [2022-11-07T17:21:23.443+0000] {dag.py:3340} INFO - Setting next_dagrun for example_branch_dop_operator_v3 to 2022-11-07T17:20:00+00:00, run_after=2022-11-07T17:21:00+00:00
[2022-11-07T17:21:23.457+0000] {processor.py:176} INFO - Processing /home/airflow/.local/lib/python3.7/site-packages/airflow/example_dags/example_branch_python_dop_operator_3.py took 0.098 seconds
[2022-11-07T17:53:21.068+0000] {processor.py:154} INFO - Started process (PID=52785) to work on /home/airflow/.local/lib/python3.7/site-packages/airflow/example_dags/example_branch_python_dop_operator_3.py
[2022-11-07T17:53:21.070+0000] {processor.py:756} INFO - Processing file /home/airflow/.local/lib/python3.7/site-packages/airflow/example_dags/example_branch_python_dop_operator_3.py for tasks to queue
[2022-11-07T17:53:21.072+0000] {logging_mixin.py:120} INFO - [2022-11-07T17:53:21.071+0000] {dagbag.py:537} INFO - Filling up the DagBag from /home/airflow/.local/lib/python3.7/site-packages/airflow/example_dags/example_branch_python_dop_operator_3.py
[2022-11-07T17:53:21.102+0000] {processor.py:766} INFO - DAG(s) dict_keys(['example_branch_dop_operator_v3']) retrieved from /home/airflow/.local/lib/python3.7/site-packages/airflow/example_dags/example_branch_python_dop_operator_3.py
[2022-11-07T17:53:21.189+0000] {logging_mixin.py:120} INFO - [2022-11-07T17:53:21.189+0000] {dag.py:2585} INFO - Sync 1 DAGs
[2022-11-07T17:53:21.234+0000] {logging_mixin.py:120} INFO - [2022-11-07T17:53:21.234+0000] {dag.py:3340} INFO - Setting next_dagrun for example_branch_dop_operator_v3 to 2022-11-07T17:52:00+00:00, run_after=2022-11-07T17:53:00+00:00
[2022-11-07T17:53:21.475+0000] {processor.py:176} INFO - Processing /home/airflow/.local/lib/python3.7/site-packages/airflow/example_dags/example_branch_python_dop_operator_3.py took 0.413 seconds
[2022-11-07T18:20:22.562+0000] {processor.py:154} INFO - Started process (PID=52852) to work on /home/airflow/.local/lib/python3.7/site-packages/airflow/example_dags/example_branch_python_dop_operator_3.py
[2022-11-07T18:20:22.564+0000] {processor.py:756} INFO - Processing file /home/airflow/.local/lib/python3.7/site-packages/airflow/example_dags/example_branch_python_dop_operator_3.py for tasks to queue
[2022-11-07T18:20:22.565+0000] {logging_mixin.py:120} INFO - [2022-11-07T18:20:22.565+0000] {dagbag.py:537} INFO - Filling up the DagBag from /home/airflow/.local/lib/python3.7/site-packages/airflow/example_dags/example_branch_python_dop_operator_3.py
[2022-11-07T18:20:22.602+0000] {processor.py:766} INFO - DAG(s) dict_keys(['example_branch_dop_operator_v3']) retrieved from /home/airflow/.local/lib/python3.7/site-packages/airflow/example_dags/example_branch_python_dop_operator_3.py
[2022-11-07T18:20:22.657+0000] {logging_mixin.py:120} INFO - [2022-11-07T18:20:22.656+0000] {dag.py:2585} INFO - Sync 1 DAGs
[2022-11-07T18:20:22.844+0000] {logging_mixin.py:120} INFO - [2022-11-07T18:20:22.843+0000] {dag.py:3340} INFO - Setting next_dagrun for example_branch_dop_operator_v3 to 2022-11-07T18:19:00+00:00, run_after=2022-11-07T18:20:00+00:00
[2022-11-07T18:20:22.866+0000] {processor.py:176} INFO - Processing /home/airflow/.local/lib/python3.7/site-packages/airflow/example_dags/example_branch_python_dop_operator_3.py took 0.311 seconds
[2022-11-07T19:15:54.274+0000] {processor.py:154} INFO - Started process (PID=52910) to work on /home/airflow/.local/lib/python3.7/site-packages/airflow/example_dags/example_branch_python_dop_operator_3.py
[2022-11-07T19:15:54.282+0000] {processor.py:756} INFO - Processing file /home/airflow/.local/lib/python3.7/site-packages/airflow/example_dags/example_branch_python_dop_operator_3.py for tasks to queue
[2022-11-07T19:15:54.284+0000] {logging_mixin.py:120} INFO - [2022-11-07T19:15:54.284+0000] {dagbag.py:537} INFO - Filling up the DagBag from /home/airflow/.local/lib/python3.7/site-packages/airflow/example_dags/example_branch_python_dop_operator_3.py
[2022-11-07T19:15:54.320+0000] {processor.py:766} INFO - DAG(s) dict_keys(['example_branch_dop_operator_v3']) retrieved from /home/airflow/.local/lib/python3.7/site-packages/airflow/example_dags/example_branch_python_dop_operator_3.py
[2022-11-07T19:15:54.763+0000] {logging_mixin.py:120} INFO - [2022-11-07T19:15:54.763+0000] {dag.py:2585} INFO - Sync 1 DAGs
[2022-11-07T19:15:54.831+0000] {logging_mixin.py:120} INFO - [2022-11-07T19:15:54.831+0000] {dag.py:3340} INFO - Setting next_dagrun for example_branch_dop_operator_v3 to 2022-11-07T19:14:00+00:00, run_after=2022-11-07T19:15:00+00:00
[2022-11-07T19:15:54.889+0000] {processor.py:176} INFO - Processing /home/airflow/.local/lib/python3.7/site-packages/airflow/example_dags/example_branch_python_dop_operator_3.py took 0.618 seconds
[2022-11-07T19:44:45.759+0000] {processor.py:154} INFO - Started process (PID=52975) to work on /home/airflow/.local/lib/python3.7/site-packages/airflow/example_dags/example_branch_python_dop_operator_3.py
[2022-11-07T19:44:45.761+0000] {processor.py:756} INFO - Processing file /home/airflow/.local/lib/python3.7/site-packages/airflow/example_dags/example_branch_python_dop_operator_3.py for tasks to queue
[2022-11-07T19:44:45.762+0000] {logging_mixin.py:120} INFO - [2022-11-07T19:44:45.762+0000] {dagbag.py:537} INFO - Filling up the DagBag from /home/airflow/.local/lib/python3.7/site-packages/airflow/example_dags/example_branch_python_dop_operator_3.py
[2022-11-07T19:44:45.789+0000] {processor.py:766} INFO - DAG(s) dict_keys(['example_branch_dop_operator_v3']) retrieved from /home/airflow/.local/lib/python3.7/site-packages/airflow/example_dags/example_branch_python_dop_operator_3.py
[2022-11-07T19:44:45.839+0000] {logging_mixin.py:120} INFO - [2022-11-07T19:44:45.839+0000] {dag.py:2585} INFO - Sync 1 DAGs
[2022-11-07T19:44:45.865+0000] {logging_mixin.py:120} INFO - [2022-11-07T19:44:45.865+0000] {dag.py:3340} INFO - Setting next_dagrun for example_branch_dop_operator_v3 to 2022-11-07T19:43:00+00:00, run_after=2022-11-07T19:44:00+00:00
[2022-11-07T19:44:45.882+0000] {processor.py:176} INFO - Processing /home/airflow/.local/lib/python3.7/site-packages/airflow/example_dags/example_branch_python_dop_operator_3.py took 0.127 seconds
[2022-11-07T20:51:26.653+0000] {processor.py:154} INFO - Started process (PID=53041) to work on /home/airflow/.local/lib/python3.7/site-packages/airflow/example_dags/example_branch_python_dop_operator_3.py
[2022-11-07T20:51:26.655+0000] {processor.py:756} INFO - Processing file /home/airflow/.local/lib/python3.7/site-packages/airflow/example_dags/example_branch_python_dop_operator_3.py for tasks to queue
[2022-11-07T20:51:26.656+0000] {logging_mixin.py:120} INFO - [2022-11-07T20:51:26.656+0000] {dagbag.py:537} INFO - Filling up the DagBag from /home/airflow/.local/lib/python3.7/site-packages/airflow/example_dags/example_branch_python_dop_operator_3.py
[2022-11-07T20:51:26.676+0000] {processor.py:766} INFO - DAG(s) dict_keys(['example_branch_dop_operator_v3']) retrieved from /home/airflow/.local/lib/python3.7/site-packages/airflow/example_dags/example_branch_python_dop_operator_3.py
[2022-11-07T20:51:26.713+0000] {logging_mixin.py:120} INFO - [2022-11-07T20:51:26.713+0000] {dag.py:2585} INFO - Sync 1 DAGs
[2022-11-07T20:51:26.852+0000] {logging_mixin.py:120} INFO - [2022-11-07T20:51:26.852+0000] {dag.py:3340} INFO - Setting next_dagrun for example_branch_dop_operator_v3 to 2022-11-07T20:50:00+00:00, run_after=2022-11-07T20:51:00+00:00
[2022-11-07T20:51:26.865+0000] {processor.py:176} INFO - Processing /home/airflow/.local/lib/python3.7/site-packages/airflow/example_dags/example_branch_python_dop_operator_3.py took 0.216 seconds
[2022-11-07T21:44:44.815+0000] {processor.py:154} INFO - Started process (PID=53100) to work on /home/airflow/.local/lib/python3.7/site-packages/airflow/example_dags/example_branch_python_dop_operator_3.py
[2022-11-07T21:44:44.817+0000] {processor.py:756} INFO - Processing file /home/airflow/.local/lib/python3.7/site-packages/airflow/example_dags/example_branch_python_dop_operator_3.py for tasks to queue
[2022-11-07T21:44:44.818+0000] {logging_mixin.py:120} INFO - [2022-11-07T21:44:44.818+0000] {dagbag.py:537} INFO - Filling up the DagBag from /home/airflow/.local/lib/python3.7/site-packages/airflow/example_dags/example_branch_python_dop_operator_3.py
[2022-11-07T21:44:44.838+0000] {processor.py:766} INFO - DAG(s) dict_keys(['example_branch_dop_operator_v3']) retrieved from /home/airflow/.local/lib/python3.7/site-packages/airflow/example_dags/example_branch_python_dop_operator_3.py
[2022-11-07T21:44:44.875+0000] {logging_mixin.py:120} INFO - [2022-11-07T21:44:44.875+0000] {dag.py:2585} INFO - Sync 1 DAGs
[2022-11-07T21:44:44.998+0000] {logging_mixin.py:120} INFO - [2022-11-07T21:44:44.998+0000] {dag.py:3340} INFO - Setting next_dagrun for example_branch_dop_operator_v3 to 2022-11-07T21:43:00+00:00, run_after=2022-11-07T21:44:00+00:00
[2022-11-07T21:44:45.023+0000] {processor.py:176} INFO - Processing /home/airflow/.local/lib/python3.7/site-packages/airflow/example_dags/example_branch_python_dop_operator_3.py took 0.211 seconds
[2022-11-07T22:48:50.823+0000] {processor.py:154} INFO - Started process (PID=53166) to work on /home/airflow/.local/lib/python3.7/site-packages/airflow/example_dags/example_branch_python_dop_operator_3.py
[2022-11-07T22:48:50.829+0000] {processor.py:756} INFO - Processing file /home/airflow/.local/lib/python3.7/site-packages/airflow/example_dags/example_branch_python_dop_operator_3.py for tasks to queue
[2022-11-07T22:48:50.831+0000] {logging_mixin.py:120} INFO - [2022-11-07T22:48:50.830+0000] {dagbag.py:537} INFO - Filling up the DagBag from /home/airflow/.local/lib/python3.7/site-packages/airflow/example_dags/example_branch_python_dop_operator_3.py
[2022-11-07T22:48:50.884+0000] {processor.py:766} INFO - DAG(s) dict_keys(['example_branch_dop_operator_v3']) retrieved from /home/airflow/.local/lib/python3.7/site-packages/airflow/example_dags/example_branch_python_dop_operator_3.py
[2022-11-07T22:48:51.276+0000] {logging_mixin.py:120} INFO - [2022-11-07T22:48:51.276+0000] {dag.py:2585} INFO - Sync 1 DAGs
[2022-11-07T22:48:51.342+0000] {logging_mixin.py:120} INFO - [2022-11-07T22:48:51.342+0000] {dag.py:3340} INFO - Setting next_dagrun for example_branch_dop_operator_v3 to 2022-11-07T22:47:00+00:00, run_after=2022-11-07T22:48:00+00:00
[2022-11-07T22:48:51.391+0000] {processor.py:176} INFO - Processing /home/airflow/.local/lib/python3.7/site-packages/airflow/example_dags/example_branch_python_dop_operator_3.py took 0.574 seconds
[2022-11-07T23:21:15.427+0000] {processor.py:154} INFO - Started process (PID=53232) to work on /home/airflow/.local/lib/python3.7/site-packages/airflow/example_dags/example_branch_python_dop_operator_3.py
[2022-11-07T23:21:15.429+0000] {processor.py:756} INFO - Processing file /home/airflow/.local/lib/python3.7/site-packages/airflow/example_dags/example_branch_python_dop_operator_3.py for tasks to queue
[2022-11-07T23:21:15.430+0000] {logging_mixin.py:120} INFO - [2022-11-07T23:21:15.430+0000] {dagbag.py:537} INFO - Filling up the DagBag from /home/airflow/.local/lib/python3.7/site-packages/airflow/example_dags/example_branch_python_dop_operator_3.py
[2022-11-07T23:21:15.463+0000] {processor.py:766} INFO - DAG(s) dict_keys(['example_branch_dop_operator_v3']) retrieved from /home/airflow/.local/lib/python3.7/site-packages/airflow/example_dags/example_branch_python_dop_operator_3.py
[2022-11-07T23:21:15.531+0000] {logging_mixin.py:120} INFO - [2022-11-07T23:21:15.531+0000] {dag.py:2585} INFO - Sync 1 DAGs
[2022-11-07T23:21:15.565+0000] {logging_mixin.py:120} INFO - [2022-11-07T23:21:15.565+0000] {dag.py:3340} INFO - Setting next_dagrun for example_branch_dop_operator_v3 to 2022-11-07T23:20:00+00:00, run_after=2022-11-07T23:21:00+00:00
[2022-11-07T23:21:15.781+0000] {processor.py:176} INFO - Processing /home/airflow/.local/lib/python3.7/site-packages/airflow/example_dags/example_branch_python_dop_operator_3.py took 0.359 seconds
[2022-11-07T23:59:00.349+0000] {processor.py:154} INFO - Started process (PID=53299) to work on /home/airflow/.local/lib/python3.7/site-packages/airflow/example_dags/example_branch_python_dop_operator_3.py
[2022-11-07T23:59:00.353+0000] {processor.py:756} INFO - Processing file /home/airflow/.local/lib/python3.7/site-packages/airflow/example_dags/example_branch_python_dop_operator_3.py for tasks to queue
[2022-11-07T23:59:00.360+0000] {logging_mixin.py:120} INFO - [2022-11-07T23:59:00.359+0000] {dagbag.py:537} INFO - Filling up the DagBag from /home/airflow/.local/lib/python3.7/site-packages/airflow/example_dags/example_branch_python_dop_operator_3.py
[2022-11-07T23:59:00.403+0000] {processor.py:766} INFO - DAG(s) dict_keys(['example_branch_dop_operator_v3']) retrieved from /home/airflow/.local/lib/python3.7/site-packages/airflow/example_dags/example_branch_python_dop_operator_3.py
[2022-11-07T23:59:00.458+0000] {logging_mixin.py:120} INFO - [2022-11-07T23:59:00.458+0000] {dag.py:2585} INFO - Sync 1 DAGs
[2022-11-07T23:59:00.610+0000] {logging_mixin.py:120} INFO - [2022-11-07T23:59:00.610+0000] {dag.py:3340} INFO - Setting next_dagrun for example_branch_dop_operator_v3 to 2022-11-07T23:58:00+00:00, run_after=2022-11-07T23:59:00+00:00
[2022-11-07T23:59:00.622+0000] {processor.py:176} INFO - Processing /home/airflow/.local/lib/python3.7/site-packages/airflow/example_dags/example_branch_python_dop_operator_3.py took 0.276 seconds
