[2022-11-07T17:10:57.211+0000] {processor.py:154} INFO - Started process (PID=52194) to work on /home/airflow/.local/lib/python3.7/site-packages/airflow/example_dags/example_complex.py
[2022-11-07T17:10:57.221+0000] {processor.py:756} INFO - Processing file /home/airflow/.local/lib/python3.7/site-packages/airflow/example_dags/example_complex.py for tasks to queue
[2022-11-07T17:10:57.292+0000] {logging_mixin.py:120} INFO - [2022-11-07T17:10:57.292+0000] {dagbag.py:537} INFO - Filling up the DagBag from /home/airflow/.local/lib/python3.7/site-packages/airflow/example_dags/example_complex.py
[2022-11-07T17:10:57.350+0000] {logging_mixin.py:120} INFO - [2022-11-07T17:10:57.350+0000] {taskmixin.py:205} WARNING - Dependency <Task(BashOperator): create_entry_group>, delete_entry_group already registered for DAG: example_complex
[2022-11-07T17:10:57.361+0000] {logging_mixin.py:120} INFO - [2022-11-07T17:10:57.361+0000] {taskmixin.py:205} WARNING - Dependency <Task(BashOperator): delete_entry_group>, create_entry_group already registered for DAG: example_complex
[2022-11-07T17:10:57.370+0000] {logging_mixin.py:120} INFO - [2022-11-07T17:10:57.370+0000] {taskmixin.py:205} WARNING - Dependency <Task(BashOperator): create_entry_gcs>, delete_entry already registered for DAG: example_complex
[2022-11-07T17:10:57.377+0000] {logging_mixin.py:120} INFO - [2022-11-07T17:10:57.377+0000] {taskmixin.py:205} WARNING - Dependency <Task(BashOperator): delete_entry>, create_entry_gcs already registered for DAG: example_complex
[2022-11-07T17:10:57.386+0000] {logging_mixin.py:120} INFO - [2022-11-07T17:10:57.386+0000] {taskmixin.py:205} WARNING - Dependency <Task(BashOperator): create_tag>, delete_tag already registered for DAG: example_complex
[2022-11-07T17:10:57.394+0000] {logging_mixin.py:120} INFO - [2022-11-07T17:10:57.394+0000] {taskmixin.py:205} WARNING - Dependency <Task(BashOperator): delete_tag>, create_tag already registered for DAG: example_complex
[2022-11-07T17:10:57.414+0000] {processor.py:766} INFO - DAG(s) dict_keys(['example_complex']) retrieved from /home/airflow/.local/lib/python3.7/site-packages/airflow/example_dags/example_complex.py
[2022-11-07T17:10:57.523+0000] {logging_mixin.py:120} INFO - [2022-11-07T17:10:57.523+0000] {dag.py:2585} INFO - Sync 1 DAGs
[2022-11-07T17:10:57.606+0000] {logging_mixin.py:120} INFO - [2022-11-07T17:10:57.606+0000] {dag.py:3340} INFO - Setting next_dagrun for example_complex to None, run_after=None
[2022-11-07T17:10:57.682+0000] {processor.py:176} INFO - Processing /home/airflow/.local/lib/python3.7/site-packages/airflow/example_dags/example_complex.py took 0.478 seconds
[2022-11-07T17:11:28.243+0000] {processor.py:154} INFO - Started process (PID=52251) to work on /home/airflow/.local/lib/python3.7/site-packages/airflow/example_dags/example_complex.py
[2022-11-07T17:11:28.245+0000] {processor.py:756} INFO - Processing file /home/airflow/.local/lib/python3.7/site-packages/airflow/example_dags/example_complex.py for tasks to queue
[2022-11-07T17:11:28.248+0000] {logging_mixin.py:120} INFO - [2022-11-07T17:11:28.248+0000] {dagbag.py:537} INFO - Filling up the DagBag from /home/airflow/.local/lib/python3.7/site-packages/airflow/example_dags/example_complex.py
[2022-11-07T17:11:28.257+0000] {logging_mixin.py:120} INFO - [2022-11-07T17:11:28.257+0000] {taskmixin.py:205} WARNING - Dependency <Task(BashOperator): create_entry_group>, delete_entry_group already registered for DAG: example_complex
[2022-11-07T17:11:28.258+0000] {logging_mixin.py:120} INFO - [2022-11-07T17:11:28.258+0000] {taskmixin.py:205} WARNING - Dependency <Task(BashOperator): delete_entry_group>, create_entry_group already registered for DAG: example_complex
[2022-11-07T17:11:28.259+0000] {logging_mixin.py:120} INFO - [2022-11-07T17:11:28.259+0000] {taskmixin.py:205} WARNING - Dependency <Task(BashOperator): create_entry_gcs>, delete_entry already registered for DAG: example_complex
[2022-11-07T17:11:28.259+0000] {logging_mixin.py:120} INFO - [2022-11-07T17:11:28.259+0000] {taskmixin.py:205} WARNING - Dependency <Task(BashOperator): delete_entry>, create_entry_gcs already registered for DAG: example_complex
[2022-11-07T17:11:28.261+0000] {logging_mixin.py:120} INFO - [2022-11-07T17:11:28.261+0000] {taskmixin.py:205} WARNING - Dependency <Task(BashOperator): create_tag>, delete_tag already registered for DAG: example_complex
[2022-11-07T17:11:28.261+0000] {logging_mixin.py:120} INFO - [2022-11-07T17:11:28.261+0000] {taskmixin.py:205} WARNING - Dependency <Task(BashOperator): delete_tag>, create_tag already registered for DAG: example_complex
[2022-11-07T17:11:28.268+0000] {processor.py:766} INFO - DAG(s) dict_keys(['example_complex']) retrieved from /home/airflow/.local/lib/python3.7/site-packages/airflow/example_dags/example_complex.py
[2022-11-07T17:11:28.305+0000] {logging_mixin.py:120} INFO - [2022-11-07T17:11:28.305+0000] {dag.py:2585} INFO - Sync 1 DAGs
[2022-11-07T17:11:28.322+0000] {logging_mixin.py:120} INFO - [2022-11-07T17:11:28.322+0000] {dag.py:3340} INFO - Setting next_dagrun for example_complex to None, run_after=None
[2022-11-07T17:11:28.336+0000] {processor.py:176} INFO - Processing /home/airflow/.local/lib/python3.7/site-packages/airflow/example_dags/example_complex.py took 0.096 seconds
[2022-11-07T17:11:59.404+0000] {processor.py:154} INFO - Started process (PID=52317) to work on /home/airflow/.local/lib/python3.7/site-packages/airflow/example_dags/example_complex.py
[2022-11-07T17:11:59.405+0000] {processor.py:756} INFO - Processing file /home/airflow/.local/lib/python3.7/site-packages/airflow/example_dags/example_complex.py for tasks to queue
[2022-11-07T17:11:59.406+0000] {logging_mixin.py:120} INFO - [2022-11-07T17:11:59.406+0000] {dagbag.py:537} INFO - Filling up the DagBag from /home/airflow/.local/lib/python3.7/site-packages/airflow/example_dags/example_complex.py
[2022-11-07T17:11:59.415+0000] {logging_mixin.py:120} INFO - [2022-11-07T17:11:59.415+0000] {taskmixin.py:205} WARNING - Dependency <Task(BashOperator): create_entry_group>, delete_entry_group already registered for DAG: example_complex
[2022-11-07T17:11:59.416+0000] {logging_mixin.py:120} INFO - [2022-11-07T17:11:59.416+0000] {taskmixin.py:205} WARNING - Dependency <Task(BashOperator): delete_entry_group>, create_entry_group already registered for DAG: example_complex
[2022-11-07T17:11:59.417+0000] {logging_mixin.py:120} INFO - [2022-11-07T17:11:59.417+0000] {taskmixin.py:205} WARNING - Dependency <Task(BashOperator): create_entry_gcs>, delete_entry already registered for DAG: example_complex
[2022-11-07T17:11:59.417+0000] {logging_mixin.py:120} INFO - [2022-11-07T17:11:59.417+0000] {taskmixin.py:205} WARNING - Dependency <Task(BashOperator): delete_entry>, create_entry_gcs already registered for DAG: example_complex
[2022-11-07T17:11:59.419+0000] {logging_mixin.py:120} INFO - [2022-11-07T17:11:59.418+0000] {taskmixin.py:205} WARNING - Dependency <Task(BashOperator): create_tag>, delete_tag already registered for DAG: example_complex
[2022-11-07T17:11:59.426+0000] {logging_mixin.py:120} INFO - [2022-11-07T17:11:59.426+0000] {taskmixin.py:205} WARNING - Dependency <Task(BashOperator): delete_tag>, create_tag already registered for DAG: example_complex
[2022-11-07T17:11:59.434+0000] {processor.py:766} INFO - DAG(s) dict_keys(['example_complex']) retrieved from /home/airflow/.local/lib/python3.7/site-packages/airflow/example_dags/example_complex.py
[2022-11-07T17:11:59.470+0000] {logging_mixin.py:120} INFO - [2022-11-07T17:11:59.470+0000] {dag.py:2585} INFO - Sync 1 DAGs
[2022-11-07T17:11:59.594+0000] {logging_mixin.py:120} INFO - [2022-11-07T17:11:59.594+0000] {dag.py:3340} INFO - Setting next_dagrun for example_complex to None, run_after=None
[2022-11-07T17:11:59.607+0000] {processor.py:176} INFO - Processing /home/airflow/.local/lib/python3.7/site-packages/airflow/example_dags/example_complex.py took 0.206 seconds
[2022-11-07T17:12:29.724+0000] {processor.py:154} INFO - Started process (PID=52385) to work on /home/airflow/.local/lib/python3.7/site-packages/airflow/example_dags/example_complex.py
[2022-11-07T17:12:29.725+0000] {processor.py:756} INFO - Processing file /home/airflow/.local/lib/python3.7/site-packages/airflow/example_dags/example_complex.py for tasks to queue
[2022-11-07T17:12:29.729+0000] {logging_mixin.py:120} INFO - [2022-11-07T17:12:29.729+0000] {dagbag.py:537} INFO - Filling up the DagBag from /home/airflow/.local/lib/python3.7/site-packages/airflow/example_dags/example_complex.py
[2022-11-07T17:12:29.737+0000] {logging_mixin.py:120} INFO - [2022-11-07T17:12:29.737+0000] {taskmixin.py:205} WARNING - Dependency <Task(BashOperator): create_entry_group>, delete_entry_group already registered for DAG: example_complex
[2022-11-07T17:12:29.738+0000] {logging_mixin.py:120} INFO - [2022-11-07T17:12:29.738+0000] {taskmixin.py:205} WARNING - Dependency <Task(BashOperator): delete_entry_group>, create_entry_group already registered for DAG: example_complex
[2022-11-07T17:12:29.739+0000] {logging_mixin.py:120} INFO - [2022-11-07T17:12:29.739+0000] {taskmixin.py:205} WARNING - Dependency <Task(BashOperator): create_entry_gcs>, delete_entry already registered for DAG: example_complex
[2022-11-07T17:12:29.739+0000] {logging_mixin.py:120} INFO - [2022-11-07T17:12:29.739+0000] {taskmixin.py:205} WARNING - Dependency <Task(BashOperator): delete_entry>, create_entry_gcs already registered for DAG: example_complex
[2022-11-07T17:12:29.740+0000] {logging_mixin.py:120} INFO - [2022-11-07T17:12:29.740+0000] {taskmixin.py:205} WARNING - Dependency <Task(BashOperator): create_tag>, delete_tag already registered for DAG: example_complex
[2022-11-07T17:12:29.741+0000] {logging_mixin.py:120} INFO - [2022-11-07T17:12:29.741+0000] {taskmixin.py:205} WARNING - Dependency <Task(BashOperator): delete_tag>, create_tag already registered for DAG: example_complex
[2022-11-07T17:12:29.746+0000] {processor.py:766} INFO - DAG(s) dict_keys(['example_complex']) retrieved from /home/airflow/.local/lib/python3.7/site-packages/airflow/example_dags/example_complex.py
[2022-11-07T17:12:29.782+0000] {logging_mixin.py:120} INFO - [2022-11-07T17:12:29.782+0000] {dag.py:2585} INFO - Sync 1 DAGs
[2022-11-07T17:12:29.895+0000] {logging_mixin.py:120} INFO - [2022-11-07T17:12:29.895+0000] {dag.py:3340} INFO - Setting next_dagrun for example_complex to None, run_after=None
[2022-11-07T17:12:29.909+0000] {processor.py:176} INFO - Processing /home/airflow/.local/lib/python3.7/site-packages/airflow/example_dags/example_complex.py took 0.189 seconds
[2022-11-07T17:12:59.971+0000] {processor.py:154} INFO - Started process (PID=52452) to work on /home/airflow/.local/lib/python3.7/site-packages/airflow/example_dags/example_complex.py
[2022-11-07T17:12:59.979+0000] {processor.py:756} INFO - Processing file /home/airflow/.local/lib/python3.7/site-packages/airflow/example_dags/example_complex.py for tasks to queue
[2022-11-07T17:12:59.980+0000] {logging_mixin.py:120} INFO - [2022-11-07T17:12:59.980+0000] {dagbag.py:537} INFO - Filling up the DagBag from /home/airflow/.local/lib/python3.7/site-packages/airflow/example_dags/example_complex.py
[2022-11-07T17:12:59.994+0000] {logging_mixin.py:120} INFO - [2022-11-07T17:12:59.993+0000] {taskmixin.py:205} WARNING - Dependency <Task(BashOperator): create_entry_group>, delete_entry_group already registered for DAG: example_complex
[2022-11-07T17:12:59.994+0000] {logging_mixin.py:120} INFO - [2022-11-07T17:12:59.994+0000] {taskmixin.py:205} WARNING - Dependency <Task(BashOperator): delete_entry_group>, create_entry_group already registered for DAG: example_complex
[2022-11-07T17:12:59.995+0000] {logging_mixin.py:120} INFO - [2022-11-07T17:12:59.995+0000] {taskmixin.py:205} WARNING - Dependency <Task(BashOperator): create_entry_gcs>, delete_entry already registered for DAG: example_complex
[2022-11-07T17:12:59.996+0000] {logging_mixin.py:120} INFO - [2022-11-07T17:12:59.996+0000] {taskmixin.py:205} WARNING - Dependency <Task(BashOperator): delete_entry>, create_entry_gcs already registered for DAG: example_complex
[2022-11-07T17:12:59.999+0000] {logging_mixin.py:120} INFO - [2022-11-07T17:12:59.998+0000] {taskmixin.py:205} WARNING - Dependency <Task(BashOperator): create_tag>, delete_tag already registered for DAG: example_complex
[2022-11-07T17:13:00.001+0000] {logging_mixin.py:120} INFO - [2022-11-07T17:13:00.001+0000] {taskmixin.py:205} WARNING - Dependency <Task(BashOperator): delete_tag>, create_tag already registered for DAG: example_complex
[2022-11-07T17:13:00.007+0000] {processor.py:766} INFO - DAG(s) dict_keys(['example_complex']) retrieved from /home/airflow/.local/lib/python3.7/site-packages/airflow/example_dags/example_complex.py
[2022-11-07T17:13:00.157+0000] {logging_mixin.py:120} INFO - [2022-11-07T17:13:00.156+0000] {dag.py:2585} INFO - Sync 1 DAGs
[2022-11-07T17:13:00.186+0000] {logging_mixin.py:120} INFO - [2022-11-07T17:13:00.186+0000] {dag.py:3340} INFO - Setting next_dagrun for example_complex to None, run_after=None
[2022-11-07T17:13:00.272+0000] {processor.py:176} INFO - Processing /home/airflow/.local/lib/python3.7/site-packages/airflow/example_dags/example_complex.py took 0.303 seconds
[2022-11-07T17:13:30.939+0000] {processor.py:154} INFO - Started process (PID=52518) to work on /home/airflow/.local/lib/python3.7/site-packages/airflow/example_dags/example_complex.py
[2022-11-07T17:13:30.943+0000] {processor.py:756} INFO - Processing file /home/airflow/.local/lib/python3.7/site-packages/airflow/example_dags/example_complex.py for tasks to queue
[2022-11-07T17:13:30.944+0000] {logging_mixin.py:120} INFO - [2022-11-07T17:13:30.944+0000] {dagbag.py:537} INFO - Filling up the DagBag from /home/airflow/.local/lib/python3.7/site-packages/airflow/example_dags/example_complex.py
[2022-11-07T17:13:30.954+0000] {logging_mixin.py:120} INFO - [2022-11-07T17:13:30.954+0000] {taskmixin.py:205} WARNING - Dependency <Task(BashOperator): create_entry_group>, delete_entry_group already registered for DAG: example_complex
[2022-11-07T17:13:30.955+0000] {logging_mixin.py:120} INFO - [2022-11-07T17:13:30.955+0000] {taskmixin.py:205} WARNING - Dependency <Task(BashOperator): delete_entry_group>, create_entry_group already registered for DAG: example_complex
[2022-11-07T17:13:30.956+0000] {logging_mixin.py:120} INFO - [2022-11-07T17:13:30.956+0000] {taskmixin.py:205} WARNING - Dependency <Task(BashOperator): create_entry_gcs>, delete_entry already registered for DAG: example_complex
[2022-11-07T17:13:30.957+0000] {logging_mixin.py:120} INFO - [2022-11-07T17:13:30.956+0000] {taskmixin.py:205} WARNING - Dependency <Task(BashOperator): delete_entry>, create_entry_gcs already registered for DAG: example_complex
[2022-11-07T17:13:30.957+0000] {logging_mixin.py:120} INFO - [2022-11-07T17:13:30.957+0000] {taskmixin.py:205} WARNING - Dependency <Task(BashOperator): create_tag>, delete_tag already registered for DAG: example_complex
[2022-11-07T17:13:30.958+0000] {logging_mixin.py:120} INFO - [2022-11-07T17:13:30.958+0000] {taskmixin.py:205} WARNING - Dependency <Task(BashOperator): delete_tag>, create_tag already registered for DAG: example_complex
[2022-11-07T17:13:30.968+0000] {processor.py:766} INFO - DAG(s) dict_keys(['example_complex']) retrieved from /home/airflow/.local/lib/python3.7/site-packages/airflow/example_dags/example_complex.py
[2022-11-07T17:13:31.008+0000] {logging_mixin.py:120} INFO - [2022-11-07T17:13:31.008+0000] {dag.py:2585} INFO - Sync 1 DAGs
[2022-11-07T17:13:31.025+0000] {logging_mixin.py:120} INFO - [2022-11-07T17:13:31.025+0000] {dag.py:3340} INFO - Setting next_dagrun for example_complex to None, run_after=None
[2022-11-07T17:13:31.041+0000] {processor.py:176} INFO - Processing /home/airflow/.local/lib/python3.7/site-packages/airflow/example_dags/example_complex.py took 0.104 seconds
[2022-11-07T17:14:01.474+0000] {processor.py:154} INFO - Started process (PID=52585) to work on /home/airflow/.local/lib/python3.7/site-packages/airflow/example_dags/example_complex.py
[2022-11-07T17:14:01.478+0000] {processor.py:756} INFO - Processing file /home/airflow/.local/lib/python3.7/site-packages/airflow/example_dags/example_complex.py for tasks to queue
[2022-11-07T17:14:01.479+0000] {logging_mixin.py:120} INFO - [2022-11-07T17:14:01.479+0000] {dagbag.py:537} INFO - Filling up the DagBag from /home/airflow/.local/lib/python3.7/site-packages/airflow/example_dags/example_complex.py
[2022-11-07T17:14:01.499+0000] {logging_mixin.py:120} INFO - [2022-11-07T17:14:01.499+0000] {taskmixin.py:205} WARNING - Dependency <Task(BashOperator): create_entry_group>, delete_entry_group already registered for DAG: example_complex
[2022-11-07T17:14:01.501+0000] {logging_mixin.py:120} INFO - [2022-11-07T17:14:01.500+0000] {taskmixin.py:205} WARNING - Dependency <Task(BashOperator): delete_entry_group>, create_entry_group already registered for DAG: example_complex
[2022-11-07T17:14:01.502+0000] {logging_mixin.py:120} INFO - [2022-11-07T17:14:01.501+0000] {taskmixin.py:205} WARNING - Dependency <Task(BashOperator): create_entry_gcs>, delete_entry already registered for DAG: example_complex
[2022-11-07T17:14:01.502+0000] {logging_mixin.py:120} INFO - [2022-11-07T17:14:01.502+0000] {taskmixin.py:205} WARNING - Dependency <Task(BashOperator): delete_entry>, create_entry_gcs already registered for DAG: example_complex
[2022-11-07T17:14:01.503+0000] {logging_mixin.py:120} INFO - [2022-11-07T17:14:01.503+0000] {taskmixin.py:205} WARNING - Dependency <Task(BashOperator): create_tag>, delete_tag already registered for DAG: example_complex
[2022-11-07T17:14:01.504+0000] {logging_mixin.py:120} INFO - [2022-11-07T17:14:01.504+0000] {taskmixin.py:205} WARNING - Dependency <Task(BashOperator): delete_tag>, create_tag already registered for DAG: example_complex
[2022-11-07T17:14:01.517+0000] {processor.py:766} INFO - DAG(s) dict_keys(['example_complex']) retrieved from /home/airflow/.local/lib/python3.7/site-packages/airflow/example_dags/example_complex.py
[2022-11-07T17:14:01.579+0000] {logging_mixin.py:120} INFO - [2022-11-07T17:14:01.578+0000] {dag.py:2585} INFO - Sync 1 DAGs
[2022-11-07T17:14:01.829+0000] {logging_mixin.py:120} INFO - [2022-11-07T17:14:01.829+0000] {dag.py:3340} INFO - Setting next_dagrun for example_complex to None, run_after=None
[2022-11-07T17:14:01.865+0000] {processor.py:176} INFO - Processing /home/airflow/.local/lib/python3.7/site-packages/airflow/example_dags/example_complex.py took 0.393 seconds
[2022-11-07T17:14:32.237+0000] {processor.py:154} INFO - Started process (PID=52643) to work on /home/airflow/.local/lib/python3.7/site-packages/airflow/example_dags/example_complex.py
[2022-11-07T17:14:32.239+0000] {processor.py:756} INFO - Processing file /home/airflow/.local/lib/python3.7/site-packages/airflow/example_dags/example_complex.py for tasks to queue
[2022-11-07T17:14:32.240+0000] {logging_mixin.py:120} INFO - [2022-11-07T17:14:32.240+0000] {dagbag.py:537} INFO - Filling up the DagBag from /home/airflow/.local/lib/python3.7/site-packages/airflow/example_dags/example_complex.py
[2022-11-07T17:14:32.248+0000] {logging_mixin.py:120} INFO - [2022-11-07T17:14:32.247+0000] {taskmixin.py:205} WARNING - Dependency <Task(BashOperator): create_entry_group>, delete_entry_group already registered for DAG: example_complex
[2022-11-07T17:14:32.249+0000] {logging_mixin.py:120} INFO - [2022-11-07T17:14:32.249+0000] {taskmixin.py:205} WARNING - Dependency <Task(BashOperator): delete_entry_group>, create_entry_group already registered for DAG: example_complex
[2022-11-07T17:14:32.250+0000] {logging_mixin.py:120} INFO - [2022-11-07T17:14:32.250+0000] {taskmixin.py:205} WARNING - Dependency <Task(BashOperator): create_entry_gcs>, delete_entry already registered for DAG: example_complex
[2022-11-07T17:14:32.251+0000] {logging_mixin.py:120} INFO - [2022-11-07T17:14:32.251+0000] {taskmixin.py:205} WARNING - Dependency <Task(BashOperator): delete_entry>, create_entry_gcs already registered for DAG: example_complex
[2022-11-07T17:14:32.251+0000] {logging_mixin.py:120} INFO - [2022-11-07T17:14:32.251+0000] {taskmixin.py:205} WARNING - Dependency <Task(BashOperator): create_tag>, delete_tag already registered for DAG: example_complex
[2022-11-07T17:14:32.252+0000] {logging_mixin.py:120} INFO - [2022-11-07T17:14:32.252+0000] {taskmixin.py:205} WARNING - Dependency <Task(BashOperator): delete_tag>, create_tag already registered for DAG: example_complex
[2022-11-07T17:14:32.259+0000] {processor.py:766} INFO - DAG(s) dict_keys(['example_complex']) retrieved from /home/airflow/.local/lib/python3.7/site-packages/airflow/example_dags/example_complex.py
[2022-11-07T17:14:32.301+0000] {logging_mixin.py:120} INFO - [2022-11-07T17:14:32.301+0000] {dag.py:2585} INFO - Sync 1 DAGs
[2022-11-07T17:14:32.441+0000] {logging_mixin.py:120} INFO - [2022-11-07T17:14:32.441+0000] {dag.py:3340} INFO - Setting next_dagrun for example_complex to None, run_after=None
[2022-11-07T17:14:32.462+0000] {processor.py:176} INFO - Processing /home/airflow/.local/lib/python3.7/site-packages/airflow/example_dags/example_complex.py took 0.228 seconds
[2022-11-07T17:21:22.779+0000] {processor.py:154} INFO - Started process (PID=52711) to work on /home/airflow/.local/lib/python3.7/site-packages/airflow/example_dags/example_complex.py
[2022-11-07T17:21:22.782+0000] {processor.py:756} INFO - Processing file /home/airflow/.local/lib/python3.7/site-packages/airflow/example_dags/example_complex.py for tasks to queue
[2022-11-07T17:21:22.784+0000] {logging_mixin.py:120} INFO - [2022-11-07T17:21:22.783+0000] {dagbag.py:537} INFO - Filling up the DagBag from /home/airflow/.local/lib/python3.7/site-packages/airflow/example_dags/example_complex.py
[2022-11-07T17:21:22.796+0000] {logging_mixin.py:120} INFO - [2022-11-07T17:21:22.796+0000] {taskmixin.py:205} WARNING - Dependency <Task(BashOperator): create_entry_group>, delete_entry_group already registered for DAG: example_complex
[2022-11-07T17:21:22.799+0000] {logging_mixin.py:120} INFO - [2022-11-07T17:21:22.798+0000] {taskmixin.py:205} WARNING - Dependency <Task(BashOperator): delete_entry_group>, create_entry_group already registered for DAG: example_complex
[2022-11-07T17:21:22.805+0000] {logging_mixin.py:120} INFO - [2022-11-07T17:21:22.805+0000] {taskmixin.py:205} WARNING - Dependency <Task(BashOperator): create_entry_gcs>, delete_entry already registered for DAG: example_complex
[2022-11-07T17:21:22.809+0000] {logging_mixin.py:120} INFO - [2022-11-07T17:21:22.808+0000] {taskmixin.py:205} WARNING - Dependency <Task(BashOperator): delete_entry>, create_entry_gcs already registered for DAG: example_complex
[2022-11-07T17:21:22.811+0000] {logging_mixin.py:120} INFO - [2022-11-07T17:21:22.811+0000] {taskmixin.py:205} WARNING - Dependency <Task(BashOperator): create_tag>, delete_tag already registered for DAG: example_complex
[2022-11-07T17:21:22.813+0000] {logging_mixin.py:120} INFO - [2022-11-07T17:21:22.813+0000] {taskmixin.py:205} WARNING - Dependency <Task(BashOperator): delete_tag>, create_tag already registered for DAG: example_complex
[2022-11-07T17:21:22.826+0000] {processor.py:766} INFO - DAG(s) dict_keys(['example_complex']) retrieved from /home/airflow/.local/lib/python3.7/site-packages/airflow/example_dags/example_complex.py
[2022-11-07T17:21:22.987+0000] {logging_mixin.py:120} INFO - [2022-11-07T17:21:22.987+0000] {dag.py:2585} INFO - Sync 1 DAGs
[2022-11-07T17:21:23.004+0000] {logging_mixin.py:120} INFO - [2022-11-07T17:21:23.004+0000] {dag.py:3340} INFO - Setting next_dagrun for example_complex to None, run_after=None
[2022-11-07T17:21:23.016+0000] {processor.py:176} INFO - Processing /home/airflow/.local/lib/python3.7/site-packages/airflow/example_dags/example_complex.py took 0.240 seconds
[2022-11-07T17:53:20.304+0000] {processor.py:154} INFO - Started process (PID=52780) to work on /home/airflow/.local/lib/python3.7/site-packages/airflow/example_dags/example_complex.py
[2022-11-07T17:53:20.306+0000] {processor.py:756} INFO - Processing file /home/airflow/.local/lib/python3.7/site-packages/airflow/example_dags/example_complex.py for tasks to queue
[2022-11-07T17:53:20.307+0000] {logging_mixin.py:120} INFO - [2022-11-07T17:53:20.307+0000] {dagbag.py:537} INFO - Filling up the DagBag from /home/airflow/.local/lib/python3.7/site-packages/airflow/example_dags/example_complex.py
[2022-11-07T17:53:20.323+0000] {logging_mixin.py:120} INFO - [2022-11-07T17:53:20.323+0000] {taskmixin.py:205} WARNING - Dependency <Task(BashOperator): create_entry_group>, delete_entry_group already registered for DAG: example_complex
[2022-11-07T17:53:20.329+0000] {logging_mixin.py:120} INFO - [2022-11-07T17:53:20.329+0000] {taskmixin.py:205} WARNING - Dependency <Task(BashOperator): delete_entry_group>, create_entry_group already registered for DAG: example_complex
[2022-11-07T17:53:20.331+0000] {logging_mixin.py:120} INFO - [2022-11-07T17:53:20.330+0000] {taskmixin.py:205} WARNING - Dependency <Task(BashOperator): create_entry_gcs>, delete_entry already registered for DAG: example_complex
[2022-11-07T17:53:20.332+0000] {logging_mixin.py:120} INFO - [2022-11-07T17:53:20.331+0000] {taskmixin.py:205} WARNING - Dependency <Task(BashOperator): delete_entry>, create_entry_gcs already registered for DAG: example_complex
[2022-11-07T17:53:20.333+0000] {logging_mixin.py:120} INFO - [2022-11-07T17:53:20.333+0000] {taskmixin.py:205} WARNING - Dependency <Task(BashOperator): create_tag>, delete_tag already registered for DAG: example_complex
[2022-11-07T17:53:20.334+0000] {logging_mixin.py:120} INFO - [2022-11-07T17:53:20.334+0000] {taskmixin.py:205} WARNING - Dependency <Task(BashOperator): delete_tag>, create_tag already registered for DAG: example_complex
[2022-11-07T17:53:20.351+0000] {processor.py:766} INFO - DAG(s) dict_keys(['example_complex']) retrieved from /home/airflow/.local/lib/python3.7/site-packages/airflow/example_dags/example_complex.py
[2022-11-07T17:53:20.430+0000] {logging_mixin.py:120} INFO - [2022-11-07T17:53:20.430+0000] {dag.py:2585} INFO - Sync 1 DAGs
[2022-11-07T17:53:20.465+0000] {logging_mixin.py:120} INFO - [2022-11-07T17:53:20.465+0000] {dag.py:3340} INFO - Setting next_dagrun for example_complex to None, run_after=None
[2022-11-07T17:53:20.498+0000] {processor.py:176} INFO - Processing /home/airflow/.local/lib/python3.7/site-packages/airflow/example_dags/example_complex.py took 0.201 seconds
[2022-11-07T18:20:21.097+0000] {processor.py:154} INFO - Started process (PID=52847) to work on /home/airflow/.local/lib/python3.7/site-packages/airflow/example_dags/example_complex.py
[2022-11-07T18:20:21.100+0000] {processor.py:756} INFO - Processing file /home/airflow/.local/lib/python3.7/site-packages/airflow/example_dags/example_complex.py for tasks to queue
[2022-11-07T18:20:21.101+0000] {logging_mixin.py:120} INFO - [2022-11-07T18:20:21.101+0000] {dagbag.py:537} INFO - Filling up the DagBag from /home/airflow/.local/lib/python3.7/site-packages/airflow/example_dags/example_complex.py
[2022-11-07T18:20:21.132+0000] {logging_mixin.py:120} INFO - [2022-11-07T18:20:21.132+0000] {taskmixin.py:205} WARNING - Dependency <Task(BashOperator): create_entry_group>, delete_entry_group already registered for DAG: example_complex
[2022-11-07T18:20:21.136+0000] {logging_mixin.py:120} INFO - [2022-11-07T18:20:21.135+0000] {taskmixin.py:205} WARNING - Dependency <Task(BashOperator): delete_entry_group>, create_entry_group already registered for DAG: example_complex
[2022-11-07T18:20:21.137+0000] {logging_mixin.py:120} INFO - [2022-11-07T18:20:21.137+0000] {taskmixin.py:205} WARNING - Dependency <Task(BashOperator): create_entry_gcs>, delete_entry already registered for DAG: example_complex
[2022-11-07T18:20:21.139+0000] {logging_mixin.py:120} INFO - [2022-11-07T18:20:21.139+0000] {taskmixin.py:205} WARNING - Dependency <Task(BashOperator): delete_entry>, create_entry_gcs already registered for DAG: example_complex
[2022-11-07T18:20:21.141+0000] {logging_mixin.py:120} INFO - [2022-11-07T18:20:21.141+0000] {taskmixin.py:205} WARNING - Dependency <Task(BashOperator): create_tag>, delete_tag already registered for DAG: example_complex
[2022-11-07T18:20:21.142+0000] {logging_mixin.py:120} INFO - [2022-11-07T18:20:21.142+0000] {taskmixin.py:205} WARNING - Dependency <Task(BashOperator): delete_tag>, create_tag already registered for DAG: example_complex
[2022-11-07T18:20:21.167+0000] {processor.py:766} INFO - DAG(s) dict_keys(['example_complex']) retrieved from /home/airflow/.local/lib/python3.7/site-packages/airflow/example_dags/example_complex.py
[2022-11-07T18:20:21.275+0000] {logging_mixin.py:120} INFO - [2022-11-07T18:20:21.275+0000] {dag.py:2585} INFO - Sync 1 DAGs
[2022-11-07T18:20:21.589+0000] {logging_mixin.py:120} INFO - [2022-11-07T18:20:21.589+0000] {dag.py:3340} INFO - Setting next_dagrun for example_complex to None, run_after=None
[2022-11-07T18:20:21.616+0000] {processor.py:176} INFO - Processing /home/airflow/.local/lib/python3.7/site-packages/airflow/example_dags/example_complex.py took 0.538 seconds
[2022-11-07T19:15:52.746+0000] {processor.py:154} INFO - Started process (PID=52905) to work on /home/airflow/.local/lib/python3.7/site-packages/airflow/example_dags/example_complex.py
[2022-11-07T19:15:52.748+0000] {processor.py:756} INFO - Processing file /home/airflow/.local/lib/python3.7/site-packages/airflow/example_dags/example_complex.py for tasks to queue
[2022-11-07T19:15:52.750+0000] {logging_mixin.py:120} INFO - [2022-11-07T19:15:52.750+0000] {dagbag.py:537} INFO - Filling up the DagBag from /home/airflow/.local/lib/python3.7/site-packages/airflow/example_dags/example_complex.py
[2022-11-07T19:15:52.768+0000] {logging_mixin.py:120} INFO - [2022-11-07T19:15:52.768+0000] {taskmixin.py:205} WARNING - Dependency <Task(BashOperator): create_entry_group>, delete_entry_group already registered for DAG: example_complex
[2022-11-07T19:15:52.769+0000] {logging_mixin.py:120} INFO - [2022-11-07T19:15:52.769+0000] {taskmixin.py:205} WARNING - Dependency <Task(BashOperator): delete_entry_group>, create_entry_group already registered for DAG: example_complex
[2022-11-07T19:15:52.771+0000] {logging_mixin.py:120} INFO - [2022-11-07T19:15:52.771+0000] {taskmixin.py:205} WARNING - Dependency <Task(BashOperator): create_entry_gcs>, delete_entry already registered for DAG: example_complex
[2022-11-07T19:15:52.772+0000] {logging_mixin.py:120} INFO - [2022-11-07T19:15:52.772+0000] {taskmixin.py:205} WARNING - Dependency <Task(BashOperator): delete_entry>, create_entry_gcs already registered for DAG: example_complex
[2022-11-07T19:15:52.773+0000] {logging_mixin.py:120} INFO - [2022-11-07T19:15:52.773+0000] {taskmixin.py:205} WARNING - Dependency <Task(BashOperator): create_tag>, delete_tag already registered for DAG: example_complex
[2022-11-07T19:15:52.774+0000] {logging_mixin.py:120} INFO - [2022-11-07T19:15:52.774+0000] {taskmixin.py:205} WARNING - Dependency <Task(BashOperator): delete_tag>, create_tag already registered for DAG: example_complex
[2022-11-07T19:15:52.787+0000] {processor.py:766} INFO - DAG(s) dict_keys(['example_complex']) retrieved from /home/airflow/.local/lib/python3.7/site-packages/airflow/example_dags/example_complex.py
[2022-11-07T19:15:52.855+0000] {logging_mixin.py:120} INFO - [2022-11-07T19:15:52.855+0000] {dag.py:2585} INFO - Sync 1 DAGs
[2022-11-07T19:15:53.084+0000] {logging_mixin.py:120} INFO - [2022-11-07T19:15:53.084+0000] {dag.py:3340} INFO - Setting next_dagrun for example_complex to None, run_after=None
[2022-11-07T19:15:53.105+0000] {processor.py:176} INFO - Processing /home/airflow/.local/lib/python3.7/site-packages/airflow/example_dags/example_complex.py took 0.363 seconds
[2022-11-07T19:44:45.109+0000] {processor.py:154} INFO - Started process (PID=52970) to work on /home/airflow/.local/lib/python3.7/site-packages/airflow/example_dags/example_complex.py
[2022-11-07T19:44:45.112+0000] {processor.py:756} INFO - Processing file /home/airflow/.local/lib/python3.7/site-packages/airflow/example_dags/example_complex.py for tasks to queue
[2022-11-07T19:44:45.114+0000] {logging_mixin.py:120} INFO - [2022-11-07T19:44:45.113+0000] {dagbag.py:537} INFO - Filling up the DagBag from /home/airflow/.local/lib/python3.7/site-packages/airflow/example_dags/example_complex.py
[2022-11-07T19:44:45.148+0000] {logging_mixin.py:120} INFO - [2022-11-07T19:44:45.148+0000] {taskmixin.py:205} WARNING - Dependency <Task(BashOperator): create_entry_group>, delete_entry_group already registered for DAG: example_complex
[2022-11-07T19:44:45.149+0000] {logging_mixin.py:120} INFO - [2022-11-07T19:44:45.149+0000] {taskmixin.py:205} WARNING - Dependency <Task(BashOperator): delete_entry_group>, create_entry_group already registered for DAG: example_complex
[2022-11-07T19:44:45.151+0000] {logging_mixin.py:120} INFO - [2022-11-07T19:44:45.151+0000] {taskmixin.py:205} WARNING - Dependency <Task(BashOperator): create_entry_gcs>, delete_entry already registered for DAG: example_complex
[2022-11-07T19:44:45.155+0000] {logging_mixin.py:120} INFO - [2022-11-07T19:44:45.155+0000] {taskmixin.py:205} WARNING - Dependency <Task(BashOperator): delete_entry>, create_entry_gcs already registered for DAG: example_complex
[2022-11-07T19:44:45.157+0000] {logging_mixin.py:120} INFO - [2022-11-07T19:44:45.157+0000] {taskmixin.py:205} WARNING - Dependency <Task(BashOperator): create_tag>, delete_tag already registered for DAG: example_complex
[2022-11-07T19:44:45.158+0000] {logging_mixin.py:120} INFO - [2022-11-07T19:44:45.158+0000] {taskmixin.py:205} WARNING - Dependency <Task(BashOperator): delete_tag>, create_tag already registered for DAG: example_complex
[2022-11-07T19:44:45.170+0000] {processor.py:766} INFO - DAG(s) dict_keys(['example_complex']) retrieved from /home/airflow/.local/lib/python3.7/site-packages/airflow/example_dags/example_complex.py
[2022-11-07T19:44:45.253+0000] {logging_mixin.py:120} INFO - [2022-11-07T19:44:45.253+0000] {dag.py:2585} INFO - Sync 1 DAGs
[2022-11-07T19:44:45.297+0000] {logging_mixin.py:120} INFO - [2022-11-07T19:44:45.297+0000] {dag.py:3340} INFO - Setting next_dagrun for example_complex to None, run_after=None
[2022-11-07T19:44:45.327+0000] {processor.py:176} INFO - Processing /home/airflow/.local/lib/python3.7/site-packages/airflow/example_dags/example_complex.py took 0.222 seconds
[2022-11-07T20:51:25.975+0000] {processor.py:154} INFO - Started process (PID=53036) to work on /home/airflow/.local/lib/python3.7/site-packages/airflow/example_dags/example_complex.py
[2022-11-07T20:51:25.977+0000] {processor.py:756} INFO - Processing file /home/airflow/.local/lib/python3.7/site-packages/airflow/example_dags/example_complex.py for tasks to queue
[2022-11-07T20:51:25.977+0000] {logging_mixin.py:120} INFO - [2022-11-07T20:51:25.977+0000] {dagbag.py:537} INFO - Filling up the DagBag from /home/airflow/.local/lib/python3.7/site-packages/airflow/example_dags/example_complex.py
[2022-11-07T20:51:25.985+0000] {logging_mixin.py:120} INFO - [2022-11-07T20:51:25.985+0000] {taskmixin.py:205} WARNING - Dependency <Task(BashOperator): create_entry_group>, delete_entry_group already registered for DAG: example_complex
[2022-11-07T20:51:25.986+0000] {logging_mixin.py:120} INFO - [2022-11-07T20:51:25.986+0000] {taskmixin.py:205} WARNING - Dependency <Task(BashOperator): delete_entry_group>, create_entry_group already registered for DAG: example_complex
[2022-11-07T20:51:25.990+0000] {logging_mixin.py:120} INFO - [2022-11-07T20:51:25.990+0000] {taskmixin.py:205} WARNING - Dependency <Task(BashOperator): create_entry_gcs>, delete_entry already registered for DAG: example_complex
[2022-11-07T20:51:25.991+0000] {logging_mixin.py:120} INFO - [2022-11-07T20:51:25.991+0000] {taskmixin.py:205} WARNING - Dependency <Task(BashOperator): delete_entry>, create_entry_gcs already registered for DAG: example_complex
[2022-11-07T20:51:25.991+0000] {logging_mixin.py:120} INFO - [2022-11-07T20:51:25.991+0000] {taskmixin.py:205} WARNING - Dependency <Task(BashOperator): create_tag>, delete_tag already registered for DAG: example_complex
[2022-11-07T20:51:25.992+0000] {logging_mixin.py:120} INFO - [2022-11-07T20:51:25.992+0000] {taskmixin.py:205} WARNING - Dependency <Task(BashOperator): delete_tag>, create_tag already registered for DAG: example_complex
[2022-11-07T20:51:25.999+0000] {processor.py:766} INFO - DAG(s) dict_keys(['example_complex']) retrieved from /home/airflow/.local/lib/python3.7/site-packages/airflow/example_dags/example_complex.py
[2022-11-07T20:51:26.035+0000] {logging_mixin.py:120} INFO - [2022-11-07T20:51:26.035+0000] {dag.py:2585} INFO - Sync 1 DAGs
[2022-11-07T20:51:26.053+0000] {logging_mixin.py:120} INFO - [2022-11-07T20:51:26.053+0000] {dag.py:3340} INFO - Setting next_dagrun for example_complex to None, run_after=None
[2022-11-07T20:51:26.180+0000] {processor.py:176} INFO - Processing /home/airflow/.local/lib/python3.7/site-packages/airflow/example_dags/example_complex.py took 0.209 seconds
[2022-11-07T21:44:44.334+0000] {processor.py:154} INFO - Started process (PID=53095) to work on /home/airflow/.local/lib/python3.7/site-packages/airflow/example_dags/example_complex.py
[2022-11-07T21:44:44.336+0000] {processor.py:756} INFO - Processing file /home/airflow/.local/lib/python3.7/site-packages/airflow/example_dags/example_complex.py for tasks to queue
[2022-11-07T21:44:44.337+0000] {logging_mixin.py:120} INFO - [2022-11-07T21:44:44.337+0000] {dagbag.py:537} INFO - Filling up the DagBag from /home/airflow/.local/lib/python3.7/site-packages/airflow/example_dags/example_complex.py
[2022-11-07T21:44:44.346+0000] {logging_mixin.py:120} INFO - [2022-11-07T21:44:44.346+0000] {taskmixin.py:205} WARNING - Dependency <Task(BashOperator): create_entry_group>, delete_entry_group already registered for DAG: example_complex
[2022-11-07T21:44:44.347+0000] {logging_mixin.py:120} INFO - [2022-11-07T21:44:44.346+0000] {taskmixin.py:205} WARNING - Dependency <Task(BashOperator): delete_entry_group>, create_entry_group already registered for DAG: example_complex
[2022-11-07T21:44:44.347+0000] {logging_mixin.py:120} INFO - [2022-11-07T21:44:44.347+0000] {taskmixin.py:205} WARNING - Dependency <Task(BashOperator): create_entry_gcs>, delete_entry already registered for DAG: example_complex
[2022-11-07T21:44:44.348+0000] {logging_mixin.py:120} INFO - [2022-11-07T21:44:44.348+0000] {taskmixin.py:205} WARNING - Dependency <Task(BashOperator): delete_entry>, create_entry_gcs already registered for DAG: example_complex
[2022-11-07T21:44:44.349+0000] {logging_mixin.py:120} INFO - [2022-11-07T21:44:44.349+0000] {taskmixin.py:205} WARNING - Dependency <Task(BashOperator): create_tag>, delete_tag already registered for DAG: example_complex
[2022-11-07T21:44:44.349+0000] {logging_mixin.py:120} INFO - [2022-11-07T21:44:44.349+0000] {taskmixin.py:205} WARNING - Dependency <Task(BashOperator): delete_tag>, create_tag already registered for DAG: example_complex
[2022-11-07T21:44:44.356+0000] {processor.py:766} INFO - DAG(s) dict_keys(['example_complex']) retrieved from /home/airflow/.local/lib/python3.7/site-packages/airflow/example_dags/example_complex.py
[2022-11-07T21:44:44.389+0000] {logging_mixin.py:120} INFO - [2022-11-07T21:44:44.389+0000] {dag.py:2585} INFO - Sync 1 DAGs
[2022-11-07T21:44:44.504+0000] {logging_mixin.py:120} INFO - [2022-11-07T21:44:44.504+0000] {dag.py:3340} INFO - Setting next_dagrun for example_complex to None, run_after=None
[2022-11-07T21:44:44.515+0000] {processor.py:176} INFO - Processing /home/airflow/.local/lib/python3.7/site-packages/airflow/example_dags/example_complex.py took 0.184 seconds
[2022-11-07T22:48:49.786+0000] {processor.py:154} INFO - Started process (PID=53161) to work on /home/airflow/.local/lib/python3.7/site-packages/airflow/example_dags/example_complex.py
[2022-11-07T22:48:49.788+0000] {processor.py:756} INFO - Processing file /home/airflow/.local/lib/python3.7/site-packages/airflow/example_dags/example_complex.py for tasks to queue
[2022-11-07T22:48:49.789+0000] {logging_mixin.py:120} INFO - [2022-11-07T22:48:49.789+0000] {dagbag.py:537} INFO - Filling up the DagBag from /home/airflow/.local/lib/python3.7/site-packages/airflow/example_dags/example_complex.py
[2022-11-07T22:48:49.804+0000] {logging_mixin.py:120} INFO - [2022-11-07T22:48:49.804+0000] {taskmixin.py:205} WARNING - Dependency <Task(BashOperator): create_entry_group>, delete_entry_group already registered for DAG: example_complex
[2022-11-07T22:48:49.805+0000] {logging_mixin.py:120} INFO - [2022-11-07T22:48:49.805+0000] {taskmixin.py:205} WARNING - Dependency <Task(BashOperator): delete_entry_group>, create_entry_group already registered for DAG: example_complex
[2022-11-07T22:48:49.806+0000] {logging_mixin.py:120} INFO - [2022-11-07T22:48:49.806+0000] {taskmixin.py:205} WARNING - Dependency <Task(BashOperator): create_entry_gcs>, delete_entry already registered for DAG: example_complex
[2022-11-07T22:48:49.808+0000] {logging_mixin.py:120} INFO - [2022-11-07T22:48:49.808+0000] {taskmixin.py:205} WARNING - Dependency <Task(BashOperator): delete_entry>, create_entry_gcs already registered for DAG: example_complex
[2022-11-07T22:48:49.809+0000] {logging_mixin.py:120} INFO - [2022-11-07T22:48:49.809+0000] {taskmixin.py:205} WARNING - Dependency <Task(BashOperator): create_tag>, delete_tag already registered for DAG: example_complex
[2022-11-07T22:48:49.810+0000] {logging_mixin.py:120} INFO - [2022-11-07T22:48:49.810+0000] {taskmixin.py:205} WARNING - Dependency <Task(BashOperator): delete_tag>, create_tag already registered for DAG: example_complex
[2022-11-07T22:48:49.824+0000] {processor.py:766} INFO - DAG(s) dict_keys(['example_complex']) retrieved from /home/airflow/.local/lib/python3.7/site-packages/airflow/example_dags/example_complex.py
[2022-11-07T22:48:50.172+0000] {logging_mixin.py:120} INFO - [2022-11-07T22:48:50.172+0000] {dag.py:2585} INFO - Sync 1 DAGs
[2022-11-07T22:48:50.198+0000] {logging_mixin.py:120} INFO - [2022-11-07T22:48:50.198+0000] {dag.py:3340} INFO - Setting next_dagrun for example_complex to None, run_after=None
[2022-11-07T22:48:50.219+0000] {processor.py:176} INFO - Processing /home/airflow/.local/lib/python3.7/site-packages/airflow/example_dags/example_complex.py took 0.441 seconds
[2022-11-07T23:21:14.614+0000] {processor.py:154} INFO - Started process (PID=53227) to work on /home/airflow/.local/lib/python3.7/site-packages/airflow/example_dags/example_complex.py
[2022-11-07T23:21:14.616+0000] {processor.py:756} INFO - Processing file /home/airflow/.local/lib/python3.7/site-packages/airflow/example_dags/example_complex.py for tasks to queue
[2022-11-07T23:21:14.619+0000] {logging_mixin.py:120} INFO - [2022-11-07T23:21:14.619+0000] {dagbag.py:537} INFO - Filling up the DagBag from /home/airflow/.local/lib/python3.7/site-packages/airflow/example_dags/example_complex.py
[2022-11-07T23:21:14.634+0000] {logging_mixin.py:120} INFO - [2022-11-07T23:21:14.634+0000] {taskmixin.py:205} WARNING - Dependency <Task(BashOperator): create_entry_group>, delete_entry_group already registered for DAG: example_complex
[2022-11-07T23:21:14.637+0000] {logging_mixin.py:120} INFO - [2022-11-07T23:21:14.637+0000] {taskmixin.py:205} WARNING - Dependency <Task(BashOperator): delete_entry_group>, create_entry_group already registered for DAG: example_complex
[2022-11-07T23:21:14.638+0000] {logging_mixin.py:120} INFO - [2022-11-07T23:21:14.638+0000] {taskmixin.py:205} WARNING - Dependency <Task(BashOperator): create_entry_gcs>, delete_entry already registered for DAG: example_complex
[2022-11-07T23:21:14.639+0000] {logging_mixin.py:120} INFO - [2022-11-07T23:21:14.639+0000] {taskmixin.py:205} WARNING - Dependency <Task(BashOperator): delete_entry>, create_entry_gcs already registered for DAG: example_complex
[2022-11-07T23:21:14.640+0000] {logging_mixin.py:120} INFO - [2022-11-07T23:21:14.640+0000] {taskmixin.py:205} WARNING - Dependency <Task(BashOperator): create_tag>, delete_tag already registered for DAG: example_complex
[2022-11-07T23:21:14.641+0000] {logging_mixin.py:120} INFO - [2022-11-07T23:21:14.641+0000] {taskmixin.py:205} WARNING - Dependency <Task(BashOperator): delete_tag>, create_tag already registered for DAG: example_complex
[2022-11-07T23:21:14.652+0000] {processor.py:766} INFO - DAG(s) dict_keys(['example_complex']) retrieved from /home/airflow/.local/lib/python3.7/site-packages/airflow/example_dags/example_complex.py
[2022-11-07T23:21:14.732+0000] {logging_mixin.py:120} INFO - [2022-11-07T23:21:14.732+0000] {dag.py:2585} INFO - Sync 1 DAGs
[2022-11-07T23:21:14.772+0000] {logging_mixin.py:120} INFO - [2022-11-07T23:21:14.772+0000] {dag.py:3340} INFO - Setting next_dagrun for example_complex to None, run_after=None
[2022-11-07T23:21:14.801+0000] {processor.py:176} INFO - Processing /home/airflow/.local/lib/python3.7/site-packages/airflow/example_dags/example_complex.py took 0.190 seconds
[2022-11-07T23:58:59.129+0000] {processor.py:154} INFO - Started process (PID=53294) to work on /home/airflow/.local/lib/python3.7/site-packages/airflow/example_dags/example_complex.py
[2022-11-07T23:58:59.133+0000] {processor.py:756} INFO - Processing file /home/airflow/.local/lib/python3.7/site-packages/airflow/example_dags/example_complex.py for tasks to queue
[2022-11-07T23:58:59.134+0000] {logging_mixin.py:120} INFO - [2022-11-07T23:58:59.134+0000] {dagbag.py:537} INFO - Filling up the DagBag from /home/airflow/.local/lib/python3.7/site-packages/airflow/example_dags/example_complex.py
[2022-11-07T23:58:59.157+0000] {logging_mixin.py:120} INFO - [2022-11-07T23:58:59.156+0000] {taskmixin.py:205} WARNING - Dependency <Task(BashOperator): create_entry_group>, delete_entry_group already registered for DAG: example_complex
[2022-11-07T23:58:59.159+0000] {logging_mixin.py:120} INFO - [2022-11-07T23:58:59.159+0000] {taskmixin.py:205} WARNING - Dependency <Task(BashOperator): delete_entry_group>, create_entry_group already registered for DAG: example_complex
[2022-11-07T23:58:59.160+0000] {logging_mixin.py:120} INFO - [2022-11-07T23:58:59.160+0000] {taskmixin.py:205} WARNING - Dependency <Task(BashOperator): create_entry_gcs>, delete_entry already registered for DAG: example_complex
[2022-11-07T23:58:59.161+0000] {logging_mixin.py:120} INFO - [2022-11-07T23:58:59.161+0000] {taskmixin.py:205} WARNING - Dependency <Task(BashOperator): delete_entry>, create_entry_gcs already registered for DAG: example_complex
[2022-11-07T23:58:59.163+0000] {logging_mixin.py:120} INFO - [2022-11-07T23:58:59.162+0000] {taskmixin.py:205} WARNING - Dependency <Task(BashOperator): create_tag>, delete_tag already registered for DAG: example_complex
[2022-11-07T23:58:59.164+0000] {logging_mixin.py:120} INFO - [2022-11-07T23:58:59.164+0000] {taskmixin.py:205} WARNING - Dependency <Task(BashOperator): delete_tag>, create_tag already registered for DAG: example_complex
[2022-11-07T23:58:59.184+0000] {processor.py:766} INFO - DAG(s) dict_keys(['example_complex']) retrieved from /home/airflow/.local/lib/python3.7/site-packages/airflow/example_dags/example_complex.py
[2022-11-07T23:58:59.256+0000] {logging_mixin.py:120} INFO - [2022-11-07T23:58:59.255+0000] {dag.py:2585} INFO - Sync 1 DAGs
[2022-11-07T23:58:59.495+0000] {logging_mixin.py:120} INFO - [2022-11-07T23:58:59.495+0000] {dag.py:3340} INFO - Setting next_dagrun for example_complex to None, run_after=None
[2022-11-07T23:58:59.522+0000] {processor.py:176} INFO - Processing /home/airflow/.local/lib/python3.7/site-packages/airflow/example_dags/example_complex.py took 0.401 seconds
