[2022-11-07T17:10:57.682+0000] {processor.py:154} INFO - Started process (PID=52195) to work on /home/airflow/.local/lib/python3.7/site-packages/airflow/example_dags/example_branch_operator.py
[2022-11-07T17:10:57.689+0000] {processor.py:756} INFO - Processing file /home/airflow/.local/lib/python3.7/site-packages/airflow/example_dags/example_branch_operator.py for tasks to queue
[2022-11-07T17:10:57.693+0000] {logging_mixin.py:120} INFO - [2022-11-07T17:10:57.693+0000] {dagbag.py:537} INFO - Filling up the DagBag from /home/airflow/.local/lib/python3.7/site-packages/airflow/example_dags/example_branch_operator.py
[2022-11-07T17:10:57.754+0000] {processor.py:766} INFO - DAG(s) dict_keys(['example_branch_operator']) retrieved from /home/airflow/.local/lib/python3.7/site-packages/airflow/example_dags/example_branch_operator.py
[2022-11-07T17:10:57.890+0000] {logging_mixin.py:120} INFO - [2022-11-07T17:10:57.890+0000] {dag.py:2585} INFO - Sync 1 DAGs
[2022-11-07T17:10:57.960+0000] {logging_mixin.py:120} INFO - [2022-11-07T17:10:57.959+0000] {dag.py:3340} INFO - Setting next_dagrun for example_branch_operator to 2022-11-06T00:00:00+00:00, run_after=2022-11-07T00:00:00+00:00
[2022-11-07T17:10:58.021+0000] {processor.py:176} INFO - Processing /home/airflow/.local/lib/python3.7/site-packages/airflow/example_dags/example_branch_operator.py took 0.345 seconds
[2022-11-07T17:11:28.346+0000] {processor.py:154} INFO - Started process (PID=52252) to work on /home/airflow/.local/lib/python3.7/site-packages/airflow/example_dags/example_branch_operator.py
[2022-11-07T17:11:28.347+0000] {processor.py:756} INFO - Processing file /home/airflow/.local/lib/python3.7/site-packages/airflow/example_dags/example_branch_operator.py for tasks to queue
[2022-11-07T17:11:28.348+0000] {logging_mixin.py:120} INFO - [2022-11-07T17:11:28.348+0000] {dagbag.py:537} INFO - Filling up the DagBag from /home/airflow/.local/lib/python3.7/site-packages/airflow/example_dags/example_branch_operator.py
[2022-11-07T17:11:28.363+0000] {processor.py:766} INFO - DAG(s) dict_keys(['example_branch_operator']) retrieved from /home/airflow/.local/lib/python3.7/site-packages/airflow/example_dags/example_branch_operator.py
[2022-11-07T17:11:28.395+0000] {logging_mixin.py:120} INFO - [2022-11-07T17:11:28.395+0000] {dag.py:2585} INFO - Sync 1 DAGs
[2022-11-07T17:11:28.412+0000] {logging_mixin.py:120} INFO - [2022-11-07T17:11:28.412+0000] {dag.py:3340} INFO - Setting next_dagrun for example_branch_operator to 2022-11-06T00:00:00+00:00, run_after=2022-11-07T00:00:00+00:00
[2022-11-07T17:11:28.425+0000] {processor.py:176} INFO - Processing /home/airflow/.local/lib/python3.7/site-packages/airflow/example_dags/example_branch_operator.py took 0.083 seconds
[2022-11-07T17:11:59.634+0000] {processor.py:154} INFO - Started process (PID=52318) to work on /home/airflow/.local/lib/python3.7/site-packages/airflow/example_dags/example_branch_operator.py
[2022-11-07T17:11:59.636+0000] {processor.py:756} INFO - Processing file /home/airflow/.local/lib/python3.7/site-packages/airflow/example_dags/example_branch_operator.py for tasks to queue
[2022-11-07T17:11:59.637+0000] {logging_mixin.py:120} INFO - [2022-11-07T17:11:59.637+0000] {dagbag.py:537} INFO - Filling up the DagBag from /home/airflow/.local/lib/python3.7/site-packages/airflow/example_dags/example_branch_operator.py
[2022-11-07T17:11:59.651+0000] {processor.py:766} INFO - DAG(s) dict_keys(['example_branch_operator']) retrieved from /home/airflow/.local/lib/python3.7/site-packages/airflow/example_dags/example_branch_operator.py
[2022-11-07T17:11:59.682+0000] {logging_mixin.py:120} INFO - [2022-11-07T17:11:59.682+0000] {dag.py:2585} INFO - Sync 1 DAGs
[2022-11-07T17:11:59.805+0000] {logging_mixin.py:120} INFO - [2022-11-07T17:11:59.805+0000] {dag.py:3340} INFO - Setting next_dagrun for example_branch_operator to 2022-11-06T00:00:00+00:00, run_after=2022-11-07T00:00:00+00:00
[2022-11-07T17:11:59.817+0000] {processor.py:176} INFO - Processing /home/airflow/.local/lib/python3.7/site-packages/airflow/example_dags/example_branch_operator.py took 0.186 seconds
[2022-11-07T17:12:29.945+0000] {processor.py:154} INFO - Started process (PID=52386) to work on /home/airflow/.local/lib/python3.7/site-packages/airflow/example_dags/example_branch_operator.py
[2022-11-07T17:12:29.947+0000] {processor.py:756} INFO - Processing file /home/airflow/.local/lib/python3.7/site-packages/airflow/example_dags/example_branch_operator.py for tasks to queue
[2022-11-07T17:12:29.954+0000] {logging_mixin.py:120} INFO - [2022-11-07T17:12:29.954+0000] {dagbag.py:537} INFO - Filling up the DagBag from /home/airflow/.local/lib/python3.7/site-packages/airflow/example_dags/example_branch_operator.py
[2022-11-07T17:12:29.968+0000] {processor.py:766} INFO - DAG(s) dict_keys(['example_branch_operator']) retrieved from /home/airflow/.local/lib/python3.7/site-packages/airflow/example_dags/example_branch_operator.py
[2022-11-07T17:12:30.002+0000] {logging_mixin.py:120} INFO - [2022-11-07T17:12:30.002+0000] {dag.py:2585} INFO - Sync 1 DAGs
[2022-11-07T17:12:30.118+0000] {logging_mixin.py:120} INFO - [2022-11-07T17:12:30.117+0000] {dag.py:3340} INFO - Setting next_dagrun for example_branch_operator to 2022-11-06T00:00:00+00:00, run_after=2022-11-07T00:00:00+00:00
[2022-11-07T17:12:30.128+0000] {processor.py:176} INFO - Processing /home/airflow/.local/lib/python3.7/site-packages/airflow/example_dags/example_branch_operator.py took 0.186 seconds
[2022-11-07T17:13:00.327+0000] {processor.py:154} INFO - Started process (PID=52453) to work on /home/airflow/.local/lib/python3.7/site-packages/airflow/example_dags/example_branch_operator.py
[2022-11-07T17:13:00.329+0000] {processor.py:756} INFO - Processing file /home/airflow/.local/lib/python3.7/site-packages/airflow/example_dags/example_branch_operator.py for tasks to queue
[2022-11-07T17:13:00.332+0000] {logging_mixin.py:120} INFO - [2022-11-07T17:13:00.332+0000] {dagbag.py:537} INFO - Filling up the DagBag from /home/airflow/.local/lib/python3.7/site-packages/airflow/example_dags/example_branch_operator.py
[2022-11-07T17:13:00.373+0000] {processor.py:766} INFO - DAG(s) dict_keys(['example_branch_operator']) retrieved from /home/airflow/.local/lib/python3.7/site-packages/airflow/example_dags/example_branch_operator.py
[2022-11-07T17:13:00.443+0000] {logging_mixin.py:120} INFO - [2022-11-07T17:13:00.443+0000] {dag.py:2585} INFO - Sync 1 DAGs
[2022-11-07T17:13:00.470+0000] {logging_mixin.py:120} INFO - [2022-11-07T17:13:00.470+0000] {dag.py:3340} INFO - Setting next_dagrun for example_branch_operator to 2022-11-06T00:00:00+00:00, run_after=2022-11-07T00:00:00+00:00
[2022-11-07T17:13:00.491+0000] {processor.py:176} INFO - Processing /home/airflow/.local/lib/python3.7/site-packages/airflow/example_dags/example_branch_operator.py took 0.167 seconds
[2022-11-07T17:13:31.044+0000] {processor.py:154} INFO - Started process (PID=52519) to work on /home/airflow/.local/lib/python3.7/site-packages/airflow/example_dags/example_branch_operator.py
[2022-11-07T17:13:31.046+0000] {processor.py:756} INFO - Processing file /home/airflow/.local/lib/python3.7/site-packages/airflow/example_dags/example_branch_operator.py for tasks to queue
[2022-11-07T17:13:31.047+0000] {logging_mixin.py:120} INFO - [2022-11-07T17:13:31.047+0000] {dagbag.py:537} INFO - Filling up the DagBag from /home/airflow/.local/lib/python3.7/site-packages/airflow/example_dags/example_branch_operator.py
[2022-11-07T17:13:31.061+0000] {processor.py:766} INFO - DAG(s) dict_keys(['example_branch_operator']) retrieved from /home/airflow/.local/lib/python3.7/site-packages/airflow/example_dags/example_branch_operator.py
[2022-11-07T17:13:31.094+0000] {logging_mixin.py:120} INFO - [2022-11-07T17:13:31.094+0000] {dag.py:2585} INFO - Sync 1 DAGs
[2022-11-07T17:13:31.111+0000] {logging_mixin.py:120} INFO - [2022-11-07T17:13:31.111+0000] {dag.py:3340} INFO - Setting next_dagrun for example_branch_operator to 2022-11-06T00:00:00+00:00, run_after=2022-11-07T00:00:00+00:00
[2022-11-07T17:13:31.124+0000] {processor.py:176} INFO - Processing /home/airflow/.local/lib/python3.7/site-packages/airflow/example_dags/example_branch_operator.py took 0.084 seconds
[2022-11-07T17:14:01.849+0000] {processor.py:154} INFO - Started process (PID=52586) to work on /home/airflow/.local/lib/python3.7/site-packages/airflow/example_dags/example_branch_operator.py
[2022-11-07T17:14:01.853+0000] {processor.py:756} INFO - Processing file /home/airflow/.local/lib/python3.7/site-packages/airflow/example_dags/example_branch_operator.py for tasks to queue
[2022-11-07T17:14:01.854+0000] {logging_mixin.py:120} INFO - [2022-11-07T17:14:01.854+0000] {dagbag.py:537} INFO - Filling up the DagBag from /home/airflow/.local/lib/python3.7/site-packages/airflow/example_dags/example_branch_operator.py
[2022-11-07T17:14:01.895+0000] {processor.py:766} INFO - DAG(s) dict_keys(['example_branch_operator']) retrieved from /home/airflow/.local/lib/python3.7/site-packages/airflow/example_dags/example_branch_operator.py
[2022-11-07T17:14:01.936+0000] {logging_mixin.py:120} INFO - [2022-11-07T17:14:01.936+0000] {dag.py:2585} INFO - Sync 1 DAGs
[2022-11-07T17:14:02.087+0000] {logging_mixin.py:120} INFO - [2022-11-07T17:14:02.086+0000] {dag.py:3340} INFO - Setting next_dagrun for example_branch_operator to 2022-11-06T00:00:00+00:00, run_after=2022-11-07T00:00:00+00:00
[2022-11-07T17:14:02.103+0000] {processor.py:176} INFO - Processing /home/airflow/.local/lib/python3.7/site-packages/airflow/example_dags/example_branch_operator.py took 0.260 seconds
[2022-11-07T17:14:32.531+0000] {processor.py:154} INFO - Started process (PID=52644) to work on /home/airflow/.local/lib/python3.7/site-packages/airflow/example_dags/example_branch_operator.py
[2022-11-07T17:14:32.534+0000] {processor.py:756} INFO - Processing file /home/airflow/.local/lib/python3.7/site-packages/airflow/example_dags/example_branch_operator.py for tasks to queue
[2022-11-07T17:14:32.535+0000] {logging_mixin.py:120} INFO - [2022-11-07T17:14:32.535+0000] {dagbag.py:537} INFO - Filling up the DagBag from /home/airflow/.local/lib/python3.7/site-packages/airflow/example_dags/example_branch_operator.py
[2022-11-07T17:14:32.550+0000] {processor.py:766} INFO - DAG(s) dict_keys(['example_branch_operator']) retrieved from /home/airflow/.local/lib/python3.7/site-packages/airflow/example_dags/example_branch_operator.py
[2022-11-07T17:14:32.583+0000] {logging_mixin.py:120} INFO - [2022-11-07T17:14:32.583+0000] {dag.py:2585} INFO - Sync 1 DAGs
[2022-11-07T17:14:32.698+0000] {logging_mixin.py:120} INFO - [2022-11-07T17:14:32.698+0000] {dag.py:3340} INFO - Setting next_dagrun for example_branch_operator to 2022-11-06T00:00:00+00:00, run_after=2022-11-07T00:00:00+00:00
[2022-11-07T17:14:32.710+0000] {processor.py:176} INFO - Processing /home/airflow/.local/lib/python3.7/site-packages/airflow/example_dags/example_branch_operator.py took 0.183 seconds
[2022-11-07T17:21:22.897+0000] {processor.py:154} INFO - Started process (PID=52712) to work on /home/airflow/.local/lib/python3.7/site-packages/airflow/example_dags/example_branch_operator.py
[2022-11-07T17:21:22.900+0000] {processor.py:756} INFO - Processing file /home/airflow/.local/lib/python3.7/site-packages/airflow/example_dags/example_branch_operator.py for tasks to queue
[2022-11-07T17:21:22.901+0000] {logging_mixin.py:120} INFO - [2022-11-07T17:21:22.901+0000] {dagbag.py:537} INFO - Filling up the DagBag from /home/airflow/.local/lib/python3.7/site-packages/airflow/example_dags/example_branch_operator.py
[2022-11-07T17:21:22.916+0000] {processor.py:766} INFO - DAG(s) dict_keys(['example_branch_operator']) retrieved from /home/airflow/.local/lib/python3.7/site-packages/airflow/example_dags/example_branch_operator.py
[2022-11-07T17:21:23.064+0000] {logging_mixin.py:120} INFO - [2022-11-07T17:21:23.064+0000] {dag.py:2585} INFO - Sync 1 DAGs
[2022-11-07T17:21:23.078+0000] {logging_mixin.py:120} INFO - [2022-11-07T17:21:23.078+0000] {dag.py:3340} INFO - Setting next_dagrun for example_branch_operator to 2022-11-06T00:00:00+00:00, run_after=2022-11-07T00:00:00+00:00
[2022-11-07T17:21:23.090+0000] {processor.py:176} INFO - Processing /home/airflow/.local/lib/python3.7/site-packages/airflow/example_dags/example_branch_operator.py took 0.197 seconds
[2022-11-07T17:53:20.390+0000] {processor.py:154} INFO - Started process (PID=52781) to work on /home/airflow/.local/lib/python3.7/site-packages/airflow/example_dags/example_branch_operator.py
[2022-11-07T17:53:20.393+0000] {processor.py:756} INFO - Processing file /home/airflow/.local/lib/python3.7/site-packages/airflow/example_dags/example_branch_operator.py for tasks to queue
[2022-11-07T17:53:20.395+0000] {logging_mixin.py:120} INFO - [2022-11-07T17:53:20.394+0000] {dagbag.py:537} INFO - Filling up the DagBag from /home/airflow/.local/lib/python3.7/site-packages/airflow/example_dags/example_branch_operator.py
[2022-11-07T17:53:20.429+0000] {processor.py:766} INFO - DAG(s) dict_keys(['example_branch_operator']) retrieved from /home/airflow/.local/lib/python3.7/site-packages/airflow/example_dags/example_branch_operator.py
[2022-11-07T17:53:20.497+0000] {logging_mixin.py:120} INFO - [2022-11-07T17:53:20.497+0000] {dag.py:2585} INFO - Sync 1 DAGs
[2022-11-07T17:53:20.562+0000] {logging_mixin.py:120} INFO - [2022-11-07T17:53:20.562+0000] {dag.py:3340} INFO - Setting next_dagrun for example_branch_operator to 2022-11-06T00:00:00+00:00, run_after=2022-11-07T00:00:00+00:00
[2022-11-07T17:53:20.590+0000] {processor.py:176} INFO - Processing /home/airflow/.local/lib/python3.7/site-packages/airflow/example_dags/example_branch_operator.py took 0.204 seconds
[2022-11-07T18:20:21.506+0000] {processor.py:154} INFO - Started process (PID=52848) to work on /home/airflow/.local/lib/python3.7/site-packages/airflow/example_dags/example_branch_operator.py
[2022-11-07T18:20:21.513+0000] {processor.py:756} INFO - Processing file /home/airflow/.local/lib/python3.7/site-packages/airflow/example_dags/example_branch_operator.py for tasks to queue
[2022-11-07T18:20:21.515+0000] {logging_mixin.py:120} INFO - [2022-11-07T18:20:21.515+0000] {dagbag.py:537} INFO - Filling up the DagBag from /home/airflow/.local/lib/python3.7/site-packages/airflow/example_dags/example_branch_operator.py
[2022-11-07T18:20:21.552+0000] {processor.py:766} INFO - DAG(s) dict_keys(['example_branch_operator']) retrieved from /home/airflow/.local/lib/python3.7/site-packages/airflow/example_dags/example_branch_operator.py
[2022-11-07T18:20:21.628+0000] {logging_mixin.py:120} INFO - [2022-11-07T18:20:21.628+0000] {dag.py:2585} INFO - Sync 1 DAGs
[2022-11-07T18:20:21.935+0000] {logging_mixin.py:120} INFO - [2022-11-07T18:20:21.935+0000] {dag.py:3340} INFO - Setting next_dagrun for example_branch_operator to 2022-11-06T00:00:00+00:00, run_after=2022-11-07T00:00:00+00:00
[2022-11-07T18:20:21.968+0000] {processor.py:176} INFO - Processing /home/airflow/.local/lib/python3.7/site-packages/airflow/example_dags/example_branch_operator.py took 0.467 seconds
[2022-11-07T19:15:53.030+0000] {processor.py:154} INFO - Started process (PID=52906) to work on /home/airflow/.local/lib/python3.7/site-packages/airflow/example_dags/example_branch_operator.py
[2022-11-07T19:15:53.032+0000] {processor.py:756} INFO - Processing file /home/airflow/.local/lib/python3.7/site-packages/airflow/example_dags/example_branch_operator.py for tasks to queue
[2022-11-07T19:15:53.036+0000] {logging_mixin.py:120} INFO - [2022-11-07T19:15:53.034+0000] {dagbag.py:537} INFO - Filling up the DagBag from /home/airflow/.local/lib/python3.7/site-packages/airflow/example_dags/example_branch_operator.py
[2022-11-07T19:15:53.079+0000] {processor.py:766} INFO - DAG(s) dict_keys(['example_branch_operator']) retrieved from /home/airflow/.local/lib/python3.7/site-packages/airflow/example_dags/example_branch_operator.py
[2022-11-07T19:15:53.183+0000] {logging_mixin.py:120} INFO - [2022-11-07T19:15:53.183+0000] {dag.py:2585} INFO - Sync 1 DAGs
[2022-11-07T19:15:53.416+0000] {logging_mixin.py:120} INFO - [2022-11-07T19:15:53.415+0000] {dag.py:3340} INFO - Setting next_dagrun for example_branch_operator to 2022-11-06T00:00:00+00:00, run_after=2022-11-07T00:00:00+00:00
[2022-11-07T19:15:53.440+0000] {processor.py:176} INFO - Processing /home/airflow/.local/lib/python3.7/site-packages/airflow/example_dags/example_branch_operator.py took 0.417 seconds
[2022-11-07T19:44:45.141+0000] {processor.py:154} INFO - Started process (PID=52971) to work on /home/airflow/.local/lib/python3.7/site-packages/airflow/example_dags/example_branch_operator.py
[2022-11-07T19:44:45.146+0000] {processor.py:756} INFO - Processing file /home/airflow/.local/lib/python3.7/site-packages/airflow/example_dags/example_branch_operator.py for tasks to queue
[2022-11-07T19:44:45.148+0000] {logging_mixin.py:120} INFO - [2022-11-07T19:44:45.147+0000] {dagbag.py:537} INFO - Filling up the DagBag from /home/airflow/.local/lib/python3.7/site-packages/airflow/example_dags/example_branch_operator.py
[2022-11-07T19:44:45.177+0000] {processor.py:766} INFO - DAG(s) dict_keys(['example_branch_operator']) retrieved from /home/airflow/.local/lib/python3.7/site-packages/airflow/example_dags/example_branch_operator.py
[2022-11-07T19:44:45.254+0000] {logging_mixin.py:120} INFO - [2022-11-07T19:44:45.254+0000] {dag.py:2585} INFO - Sync 1 DAGs
[2022-11-07T19:44:45.299+0000] {logging_mixin.py:120} INFO - [2022-11-07T19:44:45.298+0000] {dag.py:3340} INFO - Setting next_dagrun for example_branch_operator to 2022-11-06T00:00:00+00:00, run_after=2022-11-07T00:00:00+00:00
[2022-11-07T19:44:45.338+0000] {processor.py:176} INFO - Processing /home/airflow/.local/lib/python3.7/site-packages/airflow/example_dags/example_branch_operator.py took 0.200 seconds
[2022-11-07T20:51:26.153+0000] {processor.py:154} INFO - Started process (PID=53037) to work on /home/airflow/.local/lib/python3.7/site-packages/airflow/example_dags/example_branch_operator.py
[2022-11-07T20:51:26.155+0000] {processor.py:756} INFO - Processing file /home/airflow/.local/lib/python3.7/site-packages/airflow/example_dags/example_branch_operator.py for tasks to queue
[2022-11-07T20:51:26.156+0000] {logging_mixin.py:120} INFO - [2022-11-07T20:51:26.156+0000] {dagbag.py:537} INFO - Filling up the DagBag from /home/airflow/.local/lib/python3.7/site-packages/airflow/example_dags/example_branch_operator.py
[2022-11-07T20:51:26.172+0000] {processor.py:766} INFO - DAG(s) dict_keys(['example_branch_operator']) retrieved from /home/airflow/.local/lib/python3.7/site-packages/airflow/example_dags/example_branch_operator.py
[2022-11-07T20:51:26.207+0000] {logging_mixin.py:120} INFO - [2022-11-07T20:51:26.207+0000] {dag.py:2585} INFO - Sync 1 DAGs
[2022-11-07T20:51:26.226+0000] {logging_mixin.py:120} INFO - [2022-11-07T20:51:26.226+0000] {dag.py:3340} INFO - Setting next_dagrun for example_branch_operator to 2022-11-06T00:00:00+00:00, run_after=2022-11-07T00:00:00+00:00
[2022-11-07T20:51:26.348+0000] {processor.py:176} INFO - Processing /home/airflow/.local/lib/python3.7/site-packages/airflow/example_dags/example_branch_operator.py took 0.198 seconds
[2022-11-07T21:44:44.352+0000] {processor.py:154} INFO - Started process (PID=53096) to work on /home/airflow/.local/lib/python3.7/site-packages/airflow/example_dags/example_branch_operator.py
[2022-11-07T21:44:44.354+0000] {processor.py:756} INFO - Processing file /home/airflow/.local/lib/python3.7/site-packages/airflow/example_dags/example_branch_operator.py for tasks to queue
[2022-11-07T21:44:44.355+0000] {logging_mixin.py:120} INFO - [2022-11-07T21:44:44.355+0000] {dagbag.py:537} INFO - Filling up the DagBag from /home/airflow/.local/lib/python3.7/site-packages/airflow/example_dags/example_branch_operator.py
[2022-11-07T21:44:44.368+0000] {processor.py:766} INFO - DAG(s) dict_keys(['example_branch_operator']) retrieved from /home/airflow/.local/lib/python3.7/site-packages/airflow/example_dags/example_branch_operator.py
[2022-11-07T21:44:44.400+0000] {logging_mixin.py:120} INFO - [2022-11-07T21:44:44.400+0000] {dag.py:2585} INFO - Sync 1 DAGs
[2022-11-07T21:44:44.514+0000] {logging_mixin.py:120} INFO - [2022-11-07T21:44:44.513+0000] {dag.py:3340} INFO - Setting next_dagrun for example_branch_operator to 2022-11-06T00:00:00+00:00, run_after=2022-11-07T00:00:00+00:00
[2022-11-07T21:44:44.529+0000] {processor.py:176} INFO - Processing /home/airflow/.local/lib/python3.7/site-packages/airflow/example_dags/example_branch_operator.py took 0.180 seconds
[2022-11-07T22:48:49.880+0000] {processor.py:154} INFO - Started process (PID=53162) to work on /home/airflow/.local/lib/python3.7/site-packages/airflow/example_dags/example_branch_operator.py
[2022-11-07T22:48:49.888+0000] {processor.py:756} INFO - Processing file /home/airflow/.local/lib/python3.7/site-packages/airflow/example_dags/example_branch_operator.py for tasks to queue
[2022-11-07T22:48:49.891+0000] {logging_mixin.py:120} INFO - [2022-11-07T22:48:49.891+0000] {dagbag.py:537} INFO - Filling up the DagBag from /home/airflow/.local/lib/python3.7/site-packages/airflow/example_dags/example_branch_operator.py
[2022-11-07T22:48:49.939+0000] {processor.py:766} INFO - DAG(s) dict_keys(['example_branch_operator']) retrieved from /home/airflow/.local/lib/python3.7/site-packages/airflow/example_dags/example_branch_operator.py
[2022-11-07T22:48:50.191+0000] {logging_mixin.py:120} INFO - [2022-11-07T22:48:50.190+0000] {dag.py:2585} INFO - Sync 1 DAGs
[2022-11-07T22:48:50.219+0000] {logging_mixin.py:120} INFO - [2022-11-07T22:48:50.219+0000] {dag.py:3340} INFO - Setting next_dagrun for example_branch_operator to 2022-11-06T00:00:00+00:00, run_after=2022-11-07T00:00:00+00:00
[2022-11-07T22:48:50.245+0000] {processor.py:176} INFO - Processing /home/airflow/.local/lib/python3.7/site-packages/airflow/example_dags/example_branch_operator.py took 0.378 seconds
[2022-11-07T23:21:14.775+0000] {processor.py:154} INFO - Started process (PID=53228) to work on /home/airflow/.local/lib/python3.7/site-packages/airflow/example_dags/example_branch_operator.py
[2022-11-07T23:21:14.777+0000] {processor.py:756} INFO - Processing file /home/airflow/.local/lib/python3.7/site-packages/airflow/example_dags/example_branch_operator.py for tasks to queue
[2022-11-07T23:21:14.778+0000] {logging_mixin.py:120} INFO - [2022-11-07T23:21:14.778+0000] {dagbag.py:537} INFO - Filling up the DagBag from /home/airflow/.local/lib/python3.7/site-packages/airflow/example_dags/example_branch_operator.py
[2022-11-07T23:21:14.812+0000] {processor.py:766} INFO - DAG(s) dict_keys(['example_branch_operator']) retrieved from /home/airflow/.local/lib/python3.7/site-packages/airflow/example_dags/example_branch_operator.py
[2022-11-07T23:21:14.860+0000] {logging_mixin.py:120} INFO - [2022-11-07T23:21:14.860+0000] {dag.py:2585} INFO - Sync 1 DAGs
[2022-11-07T23:21:14.894+0000] {logging_mixin.py:120} INFO - [2022-11-07T23:21:14.894+0000] {dag.py:3340} INFO - Setting next_dagrun for example_branch_operator to 2022-11-06T00:00:00+00:00, run_after=2022-11-07T00:00:00+00:00
[2022-11-07T23:21:14.913+0000] {processor.py:176} INFO - Processing /home/airflow/.local/lib/python3.7/site-packages/airflow/example_dags/example_branch_operator.py took 0.145 seconds
[2022-11-07T23:58:59.272+0000] {processor.py:154} INFO - Started process (PID=53295) to work on /home/airflow/.local/lib/python3.7/site-packages/airflow/example_dags/example_branch_operator.py
[2022-11-07T23:58:59.275+0000] {processor.py:756} INFO - Processing file /home/airflow/.local/lib/python3.7/site-packages/airflow/example_dags/example_branch_operator.py for tasks to queue
[2022-11-07T23:58:59.277+0000] {logging_mixin.py:120} INFO - [2022-11-07T23:58:59.277+0000] {dagbag.py:537} INFO - Filling up the DagBag from /home/airflow/.local/lib/python3.7/site-packages/airflow/example_dags/example_branch_operator.py
[2022-11-07T23:58:59.315+0000] {processor.py:766} INFO - DAG(s) dict_keys(['example_branch_operator']) retrieved from /home/airflow/.local/lib/python3.7/site-packages/airflow/example_dags/example_branch_operator.py
[2022-11-07T23:58:59.378+0000] {logging_mixin.py:120} INFO - [2022-11-07T23:58:59.378+0000] {dag.py:2585} INFO - Sync 1 DAGs
[2022-11-07T23:58:59.578+0000] {logging_mixin.py:120} INFO - [2022-11-07T23:58:59.577+0000] {dag.py:3340} INFO - Setting next_dagrun for example_branch_operator to 2022-11-06T00:00:00+00:00, run_after=2022-11-07T00:00:00+00:00
[2022-11-07T23:58:59.614+0000] {processor.py:176} INFO - Processing /home/airflow/.local/lib/python3.7/site-packages/airflow/example_dags/example_branch_operator.py took 0.350 seconds
