[2022-11-07T00:31:25.427+0000] {processor.py:154} INFO - Started process (PID=52170) to work on /home/airflow/.local/lib/python3.7/site-packages/airflow/example_dags/example_branch_day_of_week_operator.py
[2022-11-07T00:31:25.437+0000] {processor.py:756} INFO - Processing file /home/airflow/.local/lib/python3.7/site-packages/airflow/example_dags/example_branch_day_of_week_operator.py for tasks to queue
[2022-11-07T00:31:25.441+0000] {logging_mixin.py:120} INFO - [2022-11-07T00:31:25.441+0000] {dagbag.py:537} INFO - Filling up the DagBag from /home/airflow/.local/lib/python3.7/site-packages/airflow/example_dags/example_branch_day_of_week_operator.py
[2022-11-07T00:31:25.490+0000] {processor.py:766} INFO - DAG(s) dict_keys(['example_weekday_branch_operator']) retrieved from /home/airflow/.local/lib/python3.7/site-packages/airflow/example_dags/example_branch_day_of_week_operator.py
[2022-11-07T17:11:04.100+0000] {processor.py:154} INFO - Started process (PID=52218) to work on /home/airflow/.local/lib/python3.7/site-packages/airflow/example_dags/example_branch_day_of_week_operator.py
[2022-11-07T17:11:04.103+0000] {processor.py:756} INFO - Processing file /home/airflow/.local/lib/python3.7/site-packages/airflow/example_dags/example_branch_day_of_week_operator.py for tasks to queue
[2022-11-07T17:11:04.106+0000] {logging_mixin.py:120} INFO - [2022-11-07T17:11:04.105+0000] {dagbag.py:537} INFO - Filling up the DagBag from /home/airflow/.local/lib/python3.7/site-packages/airflow/example_dags/example_branch_day_of_week_operator.py
[2022-11-07T17:11:04.150+0000] {processor.py:766} INFO - DAG(s) dict_keys(['example_weekday_branch_operator']) retrieved from /home/airflow/.local/lib/python3.7/site-packages/airflow/example_dags/example_branch_day_of_week_operator.py
[2022-11-07T17:11:04.259+0000] {logging_mixin.py:120} INFO - [2022-11-07T17:11:04.258+0000] {dag.py:2585} INFO - Sync 1 DAGs
[2022-11-07T17:11:04.328+0000] {logging_mixin.py:120} INFO - [2022-11-07T17:11:04.328+0000] {dag.py:3340} INFO - Setting next_dagrun for example_weekday_branch_operator to 2022-11-06T00:00:00+00:00, run_after=2022-11-07T00:00:00+00:00
[2022-11-07T17:11:04.380+0000] {processor.py:176} INFO - Processing /home/airflow/.local/lib/python3.7/site-packages/airflow/example_dags/example_branch_day_of_week_operator.py took 0.289 seconds
[2022-11-07T17:11:34.612+0000] {processor.py:154} INFO - Started process (PID=52284) to work on /home/airflow/.local/lib/python3.7/site-packages/airflow/example_dags/example_branch_day_of_week_operator.py
[2022-11-07T17:11:34.614+0000] {processor.py:756} INFO - Processing file /home/airflow/.local/lib/python3.7/site-packages/airflow/example_dags/example_branch_day_of_week_operator.py for tasks to queue
[2022-11-07T17:11:34.622+0000] {logging_mixin.py:120} INFO - [2022-11-07T17:11:34.622+0000] {dagbag.py:537} INFO - Filling up the DagBag from /home/airflow/.local/lib/python3.7/site-packages/airflow/example_dags/example_branch_day_of_week_operator.py
[2022-11-07T17:11:34.635+0000] {processor.py:766} INFO - DAG(s) dict_keys(['example_weekday_branch_operator']) retrieved from /home/airflow/.local/lib/python3.7/site-packages/airflow/example_dags/example_branch_day_of_week_operator.py
[2022-11-07T17:11:34.666+0000] {logging_mixin.py:120} INFO - [2022-11-07T17:11:34.666+0000] {dag.py:2585} INFO - Sync 1 DAGs
[2022-11-07T17:11:34.683+0000] {logging_mixin.py:120} INFO - [2022-11-07T17:11:34.683+0000] {dag.py:3340} INFO - Setting next_dagrun for example_weekday_branch_operator to 2022-11-06T00:00:00+00:00, run_after=2022-11-07T00:00:00+00:00
[2022-11-07T17:11:34.703+0000] {processor.py:176} INFO - Processing /home/airflow/.local/lib/python3.7/site-packages/airflow/example_dags/example_branch_day_of_week_operator.py took 0.094 seconds
[2022-11-07T17:12:05.463+0000] {processor.py:154} INFO - Started process (PID=52350) to work on /home/airflow/.local/lib/python3.7/site-packages/airflow/example_dags/example_branch_day_of_week_operator.py
[2022-11-07T17:12:05.466+0000] {processor.py:756} INFO - Processing file /home/airflow/.local/lib/python3.7/site-packages/airflow/example_dags/example_branch_day_of_week_operator.py for tasks to queue
[2022-11-07T17:12:05.467+0000] {logging_mixin.py:120} INFO - [2022-11-07T17:12:05.467+0000] {dagbag.py:537} INFO - Filling up the DagBag from /home/airflow/.local/lib/python3.7/site-packages/airflow/example_dags/example_branch_day_of_week_operator.py
[2022-11-07T17:12:05.479+0000] {processor.py:766} INFO - DAG(s) dict_keys(['example_weekday_branch_operator']) retrieved from /home/airflow/.local/lib/python3.7/site-packages/airflow/example_dags/example_branch_day_of_week_operator.py
[2022-11-07T17:12:05.515+0000] {logging_mixin.py:120} INFO - [2022-11-07T17:12:05.515+0000] {dag.py:2585} INFO - Sync 1 DAGs
[2022-11-07T17:12:05.623+0000] {logging_mixin.py:120} INFO - [2022-11-07T17:12:05.623+0000] {dag.py:3340} INFO - Setting next_dagrun for example_weekday_branch_operator to 2022-11-06T00:00:00+00:00, run_after=2022-11-07T00:00:00+00:00
[2022-11-07T17:12:05.635+0000] {processor.py:176} INFO - Processing /home/airflow/.local/lib/python3.7/site-packages/airflow/example_dags/example_branch_day_of_week_operator.py took 0.176 seconds
[2022-11-07T17:12:35.763+0000] {processor.py:154} INFO - Started process (PID=52418) to work on /home/airflow/.local/lib/python3.7/site-packages/airflow/example_dags/example_branch_day_of_week_operator.py
[2022-11-07T17:12:35.765+0000] {processor.py:756} INFO - Processing file /home/airflow/.local/lib/python3.7/site-packages/airflow/example_dags/example_branch_day_of_week_operator.py for tasks to queue
[2022-11-07T17:12:35.766+0000] {logging_mixin.py:120} INFO - [2022-11-07T17:12:35.766+0000] {dagbag.py:537} INFO - Filling up the DagBag from /home/airflow/.local/lib/python3.7/site-packages/airflow/example_dags/example_branch_day_of_week_operator.py
[2022-11-07T17:12:35.781+0000] {processor.py:766} INFO - DAG(s) dict_keys(['example_weekday_branch_operator']) retrieved from /home/airflow/.local/lib/python3.7/site-packages/airflow/example_dags/example_branch_day_of_week_operator.py
[2022-11-07T17:12:35.816+0000] {logging_mixin.py:120} INFO - [2022-11-07T17:12:35.816+0000] {dag.py:2585} INFO - Sync 1 DAGs
[2022-11-07T17:12:35.926+0000] {logging_mixin.py:120} INFO - [2022-11-07T17:12:35.926+0000] {dag.py:3340} INFO - Setting next_dagrun for example_weekday_branch_operator to 2022-11-06T00:00:00+00:00, run_after=2022-11-07T00:00:00+00:00
[2022-11-07T17:12:35.940+0000] {processor.py:176} INFO - Processing /home/airflow/.local/lib/python3.7/site-packages/airflow/example_dags/example_branch_day_of_week_operator.py took 0.179 seconds
[2022-11-07T17:13:05.993+0000] {processor.py:154} INFO - Started process (PID=52476) to work on /home/airflow/.local/lib/python3.7/site-packages/airflow/example_dags/example_branch_day_of_week_operator.py
[2022-11-07T17:13:05.994+0000] {processor.py:756} INFO - Processing file /home/airflow/.local/lib/python3.7/site-packages/airflow/example_dags/example_branch_day_of_week_operator.py for tasks to queue
[2022-11-07T17:13:05.995+0000] {logging_mixin.py:120} INFO - [2022-11-07T17:13:05.995+0000] {dagbag.py:537} INFO - Filling up the DagBag from /home/airflow/.local/lib/python3.7/site-packages/airflow/example_dags/example_branch_day_of_week_operator.py
[2022-11-07T17:13:06.007+0000] {processor.py:766} INFO - DAG(s) dict_keys(['example_weekday_branch_operator']) retrieved from /home/airflow/.local/lib/python3.7/site-packages/airflow/example_dags/example_branch_day_of_week_operator.py
[2022-11-07T17:13:06.036+0000] {logging_mixin.py:120} INFO - [2022-11-07T17:13:06.036+0000] {dag.py:2585} INFO - Sync 1 DAGs
[2022-11-07T17:13:06.051+0000] {logging_mixin.py:120} INFO - [2022-11-07T17:13:06.051+0000] {dag.py:3340} INFO - Setting next_dagrun for example_weekday_branch_operator to 2022-11-06T00:00:00+00:00, run_after=2022-11-07T00:00:00+00:00
[2022-11-07T17:13:06.062+0000] {processor.py:176} INFO - Processing /home/airflow/.local/lib/python3.7/site-packages/airflow/example_dags/example_branch_day_of_week_operator.py took 0.073 seconds
[2022-11-07T17:13:37.249+0000] {processor.py:154} INFO - Started process (PID=52542) to work on /home/airflow/.local/lib/python3.7/site-packages/airflow/example_dags/example_branch_day_of_week_operator.py
[2022-11-07T17:13:37.252+0000] {processor.py:756} INFO - Processing file /home/airflow/.local/lib/python3.7/site-packages/airflow/example_dags/example_branch_day_of_week_operator.py for tasks to queue
[2022-11-07T17:13:37.253+0000] {logging_mixin.py:120} INFO - [2022-11-07T17:13:37.253+0000] {dagbag.py:537} INFO - Filling up the DagBag from /home/airflow/.local/lib/python3.7/site-packages/airflow/example_dags/example_branch_day_of_week_operator.py
[2022-11-07T17:13:37.267+0000] {processor.py:766} INFO - DAG(s) dict_keys(['example_weekday_branch_operator']) retrieved from /home/airflow/.local/lib/python3.7/site-packages/airflow/example_dags/example_branch_day_of_week_operator.py
[2022-11-07T17:13:37.302+0000] {logging_mixin.py:120} INFO - [2022-11-07T17:13:37.302+0000] {dag.py:2585} INFO - Sync 1 DAGs
[2022-11-07T17:13:37.325+0000] {logging_mixin.py:120} INFO - [2022-11-07T17:13:37.325+0000] {dag.py:3340} INFO - Setting next_dagrun for example_weekday_branch_operator to 2022-11-06T00:00:00+00:00, run_after=2022-11-07T00:00:00+00:00
[2022-11-07T17:13:37.340+0000] {processor.py:176} INFO - Processing /home/airflow/.local/lib/python3.7/site-packages/airflow/example_dags/example_branch_day_of_week_operator.py took 0.094 seconds
[2022-11-07T17:14:07.890+0000] {processor.py:154} INFO - Started process (PID=52609) to work on /home/airflow/.local/lib/python3.7/site-packages/airflow/example_dags/example_branch_day_of_week_operator.py
[2022-11-07T17:14:07.895+0000] {processor.py:756} INFO - Processing file /home/airflow/.local/lib/python3.7/site-packages/airflow/example_dags/example_branch_day_of_week_operator.py for tasks to queue
[2022-11-07T17:14:07.896+0000] {logging_mixin.py:120} INFO - [2022-11-07T17:14:07.896+0000] {dagbag.py:537} INFO - Filling up the DagBag from /home/airflow/.local/lib/python3.7/site-packages/airflow/example_dags/example_branch_day_of_week_operator.py
[2022-11-07T17:14:07.909+0000] {processor.py:766} INFO - DAG(s) dict_keys(['example_weekday_branch_operator']) retrieved from /home/airflow/.local/lib/python3.7/site-packages/airflow/example_dags/example_branch_day_of_week_operator.py
[2022-11-07T17:14:07.942+0000] {logging_mixin.py:120} INFO - [2022-11-07T17:14:07.941+0000] {dag.py:2585} INFO - Sync 1 DAGs
[2022-11-07T17:14:08.066+0000] {logging_mixin.py:120} INFO - [2022-11-07T17:14:08.065+0000] {dag.py:3340} INFO - Setting next_dagrun for example_weekday_branch_operator to 2022-11-06T00:00:00+00:00, run_after=2022-11-07T00:00:00+00:00
[2022-11-07T17:14:08.076+0000] {processor.py:176} INFO - Processing /home/airflow/.local/lib/python3.7/site-packages/airflow/example_dags/example_branch_day_of_week_operator.py took 0.189 seconds
[2022-11-07T17:14:38.341+0000] {processor.py:154} INFO - Started process (PID=52677) to work on /home/airflow/.local/lib/python3.7/site-packages/airflow/example_dags/example_branch_day_of_week_operator.py
[2022-11-07T17:14:38.343+0000] {processor.py:756} INFO - Processing file /home/airflow/.local/lib/python3.7/site-packages/airflow/example_dags/example_branch_day_of_week_operator.py for tasks to queue
[2022-11-07T17:14:38.344+0000] {logging_mixin.py:120} INFO - [2022-11-07T17:14:38.344+0000] {dagbag.py:537} INFO - Filling up the DagBag from /home/airflow/.local/lib/python3.7/site-packages/airflow/example_dags/example_branch_day_of_week_operator.py
[2022-11-07T17:14:38.357+0000] {processor.py:766} INFO - DAG(s) dict_keys(['example_weekday_branch_operator']) retrieved from /home/airflow/.local/lib/python3.7/site-packages/airflow/example_dags/example_branch_day_of_week_operator.py
[2022-11-07T17:14:38.393+0000] {logging_mixin.py:120} INFO - [2022-11-07T17:14:38.393+0000] {dag.py:2585} INFO - Sync 1 DAGs
[2022-11-07T17:14:38.509+0000] {logging_mixin.py:120} INFO - [2022-11-07T17:14:38.509+0000] {dag.py:3340} INFO - Setting next_dagrun for example_weekday_branch_operator to 2022-11-06T00:00:00+00:00, run_after=2022-11-07T00:00:00+00:00
[2022-11-07T17:14:38.519+0000] {processor.py:176} INFO - Processing /home/airflow/.local/lib/python3.7/site-packages/airflow/example_dags/example_branch_day_of_week_operator.py took 0.181 seconds
[2022-11-07T17:21:20.541+0000] {processor.py:154} INFO - Started process (PID=52695) to work on /home/airflow/.local/lib/python3.7/site-packages/airflow/example_dags/example_branch_day_of_week_operator.py
[2022-11-07T17:21:20.543+0000] {processor.py:756} INFO - Processing file /home/airflow/.local/lib/python3.7/site-packages/airflow/example_dags/example_branch_day_of_week_operator.py for tasks to queue
[2022-11-07T17:21:20.545+0000] {logging_mixin.py:120} INFO - [2022-11-07T17:21:20.545+0000] {dagbag.py:537} INFO - Filling up the DagBag from /home/airflow/.local/lib/python3.7/site-packages/airflow/example_dags/example_branch_day_of_week_operator.py
[2022-11-07T17:21:20.566+0000] {processor.py:766} INFO - DAG(s) dict_keys(['example_weekday_branch_operator']) retrieved from /home/airflow/.local/lib/python3.7/site-packages/airflow/example_dags/example_branch_day_of_week_operator.py
[2022-11-07T17:21:20.718+0000] {logging_mixin.py:120} INFO - [2022-11-07T17:21:20.718+0000] {dag.py:2585} INFO - Sync 1 DAGs
[2022-11-07T17:21:20.734+0000] {logging_mixin.py:120} INFO - [2022-11-07T17:21:20.734+0000] {dag.py:3340} INFO - Setting next_dagrun for example_weekday_branch_operator to 2022-11-06T00:00:00+00:00, run_after=2022-11-07T00:00:00+00:00
[2022-11-07T17:21:20.747+0000] {processor.py:176} INFO - Processing /home/airflow/.local/lib/python3.7/site-packages/airflow/example_dags/example_branch_day_of_week_operator.py took 0.209 seconds
[2022-11-07T17:53:16.639+0000] {processor.py:154} INFO - Started process (PID=52764) to work on /home/airflow/.local/lib/python3.7/site-packages/airflow/example_dags/example_branch_day_of_week_operator.py
[2022-11-07T17:53:16.643+0000] {processor.py:756} INFO - Processing file /home/airflow/.local/lib/python3.7/site-packages/airflow/example_dags/example_branch_day_of_week_operator.py for tasks to queue
[2022-11-07T17:53:16.645+0000] {logging_mixin.py:120} INFO - [2022-11-07T17:53:16.644+0000] {dagbag.py:537} INFO - Filling up the DagBag from /home/airflow/.local/lib/python3.7/site-packages/airflow/example_dags/example_branch_day_of_week_operator.py
[2022-11-07T17:53:16.692+0000] {processor.py:766} INFO - DAG(s) dict_keys(['example_weekday_branch_operator']) retrieved from /home/airflow/.local/lib/python3.7/site-packages/airflow/example_dags/example_branch_day_of_week_operator.py
[2022-11-07T17:53:16.783+0000] {logging_mixin.py:120} INFO - [2022-11-07T17:53:16.783+0000] {dag.py:2585} INFO - Sync 1 DAGs
[2022-11-07T17:53:16.847+0000] {logging_mixin.py:120} INFO - [2022-11-07T17:53:16.847+0000] {dag.py:3340} INFO - Setting next_dagrun for example_weekday_branch_operator to 2022-11-06T00:00:00+00:00, run_after=2022-11-07T00:00:00+00:00
[2022-11-07T17:53:16.870+0000] {processor.py:176} INFO - Processing /home/airflow/.local/lib/python3.7/site-packages/airflow/example_dags/example_branch_day_of_week_operator.py took 0.233 seconds
[2022-11-07T18:20:16.017+0000] {processor.py:154} INFO - Started process (PID=52822) to work on /home/airflow/.local/lib/python3.7/site-packages/airflow/example_dags/example_branch_day_of_week_operator.py
[2022-11-07T18:20:16.020+0000] {processor.py:756} INFO - Processing file /home/airflow/.local/lib/python3.7/site-packages/airflow/example_dags/example_branch_day_of_week_operator.py for tasks to queue
[2022-11-07T18:20:16.022+0000] {logging_mixin.py:120} INFO - [2022-11-07T18:20:16.022+0000] {dagbag.py:537} INFO - Filling up the DagBag from /home/airflow/.local/lib/python3.7/site-packages/airflow/example_dags/example_branch_day_of_week_operator.py
[2022-11-07T18:20:16.045+0000] {processor.py:766} INFO - DAG(s) dict_keys(['example_weekday_branch_operator']) retrieved from /home/airflow/.local/lib/python3.7/site-packages/airflow/example_dags/example_branch_day_of_week_operator.py
[2022-11-07T18:20:16.114+0000] {logging_mixin.py:120} INFO - [2022-11-07T18:20:16.114+0000] {dag.py:2585} INFO - Sync 1 DAGs
[2022-11-07T18:20:16.146+0000] {logging_mixin.py:120} INFO - [2022-11-07T18:20:16.146+0000] {dag.py:3340} INFO - Setting next_dagrun for example_weekday_branch_operator to 2022-11-06T00:00:00+00:00, run_after=2022-11-07T00:00:00+00:00
[2022-11-07T18:20:16.381+0000] {processor.py:176} INFO - Processing /home/airflow/.local/lib/python3.7/site-packages/airflow/example_dags/example_branch_day_of_week_operator.py took 0.367 seconds
[2022-11-07T19:15:49.079+0000] {processor.py:154} INFO - Started process (PID=52889) to work on /home/airflow/.local/lib/python3.7/site-packages/airflow/example_dags/example_branch_day_of_week_operator.py
[2022-11-07T19:15:49.084+0000] {processor.py:756} INFO - Processing file /home/airflow/.local/lib/python3.7/site-packages/airflow/example_dags/example_branch_day_of_week_operator.py for tasks to queue
[2022-11-07T19:15:49.086+0000] {logging_mixin.py:120} INFO - [2022-11-07T19:15:49.085+0000] {dagbag.py:537} INFO - Filling up the DagBag from /home/airflow/.local/lib/python3.7/site-packages/airflow/example_dags/example_branch_day_of_week_operator.py
[2022-11-07T19:15:49.113+0000] {processor.py:766} INFO - DAG(s) dict_keys(['example_weekday_branch_operator']) retrieved from /home/airflow/.local/lib/python3.7/site-packages/airflow/example_dags/example_branch_day_of_week_operator.py
[2022-11-07T19:15:49.179+0000] {logging_mixin.py:120} INFO - [2022-11-07T19:15:49.179+0000] {dag.py:2585} INFO - Sync 1 DAGs
[2022-11-07T19:15:49.433+0000] {logging_mixin.py:120} INFO - [2022-11-07T19:15:49.433+0000] {dag.py:3340} INFO - Setting next_dagrun for example_weekday_branch_operator to 2022-11-06T00:00:00+00:00, run_after=2022-11-07T00:00:00+00:00
[2022-11-07T19:15:49.452+0000] {processor.py:176} INFO - Processing /home/airflow/.local/lib/python3.7/site-packages/airflow/example_dags/example_branch_day_of_week_operator.py took 0.376 seconds
[2022-11-07T19:44:41.728+0000] {processor.py:154} INFO - Started process (PID=52954) to work on /home/airflow/.local/lib/python3.7/site-packages/airflow/example_dags/example_branch_day_of_week_operator.py
[2022-11-07T19:44:41.730+0000] {processor.py:756} INFO - Processing file /home/airflow/.local/lib/python3.7/site-packages/airflow/example_dags/example_branch_day_of_week_operator.py for tasks to queue
[2022-11-07T19:44:41.734+0000] {logging_mixin.py:120} INFO - [2022-11-07T19:44:41.733+0000] {dagbag.py:537} INFO - Filling up the DagBag from /home/airflow/.local/lib/python3.7/site-packages/airflow/example_dags/example_branch_day_of_week_operator.py
[2022-11-07T19:44:41.758+0000] {processor.py:766} INFO - DAG(s) dict_keys(['example_weekday_branch_operator']) retrieved from /home/airflow/.local/lib/python3.7/site-packages/airflow/example_dags/example_branch_day_of_week_operator.py
[2022-11-07T19:44:41.931+0000] {logging_mixin.py:120} INFO - [2022-11-07T19:44:41.931+0000] {dag.py:2585} INFO - Sync 1 DAGs
[2022-11-07T19:44:41.950+0000] {logging_mixin.py:120} INFO - [2022-11-07T19:44:41.950+0000] {dag.py:3340} INFO - Setting next_dagrun for example_weekday_branch_operator to 2022-11-06T00:00:00+00:00, run_after=2022-11-07T00:00:00+00:00
[2022-11-07T19:44:41.973+0000] {processor.py:176} INFO - Processing /home/airflow/.local/lib/python3.7/site-packages/airflow/example_dags/example_branch_day_of_week_operator.py took 0.249 seconds
[2022-11-07T20:51:23.088+0000] {processor.py:154} INFO - Started process (PID=53012) to work on /home/airflow/.local/lib/python3.7/site-packages/airflow/example_dags/example_branch_day_of_week_operator.py
[2022-11-07T20:51:23.090+0000] {processor.py:756} INFO - Processing file /home/airflow/.local/lib/python3.7/site-packages/airflow/example_dags/example_branch_day_of_week_operator.py for tasks to queue
[2022-11-07T20:51:23.091+0000] {logging_mixin.py:120} INFO - [2022-11-07T20:51:23.091+0000] {dagbag.py:537} INFO - Filling up the DagBag from /home/airflow/.local/lib/python3.7/site-packages/airflow/example_dags/example_branch_day_of_week_operator.py
[2022-11-07T20:51:23.105+0000] {processor.py:766} INFO - DAG(s) dict_keys(['example_weekday_branch_operator']) retrieved from /home/airflow/.local/lib/python3.7/site-packages/airflow/example_dags/example_branch_day_of_week_operator.py
[2022-11-07T20:51:23.142+0000] {logging_mixin.py:120} INFO - [2022-11-07T20:51:23.141+0000] {dag.py:2585} INFO - Sync 1 DAGs
[2022-11-07T20:51:23.161+0000] {logging_mixin.py:120} INFO - [2022-11-07T20:51:23.161+0000] {dag.py:3340} INFO - Setting next_dagrun for example_weekday_branch_operator to 2022-11-06T00:00:00+00:00, run_after=2022-11-07T00:00:00+00:00
[2022-11-07T20:51:23.176+0000] {processor.py:176} INFO - Processing /home/airflow/.local/lib/python3.7/site-packages/airflow/example_dags/example_branch_day_of_week_operator.py took 0.091 seconds
[2022-11-07T21:44:41.108+0000] {processor.py:154} INFO - Started process (PID=53079) to work on /home/airflow/.local/lib/python3.7/site-packages/airflow/example_dags/example_branch_day_of_week_operator.py
[2022-11-07T21:44:41.110+0000] {processor.py:756} INFO - Processing file /home/airflow/.local/lib/python3.7/site-packages/airflow/example_dags/example_branch_day_of_week_operator.py for tasks to queue
[2022-11-07T21:44:41.112+0000] {logging_mixin.py:120} INFO - [2022-11-07T21:44:41.112+0000] {dagbag.py:537} INFO - Filling up the DagBag from /home/airflow/.local/lib/python3.7/site-packages/airflow/example_dags/example_branch_day_of_week_operator.py
[2022-11-07T21:44:41.144+0000] {processor.py:766} INFO - DAG(s) dict_keys(['example_weekday_branch_operator']) retrieved from /home/airflow/.local/lib/python3.7/site-packages/airflow/example_dags/example_branch_day_of_week_operator.py
[2022-11-07T21:44:41.212+0000] {logging_mixin.py:120} INFO - [2022-11-07T21:44:41.212+0000] {dag.py:2585} INFO - Sync 1 DAGs
[2022-11-07T21:44:41.374+0000] {logging_mixin.py:120} INFO - [2022-11-07T21:44:41.374+0000] {dag.py:3340} INFO - Setting next_dagrun for example_weekday_branch_operator to 2022-11-06T00:00:00+00:00, run_after=2022-11-07T00:00:00+00:00
[2022-11-07T21:44:41.394+0000] {processor.py:176} INFO - Processing /home/airflow/.local/lib/python3.7/site-packages/airflow/example_dags/example_branch_day_of_week_operator.py took 0.289 seconds
[2022-11-07T22:48:46.081+0000] {processor.py:154} INFO - Started process (PID=53145) to work on /home/airflow/.local/lib/python3.7/site-packages/airflow/example_dags/example_branch_day_of_week_operator.py
[2022-11-07T22:48:46.086+0000] {processor.py:756} INFO - Processing file /home/airflow/.local/lib/python3.7/site-packages/airflow/example_dags/example_branch_day_of_week_operator.py for tasks to queue
[2022-11-07T22:48:46.088+0000] {logging_mixin.py:120} INFO - [2022-11-07T22:48:46.088+0000] {dagbag.py:537} INFO - Filling up the DagBag from /home/airflow/.local/lib/python3.7/site-packages/airflow/example_dags/example_branch_day_of_week_operator.py
[2022-11-07T22:48:46.122+0000] {processor.py:766} INFO - DAG(s) dict_keys(['example_weekday_branch_operator']) retrieved from /home/airflow/.local/lib/python3.7/site-packages/airflow/example_dags/example_branch_day_of_week_operator.py
[2022-11-07T22:48:46.450+0000] {logging_mixin.py:120} INFO - [2022-11-07T22:48:46.450+0000] {dag.py:2585} INFO - Sync 1 DAGs
[2022-11-07T22:48:46.474+0000] {logging_mixin.py:120} INFO - [2022-11-07T22:48:46.474+0000] {dag.py:3340} INFO - Setting next_dagrun for example_weekday_branch_operator to 2022-11-06T00:00:00+00:00, run_after=2022-11-07T00:00:00+00:00
[2022-11-07T22:48:46.496+0000] {processor.py:176} INFO - Processing /home/airflow/.local/lib/python3.7/site-packages/airflow/example_dags/example_branch_day_of_week_operator.py took 0.420 seconds
[2022-11-07T23:21:12.120+0000] {processor.py:154} INFO - Started process (PID=53211) to work on /home/airflow/.local/lib/python3.7/site-packages/airflow/example_dags/example_branch_day_of_week_operator.py
[2022-11-07T23:21:12.121+0000] {processor.py:756} INFO - Processing file /home/airflow/.local/lib/python3.7/site-packages/airflow/example_dags/example_branch_day_of_week_operator.py for tasks to queue
[2022-11-07T23:21:12.123+0000] {logging_mixin.py:120} INFO - [2022-11-07T23:21:12.122+0000] {dagbag.py:537} INFO - Filling up the DagBag from /home/airflow/.local/lib/python3.7/site-packages/airflow/example_dags/example_branch_day_of_week_operator.py
[2022-11-07T23:21:12.146+0000] {processor.py:766} INFO - DAG(s) dict_keys(['example_weekday_branch_operator']) retrieved from /home/airflow/.local/lib/python3.7/site-packages/airflow/example_dags/example_branch_day_of_week_operator.py
[2022-11-07T23:21:12.225+0000] {logging_mixin.py:120} INFO - [2022-11-07T23:21:12.225+0000] {dag.py:2585} INFO - Sync 1 DAGs
[2022-11-07T23:21:12.258+0000] {logging_mixin.py:120} INFO - [2022-11-07T23:21:12.258+0000] {dag.py:3340} INFO - Setting next_dagrun for example_weekday_branch_operator to 2022-11-06T00:00:00+00:00, run_after=2022-11-07T00:00:00+00:00
[2022-11-07T23:21:12.286+0000] {processor.py:176} INFO - Processing /home/airflow/.local/lib/python3.7/site-packages/airflow/example_dags/example_branch_day_of_week_operator.py took 0.169 seconds
[2022-11-07T23:58:54.114+0000] {processor.py:154} INFO - Started process (PID=53269) to work on /home/airflow/.local/lib/python3.7/site-packages/airflow/example_dags/example_branch_day_of_week_operator.py
[2022-11-07T23:58:54.118+0000] {processor.py:756} INFO - Processing file /home/airflow/.local/lib/python3.7/site-packages/airflow/example_dags/example_branch_day_of_week_operator.py for tasks to queue
[2022-11-07T23:58:54.120+0000] {logging_mixin.py:120} INFO - [2022-11-07T23:58:54.120+0000] {dagbag.py:537} INFO - Filling up the DagBag from /home/airflow/.local/lib/python3.7/site-packages/airflow/example_dags/example_branch_day_of_week_operator.py
[2022-11-07T23:58:54.150+0000] {processor.py:766} INFO - DAG(s) dict_keys(['example_weekday_branch_operator']) retrieved from /home/airflow/.local/lib/python3.7/site-packages/airflow/example_dags/example_branch_day_of_week_operator.py
[2022-11-07T23:58:54.202+0000] {logging_mixin.py:120} INFO - [2022-11-07T23:58:54.202+0000] {dag.py:2585} INFO - Sync 1 DAGs
[2022-11-07T23:58:54.241+0000] {logging_mixin.py:120} INFO - [2022-11-07T23:58:54.241+0000] {dag.py:3340} INFO - Setting next_dagrun for example_weekday_branch_operator to 2022-11-06T00:00:00+00:00, run_after=2022-11-07T00:00:00+00:00
[2022-11-07T23:58:54.468+0000] {processor.py:176} INFO - Processing /home/airflow/.local/lib/python3.7/site-packages/airflow/example_dags/example_branch_day_of_week_operator.py took 0.357 seconds
