[2022-11-07T17:10:53.436+0000] {processor.py:154} INFO - Started process (PID=52179) to work on /home/airflow/.local/lib/python3.7/site-packages/airflow/example_dags/example_latest_only.py
[2022-11-07T17:10:53.439+0000] {processor.py:756} INFO - Processing file /home/airflow/.local/lib/python3.7/site-packages/airflow/example_dags/example_latest_only.py for tasks to queue
[2022-11-07T17:10:53.441+0000] {logging_mixin.py:120} INFO - [2022-11-07T17:10:53.441+0000] {dagbag.py:537} INFO - Filling up the DagBag from /home/airflow/.local/lib/python3.7/site-packages/airflow/example_dags/example_latest_only.py
[2022-11-07T17:10:53.483+0000] {processor.py:766} INFO - DAG(s) dict_keys(['latest_only']) retrieved from /home/airflow/.local/lib/python3.7/site-packages/airflow/example_dags/example_latest_only.py
[2022-11-07T17:10:54.563+0000] {logging_mixin.py:120} INFO - [2022-11-07T17:10:54.563+0000] {dag.py:2585} INFO - Sync 1 DAGs
[2022-11-07T17:10:54.618+0000] {logging_mixin.py:120} INFO - [2022-11-07T17:10:54.617+0000] {dag.py:3340} INFO - Setting next_dagrun for latest_only to 2022-11-07T13:10:54.617728+00:00, run_after=2022-11-07T17:10:54.617728+00:00
[2022-11-07T17:10:54.662+0000] {processor.py:176} INFO - Processing /home/airflow/.local/lib/python3.7/site-packages/airflow/example_dags/example_latest_only.py took 1.235 seconds
[2022-11-07T17:11:25.089+0000] {processor.py:154} INFO - Started process (PID=52238) to work on /home/airflow/.local/lib/python3.7/site-packages/airflow/example_dags/example_latest_only.py
[2022-11-07T17:11:25.092+0000] {processor.py:756} INFO - Processing file /home/airflow/.local/lib/python3.7/site-packages/airflow/example_dags/example_latest_only.py for tasks to queue
[2022-11-07T17:11:25.095+0000] {logging_mixin.py:120} INFO - [2022-11-07T17:11:25.095+0000] {dagbag.py:537} INFO - Filling up the DagBag from /home/airflow/.local/lib/python3.7/site-packages/airflow/example_dags/example_latest_only.py
[2022-11-07T17:11:25.115+0000] {processor.py:766} INFO - DAG(s) dict_keys(['latest_only']) retrieved from /home/airflow/.local/lib/python3.7/site-packages/airflow/example_dags/example_latest_only.py
[2022-11-07T17:11:25.150+0000] {logging_mixin.py:120} INFO - [2022-11-07T17:11:25.150+0000] {dag.py:2585} INFO - Sync 1 DAGs
[2022-11-07T17:11:25.165+0000] {logging_mixin.py:120} INFO - [2022-11-07T17:11:25.165+0000] {dag.py:3340} INFO - Setting next_dagrun for latest_only to 2022-11-07T13:11:25.165609+00:00, run_after=2022-11-07T17:11:25.165609+00:00
[2022-11-07T17:11:25.179+0000] {processor.py:176} INFO - Processing /home/airflow/.local/lib/python3.7/site-packages/airflow/example_dags/example_latest_only.py took 0.096 seconds
[2022-11-07T17:11:55.242+0000] {processor.py:154} INFO - Started process (PID=52304) to work on /home/airflow/.local/lib/python3.7/site-packages/airflow/example_dags/example_latest_only.py
[2022-11-07T17:11:55.244+0000] {processor.py:756} INFO - Processing file /home/airflow/.local/lib/python3.7/site-packages/airflow/example_dags/example_latest_only.py for tasks to queue
[2022-11-07T17:11:55.245+0000] {logging_mixin.py:120} INFO - [2022-11-07T17:11:55.245+0000] {dagbag.py:537} INFO - Filling up the DagBag from /home/airflow/.local/lib/python3.7/site-packages/airflow/example_dags/example_latest_only.py
[2022-11-07T17:11:55.257+0000] {processor.py:766} INFO - DAG(s) dict_keys(['latest_only']) retrieved from /home/airflow/.local/lib/python3.7/site-packages/airflow/example_dags/example_latest_only.py
[2022-11-07T17:11:55.289+0000] {logging_mixin.py:120} INFO - [2022-11-07T17:11:55.289+0000] {dag.py:2585} INFO - Sync 1 DAGs
[2022-11-07T17:11:55.307+0000] {logging_mixin.py:120} INFO - [2022-11-07T17:11:55.307+0000] {dag.py:3340} INFO - Setting next_dagrun for latest_only to 2022-11-07T13:11:55.307662+00:00, run_after=2022-11-07T17:11:55.307662+00:00
[2022-11-07T17:11:55.417+0000] {processor.py:176} INFO - Processing /home/airflow/.local/lib/python3.7/site-packages/airflow/example_dags/example_latest_only.py took 0.178 seconds
[2022-11-07T17:12:26.033+0000] {processor.py:154} INFO - Started process (PID=52372) to work on /home/airflow/.local/lib/python3.7/site-packages/airflow/example_dags/example_latest_only.py
[2022-11-07T17:12:26.036+0000] {processor.py:756} INFO - Processing file /home/airflow/.local/lib/python3.7/site-packages/airflow/example_dags/example_latest_only.py for tasks to queue
[2022-11-07T17:12:26.037+0000] {logging_mixin.py:120} INFO - [2022-11-07T17:12:26.037+0000] {dagbag.py:537} INFO - Filling up the DagBag from /home/airflow/.local/lib/python3.7/site-packages/airflow/example_dags/example_latest_only.py
[2022-11-07T17:12:26.048+0000] {processor.py:766} INFO - DAG(s) dict_keys(['latest_only']) retrieved from /home/airflow/.local/lib/python3.7/site-packages/airflow/example_dags/example_latest_only.py
[2022-11-07T17:12:26.076+0000] {logging_mixin.py:120} INFO - [2022-11-07T17:12:26.076+0000] {dag.py:2585} INFO - Sync 1 DAGs
[2022-11-07T17:12:26.193+0000] {logging_mixin.py:120} INFO - [2022-11-07T17:12:26.193+0000] {dag.py:3340} INFO - Setting next_dagrun for latest_only to 2022-11-07T13:12:26.193463+00:00, run_after=2022-11-07T17:12:26.193463+00:00
[2022-11-07T17:12:26.205+0000] {processor.py:176} INFO - Processing /home/airflow/.local/lib/python3.7/site-packages/airflow/example_dags/example_latest_only.py took 0.176 seconds
[2022-11-07T17:12:56.332+0000] {processor.py:154} INFO - Started process (PID=52439) to work on /home/airflow/.local/lib/python3.7/site-packages/airflow/example_dags/example_latest_only.py
[2022-11-07T17:12:56.341+0000] {processor.py:756} INFO - Processing file /home/airflow/.local/lib/python3.7/site-packages/airflow/example_dags/example_latest_only.py for tasks to queue
[2022-11-07T17:12:56.342+0000] {logging_mixin.py:120} INFO - [2022-11-07T17:12:56.342+0000] {dagbag.py:537} INFO - Filling up the DagBag from /home/airflow/.local/lib/python3.7/site-packages/airflow/example_dags/example_latest_only.py
[2022-11-07T17:12:56.360+0000] {processor.py:766} INFO - DAG(s) dict_keys(['latest_only']) retrieved from /home/airflow/.local/lib/python3.7/site-packages/airflow/example_dags/example_latest_only.py
[2022-11-07T17:12:56.539+0000] {logging_mixin.py:120} INFO - [2022-11-07T17:12:56.538+0000] {dag.py:2585} INFO - Sync 1 DAGs
[2022-11-07T17:12:56.569+0000] {logging_mixin.py:120} INFO - [2022-11-07T17:12:56.569+0000] {dag.py:3340} INFO - Setting next_dagrun for latest_only to 2022-11-07T13:12:56.569435+00:00, run_after=2022-11-07T17:12:56.569435+00:00
[2022-11-07T17:12:56.593+0000] {processor.py:176} INFO - Processing /home/airflow/.local/lib/python3.7/site-packages/airflow/example_dags/example_latest_only.py took 0.265 seconds
[2022-11-07T17:13:27.418+0000] {processor.py:154} INFO - Started process (PID=52497) to work on /home/airflow/.local/lib/python3.7/site-packages/airflow/example_dags/example_latest_only.py
[2022-11-07T17:13:27.420+0000] {processor.py:756} INFO - Processing file /home/airflow/.local/lib/python3.7/site-packages/airflow/example_dags/example_latest_only.py for tasks to queue
[2022-11-07T17:13:27.421+0000] {logging_mixin.py:120} INFO - [2022-11-07T17:13:27.421+0000] {dagbag.py:537} INFO - Filling up the DagBag from /home/airflow/.local/lib/python3.7/site-packages/airflow/example_dags/example_latest_only.py
[2022-11-07T17:13:27.432+0000] {processor.py:766} INFO - DAG(s) dict_keys(['latest_only']) retrieved from /home/airflow/.local/lib/python3.7/site-packages/airflow/example_dags/example_latest_only.py
[2022-11-07T17:13:27.463+0000] {logging_mixin.py:120} INFO - [2022-11-07T17:13:27.463+0000] {dag.py:2585} INFO - Sync 1 DAGs
[2022-11-07T17:13:27.479+0000] {logging_mixin.py:120} INFO - [2022-11-07T17:13:27.479+0000] {dag.py:3340} INFO - Setting next_dagrun for latest_only to 2022-11-07T13:13:27.479495+00:00, run_after=2022-11-07T17:13:27.479495+00:00
[2022-11-07T17:13:27.491+0000] {processor.py:176} INFO - Processing /home/airflow/.local/lib/python3.7/site-packages/airflow/example_dags/example_latest_only.py took 0.077 seconds
[2022-11-07T17:13:57.867+0000] {processor.py:154} INFO - Started process (PID=52563) to work on /home/airflow/.local/lib/python3.7/site-packages/airflow/example_dags/example_latest_only.py
[2022-11-07T17:13:57.868+0000] {processor.py:756} INFO - Processing file /home/airflow/.local/lib/python3.7/site-packages/airflow/example_dags/example_latest_only.py for tasks to queue
[2022-11-07T17:13:57.869+0000] {logging_mixin.py:120} INFO - [2022-11-07T17:13:57.869+0000] {dagbag.py:537} INFO - Filling up the DagBag from /home/airflow/.local/lib/python3.7/site-packages/airflow/example_dags/example_latest_only.py
[2022-11-07T17:13:57.879+0000] {processor.py:766} INFO - DAG(s) dict_keys(['latest_only']) retrieved from /home/airflow/.local/lib/python3.7/site-packages/airflow/example_dags/example_latest_only.py
[2022-11-07T17:13:57.907+0000] {logging_mixin.py:120} INFO - [2022-11-07T17:13:57.907+0000] {dag.py:2585} INFO - Sync 1 DAGs
[2022-11-07T17:13:57.922+0000] {logging_mixin.py:120} INFO - [2022-11-07T17:13:57.922+0000] {dag.py:3340} INFO - Setting next_dagrun for latest_only to 2022-11-07T13:13:57.921851+00:00, run_after=2022-11-07T17:13:57.921851+00:00
[2022-11-07T17:13:58.023+0000] {processor.py:176} INFO - Processing /home/airflow/.local/lib/python3.7/site-packages/airflow/example_dags/example_latest_only.py took 0.160 seconds
[2022-11-07T17:14:28.570+0000] {processor.py:154} INFO - Started process (PID=52630) to work on /home/airflow/.local/lib/python3.7/site-packages/airflow/example_dags/example_latest_only.py
[2022-11-07T17:14:28.572+0000] {processor.py:756} INFO - Processing file /home/airflow/.local/lib/python3.7/site-packages/airflow/example_dags/example_latest_only.py for tasks to queue
[2022-11-07T17:14:28.573+0000] {logging_mixin.py:120} INFO - [2022-11-07T17:14:28.573+0000] {dagbag.py:537} INFO - Filling up the DagBag from /home/airflow/.local/lib/python3.7/site-packages/airflow/example_dags/example_latest_only.py
[2022-11-07T17:14:28.583+0000] {processor.py:766} INFO - DAG(s) dict_keys(['latest_only']) retrieved from /home/airflow/.local/lib/python3.7/site-packages/airflow/example_dags/example_latest_only.py
[2022-11-07T17:14:28.611+0000] {logging_mixin.py:120} INFO - [2022-11-07T17:14:28.611+0000] {dag.py:2585} INFO - Sync 1 DAGs
[2022-11-07T17:14:28.728+0000] {logging_mixin.py:120} INFO - [2022-11-07T17:14:28.728+0000] {dag.py:3340} INFO - Setting next_dagrun for latest_only to 2022-11-07T13:14:28.728545+00:00, run_after=2022-11-07T17:14:28.728545+00:00
[2022-11-07T17:14:28.739+0000] {processor.py:176} INFO - Processing /home/airflow/.local/lib/python3.7/site-packages/airflow/example_dags/example_latest_only.py took 0.173 seconds
[2022-11-07T17:21:20.822+0000] {processor.py:154} INFO - Started process (PID=52698) to work on /home/airflow/.local/lib/python3.7/site-packages/airflow/example_dags/example_latest_only.py
[2022-11-07T17:21:20.829+0000] {processor.py:756} INFO - Processing file /home/airflow/.local/lib/python3.7/site-packages/airflow/example_dags/example_latest_only.py for tasks to queue
[2022-11-07T17:21:20.830+0000] {logging_mixin.py:120} INFO - [2022-11-07T17:21:20.830+0000] {dagbag.py:537} INFO - Filling up the DagBag from /home/airflow/.local/lib/python3.7/site-packages/airflow/example_dags/example_latest_only.py
[2022-11-07T17:21:20.843+0000] {processor.py:766} INFO - DAG(s) dict_keys(['latest_only']) retrieved from /home/airflow/.local/lib/python3.7/site-packages/airflow/example_dags/example_latest_only.py
[2022-11-07T17:21:20.983+0000] {logging_mixin.py:120} INFO - [2022-11-07T17:21:20.983+0000] {dag.py:2585} INFO - Sync 1 DAGs
[2022-11-07T17:21:20.998+0000] {logging_mixin.py:120} INFO - [2022-11-07T17:21:20.998+0000] {dag.py:3340} INFO - Setting next_dagrun for latest_only to 2022-11-07T13:21:20.997870+00:00, run_after=2022-11-07T17:21:20.997870+00:00
[2022-11-07T17:21:21.009+0000] {processor.py:176} INFO - Processing /home/airflow/.local/lib/python3.7/site-packages/airflow/example_dags/example_latest_only.py took 0.190 seconds
[2022-11-07T17:53:17.632+0000] {processor.py:154} INFO - Started process (PID=52767) to work on /home/airflow/.local/lib/python3.7/site-packages/airflow/example_dags/example_latest_only.py
[2022-11-07T17:53:17.648+0000] {processor.py:756} INFO - Processing file /home/airflow/.local/lib/python3.7/site-packages/airflow/example_dags/example_latest_only.py for tasks to queue
[2022-11-07T17:53:17.653+0000] {logging_mixin.py:120} INFO - [2022-11-07T17:53:17.653+0000] {dagbag.py:537} INFO - Filling up the DagBag from /home/airflow/.local/lib/python3.7/site-packages/airflow/example_dags/example_latest_only.py
[2022-11-07T17:53:17.687+0000] {processor.py:766} INFO - DAG(s) dict_keys(['latest_only']) retrieved from /home/airflow/.local/lib/python3.7/site-packages/airflow/example_dags/example_latest_only.py
[2022-11-07T17:53:17.771+0000] {logging_mixin.py:120} INFO - [2022-11-07T17:53:17.771+0000] {dag.py:2585} INFO - Sync 1 DAGs
[2022-11-07T17:53:17.801+0000] {logging_mixin.py:120} INFO - [2022-11-07T17:53:17.801+0000] {dag.py:3340} INFO - Setting next_dagrun for latest_only to 2022-11-07T13:53:17.801186+00:00, run_after=2022-11-07T17:53:17.801186+00:00
[2022-11-07T17:53:17.826+0000] {processor.py:176} INFO - Processing /home/airflow/.local/lib/python3.7/site-packages/airflow/example_dags/example_latest_only.py took 0.605 seconds
[2022-11-07T18:20:16.690+0000] {processor.py:154} INFO - Started process (PID=52825) to work on /home/airflow/.local/lib/python3.7/site-packages/airflow/example_dags/example_latest_only.py
[2022-11-07T18:20:16.695+0000] {processor.py:756} INFO - Processing file /home/airflow/.local/lib/python3.7/site-packages/airflow/example_dags/example_latest_only.py for tasks to queue
[2022-11-07T18:20:16.700+0000] {logging_mixin.py:120} INFO - [2022-11-07T18:20:16.700+0000] {dagbag.py:537} INFO - Filling up the DagBag from /home/airflow/.local/lib/python3.7/site-packages/airflow/example_dags/example_latest_only.py
[2022-11-07T18:20:16.731+0000] {processor.py:766} INFO - DAG(s) dict_keys(['latest_only']) retrieved from /home/airflow/.local/lib/python3.7/site-packages/airflow/example_dags/example_latest_only.py
[2022-11-07T18:20:16.797+0000] {logging_mixin.py:120} INFO - [2022-11-07T18:20:16.797+0000] {dag.py:2585} INFO - Sync 1 DAGs
[2022-11-07T18:20:17.022+0000] {logging_mixin.py:120} INFO - [2022-11-07T18:20:17.021+0000] {dag.py:3340} INFO - Setting next_dagrun for latest_only to 2022-11-07T14:20:17.021801+00:00, run_after=2022-11-07T18:20:17.021801+00:00
[2022-11-07T18:20:17.049+0000] {processor.py:176} INFO - Processing /home/airflow/.local/lib/python3.7/site-packages/airflow/example_dags/example_latest_only.py took 0.363 seconds
[2022-11-07T19:15:49.840+0000] {processor.py:154} INFO - Started process (PID=52892) to work on /home/airflow/.local/lib/python3.7/site-packages/airflow/example_dags/example_latest_only.py
[2022-11-07T19:15:49.845+0000] {processor.py:756} INFO - Processing file /home/airflow/.local/lib/python3.7/site-packages/airflow/example_dags/example_latest_only.py for tasks to queue
[2022-11-07T19:15:49.847+0000] {logging_mixin.py:120} INFO - [2022-11-07T19:15:49.847+0000] {dagbag.py:537} INFO - Filling up the DagBag from /home/airflow/.local/lib/python3.7/site-packages/airflow/example_dags/example_latest_only.py
[2022-11-07T19:15:49.880+0000] {processor.py:766} INFO - DAG(s) dict_keys(['latest_only']) retrieved from /home/airflow/.local/lib/python3.7/site-packages/airflow/example_dags/example_latest_only.py
[2022-11-07T19:15:49.948+0000] {logging_mixin.py:120} INFO - [2022-11-07T19:15:49.948+0000] {dag.py:2585} INFO - Sync 1 DAGs
[2022-11-07T19:15:50.119+0000] {logging_mixin.py:120} INFO - [2022-11-07T19:15:50.119+0000] {dag.py:3340} INFO - Setting next_dagrun for latest_only to 2022-11-07T15:15:50.119481+00:00, run_after=2022-11-07T19:15:50.119481+00:00
[2022-11-07T19:15:50.143+0000] {processor.py:176} INFO - Processing /home/airflow/.local/lib/python3.7/site-packages/airflow/example_dags/example_latest_only.py took 0.308 seconds
[2022-11-07T19:44:42.047+0000] {processor.py:154} INFO - Started process (PID=52957) to work on /home/airflow/.local/lib/python3.7/site-packages/airflow/example_dags/example_latest_only.py
[2022-11-07T19:44:42.049+0000] {processor.py:756} INFO - Processing file /home/airflow/.local/lib/python3.7/site-packages/airflow/example_dags/example_latest_only.py for tasks to queue
[2022-11-07T19:44:42.053+0000] {logging_mixin.py:120} INFO - [2022-11-07T19:44:42.053+0000] {dagbag.py:537} INFO - Filling up the DagBag from /home/airflow/.local/lib/python3.7/site-packages/airflow/example_dags/example_latest_only.py
[2022-11-07T19:44:42.079+0000] {processor.py:766} INFO - DAG(s) dict_keys(['latest_only']) retrieved from /home/airflow/.local/lib/python3.7/site-packages/airflow/example_dags/example_latest_only.py
[2022-11-07T19:44:42.388+0000] {logging_mixin.py:120} INFO - [2022-11-07T19:44:42.387+0000] {dag.py:2585} INFO - Sync 1 DAGs
[2022-11-07T19:44:42.422+0000] {logging_mixin.py:120} INFO - [2022-11-07T19:44:42.422+0000] {dag.py:3340} INFO - Setting next_dagrun for latest_only to 2022-11-07T15:44:42.422590+00:00, run_after=2022-11-07T19:44:42.422590+00:00
[2022-11-07T19:44:42.455+0000] {processor.py:176} INFO - Processing /home/airflow/.local/lib/python3.7/site-packages/airflow/example_dags/example_latest_only.py took 0.412 seconds
[2022-11-07T20:51:23.761+0000] {processor.py:154} INFO - Started process (PID=53015) to work on /home/airflow/.local/lib/python3.7/site-packages/airflow/example_dags/example_latest_only.py
[2022-11-07T20:51:23.769+0000] {processor.py:756} INFO - Processing file /home/airflow/.local/lib/python3.7/site-packages/airflow/example_dags/example_latest_only.py for tasks to queue
[2022-11-07T20:51:23.772+0000] {logging_mixin.py:120} INFO - [2022-11-07T20:51:23.772+0000] {dagbag.py:537} INFO - Filling up the DagBag from /home/airflow/.local/lib/python3.7/site-packages/airflow/example_dags/example_latest_only.py
[2022-11-07T20:51:23.850+0000] {processor.py:766} INFO - DAG(s) dict_keys(['latest_only']) retrieved from /home/airflow/.local/lib/python3.7/site-packages/airflow/example_dags/example_latest_only.py
[2022-11-07T20:51:23.927+0000] {logging_mixin.py:120} INFO - [2022-11-07T20:51:23.927+0000] {dag.py:2585} INFO - Sync 1 DAGs
[2022-11-07T20:51:23.950+0000] {logging_mixin.py:120} INFO - [2022-11-07T20:51:23.950+0000] {dag.py:3340} INFO - Setting next_dagrun for latest_only to 2022-11-07T16:51:23.949864+00:00, run_after=2022-11-07T20:51:23.949864+00:00
[2022-11-07T20:51:23.978+0000] {processor.py:176} INFO - Processing /home/airflow/.local/lib/python3.7/site-packages/airflow/example_dags/example_latest_only.py took 0.230 seconds
[2022-11-07T21:44:41.804+0000] {processor.py:154} INFO - Started process (PID=53082) to work on /home/airflow/.local/lib/python3.7/site-packages/airflow/example_dags/example_latest_only.py
[2022-11-07T21:44:41.809+0000] {processor.py:756} INFO - Processing file /home/airflow/.local/lib/python3.7/site-packages/airflow/example_dags/example_latest_only.py for tasks to queue
[2022-11-07T21:44:41.810+0000] {logging_mixin.py:120} INFO - [2022-11-07T21:44:41.810+0000] {dagbag.py:537} INFO - Filling up the DagBag from /home/airflow/.local/lib/python3.7/site-packages/airflow/example_dags/example_latest_only.py
[2022-11-07T21:44:41.834+0000] {processor.py:766} INFO - DAG(s) dict_keys(['latest_only']) retrieved from /home/airflow/.local/lib/python3.7/site-packages/airflow/example_dags/example_latest_only.py
[2022-11-07T21:44:41.893+0000] {logging_mixin.py:120} INFO - [2022-11-07T21:44:41.893+0000] {dag.py:2585} INFO - Sync 1 DAGs
[2022-11-07T21:44:42.147+0000] {logging_mixin.py:120} INFO - [2022-11-07T21:44:42.147+0000] {dag.py:3340} INFO - Setting next_dagrun for latest_only to 2022-11-07T17:44:42.147076+00:00, run_after=2022-11-07T21:44:42.147076+00:00
[2022-11-07T21:44:42.174+0000] {processor.py:176} INFO - Processing /home/airflow/.local/lib/python3.7/site-packages/airflow/example_dags/example_latest_only.py took 0.378 seconds
[2022-11-07T22:48:46.578+0000] {processor.py:154} INFO - Started process (PID=53148) to work on /home/airflow/.local/lib/python3.7/site-packages/airflow/example_dags/example_latest_only.py
[2022-11-07T22:48:46.582+0000] {processor.py:756} INFO - Processing file /home/airflow/.local/lib/python3.7/site-packages/airflow/example_dags/example_latest_only.py for tasks to queue
[2022-11-07T22:48:46.584+0000] {logging_mixin.py:120} INFO - [2022-11-07T22:48:46.584+0000] {dagbag.py:537} INFO - Filling up the DagBag from /home/airflow/.local/lib/python3.7/site-packages/airflow/example_dags/example_latest_only.py
[2022-11-07T22:48:46.610+0000] {processor.py:766} INFO - DAG(s) dict_keys(['latest_only']) retrieved from /home/airflow/.local/lib/python3.7/site-packages/airflow/example_dags/example_latest_only.py
[2022-11-07T22:48:46.814+0000] {logging_mixin.py:120} INFO - [2022-11-07T22:48:46.813+0000] {dag.py:2585} INFO - Sync 1 DAGs
[2022-11-07T22:48:46.838+0000] {logging_mixin.py:120} INFO - [2022-11-07T22:48:46.838+0000] {dag.py:3340} INFO - Setting next_dagrun for latest_only to 2022-11-07T18:48:46.838391+00:00, run_after=2022-11-07T22:48:46.838391+00:00
[2022-11-07T22:48:46.876+0000] {processor.py:176} INFO - Processing /home/airflow/.local/lib/python3.7/site-packages/airflow/example_dags/example_latest_only.py took 0.303 seconds
[2022-11-07T23:21:12.614+0000] {processor.py:154} INFO - Started process (PID=53214) to work on /home/airflow/.local/lib/python3.7/site-packages/airflow/example_dags/example_latest_only.py
[2022-11-07T23:21:12.616+0000] {processor.py:756} INFO - Processing file /home/airflow/.local/lib/python3.7/site-packages/airflow/example_dags/example_latest_only.py for tasks to queue
[2022-11-07T23:21:12.618+0000] {logging_mixin.py:120} INFO - [2022-11-07T23:21:12.618+0000] {dagbag.py:537} INFO - Filling up the DagBag from /home/airflow/.local/lib/python3.7/site-packages/airflow/example_dags/example_latest_only.py
[2022-11-07T23:21:12.642+0000] {processor.py:766} INFO - DAG(s) dict_keys(['latest_only']) retrieved from /home/airflow/.local/lib/python3.7/site-packages/airflow/example_dags/example_latest_only.py
[2022-11-07T23:21:12.720+0000] {logging_mixin.py:120} INFO - [2022-11-07T23:21:12.720+0000] {dag.py:2585} INFO - Sync 1 DAGs
[2022-11-07T23:21:12.767+0000] {logging_mixin.py:120} INFO - [2022-11-07T23:21:12.767+0000] {dag.py:3340} INFO - Setting next_dagrun for latest_only to 2022-11-07T19:21:12.767658+00:00, run_after=2022-11-07T23:21:12.767658+00:00
[2022-11-07T23:21:12.802+0000] {processor.py:176} INFO - Processing /home/airflow/.local/lib/python3.7/site-packages/airflow/example_dags/example_latest_only.py took 0.193 seconds
[2022-11-07T23:58:54.761+0000] {processor.py:154} INFO - Started process (PID=53272) to work on /home/airflow/.local/lib/python3.7/site-packages/airflow/example_dags/example_latest_only.py
[2022-11-07T23:58:54.764+0000] {processor.py:756} INFO - Processing file /home/airflow/.local/lib/python3.7/site-packages/airflow/example_dags/example_latest_only.py for tasks to queue
[2022-11-07T23:58:54.766+0000] {logging_mixin.py:120} INFO - [2022-11-07T23:58:54.766+0000] {dagbag.py:537} INFO - Filling up the DagBag from /home/airflow/.local/lib/python3.7/site-packages/airflow/example_dags/example_latest_only.py
[2022-11-07T23:58:54.792+0000] {processor.py:766} INFO - DAG(s) dict_keys(['latest_only']) retrieved from /home/airflow/.local/lib/python3.7/site-packages/airflow/example_dags/example_latest_only.py
[2022-11-07T23:58:54.864+0000] {logging_mixin.py:120} INFO - [2022-11-07T23:58:54.864+0000] {dag.py:2585} INFO - Sync 1 DAGs
[2022-11-07T23:58:55.200+0000] {logging_mixin.py:120} INFO - [2022-11-07T23:58:55.200+0000] {dag.py:3340} INFO - Setting next_dagrun for latest_only to 2022-11-07T19:58:55.200148+00:00, run_after=2022-11-07T23:58:55.200148+00:00
[2022-11-07T23:58:55.228+0000] {processor.py:176} INFO - Processing /home/airflow/.local/lib/python3.7/site-packages/airflow/example_dags/example_latest_only.py took 0.472 seconds
