[2022-11-07T17:10:55.163+0000] {processor.py:154} INFO - Started process (PID=52185) to work on /home/airflow/.local/lib/python3.7/site-packages/airflow/example_dags/example_dag_decorator.py
[2022-11-07T17:10:55.168+0000] {processor.py:756} INFO - Processing file /home/airflow/.local/lib/python3.7/site-packages/airflow/example_dags/example_dag_decorator.py for tasks to queue
[2022-11-07T17:10:55.170+0000] {logging_mixin.py:120} INFO - [2022-11-07T17:10:55.170+0000] {dagbag.py:537} INFO - Filling up the DagBag from /home/airflow/.local/lib/python3.7/site-packages/airflow/example_dags/example_dag_decorator.py
[2022-11-07T17:10:55.217+0000] {logging_mixin.py:120} INFO - [2022-11-07T17:10:55.217+0000] {taskmixin.py:205} WARNING - Dependency <Task(_PythonDecoratedOperator): prepare_email>, send_email already registered for DAG: example_dag_decorator
[2022-11-07T17:10:55.220+0000] {logging_mixin.py:120} INFO - [2022-11-07T17:10:55.219+0000] {taskmixin.py:205} WARNING - Dependency <Task(EmailOperator): send_email>, prepare_email already registered for DAG: example_dag_decorator
[2022-11-07T17:10:55.254+0000] {processor.py:766} INFO - DAG(s) dict_keys(['example_dag_decorator']) retrieved from /home/airflow/.local/lib/python3.7/site-packages/airflow/example_dags/example_dag_decorator.py
[2022-11-07T17:10:55.407+0000] {logging_mixin.py:120} INFO - [2022-11-07T17:10:55.407+0000] {dag.py:2585} INFO - Sync 1 DAGs
[2022-11-07T17:10:55.613+0000] {logging_mixin.py:120} INFO - [2022-11-07T17:10:55.613+0000] {dag.py:3340} INFO - Setting next_dagrun for example_dag_decorator to None, run_after=None
[2022-11-07T17:10:55.652+0000] {processor.py:176} INFO - Processing /home/airflow/.local/lib/python3.7/site-packages/airflow/example_dags/example_dag_decorator.py took 0.495 seconds
[2022-11-07T17:11:26.323+0000] {processor.py:154} INFO - Started process (PID=52242) to work on /home/airflow/.local/lib/python3.7/site-packages/airflow/example_dags/example_dag_decorator.py
[2022-11-07T17:11:26.325+0000] {processor.py:756} INFO - Processing file /home/airflow/.local/lib/python3.7/site-packages/airflow/example_dags/example_dag_decorator.py for tasks to queue
[2022-11-07T17:11:26.327+0000] {logging_mixin.py:120} INFO - [2022-11-07T17:11:26.327+0000] {dagbag.py:537} INFO - Filling up the DagBag from /home/airflow/.local/lib/python3.7/site-packages/airflow/example_dags/example_dag_decorator.py
[2022-11-07T17:11:26.341+0000] {logging_mixin.py:120} INFO - [2022-11-07T17:11:26.341+0000] {taskmixin.py:205} WARNING - Dependency <Task(_PythonDecoratedOperator): prepare_email>, send_email already registered for DAG: example_dag_decorator
[2022-11-07T17:11:26.342+0000] {logging_mixin.py:120} INFO - [2022-11-07T17:11:26.342+0000] {taskmixin.py:205} WARNING - Dependency <Task(EmailOperator): send_email>, prepare_email already registered for DAG: example_dag_decorator
[2022-11-07T17:11:26.353+0000] {processor.py:766} INFO - DAG(s) dict_keys(['example_dag_decorator']) retrieved from /home/airflow/.local/lib/python3.7/site-packages/airflow/example_dags/example_dag_decorator.py
[2022-11-07T17:11:26.514+0000] {logging_mixin.py:120} INFO - [2022-11-07T17:11:26.514+0000] {dag.py:2585} INFO - Sync 1 DAGs
[2022-11-07T17:11:26.530+0000] {logging_mixin.py:120} INFO - [2022-11-07T17:11:26.530+0000] {dag.py:3340} INFO - Setting next_dagrun for example_dag_decorator to None, run_after=None
[2022-11-07T17:11:26.545+0000] {processor.py:176} INFO - Processing /home/airflow/.local/lib/python3.7/site-packages/airflow/example_dags/example_dag_decorator.py took 0.225 seconds
[2022-11-07T17:11:57.200+0000] {processor.py:154} INFO - Started process (PID=52308) to work on /home/airflow/.local/lib/python3.7/site-packages/airflow/example_dags/example_dag_decorator.py
[2022-11-07T17:11:57.203+0000] {processor.py:756} INFO - Processing file /home/airflow/.local/lib/python3.7/site-packages/airflow/example_dags/example_dag_decorator.py for tasks to queue
[2022-11-07T17:11:57.218+0000] {logging_mixin.py:120} INFO - [2022-11-07T17:11:57.218+0000] {dagbag.py:537} INFO - Filling up the DagBag from /home/airflow/.local/lib/python3.7/site-packages/airflow/example_dags/example_dag_decorator.py
[2022-11-07T17:11:57.236+0000] {logging_mixin.py:120} INFO - [2022-11-07T17:11:57.235+0000] {taskmixin.py:205} WARNING - Dependency <Task(_PythonDecoratedOperator): prepare_email>, send_email already registered for DAG: example_dag_decorator
[2022-11-07T17:11:57.237+0000] {logging_mixin.py:120} INFO - [2022-11-07T17:11:57.236+0000] {taskmixin.py:205} WARNING - Dependency <Task(EmailOperator): send_email>, prepare_email already registered for DAG: example_dag_decorator
[2022-11-07T17:11:57.247+0000] {processor.py:766} INFO - DAG(s) dict_keys(['example_dag_decorator']) retrieved from /home/airflow/.local/lib/python3.7/site-packages/airflow/example_dags/example_dag_decorator.py
[2022-11-07T17:11:57.413+0000] {logging_mixin.py:120} INFO - [2022-11-07T17:11:57.412+0000] {dag.py:2585} INFO - Sync 1 DAGs
[2022-11-07T17:11:57.430+0000] {logging_mixin.py:120} INFO - [2022-11-07T17:11:57.430+0000] {dag.py:3340} INFO - Setting next_dagrun for example_dag_decorator to None, run_after=None
[2022-11-07T17:11:57.450+0000] {processor.py:176} INFO - Processing /home/airflow/.local/lib/python3.7/site-packages/airflow/example_dags/example_dag_decorator.py took 0.256 seconds
[2022-11-07T17:12:27.514+0000] {processor.py:154} INFO - Started process (PID=52376) to work on /home/airflow/.local/lib/python3.7/site-packages/airflow/example_dags/example_dag_decorator.py
[2022-11-07T17:12:27.516+0000] {processor.py:756} INFO - Processing file /home/airflow/.local/lib/python3.7/site-packages/airflow/example_dags/example_dag_decorator.py for tasks to queue
[2022-11-07T17:12:27.517+0000] {logging_mixin.py:120} INFO - [2022-11-07T17:12:27.517+0000] {dagbag.py:537} INFO - Filling up the DagBag from /home/airflow/.local/lib/python3.7/site-packages/airflow/example_dags/example_dag_decorator.py
[2022-11-07T17:12:27.532+0000] {logging_mixin.py:120} INFO - [2022-11-07T17:12:27.532+0000] {taskmixin.py:205} WARNING - Dependency <Task(_PythonDecoratedOperator): prepare_email>, send_email already registered for DAG: example_dag_decorator
[2022-11-07T17:12:27.533+0000] {logging_mixin.py:120} INFO - [2022-11-07T17:12:27.533+0000] {taskmixin.py:205} WARNING - Dependency <Task(EmailOperator): send_email>, prepare_email already registered for DAG: example_dag_decorator
[2022-11-07T17:12:27.544+0000] {processor.py:766} INFO - DAG(s) dict_keys(['example_dag_decorator']) retrieved from /home/airflow/.local/lib/python3.7/site-packages/airflow/example_dags/example_dag_decorator.py
[2022-11-07T17:12:27.706+0000] {logging_mixin.py:120} INFO - [2022-11-07T17:12:27.706+0000] {dag.py:2585} INFO - Sync 1 DAGs
[2022-11-07T17:12:27.724+0000] {logging_mixin.py:120} INFO - [2022-11-07T17:12:27.724+0000] {dag.py:3340} INFO - Setting next_dagrun for example_dag_decorator to None, run_after=None
[2022-11-07T17:12:27.744+0000] {processor.py:176} INFO - Processing /home/airflow/.local/lib/python3.7/site-packages/airflow/example_dags/example_dag_decorator.py took 0.236 seconds
[2022-11-07T17:12:58.006+0000] {processor.py:154} INFO - Started process (PID=52443) to work on /home/airflow/.local/lib/python3.7/site-packages/airflow/example_dags/example_dag_decorator.py
[2022-11-07T17:12:58.010+0000] {processor.py:756} INFO - Processing file /home/airflow/.local/lib/python3.7/site-packages/airflow/example_dags/example_dag_decorator.py for tasks to queue
[2022-11-07T17:12:58.012+0000] {logging_mixin.py:120} INFO - [2022-11-07T17:12:58.012+0000] {dagbag.py:537} INFO - Filling up the DagBag from /home/airflow/.local/lib/python3.7/site-packages/airflow/example_dags/example_dag_decorator.py
[2022-11-07T17:12:58.029+0000] {logging_mixin.py:120} INFO - [2022-11-07T17:12:58.028+0000] {taskmixin.py:205} WARNING - Dependency <Task(_PythonDecoratedOperator): prepare_email>, send_email already registered for DAG: example_dag_decorator
[2022-11-07T17:12:58.033+0000] {logging_mixin.py:120} INFO - [2022-11-07T17:12:58.033+0000] {taskmixin.py:205} WARNING - Dependency <Task(EmailOperator): send_email>, prepare_email already registered for DAG: example_dag_decorator
[2022-11-07T17:12:58.044+0000] {processor.py:766} INFO - DAG(s) dict_keys(['example_dag_decorator']) retrieved from /home/airflow/.local/lib/python3.7/site-packages/airflow/example_dags/example_dag_decorator.py
[2022-11-07T17:12:58.097+0000] {logging_mixin.py:120} INFO - [2022-11-07T17:12:58.097+0000] {dag.py:2585} INFO - Sync 1 DAGs
[2022-11-07T17:12:58.209+0000] {logging_mixin.py:120} INFO - [2022-11-07T17:12:58.209+0000] {dag.py:3340} INFO - Setting next_dagrun for example_dag_decorator to None, run_after=None
[2022-11-07T17:12:58.220+0000] {processor.py:176} INFO - Processing /home/airflow/.local/lib/python3.7/site-packages/airflow/example_dags/example_dag_decorator.py took 0.219 seconds
[2022-11-07T17:13:28.647+0000] {processor.py:154} INFO - Started process (PID=52509) to work on /home/airflow/.local/lib/python3.7/site-packages/airflow/example_dags/example_dag_decorator.py
[2022-11-07T17:13:28.649+0000] {processor.py:756} INFO - Processing file /home/airflow/.local/lib/python3.7/site-packages/airflow/example_dags/example_dag_decorator.py for tasks to queue
[2022-11-07T17:13:28.651+0000] {logging_mixin.py:120} INFO - [2022-11-07T17:13:28.651+0000] {dagbag.py:537} INFO - Filling up the DagBag from /home/airflow/.local/lib/python3.7/site-packages/airflow/example_dags/example_dag_decorator.py
[2022-11-07T17:13:28.664+0000] {logging_mixin.py:120} INFO - [2022-11-07T17:13:28.664+0000] {taskmixin.py:205} WARNING - Dependency <Task(_PythonDecoratedOperator): prepare_email>, send_email already registered for DAG: example_dag_decorator
[2022-11-07T17:13:28.665+0000] {logging_mixin.py:120} INFO - [2022-11-07T17:13:28.665+0000] {taskmixin.py:205} WARNING - Dependency <Task(EmailOperator): send_email>, prepare_email already registered for DAG: example_dag_decorator
[2022-11-07T17:13:28.685+0000] {processor.py:766} INFO - DAG(s) dict_keys(['example_dag_decorator']) retrieved from /home/airflow/.local/lib/python3.7/site-packages/airflow/example_dags/example_dag_decorator.py
[2022-11-07T17:13:28.906+0000] {logging_mixin.py:120} INFO - [2022-11-07T17:13:28.906+0000] {dag.py:2585} INFO - Sync 1 DAGs
[2022-11-07T17:13:28.920+0000] {logging_mixin.py:120} INFO - [2022-11-07T17:13:28.920+0000] {dag.py:3340} INFO - Setting next_dagrun for example_dag_decorator to None, run_after=None
[2022-11-07T17:13:28.947+0000] {processor.py:176} INFO - Processing /home/airflow/.local/lib/python3.7/site-packages/airflow/example_dags/example_dag_decorator.py took 0.303 seconds
[2022-11-07T17:13:59.347+0000] {processor.py:154} INFO - Started process (PID=52567) to work on /home/airflow/.local/lib/python3.7/site-packages/airflow/example_dags/example_dag_decorator.py
[2022-11-07T17:13:59.349+0000] {processor.py:756} INFO - Processing file /home/airflow/.local/lib/python3.7/site-packages/airflow/example_dags/example_dag_decorator.py for tasks to queue
[2022-11-07T17:13:59.351+0000] {logging_mixin.py:120} INFO - [2022-11-07T17:13:59.351+0000] {dagbag.py:537} INFO - Filling up the DagBag from /home/airflow/.local/lib/python3.7/site-packages/airflow/example_dags/example_dag_decorator.py
[2022-11-07T17:13:59.366+0000] {logging_mixin.py:120} INFO - [2022-11-07T17:13:59.366+0000] {taskmixin.py:205} WARNING - Dependency <Task(_PythonDecoratedOperator): prepare_email>, send_email already registered for DAG: example_dag_decorator
[2022-11-07T17:13:59.367+0000] {logging_mixin.py:120} INFO - [2022-11-07T17:13:59.367+0000] {taskmixin.py:205} WARNING - Dependency <Task(EmailOperator): send_email>, prepare_email already registered for DAG: example_dag_decorator
[2022-11-07T17:13:59.378+0000] {processor.py:766} INFO - DAG(s) dict_keys(['example_dag_decorator']) retrieved from /home/airflow/.local/lib/python3.7/site-packages/airflow/example_dags/example_dag_decorator.py
[2022-11-07T17:13:59.531+0000] {logging_mixin.py:120} INFO - [2022-11-07T17:13:59.531+0000] {dag.py:2585} INFO - Sync 1 DAGs
[2022-11-07T17:13:59.544+0000] {logging_mixin.py:120} INFO - [2022-11-07T17:13:59.544+0000] {dag.py:3340} INFO - Setting next_dagrun for example_dag_decorator to None, run_after=None
[2022-11-07T17:13:59.560+0000] {processor.py:176} INFO - Processing /home/airflow/.local/lib/python3.7/site-packages/airflow/example_dags/example_dag_decorator.py took 0.217 seconds
[2022-11-07T17:14:30.067+0000] {processor.py:154} INFO - Started process (PID=52634) to work on /home/airflow/.local/lib/python3.7/site-packages/airflow/example_dags/example_dag_decorator.py
[2022-11-07T17:14:30.070+0000] {processor.py:756} INFO - Processing file /home/airflow/.local/lib/python3.7/site-packages/airflow/example_dags/example_dag_decorator.py for tasks to queue
[2022-11-07T17:14:30.081+0000] {logging_mixin.py:120} INFO - [2022-11-07T17:14:30.081+0000] {dagbag.py:537} INFO - Filling up the DagBag from /home/airflow/.local/lib/python3.7/site-packages/airflow/example_dags/example_dag_decorator.py
[2022-11-07T17:14:30.096+0000] {logging_mixin.py:120} INFO - [2022-11-07T17:14:30.096+0000] {taskmixin.py:205} WARNING - Dependency <Task(_PythonDecoratedOperator): prepare_email>, send_email already registered for DAG: example_dag_decorator
[2022-11-07T17:14:30.097+0000] {logging_mixin.py:120} INFO - [2022-11-07T17:14:30.097+0000] {taskmixin.py:205} WARNING - Dependency <Task(EmailOperator): send_email>, prepare_email already registered for DAG: example_dag_decorator
[2022-11-07T17:14:30.107+0000] {processor.py:766} INFO - DAG(s) dict_keys(['example_dag_decorator']) retrieved from /home/airflow/.local/lib/python3.7/site-packages/airflow/example_dags/example_dag_decorator.py
[2022-11-07T17:14:30.268+0000] {logging_mixin.py:120} INFO - [2022-11-07T17:14:30.268+0000] {dag.py:2585} INFO - Sync 1 DAGs
[2022-11-07T17:14:30.283+0000] {logging_mixin.py:120} INFO - [2022-11-07T17:14:30.282+0000] {dag.py:3340} INFO - Setting next_dagrun for example_dag_decorator to None, run_after=None
[2022-11-07T17:14:30.295+0000] {processor.py:176} INFO - Processing /home/airflow/.local/lib/python3.7/site-packages/airflow/example_dags/example_dag_decorator.py took 0.235 seconds
[2022-11-07T17:21:21.524+0000] {processor.py:154} INFO - Started process (PID=52702) to work on /home/airflow/.local/lib/python3.7/site-packages/airflow/example_dags/example_dag_decorator.py
[2022-11-07T17:21:21.526+0000] {processor.py:756} INFO - Processing file /home/airflow/.local/lib/python3.7/site-packages/airflow/example_dags/example_dag_decorator.py for tasks to queue
[2022-11-07T17:21:21.527+0000] {logging_mixin.py:120} INFO - [2022-11-07T17:21:21.527+0000] {dagbag.py:537} INFO - Filling up the DagBag from /home/airflow/.local/lib/python3.7/site-packages/airflow/example_dags/example_dag_decorator.py
[2022-11-07T17:21:21.540+0000] {logging_mixin.py:120} INFO - [2022-11-07T17:21:21.540+0000] {taskmixin.py:205} WARNING - Dependency <Task(_PythonDecoratedOperator): prepare_email>, send_email already registered for DAG: example_dag_decorator
[2022-11-07T17:21:21.541+0000] {logging_mixin.py:120} INFO - [2022-11-07T17:21:21.541+0000] {taskmixin.py:205} WARNING - Dependency <Task(EmailOperator): send_email>, prepare_email already registered for DAG: example_dag_decorator
[2022-11-07T17:21:21.553+0000] {processor.py:766} INFO - DAG(s) dict_keys(['example_dag_decorator']) retrieved from /home/airflow/.local/lib/python3.7/site-packages/airflow/example_dags/example_dag_decorator.py
[2022-11-07T17:21:21.714+0000] {logging_mixin.py:120} INFO - [2022-11-07T17:21:21.714+0000] {dag.py:2585} INFO - Sync 1 DAGs
[2022-11-07T17:21:21.728+0000] {logging_mixin.py:120} INFO - [2022-11-07T17:21:21.728+0000] {dag.py:3340} INFO - Setting next_dagrun for example_dag_decorator to None, run_after=None
[2022-11-07T17:21:21.741+0000] {processor.py:176} INFO - Processing /home/airflow/.local/lib/python3.7/site-packages/airflow/example_dags/example_dag_decorator.py took 0.222 seconds
[2022-11-07T17:53:18.087+0000] {processor.py:154} INFO - Started process (PID=52771) to work on /home/airflow/.local/lib/python3.7/site-packages/airflow/example_dags/example_dag_decorator.py
[2022-11-07T17:53:18.100+0000] {processor.py:756} INFO - Processing file /home/airflow/.local/lib/python3.7/site-packages/airflow/example_dags/example_dag_decorator.py for tasks to queue
[2022-11-07T17:53:18.103+0000] {logging_mixin.py:120} INFO - [2022-11-07T17:53:18.103+0000] {dagbag.py:537} INFO - Filling up the DagBag from /home/airflow/.local/lib/python3.7/site-packages/airflow/example_dags/example_dag_decorator.py
[2022-11-07T17:53:18.130+0000] {logging_mixin.py:120} INFO - [2022-11-07T17:53:18.129+0000] {taskmixin.py:205} WARNING - Dependency <Task(_PythonDecoratedOperator): prepare_email>, send_email already registered for DAG: example_dag_decorator
[2022-11-07T17:53:18.140+0000] {logging_mixin.py:120} INFO - [2022-11-07T17:53:18.140+0000] {taskmixin.py:205} WARNING - Dependency <Task(EmailOperator): send_email>, prepare_email already registered for DAG: example_dag_decorator
[2022-11-07T17:53:18.164+0000] {processor.py:766} INFO - DAG(s) dict_keys(['example_dag_decorator']) retrieved from /home/airflow/.local/lib/python3.7/site-packages/airflow/example_dags/example_dag_decorator.py
[2022-11-07T17:53:18.587+0000] {logging_mixin.py:120} INFO - [2022-11-07T17:53:18.587+0000] {dag.py:2585} INFO - Sync 1 DAGs
[2022-11-07T17:53:18.625+0000] {logging_mixin.py:120} INFO - [2022-11-07T17:53:18.625+0000] {dag.py:3340} INFO - Setting next_dagrun for example_dag_decorator to None, run_after=None
[2022-11-07T17:53:18.652+0000] {processor.py:176} INFO - Processing /home/airflow/.local/lib/python3.7/site-packages/airflow/example_dags/example_dag_decorator.py took 0.572 seconds
[2022-11-07T18:20:17.964+0000] {processor.py:154} INFO - Started process (PID=52836) to work on /home/airflow/.local/lib/python3.7/site-packages/airflow/example_dags/example_dag_decorator.py
[2022-11-07T18:20:17.968+0000] {processor.py:756} INFO - Processing file /home/airflow/.local/lib/python3.7/site-packages/airflow/example_dags/example_dag_decorator.py for tasks to queue
[2022-11-07T18:20:17.969+0000] {logging_mixin.py:120} INFO - [2022-11-07T18:20:17.969+0000] {dagbag.py:537} INFO - Filling up the DagBag from /home/airflow/.local/lib/python3.7/site-packages/airflow/example_dags/example_dag_decorator.py
[2022-11-07T18:20:18.005+0000] {logging_mixin.py:120} INFO - [2022-11-07T18:20:18.005+0000] {taskmixin.py:205} WARNING - Dependency <Task(_PythonDecoratedOperator): prepare_email>, send_email already registered for DAG: example_dag_decorator
[2022-11-07T18:20:18.008+0000] {logging_mixin.py:120} INFO - [2022-11-07T18:20:18.007+0000] {taskmixin.py:205} WARNING - Dependency <Task(EmailOperator): send_email>, prepare_email already registered for DAG: example_dag_decorator
[2022-11-07T18:20:18.049+0000] {processor.py:766} INFO - DAG(s) dict_keys(['example_dag_decorator']) retrieved from /home/airflow/.local/lib/python3.7/site-packages/airflow/example_dags/example_dag_decorator.py
[2022-11-07T18:20:18.490+0000] {logging_mixin.py:120} INFO - [2022-11-07T18:20:18.490+0000] {dag.py:2585} INFO - Sync 1 DAGs
[2022-11-07T18:20:18.536+0000] {logging_mixin.py:120} INFO - [2022-11-07T18:20:18.536+0000] {dag.py:3340} INFO - Setting next_dagrun for example_dag_decorator to None, run_after=None
[2022-11-07T18:20:18.574+0000] {processor.py:176} INFO - Processing /home/airflow/.local/lib/python3.7/site-packages/airflow/example_dags/example_dag_decorator.py took 0.616 seconds
[2022-11-07T19:15:50.674+0000] {processor.py:154} INFO - Started process (PID=52896) to work on /home/airflow/.local/lib/python3.7/site-packages/airflow/example_dags/example_dag_decorator.py
[2022-11-07T19:15:50.676+0000] {processor.py:756} INFO - Processing file /home/airflow/.local/lib/python3.7/site-packages/airflow/example_dags/example_dag_decorator.py for tasks to queue
[2022-11-07T19:15:50.678+0000] {logging_mixin.py:120} INFO - [2022-11-07T19:15:50.678+0000] {dagbag.py:537} INFO - Filling up the DagBag from /home/airflow/.local/lib/python3.7/site-packages/airflow/example_dags/example_dag_decorator.py
[2022-11-07T19:15:50.702+0000] {logging_mixin.py:120} INFO - [2022-11-07T19:15:50.702+0000] {taskmixin.py:205} WARNING - Dependency <Task(_PythonDecoratedOperator): prepare_email>, send_email already registered for DAG: example_dag_decorator
[2022-11-07T19:15:50.704+0000] {logging_mixin.py:120} INFO - [2022-11-07T19:15:50.704+0000] {taskmixin.py:205} WARNING - Dependency <Task(EmailOperator): send_email>, prepare_email already registered for DAG: example_dag_decorator
[2022-11-07T19:15:50.721+0000] {processor.py:766} INFO - DAG(s) dict_keys(['example_dag_decorator']) retrieved from /home/airflow/.local/lib/python3.7/site-packages/airflow/example_dags/example_dag_decorator.py
[2022-11-07T19:15:51.073+0000] {logging_mixin.py:120} INFO - [2022-11-07T19:15:51.073+0000] {dag.py:2585} INFO - Sync 1 DAGs
[2022-11-07T19:15:51.102+0000] {logging_mixin.py:120} INFO - [2022-11-07T19:15:51.102+0000] {dag.py:3340} INFO - Setting next_dagrun for example_dag_decorator to None, run_after=None
[2022-11-07T19:15:51.129+0000] {processor.py:176} INFO - Processing /home/airflow/.local/lib/python3.7/site-packages/airflow/example_dags/example_dag_decorator.py took 0.461 seconds
[2022-11-07T19:44:42.948+0000] {processor.py:154} INFO - Started process (PID=52961) to work on /home/airflow/.local/lib/python3.7/site-packages/airflow/example_dags/example_dag_decorator.py
[2022-11-07T19:44:42.951+0000] {processor.py:756} INFO - Processing file /home/airflow/.local/lib/python3.7/site-packages/airflow/example_dags/example_dag_decorator.py for tasks to queue
[2022-11-07T19:44:42.955+0000] {logging_mixin.py:120} INFO - [2022-11-07T19:44:42.955+0000] {dagbag.py:537} INFO - Filling up the DagBag from /home/airflow/.local/lib/python3.7/site-packages/airflow/example_dags/example_dag_decorator.py
[2022-11-07T19:44:42.989+0000] {logging_mixin.py:120} INFO - [2022-11-07T19:44:42.989+0000] {taskmixin.py:205} WARNING - Dependency <Task(_PythonDecoratedOperator): prepare_email>, send_email already registered for DAG: example_dag_decorator
[2022-11-07T19:44:42.999+0000] {logging_mixin.py:120} INFO - [2022-11-07T19:44:42.999+0000] {taskmixin.py:205} WARNING - Dependency <Task(EmailOperator): send_email>, prepare_email already registered for DAG: example_dag_decorator
[2022-11-07T19:44:43.020+0000] {processor.py:766} INFO - DAG(s) dict_keys(['example_dag_decorator']) retrieved from /home/airflow/.local/lib/python3.7/site-packages/airflow/example_dags/example_dag_decorator.py
[2022-11-07T19:44:43.297+0000] {logging_mixin.py:120} INFO - [2022-11-07T19:44:43.296+0000] {dag.py:2585} INFO - Sync 1 DAGs
[2022-11-07T19:44:43.325+0000] {logging_mixin.py:120} INFO - [2022-11-07T19:44:43.325+0000] {dag.py:3340} INFO - Setting next_dagrun for example_dag_decorator to None, run_after=None
[2022-11-07T19:44:43.347+0000] {processor.py:176} INFO - Processing /home/airflow/.local/lib/python3.7/site-packages/airflow/example_dags/example_dag_decorator.py took 0.407 seconds
[2022-11-07T20:51:24.523+0000] {processor.py:154} INFO - Started process (PID=53025) to work on /home/airflow/.local/lib/python3.7/site-packages/airflow/example_dags/example_dag_decorator.py
[2022-11-07T20:51:24.525+0000] {processor.py:756} INFO - Processing file /home/airflow/.local/lib/python3.7/site-packages/airflow/example_dags/example_dag_decorator.py for tasks to queue
[2022-11-07T20:51:24.527+0000] {logging_mixin.py:120} INFO - [2022-11-07T20:51:24.527+0000] {dagbag.py:537} INFO - Filling up the DagBag from /home/airflow/.local/lib/python3.7/site-packages/airflow/example_dags/example_dag_decorator.py
[2022-11-07T20:51:24.550+0000] {logging_mixin.py:120} INFO - [2022-11-07T20:51:24.550+0000] {taskmixin.py:205} WARNING - Dependency <Task(_PythonDecoratedOperator): prepare_email>, send_email already registered for DAG: example_dag_decorator
[2022-11-07T20:51:24.551+0000] {logging_mixin.py:120} INFO - [2022-11-07T20:51:24.551+0000] {taskmixin.py:205} WARNING - Dependency <Task(EmailOperator): send_email>, prepare_email already registered for DAG: example_dag_decorator
[2022-11-07T20:51:24.563+0000] {processor.py:766} INFO - DAG(s) dict_keys(['example_dag_decorator']) retrieved from /home/airflow/.local/lib/python3.7/site-packages/airflow/example_dags/example_dag_decorator.py
[2022-11-07T20:51:24.743+0000] {logging_mixin.py:120} INFO - [2022-11-07T20:51:24.743+0000] {dag.py:2585} INFO - Sync 1 DAGs
[2022-11-07T20:51:24.762+0000] {logging_mixin.py:120} INFO - [2022-11-07T20:51:24.762+0000] {dag.py:3340} INFO - Setting next_dagrun for example_dag_decorator to None, run_after=None
[2022-11-07T20:51:24.776+0000] {processor.py:176} INFO - Processing /home/airflow/.local/lib/python3.7/site-packages/airflow/example_dags/example_dag_decorator.py took 0.260 seconds
[2022-11-07T21:44:42.875+0000] {processor.py:154} INFO - Started process (PID=53086) to work on /home/airflow/.local/lib/python3.7/site-packages/airflow/example_dags/example_dag_decorator.py
[2022-11-07T21:44:42.880+0000] {processor.py:756} INFO - Processing file /home/airflow/.local/lib/python3.7/site-packages/airflow/example_dags/example_dag_decorator.py for tasks to queue
[2022-11-07T21:44:42.882+0000] {logging_mixin.py:120} INFO - [2022-11-07T21:44:42.881+0000] {dagbag.py:537} INFO - Filling up the DagBag from /home/airflow/.local/lib/python3.7/site-packages/airflow/example_dags/example_dag_decorator.py
[2022-11-07T21:44:42.902+0000] {logging_mixin.py:120} INFO - [2022-11-07T21:44:42.902+0000] {taskmixin.py:205} WARNING - Dependency <Task(_PythonDecoratedOperator): prepare_email>, send_email already registered for DAG: example_dag_decorator
[2022-11-07T21:44:42.903+0000] {logging_mixin.py:120} INFO - [2022-11-07T21:44:42.902+0000] {taskmixin.py:205} WARNING - Dependency <Task(EmailOperator): send_email>, prepare_email already registered for DAG: example_dag_decorator
[2022-11-07T21:44:42.915+0000] {processor.py:766} INFO - DAG(s) dict_keys(['example_dag_decorator']) retrieved from /home/airflow/.local/lib/python3.7/site-packages/airflow/example_dags/example_dag_decorator.py
[2022-11-07T21:44:43.213+0000] {logging_mixin.py:120} INFO - [2022-11-07T21:44:43.213+0000] {dag.py:2585} INFO - Sync 1 DAGs
[2022-11-07T21:44:43.241+0000] {logging_mixin.py:120} INFO - [2022-11-07T21:44:43.241+0000] {dag.py:3340} INFO - Setting next_dagrun for example_dag_decorator to None, run_after=None
[2022-11-07T21:44:43.261+0000] {processor.py:176} INFO - Processing /home/airflow/.local/lib/python3.7/site-packages/airflow/example_dags/example_dag_decorator.py took 0.389 seconds
[2022-11-07T22:48:47.412+0000] {processor.py:154} INFO - Started process (PID=53152) to work on /home/airflow/.local/lib/python3.7/site-packages/airflow/example_dags/example_dag_decorator.py
[2022-11-07T22:48:47.415+0000] {processor.py:756} INFO - Processing file /home/airflow/.local/lib/python3.7/site-packages/airflow/example_dags/example_dag_decorator.py for tasks to queue
[2022-11-07T22:48:47.417+0000] {logging_mixin.py:120} INFO - [2022-11-07T22:48:47.417+0000] {dagbag.py:537} INFO - Filling up the DagBag from /home/airflow/.local/lib/python3.7/site-packages/airflow/example_dags/example_dag_decorator.py
[2022-11-07T22:48:47.440+0000] {logging_mixin.py:120} INFO - [2022-11-07T22:48:47.439+0000] {taskmixin.py:205} WARNING - Dependency <Task(_PythonDecoratedOperator): prepare_email>, send_email already registered for DAG: example_dag_decorator
[2022-11-07T22:48:47.444+0000] {logging_mixin.py:120} INFO - [2022-11-07T22:48:47.444+0000] {taskmixin.py:205} WARNING - Dependency <Task(EmailOperator): send_email>, prepare_email already registered for DAG: example_dag_decorator
[2022-11-07T22:48:47.463+0000] {processor.py:766} INFO - DAG(s) dict_keys(['example_dag_decorator']) retrieved from /home/airflow/.local/lib/python3.7/site-packages/airflow/example_dags/example_dag_decorator.py
[2022-11-07T22:48:47.763+0000] {logging_mixin.py:120} INFO - [2022-11-07T22:48:47.763+0000] {dag.py:2585} INFO - Sync 1 DAGs
[2022-11-07T22:48:47.794+0000] {logging_mixin.py:120} INFO - [2022-11-07T22:48:47.794+0000] {dag.py:3340} INFO - Setting next_dagrun for example_dag_decorator to None, run_after=None
[2022-11-07T22:48:47.816+0000] {processor.py:176} INFO - Processing /home/airflow/.local/lib/python3.7/site-packages/airflow/example_dags/example_dag_decorator.py took 0.408 seconds
[2022-11-07T23:21:13.127+0000] {processor.py:154} INFO - Started process (PID=53218) to work on /home/airflow/.local/lib/python3.7/site-packages/airflow/example_dags/example_dag_decorator.py
[2022-11-07T23:21:13.130+0000] {processor.py:756} INFO - Processing file /home/airflow/.local/lib/python3.7/site-packages/airflow/example_dags/example_dag_decorator.py for tasks to queue
[2022-11-07T23:21:13.131+0000] {logging_mixin.py:120} INFO - [2022-11-07T23:21:13.131+0000] {dagbag.py:537} INFO - Filling up the DagBag from /home/airflow/.local/lib/python3.7/site-packages/airflow/example_dags/example_dag_decorator.py
[2022-11-07T23:21:13.162+0000] {logging_mixin.py:120} INFO - [2022-11-07T23:21:13.162+0000] {taskmixin.py:205} WARNING - Dependency <Task(_PythonDecoratedOperator): prepare_email>, send_email already registered for DAG: example_dag_decorator
[2022-11-07T23:21:13.163+0000] {logging_mixin.py:120} INFO - [2022-11-07T23:21:13.163+0000] {taskmixin.py:205} WARNING - Dependency <Task(EmailOperator): send_email>, prepare_email already registered for DAG: example_dag_decorator
[2022-11-07T23:21:13.187+0000] {processor.py:766} INFO - DAG(s) dict_keys(['example_dag_decorator']) retrieved from /home/airflow/.local/lib/python3.7/site-packages/airflow/example_dags/example_dag_decorator.py
[2022-11-07T23:21:13.461+0000] {logging_mixin.py:120} INFO - [2022-11-07T23:21:13.461+0000] {dag.py:2585} INFO - Sync 1 DAGs
[2022-11-07T23:21:13.492+0000] {logging_mixin.py:120} INFO - [2022-11-07T23:21:13.492+0000] {dag.py:3340} INFO - Setting next_dagrun for example_dag_decorator to None, run_after=None
[2022-11-07T23:21:13.513+0000] {processor.py:176} INFO - Processing /home/airflow/.local/lib/python3.7/site-packages/airflow/example_dags/example_dag_decorator.py took 0.389 seconds
[2022-11-07T23:58:55.888+0000] {processor.py:154} INFO - Started process (PID=53276) to work on /home/airflow/.local/lib/python3.7/site-packages/airflow/example_dags/example_dag_decorator.py
[2022-11-07T23:58:55.893+0000] {processor.py:756} INFO - Processing file /home/airflow/.local/lib/python3.7/site-packages/airflow/example_dags/example_dag_decorator.py for tasks to queue
[2022-11-07T23:58:55.895+0000] {logging_mixin.py:120} INFO - [2022-11-07T23:58:55.895+0000] {dagbag.py:537} INFO - Filling up the DagBag from /home/airflow/.local/lib/python3.7/site-packages/airflow/example_dags/example_dag_decorator.py
[2022-11-07T23:58:55.919+0000] {logging_mixin.py:120} INFO - [2022-11-07T23:58:55.918+0000] {taskmixin.py:205} WARNING - Dependency <Task(_PythonDecoratedOperator): prepare_email>, send_email already registered for DAG: example_dag_decorator
[2022-11-07T23:58:55.920+0000] {logging_mixin.py:120} INFO - [2022-11-07T23:58:55.920+0000] {taskmixin.py:205} WARNING - Dependency <Task(EmailOperator): send_email>, prepare_email already registered for DAG: example_dag_decorator
[2022-11-07T23:58:55.963+0000] {processor.py:766} INFO - DAG(s) dict_keys(['example_dag_decorator']) retrieved from /home/airflow/.local/lib/python3.7/site-packages/airflow/example_dags/example_dag_decorator.py
[2022-11-07T23:58:56.550+0000] {logging_mixin.py:120} INFO - [2022-11-07T23:58:56.550+0000] {dag.py:2585} INFO - Sync 1 DAGs
[2022-11-07T23:58:56.605+0000] {logging_mixin.py:120} INFO - [2022-11-07T23:58:56.605+0000] {dag.py:3340} INFO - Setting next_dagrun for example_dag_decorator to None, run_after=None
[2022-11-07T23:58:56.654+0000] {processor.py:176} INFO - Processing /home/airflow/.local/lib/python3.7/site-packages/airflow/example_dags/example_dag_decorator.py took 0.771 seconds
