[2022-11-07T17:10:59.650+0000] {processor.py:154} INFO - Started process (PID=52205) to work on /home/airflow/.local/lib/python3.7/site-packages/airflow/example_dags/example_external_task_marker_dag.py
[2022-11-07T17:10:59.657+0000] {processor.py:756} INFO - Processing file /home/airflow/.local/lib/python3.7/site-packages/airflow/example_dags/example_external_task_marker_dag.py for tasks to queue
[2022-11-07T17:10:59.663+0000] {logging_mixin.py:120} INFO - [2022-11-07T17:10:59.662+0000] {dagbag.py:537} INFO - Filling up the DagBag from /home/airflow/.local/lib/python3.7/site-packages/airflow/example_dags/example_external_task_marker_dag.py
[2022-11-07T17:10:59.741+0000] {processor.py:766} INFO - DAG(s) dict_keys(['example_external_task_marker_parent', 'example_external_task_marker_child']) retrieved from /home/airflow/.local/lib/python3.7/site-packages/airflow/example_dags/example_external_task_marker_dag.py
[2022-11-07T17:11:00.627+0000] {logging_mixin.py:120} INFO - [2022-11-07T17:11:00.626+0000] {dag.py:2585} INFO - Sync 2 DAGs
[2022-11-07T17:11:00.679+0000] {logging_mixin.py:120} INFO - [2022-11-07T17:11:00.679+0000] {dag.py:3340} INFO - Setting next_dagrun for example_external_task_marker_child to None, run_after=None
[2022-11-07T17:11:00.689+0000] {logging_mixin.py:120} INFO - [2022-11-07T17:11:00.689+0000] {dag.py:3340} INFO - Setting next_dagrun for example_external_task_marker_parent to None, run_after=None
[2022-11-07T17:11:00.785+0000] {processor.py:176} INFO - Processing /home/airflow/.local/lib/python3.7/site-packages/airflow/example_dags/example_external_task_marker_dag.py took 1.144 seconds
[2022-11-07T17:11:31.349+0000] {processor.py:154} INFO - Started process (PID=52271) to work on /home/airflow/.local/lib/python3.7/site-packages/airflow/example_dags/example_external_task_marker_dag.py
[2022-11-07T17:11:31.350+0000] {processor.py:756} INFO - Processing file /home/airflow/.local/lib/python3.7/site-packages/airflow/example_dags/example_external_task_marker_dag.py for tasks to queue
[2022-11-07T17:11:31.351+0000] {logging_mixin.py:120} INFO - [2022-11-07T17:11:31.351+0000] {dagbag.py:537} INFO - Filling up the DagBag from /home/airflow/.local/lib/python3.7/site-packages/airflow/example_dags/example_external_task_marker_dag.py
[2022-11-07T17:11:31.364+0000] {processor.py:766} INFO - DAG(s) dict_keys(['example_external_task_marker_child', 'example_external_task_marker_parent']) retrieved from /home/airflow/.local/lib/python3.7/site-packages/airflow/example_dags/example_external_task_marker_dag.py
[2022-11-07T17:11:31.468+0000] {logging_mixin.py:120} INFO - [2022-11-07T17:11:31.468+0000] {dag.py:2585} INFO - Sync 2 DAGs
[2022-11-07T17:11:31.574+0000] {logging_mixin.py:120} INFO - [2022-11-07T17:11:31.574+0000] {dag.py:3340} INFO - Setting next_dagrun for example_external_task_marker_child to None, run_after=None
[2022-11-07T17:11:31.578+0000] {logging_mixin.py:120} INFO - [2022-11-07T17:11:31.578+0000] {dag.py:3340} INFO - Setting next_dagrun for example_external_task_marker_parent to None, run_after=None
[2022-11-07T17:11:31.593+0000] {processor.py:176} INFO - Processing /home/airflow/.local/lib/python3.7/site-packages/airflow/example_dags/example_external_task_marker_dag.py took 0.247 seconds
[2022-11-07T17:12:01.808+0000] {processor.py:154} INFO - Started process (PID=52335) to work on /home/airflow/.local/lib/python3.7/site-packages/airflow/example_dags/example_external_task_marker_dag.py
[2022-11-07T17:12:01.812+0000] {processor.py:756} INFO - Processing file /home/airflow/.local/lib/python3.7/site-packages/airflow/example_dags/example_external_task_marker_dag.py for tasks to queue
[2022-11-07T17:12:01.814+0000] {logging_mixin.py:120} INFO - [2022-11-07T17:12:01.814+0000] {dagbag.py:537} INFO - Filling up the DagBag from /home/airflow/.local/lib/python3.7/site-packages/airflow/example_dags/example_external_task_marker_dag.py
[2022-11-07T17:12:01.834+0000] {processor.py:766} INFO - DAG(s) dict_keys(['example_external_task_marker_child', 'example_external_task_marker_parent']) retrieved from /home/airflow/.local/lib/python3.7/site-packages/airflow/example_dags/example_external_task_marker_dag.py
[2022-11-07T17:12:01.970+0000] {logging_mixin.py:120} INFO - [2022-11-07T17:12:01.970+0000] {dag.py:2585} INFO - Sync 2 DAGs
[2022-11-07T17:12:02.091+0000] {logging_mixin.py:120} INFO - [2022-11-07T17:12:02.091+0000] {dag.py:3340} INFO - Setting next_dagrun for example_external_task_marker_child to None, run_after=None
[2022-11-07T17:12:02.094+0000] {logging_mixin.py:120} INFO - [2022-11-07T17:12:02.094+0000] {dag.py:3340} INFO - Setting next_dagrun for example_external_task_marker_parent to None, run_after=None
[2022-11-07T17:12:02.105+0000] {processor.py:176} INFO - Processing /home/airflow/.local/lib/python3.7/site-packages/airflow/example_dags/example_external_task_marker_dag.py took 0.299 seconds
[2022-11-07T17:12:32.226+0000] {processor.py:154} INFO - Started process (PID=52395) to work on /home/airflow/.local/lib/python3.7/site-packages/airflow/example_dags/example_external_task_marker_dag.py
[2022-11-07T17:12:32.227+0000] {processor.py:756} INFO - Processing file /home/airflow/.local/lib/python3.7/site-packages/airflow/example_dags/example_external_task_marker_dag.py for tasks to queue
[2022-11-07T17:12:32.228+0000] {logging_mixin.py:120} INFO - [2022-11-07T17:12:32.228+0000] {dagbag.py:537} INFO - Filling up the DagBag from /home/airflow/.local/lib/python3.7/site-packages/airflow/example_dags/example_external_task_marker_dag.py
[2022-11-07T17:12:32.238+0000] {processor.py:766} INFO - DAG(s) dict_keys(['example_external_task_marker_child', 'example_external_task_marker_parent']) retrieved from /home/airflow/.local/lib/python3.7/site-packages/airflow/example_dags/example_external_task_marker_dag.py
[2022-11-07T17:12:32.424+0000] {logging_mixin.py:120} INFO - [2022-11-07T17:12:32.424+0000] {dag.py:2585} INFO - Sync 2 DAGs
[2022-11-07T17:12:32.437+0000] {logging_mixin.py:120} INFO - [2022-11-07T17:12:32.437+0000] {dag.py:3340} INFO - Setting next_dagrun for example_external_task_marker_child to None, run_after=None
[2022-11-07T17:12:32.439+0000] {logging_mixin.py:120} INFO - [2022-11-07T17:12:32.439+0000] {dag.py:3340} INFO - Setting next_dagrun for example_external_task_marker_parent to None, run_after=None
[2022-11-07T17:12:32.448+0000] {processor.py:176} INFO - Processing /home/airflow/.local/lib/python3.7/site-packages/airflow/example_dags/example_external_task_marker_dag.py took 0.225 seconds
[2022-11-07T17:13:03.002+0000] {processor.py:154} INFO - Started process (PID=52463) to work on /home/airflow/.local/lib/python3.7/site-packages/airflow/example_dags/example_external_task_marker_dag.py
[2022-11-07T17:13:03.007+0000] {processor.py:756} INFO - Processing file /home/airflow/.local/lib/python3.7/site-packages/airflow/example_dags/example_external_task_marker_dag.py for tasks to queue
[2022-11-07T17:13:03.009+0000] {logging_mixin.py:120} INFO - [2022-11-07T17:13:03.009+0000] {dagbag.py:537} INFO - Filling up the DagBag from /home/airflow/.local/lib/python3.7/site-packages/airflow/example_dags/example_external_task_marker_dag.py
[2022-11-07T17:13:03.025+0000] {processor.py:766} INFO - DAG(s) dict_keys(['example_external_task_marker_child', 'example_external_task_marker_parent']) retrieved from /home/airflow/.local/lib/python3.7/site-packages/airflow/example_dags/example_external_task_marker_dag.py
[2022-11-07T17:13:03.138+0000] {logging_mixin.py:120} INFO - [2022-11-07T17:13:03.138+0000] {dag.py:2585} INFO - Sync 2 DAGs
[2022-11-07T17:13:03.155+0000] {logging_mixin.py:120} INFO - [2022-11-07T17:13:03.155+0000] {dag.py:3340} INFO - Setting next_dagrun for example_external_task_marker_child to None, run_after=None
[2022-11-07T17:13:03.158+0000] {logging_mixin.py:120} INFO - [2022-11-07T17:13:03.158+0000] {dag.py:3340} INFO - Setting next_dagrun for example_external_task_marker_parent to None, run_after=None
[2022-11-07T17:13:03.170+0000] {processor.py:176} INFO - Processing /home/airflow/.local/lib/python3.7/site-packages/airflow/example_dags/example_external_task_marker_dag.py took 0.172 seconds
[2022-11-07T17:13:33.999+0000] {processor.py:154} INFO - Started process (PID=52529) to work on /home/airflow/.local/lib/python3.7/site-packages/airflow/example_dags/example_external_task_marker_dag.py
[2022-11-07T17:13:34.003+0000] {processor.py:756} INFO - Processing file /home/airflow/.local/lib/python3.7/site-packages/airflow/example_dags/example_external_task_marker_dag.py for tasks to queue
[2022-11-07T17:13:34.014+0000] {logging_mixin.py:120} INFO - [2022-11-07T17:13:34.014+0000] {dagbag.py:537} INFO - Filling up the DagBag from /home/airflow/.local/lib/python3.7/site-packages/airflow/example_dags/example_external_task_marker_dag.py
[2022-11-07T17:13:34.029+0000] {processor.py:766} INFO - DAG(s) dict_keys(['example_external_task_marker_child', 'example_external_task_marker_parent']) retrieved from /home/airflow/.local/lib/python3.7/site-packages/airflow/example_dags/example_external_task_marker_dag.py
[2022-11-07T17:13:34.139+0000] {logging_mixin.py:120} INFO - [2022-11-07T17:13:34.139+0000] {dag.py:2585} INFO - Sync 2 DAGs
[2022-11-07T17:13:34.274+0000] {logging_mixin.py:120} INFO - [2022-11-07T17:13:34.274+0000] {dag.py:3340} INFO - Setting next_dagrun for example_external_task_marker_child to None, run_after=None
[2022-11-07T17:13:34.278+0000] {logging_mixin.py:120} INFO - [2022-11-07T17:13:34.278+0000] {dag.py:3340} INFO - Setting next_dagrun for example_external_task_marker_parent to None, run_after=None
[2022-11-07T17:13:34.295+0000] {processor.py:176} INFO - Processing /home/airflow/.local/lib/python3.7/site-packages/airflow/example_dags/example_external_task_marker_dag.py took 0.302 seconds
[2022-11-07T17:14:04.408+0000] {processor.py:154} INFO - Started process (PID=52596) to work on /home/airflow/.local/lib/python3.7/site-packages/airflow/example_dags/example_external_task_marker_dag.py
[2022-11-07T17:14:04.410+0000] {processor.py:756} INFO - Processing file /home/airflow/.local/lib/python3.7/site-packages/airflow/example_dags/example_external_task_marker_dag.py for tasks to queue
[2022-11-07T17:14:04.412+0000] {logging_mixin.py:120} INFO - [2022-11-07T17:14:04.412+0000] {dagbag.py:537} INFO - Filling up the DagBag from /home/airflow/.local/lib/python3.7/site-packages/airflow/example_dags/example_external_task_marker_dag.py
[2022-11-07T17:14:04.426+0000] {processor.py:766} INFO - DAG(s) dict_keys(['example_external_task_marker_child', 'example_external_task_marker_parent']) retrieved from /home/airflow/.local/lib/python3.7/site-packages/airflow/example_dags/example_external_task_marker_dag.py
[2022-11-07T17:14:04.527+0000] {logging_mixin.py:120} INFO - [2022-11-07T17:14:04.527+0000] {dag.py:2585} INFO - Sync 2 DAGs
[2022-11-07T17:14:04.644+0000] {logging_mixin.py:120} INFO - [2022-11-07T17:14:04.644+0000] {dag.py:3340} INFO - Setting next_dagrun for example_external_task_marker_child to None, run_after=None
[2022-11-07T17:14:04.651+0000] {logging_mixin.py:120} INFO - [2022-11-07T17:14:04.650+0000] {dag.py:3340} INFO - Setting next_dagrun for example_external_task_marker_parent to None, run_after=None
[2022-11-07T17:14:04.671+0000] {processor.py:176} INFO - Processing /home/airflow/.local/lib/python3.7/site-packages/airflow/example_dags/example_external_task_marker_dag.py took 0.269 seconds
[2022-11-07T17:14:34.951+0000] {processor.py:154} INFO - Started process (PID=52664) to work on /home/airflow/.local/lib/python3.7/site-packages/airflow/example_dags/example_external_task_marker_dag.py
[2022-11-07T17:14:34.953+0000] {processor.py:756} INFO - Processing file /home/airflow/.local/lib/python3.7/site-packages/airflow/example_dags/example_external_task_marker_dag.py for tasks to queue
[2022-11-07T17:14:34.954+0000] {logging_mixin.py:120} INFO - [2022-11-07T17:14:34.954+0000] {dagbag.py:537} INFO - Filling up the DagBag from /home/airflow/.local/lib/python3.7/site-packages/airflow/example_dags/example_external_task_marker_dag.py
[2022-11-07T17:14:34.969+0000] {processor.py:766} INFO - DAG(s) dict_keys(['example_external_task_marker_child', 'example_external_task_marker_parent']) retrieved from /home/airflow/.local/lib/python3.7/site-packages/airflow/example_dags/example_external_task_marker_dag.py
[2022-11-07T17:14:35.211+0000] {logging_mixin.py:120} INFO - [2022-11-07T17:14:35.211+0000] {dag.py:2585} INFO - Sync 2 DAGs
[2022-11-07T17:14:35.228+0000] {logging_mixin.py:120} INFO - [2022-11-07T17:14:35.228+0000] {dag.py:3340} INFO - Setting next_dagrun for example_external_task_marker_child to None, run_after=None
[2022-11-07T17:14:35.231+0000] {logging_mixin.py:120} INFO - [2022-11-07T17:14:35.231+0000] {dag.py:3340} INFO - Setting next_dagrun for example_external_task_marker_parent to None, run_after=None
[2022-11-07T17:14:35.245+0000] {processor.py:176} INFO - Processing /home/airflow/.local/lib/python3.7/site-packages/airflow/example_dags/example_external_task_marker_dag.py took 0.297 seconds
[2022-11-07T17:21:23.877+0000] {processor.py:154} INFO - Started process (PID=52722) to work on /home/airflow/.local/lib/python3.7/site-packages/airflow/example_dags/example_external_task_marker_dag.py
[2022-11-07T17:21:23.879+0000] {processor.py:756} INFO - Processing file /home/airflow/.local/lib/python3.7/site-packages/airflow/example_dags/example_external_task_marker_dag.py for tasks to queue
[2022-11-07T17:21:23.887+0000] {logging_mixin.py:120} INFO - [2022-11-07T17:21:23.887+0000] {dagbag.py:537} INFO - Filling up the DagBag from /home/airflow/.local/lib/python3.7/site-packages/airflow/example_dags/example_external_task_marker_dag.py
[2022-11-07T17:21:23.898+0000] {processor.py:766} INFO - DAG(s) dict_keys(['example_external_task_marker_child', 'example_external_task_marker_parent']) retrieved from /home/airflow/.local/lib/python3.7/site-packages/airflow/example_dags/example_external_task_marker_dag.py
[2022-11-07T17:21:24.114+0000] {logging_mixin.py:120} INFO - [2022-11-07T17:21:24.114+0000] {dag.py:2585} INFO - Sync 2 DAGs
[2022-11-07T17:21:24.129+0000] {logging_mixin.py:120} INFO - [2022-11-07T17:21:24.128+0000] {dag.py:3340} INFO - Setting next_dagrun for example_external_task_marker_child to None, run_after=None
[2022-11-07T17:21:24.132+0000] {logging_mixin.py:120} INFO - [2022-11-07T17:21:24.132+0000] {dag.py:3340} INFO - Setting next_dagrun for example_external_task_marker_parent to None, run_after=None
[2022-11-07T17:21:24.150+0000] {processor.py:176} INFO - Processing /home/airflow/.local/lib/python3.7/site-packages/airflow/example_dags/example_external_task_marker_dag.py took 0.276 seconds
[2022-11-07T17:53:22.412+0000] {processor.py:154} INFO - Started process (PID=52791) to work on /home/airflow/.local/lib/python3.7/site-packages/airflow/example_dags/example_external_task_marker_dag.py
[2022-11-07T17:53:22.414+0000] {processor.py:756} INFO - Processing file /home/airflow/.local/lib/python3.7/site-packages/airflow/example_dags/example_external_task_marker_dag.py for tasks to queue
[2022-11-07T17:53:22.415+0000] {logging_mixin.py:120} INFO - [2022-11-07T17:53:22.415+0000] {dagbag.py:537} INFO - Filling up the DagBag from /home/airflow/.local/lib/python3.7/site-packages/airflow/example_dags/example_external_task_marker_dag.py
[2022-11-07T17:53:22.432+0000] {processor.py:766} INFO - DAG(s) dict_keys(['example_external_task_marker_parent', 'example_external_task_marker_child']) retrieved from /home/airflow/.local/lib/python3.7/site-packages/airflow/example_dags/example_external_task_marker_dag.py
[2022-11-07T17:53:22.739+0000] {logging_mixin.py:120} INFO - [2022-11-07T17:53:22.739+0000] {dag.py:2585} INFO - Sync 2 DAGs
[2022-11-07T17:53:22.896+0000] {logging_mixin.py:120} INFO - [2022-11-07T17:53:22.896+0000] {dag.py:3340} INFO - Setting next_dagrun for example_external_task_marker_child to None, run_after=None
[2022-11-07T17:53:22.902+0000] {logging_mixin.py:120} INFO - [2022-11-07T17:53:22.902+0000] {dag.py:3340} INFO - Setting next_dagrun for example_external_task_marker_parent to None, run_after=None
[2022-11-07T17:53:22.918+0000] {processor.py:176} INFO - Processing /home/airflow/.local/lib/python3.7/site-packages/airflow/example_dags/example_external_task_marker_dag.py took 0.510 seconds
[2022-11-07T18:20:23.826+0000] {processor.py:154} INFO - Started process (PID=52858) to work on /home/airflow/.local/lib/python3.7/site-packages/airflow/example_dags/example_external_task_marker_dag.py
[2022-11-07T18:20:23.830+0000] {processor.py:756} INFO - Processing file /home/airflow/.local/lib/python3.7/site-packages/airflow/example_dags/example_external_task_marker_dag.py for tasks to queue
[2022-11-07T18:20:23.831+0000] {logging_mixin.py:120} INFO - [2022-11-07T18:20:23.831+0000] {dagbag.py:537} INFO - Filling up the DagBag from /home/airflow/.local/lib/python3.7/site-packages/airflow/example_dags/example_external_task_marker_dag.py
[2022-11-07T18:20:23.856+0000] {processor.py:766} INFO - DAG(s) dict_keys(['example_external_task_marker_child', 'example_external_task_marker_parent']) retrieved from /home/airflow/.local/lib/python3.7/site-packages/airflow/example_dags/example_external_task_marker_dag.py
[2022-11-07T18:20:24.180+0000] {logging_mixin.py:120} INFO - [2022-11-07T18:20:24.179+0000] {dag.py:2585} INFO - Sync 2 DAGs
[2022-11-07T18:20:24.201+0000] {logging_mixin.py:120} INFO - [2022-11-07T18:20:24.200+0000] {dag.py:3340} INFO - Setting next_dagrun for example_external_task_marker_child to None, run_after=None
[2022-11-07T18:20:24.205+0000] {logging_mixin.py:120} INFO - [2022-11-07T18:20:24.205+0000] {dag.py:3340} INFO - Setting next_dagrun for example_external_task_marker_parent to None, run_after=None
[2022-11-07T18:20:24.217+0000] {processor.py:176} INFO - Processing /home/airflow/.local/lib/python3.7/site-packages/airflow/example_dags/example_external_task_marker_dag.py took 0.396 seconds
[2022-11-07T19:15:56.266+0000] {processor.py:154} INFO - Started process (PID=52925) to work on /home/airflow/.local/lib/python3.7/site-packages/airflow/example_dags/example_external_task_marker_dag.py
[2022-11-07T19:15:56.268+0000] {processor.py:756} INFO - Processing file /home/airflow/.local/lib/python3.7/site-packages/airflow/example_dags/example_external_task_marker_dag.py for tasks to queue
[2022-11-07T19:15:56.270+0000] {logging_mixin.py:120} INFO - [2022-11-07T19:15:56.269+0000] {dagbag.py:537} INFO - Filling up the DagBag from /home/airflow/.local/lib/python3.7/site-packages/airflow/example_dags/example_external_task_marker_dag.py
[2022-11-07T19:15:56.286+0000] {processor.py:766} INFO - DAG(s) dict_keys(['example_external_task_marker_child', 'example_external_task_marker_parent']) retrieved from /home/airflow/.local/lib/python3.7/site-packages/airflow/example_dags/example_external_task_marker_dag.py
[2022-11-07T19:15:56.763+0000] {logging_mixin.py:120} INFO - [2022-11-07T19:15:56.763+0000] {dag.py:2585} INFO - Sync 2 DAGs
[2022-11-07T19:15:56.784+0000] {logging_mixin.py:120} INFO - [2022-11-07T19:15:56.784+0000] {dag.py:3340} INFO - Setting next_dagrun for example_external_task_marker_child to None, run_after=None
[2022-11-07T19:15:56.789+0000] {logging_mixin.py:120} INFO - [2022-11-07T19:15:56.788+0000] {dag.py:3340} INFO - Setting next_dagrun for example_external_task_marker_parent to None, run_after=None
[2022-11-07T19:15:56.804+0000] {processor.py:176} INFO - Processing /home/airflow/.local/lib/python3.7/site-packages/airflow/example_dags/example_external_task_marker_dag.py took 0.541 seconds
[2022-11-07T19:44:46.472+0000] {processor.py:154} INFO - Started process (PID=52981) to work on /home/airflow/.local/lib/python3.7/site-packages/airflow/example_dags/example_external_task_marker_dag.py
[2022-11-07T19:44:46.474+0000] {processor.py:756} INFO - Processing file /home/airflow/.local/lib/python3.7/site-packages/airflow/example_dags/example_external_task_marker_dag.py for tasks to queue
[2022-11-07T19:44:46.480+0000] {logging_mixin.py:120} INFO - [2022-11-07T19:44:46.479+0000] {dagbag.py:537} INFO - Filling up the DagBag from /home/airflow/.local/lib/python3.7/site-packages/airflow/example_dags/example_external_task_marker_dag.py
[2022-11-07T19:44:46.502+0000] {processor.py:766} INFO - DAG(s) dict_keys(['example_external_task_marker_child', 'example_external_task_marker_parent']) retrieved from /home/airflow/.local/lib/python3.7/site-packages/airflow/example_dags/example_external_task_marker_dag.py
[2022-11-07T19:44:46.766+0000] {logging_mixin.py:120} INFO - [2022-11-07T19:44:46.766+0000] {dag.py:2585} INFO - Sync 2 DAGs
[2022-11-07T19:44:46.800+0000] {logging_mixin.py:120} INFO - [2022-11-07T19:44:46.800+0000] {dag.py:3340} INFO - Setting next_dagrun for example_external_task_marker_child to None, run_after=None
[2022-11-07T19:44:46.806+0000] {logging_mixin.py:120} INFO - [2022-11-07T19:44:46.806+0000] {dag.py:3340} INFO - Setting next_dagrun for example_external_task_marker_parent to None, run_after=None
[2022-11-07T19:44:46.837+0000] {processor.py:176} INFO - Processing /home/airflow/.local/lib/python3.7/site-packages/airflow/example_dags/example_external_task_marker_dag.py took 0.372 seconds
[2022-11-07T20:51:27.429+0000] {processor.py:154} INFO - Started process (PID=53047) to work on /home/airflow/.local/lib/python3.7/site-packages/airflow/example_dags/example_external_task_marker_dag.py
[2022-11-07T20:51:27.430+0000] {processor.py:756} INFO - Processing file /home/airflow/.local/lib/python3.7/site-packages/airflow/example_dags/example_external_task_marker_dag.py for tasks to queue
[2022-11-07T20:51:27.432+0000] {logging_mixin.py:120} INFO - [2022-11-07T20:51:27.432+0000] {dagbag.py:537} INFO - Filling up the DagBag from /home/airflow/.local/lib/python3.7/site-packages/airflow/example_dags/example_external_task_marker_dag.py
[2022-11-07T20:51:27.446+0000] {processor.py:766} INFO - DAG(s) dict_keys(['example_external_task_marker_child', 'example_external_task_marker_parent']) retrieved from /home/airflow/.local/lib/python3.7/site-packages/airflow/example_dags/example_external_task_marker_dag.py
[2022-11-07T20:51:27.572+0000] {logging_mixin.py:120} INFO - [2022-11-07T20:51:27.572+0000] {dag.py:2585} INFO - Sync 2 DAGs
[2022-11-07T20:51:27.697+0000] {logging_mixin.py:120} INFO - [2022-11-07T20:51:27.697+0000] {dag.py:3340} INFO - Setting next_dagrun for example_external_task_marker_child to None, run_after=None
[2022-11-07T20:51:27.701+0000] {logging_mixin.py:120} INFO - [2022-11-07T20:51:27.701+0000] {dag.py:3340} INFO - Setting next_dagrun for example_external_task_marker_parent to None, run_after=None
[2022-11-07T20:51:27.713+0000] {processor.py:176} INFO - Processing /home/airflow/.local/lib/python3.7/site-packages/airflow/example_dags/example_external_task_marker_dag.py took 0.287 seconds
[2022-11-07T21:44:45.662+0000] {processor.py:154} INFO - Started process (PID=53106) to work on /home/airflow/.local/lib/python3.7/site-packages/airflow/example_dags/example_external_task_marker_dag.py
[2022-11-07T21:44:45.665+0000] {processor.py:756} INFO - Processing file /home/airflow/.local/lib/python3.7/site-packages/airflow/example_dags/example_external_task_marker_dag.py for tasks to queue
[2022-11-07T21:44:45.667+0000] {logging_mixin.py:120} INFO - [2022-11-07T21:44:45.667+0000] {dagbag.py:537} INFO - Filling up the DagBag from /home/airflow/.local/lib/python3.7/site-packages/airflow/example_dags/example_external_task_marker_dag.py
[2022-11-07T21:44:45.683+0000] {processor.py:766} INFO - DAG(s) dict_keys(['example_external_task_marker_child', 'example_external_task_marker_parent']) retrieved from /home/airflow/.local/lib/python3.7/site-packages/airflow/example_dags/example_external_task_marker_dag.py
[2022-11-07T21:44:45.910+0000] {logging_mixin.py:120} INFO - [2022-11-07T21:44:45.910+0000] {dag.py:2585} INFO - Sync 2 DAGs
[2022-11-07T21:44:45.927+0000] {logging_mixin.py:120} INFO - [2022-11-07T21:44:45.927+0000] {dag.py:3340} INFO - Setting next_dagrun for example_external_task_marker_child to None, run_after=None
[2022-11-07T21:44:45.930+0000] {logging_mixin.py:120} INFO - [2022-11-07T21:44:45.930+0000] {dag.py:3340} INFO - Setting next_dagrun for example_external_task_marker_parent to None, run_after=None
[2022-11-07T21:44:45.954+0000] {processor.py:176} INFO - Processing /home/airflow/.local/lib/python3.7/site-packages/airflow/example_dags/example_external_task_marker_dag.py took 0.296 seconds
[2022-11-07T22:48:52.478+0000] {processor.py:154} INFO - Started process (PID=53178) to work on /home/airflow/.local/lib/python3.7/site-packages/airflow/example_dags/example_external_task_marker_dag.py
[2022-11-07T22:48:52.481+0000] {processor.py:756} INFO - Processing file /home/airflow/.local/lib/python3.7/site-packages/airflow/example_dags/example_external_task_marker_dag.py for tasks to queue
[2022-11-07T22:48:52.483+0000] {logging_mixin.py:120} INFO - [2022-11-07T22:48:52.483+0000] {dagbag.py:537} INFO - Filling up the DagBag from /home/airflow/.local/lib/python3.7/site-packages/airflow/example_dags/example_external_task_marker_dag.py
[2022-11-07T22:48:52.513+0000] {processor.py:766} INFO - DAG(s) dict_keys(['example_external_task_marker_child', 'example_external_task_marker_parent']) retrieved from /home/airflow/.local/lib/python3.7/site-packages/airflow/example_dags/example_external_task_marker_dag.py
[2022-11-07T22:48:52.948+0000] {logging_mixin.py:120} INFO - [2022-11-07T22:48:52.948+0000] {dag.py:2585} INFO - Sync 2 DAGs
[2022-11-07T22:48:52.982+0000] {logging_mixin.py:120} INFO - [2022-11-07T22:48:52.982+0000] {dag.py:3340} INFO - Setting next_dagrun for example_external_task_marker_child to None, run_after=None
[2022-11-07T22:48:52.987+0000] {logging_mixin.py:120} INFO - [2022-11-07T22:48:52.986+0000] {dag.py:3340} INFO - Setting next_dagrun for example_external_task_marker_parent to None, run_after=None
[2022-11-07T22:48:53.010+0000] {processor.py:176} INFO - Processing /home/airflow/.local/lib/python3.7/site-packages/airflow/example_dags/example_external_task_marker_dag.py took 0.535 seconds
[2022-11-07T23:21:16.803+0000] {processor.py:154} INFO - Started process (PID=53238) to work on /home/airflow/.local/lib/python3.7/site-packages/airflow/example_dags/example_external_task_marker_dag.py
[2022-11-07T23:21:16.808+0000] {processor.py:756} INFO - Processing file /home/airflow/.local/lib/python3.7/site-packages/airflow/example_dags/example_external_task_marker_dag.py for tasks to queue
[2022-11-07T23:21:16.810+0000] {logging_mixin.py:120} INFO - [2022-11-07T23:21:16.809+0000] {dagbag.py:537} INFO - Filling up the DagBag from /home/airflow/.local/lib/python3.7/site-packages/airflow/example_dags/example_external_task_marker_dag.py
[2022-11-07T23:21:16.836+0000] {processor.py:766} INFO - DAG(s) dict_keys(['example_external_task_marker_parent', 'example_external_task_marker_child']) retrieved from /home/airflow/.local/lib/python3.7/site-packages/airflow/example_dags/example_external_task_marker_dag.py
[2022-11-07T23:21:17.307+0000] {logging_mixin.py:120} INFO - [2022-11-07T23:21:17.307+0000] {dag.py:2585} INFO - Sync 2 DAGs
[2022-11-07T23:21:17.348+0000] {logging_mixin.py:120} INFO - [2022-11-07T23:21:17.348+0000] {dag.py:3340} INFO - Setting next_dagrun for example_external_task_marker_child to None, run_after=None
[2022-11-07T23:21:17.541+0000] {logging_mixin.py:120} INFO - [2022-11-07T23:21:17.541+0000] {dag.py:3340} INFO - Setting next_dagrun for example_external_task_marker_parent to None, run_after=None
[2022-11-07T23:21:17.556+0000] {processor.py:176} INFO - Processing /home/airflow/.local/lib/python3.7/site-packages/airflow/example_dags/example_external_task_marker_dag.py took 0.760 seconds
[2022-11-07T23:59:01.216+0000] {processor.py:154} INFO - Started process (PID=53305) to work on /home/airflow/.local/lib/python3.7/site-packages/airflow/example_dags/example_external_task_marker_dag.py
[2022-11-07T23:59:01.217+0000] {processor.py:756} INFO - Processing file /home/airflow/.local/lib/python3.7/site-packages/airflow/example_dags/example_external_task_marker_dag.py for tasks to queue
[2022-11-07T23:59:01.219+0000] {logging_mixin.py:120} INFO - [2022-11-07T23:59:01.218+0000] {dagbag.py:537} INFO - Filling up the DagBag from /home/airflow/.local/lib/python3.7/site-packages/airflow/example_dags/example_external_task_marker_dag.py
[2022-11-07T23:59:01.232+0000] {processor.py:766} INFO - DAG(s) dict_keys(['example_external_task_marker_parent', 'example_external_task_marker_child']) retrieved from /home/airflow/.local/lib/python3.7/site-packages/airflow/example_dags/example_external_task_marker_dag.py
[2022-11-07T23:59:01.478+0000] {logging_mixin.py:120} INFO - [2022-11-07T23:59:01.478+0000] {dag.py:2585} INFO - Sync 2 DAGs
[2022-11-07T23:59:01.494+0000] {logging_mixin.py:120} INFO - [2022-11-07T23:59:01.494+0000] {dag.py:3340} INFO - Setting next_dagrun for example_external_task_marker_child to None, run_after=None
[2022-11-07T23:59:01.497+0000] {logging_mixin.py:120} INFO - [2022-11-07T23:59:01.497+0000] {dag.py:3340} INFO - Setting next_dagrun for example_external_task_marker_parent to None, run_after=None
[2022-11-07T23:59:01.509+0000] {processor.py:176} INFO - Processing /home/airflow/.local/lib/python3.7/site-packages/airflow/example_dags/example_external_task_marker_dag.py took 0.297 seconds
