[2022-11-07T17:10:57.783+0000] {processor.py:154} INFO - Started process (PID=52196) to work on /home/airflow/.local/lib/python3.7/site-packages/airflow/example_dags/example_kubernetes_executor.py
[2022-11-07T17:10:57.788+0000] {processor.py:756} INFO - Processing file /home/airflow/.local/lib/python3.7/site-packages/airflow/example_dags/example_kubernetes_executor.py for tasks to queue
[2022-11-07T17:10:57.795+0000] {logging_mixin.py:120} INFO - [2022-11-07T17:10:57.795+0000] {dagbag.py:537} INFO - Filling up the DagBag from /home/airflow/.local/lib/python3.7/site-packages/airflow/example_dags/example_kubernetes_executor.py
[2022-11-07T17:10:57.885+0000] {processor.py:766} INFO - DAG(s) dict_keys(['example_kubernetes_executor']) retrieved from /home/airflow/.local/lib/python3.7/site-packages/airflow/example_dags/example_kubernetes_executor.py
[2022-11-07T17:10:57.979+0000] {logging_mixin.py:120} INFO - [2022-11-07T17:10:57.978+0000] {dag.py:2585} INFO - Sync 1 DAGs
[2022-11-07T17:10:58.070+0000] {logging_mixin.py:120} INFO - [2022-11-07T17:10:58.070+0000] {dag.py:3340} INFO - Setting next_dagrun for example_kubernetes_executor to None, run_after=None
[2022-11-07T17:10:58.112+0000] {processor.py:176} INFO - Processing /home/airflow/.local/lib/python3.7/site-packages/airflow/example_dags/example_kubernetes_executor.py took 0.341 seconds
[2022-11-07T17:11:28.366+0000] {processor.py:154} INFO - Started process (PID=52253) to work on /home/airflow/.local/lib/python3.7/site-packages/airflow/example_dags/example_kubernetes_executor.py
[2022-11-07T17:11:28.367+0000] {processor.py:756} INFO - Processing file /home/airflow/.local/lib/python3.7/site-packages/airflow/example_dags/example_kubernetes_executor.py for tasks to queue
[2022-11-07T17:11:28.368+0000] {logging_mixin.py:120} INFO - [2022-11-07T17:11:28.368+0000] {dagbag.py:537} INFO - Filling up the DagBag from /home/airflow/.local/lib/python3.7/site-packages/airflow/example_dags/example_kubernetes_executor.py
[2022-11-07T17:11:28.389+0000] {processor.py:766} INFO - DAG(s) dict_keys(['example_kubernetes_executor']) retrieved from /home/airflow/.local/lib/python3.7/site-packages/airflow/example_dags/example_kubernetes_executor.py
[2022-11-07T17:11:28.422+0000] {logging_mixin.py:120} INFO - [2022-11-07T17:11:28.422+0000] {dag.py:2585} INFO - Sync 1 DAGs
[2022-11-07T17:11:28.440+0000] {logging_mixin.py:120} INFO - [2022-11-07T17:11:28.440+0000] {dag.py:3340} INFO - Setting next_dagrun for example_kubernetes_executor to None, run_after=None
[2022-11-07T17:11:28.566+0000] {processor.py:176} INFO - Processing /home/airflow/.local/lib/python3.7/site-packages/airflow/example_dags/example_kubernetes_executor.py took 0.203 seconds
[2022-11-07T17:11:59.652+0000] {processor.py:154} INFO - Started process (PID=52319) to work on /home/airflow/.local/lib/python3.7/site-packages/airflow/example_dags/example_kubernetes_executor.py
[2022-11-07T17:11:59.654+0000] {processor.py:756} INFO - Processing file /home/airflow/.local/lib/python3.7/site-packages/airflow/example_dags/example_kubernetes_executor.py for tasks to queue
[2022-11-07T17:11:59.655+0000] {logging_mixin.py:120} INFO - [2022-11-07T17:11:59.655+0000] {dagbag.py:537} INFO - Filling up the DagBag from /home/airflow/.local/lib/python3.7/site-packages/airflow/example_dags/example_kubernetes_executor.py
[2022-11-07T17:11:59.675+0000] {processor.py:766} INFO - DAG(s) dict_keys(['example_kubernetes_executor']) retrieved from /home/airflow/.local/lib/python3.7/site-packages/airflow/example_dags/example_kubernetes_executor.py
[2022-11-07T17:11:59.710+0000] {logging_mixin.py:120} INFO - [2022-11-07T17:11:59.710+0000] {dag.py:2585} INFO - Sync 1 DAGs
[2022-11-07T17:11:59.826+0000] {logging_mixin.py:120} INFO - [2022-11-07T17:11:59.826+0000] {dag.py:3340} INFO - Setting next_dagrun for example_kubernetes_executor to None, run_after=None
[2022-11-07T17:11:59.838+0000] {processor.py:176} INFO - Processing /home/airflow/.local/lib/python3.7/site-packages/airflow/example_dags/example_kubernetes_executor.py took 0.188 seconds
[2022-11-07T17:12:29.958+0000] {processor.py:154} INFO - Started process (PID=52387) to work on /home/airflow/.local/lib/python3.7/site-packages/airflow/example_dags/example_kubernetes_executor.py
[2022-11-07T17:12:29.961+0000] {processor.py:756} INFO - Processing file /home/airflow/.local/lib/python3.7/site-packages/airflow/example_dags/example_kubernetes_executor.py for tasks to queue
[2022-11-07T17:12:29.962+0000] {logging_mixin.py:120} INFO - [2022-11-07T17:12:29.962+0000] {dagbag.py:537} INFO - Filling up the DagBag from /home/airflow/.local/lib/python3.7/site-packages/airflow/example_dags/example_kubernetes_executor.py
[2022-11-07T17:12:29.983+0000] {processor.py:766} INFO - DAG(s) dict_keys(['example_kubernetes_executor']) retrieved from /home/airflow/.local/lib/python3.7/site-packages/airflow/example_dags/example_kubernetes_executor.py
[2022-11-07T17:12:30.114+0000] {logging_mixin.py:120} INFO - [2022-11-07T17:12:30.114+0000] {dag.py:2585} INFO - Sync 1 DAGs
[2022-11-07T17:12:30.128+0000] {logging_mixin.py:120} INFO - [2022-11-07T17:12:30.128+0000] {dag.py:3340} INFO - Setting next_dagrun for example_kubernetes_executor to None, run_after=None
[2022-11-07T17:12:30.140+0000] {processor.py:176} INFO - Processing /home/airflow/.local/lib/python3.7/site-packages/airflow/example_dags/example_kubernetes_executor.py took 0.184 seconds
[2022-11-07T17:13:00.353+0000] {processor.py:154} INFO - Started process (PID=52454) to work on /home/airflow/.local/lib/python3.7/site-packages/airflow/example_dags/example_kubernetes_executor.py
[2022-11-07T17:13:00.356+0000] {processor.py:756} INFO - Processing file /home/airflow/.local/lib/python3.7/site-packages/airflow/example_dags/example_kubernetes_executor.py for tasks to queue
[2022-11-07T17:13:00.358+0000] {logging_mixin.py:120} INFO - [2022-11-07T17:13:00.358+0000] {dagbag.py:537} INFO - Filling up the DagBag from /home/airflow/.local/lib/python3.7/site-packages/airflow/example_dags/example_kubernetes_executor.py
[2022-11-07T17:13:00.392+0000] {processor.py:766} INFO - DAG(s) dict_keys(['example_kubernetes_executor']) retrieved from /home/airflow/.local/lib/python3.7/site-packages/airflow/example_dags/example_kubernetes_executor.py
[2022-11-07T17:13:00.456+0000] {logging_mixin.py:120} INFO - [2022-11-07T17:13:00.456+0000] {dag.py:2585} INFO - Sync 1 DAGs
[2022-11-07T17:13:00.480+0000] {logging_mixin.py:120} INFO - [2022-11-07T17:13:00.480+0000] {dag.py:3340} INFO - Setting next_dagrun for example_kubernetes_executor to None, run_after=None
[2022-11-07T17:13:00.497+0000] {processor.py:176} INFO - Processing /home/airflow/.local/lib/python3.7/site-packages/airflow/example_dags/example_kubernetes_executor.py took 0.153 seconds
[2022-11-07T17:13:31.070+0000] {processor.py:154} INFO - Started process (PID=52520) to work on /home/airflow/.local/lib/python3.7/site-packages/airflow/example_dags/example_kubernetes_executor.py
[2022-11-07T17:13:31.072+0000] {processor.py:756} INFO - Processing file /home/airflow/.local/lib/python3.7/site-packages/airflow/example_dags/example_kubernetes_executor.py for tasks to queue
[2022-11-07T17:13:31.072+0000] {logging_mixin.py:120} INFO - [2022-11-07T17:13:31.072+0000] {dagbag.py:537} INFO - Filling up the DagBag from /home/airflow/.local/lib/python3.7/site-packages/airflow/example_dags/example_kubernetes_executor.py
[2022-11-07T17:13:31.093+0000] {processor.py:766} INFO - DAG(s) dict_keys(['example_kubernetes_executor']) retrieved from /home/airflow/.local/lib/python3.7/site-packages/airflow/example_dags/example_kubernetes_executor.py
[2022-11-07T17:13:31.124+0000] {logging_mixin.py:120} INFO - [2022-11-07T17:13:31.124+0000] {dag.py:2585} INFO - Sync 1 DAGs
[2022-11-07T17:13:31.141+0000] {logging_mixin.py:120} INFO - [2022-11-07T17:13:31.141+0000] {dag.py:3340} INFO - Setting next_dagrun for example_kubernetes_executor to None, run_after=None
[2022-11-07T17:13:31.264+0000] {processor.py:176} INFO - Processing /home/airflow/.local/lib/python3.7/site-packages/airflow/example_dags/example_kubernetes_executor.py took 0.197 seconds
[2022-11-07T17:14:01.936+0000] {processor.py:154} INFO - Started process (PID=52587) to work on /home/airflow/.local/lib/python3.7/site-packages/airflow/example_dags/example_kubernetes_executor.py
[2022-11-07T17:14:01.940+0000] {processor.py:756} INFO - Processing file /home/airflow/.local/lib/python3.7/site-packages/airflow/example_dags/example_kubernetes_executor.py for tasks to queue
[2022-11-07T17:14:01.941+0000] {logging_mixin.py:120} INFO - [2022-11-07T17:14:01.941+0000] {dagbag.py:537} INFO - Filling up the DagBag from /home/airflow/.local/lib/python3.7/site-packages/airflow/example_dags/example_kubernetes_executor.py
[2022-11-07T17:14:01.981+0000] {processor.py:766} INFO - DAG(s) dict_keys(['example_kubernetes_executor']) retrieved from /home/airflow/.local/lib/python3.7/site-packages/airflow/example_dags/example_kubernetes_executor.py
[2022-11-07T17:14:02.019+0000] {logging_mixin.py:120} INFO - [2022-11-07T17:14:02.019+0000] {dag.py:2585} INFO - Sync 1 DAGs
[2022-11-07T17:14:02.180+0000] {logging_mixin.py:120} INFO - [2022-11-07T17:14:02.180+0000] {dag.py:3340} INFO - Setting next_dagrun for example_kubernetes_executor to None, run_after=None
[2022-11-07T17:14:02.193+0000] {processor.py:176} INFO - Processing /home/airflow/.local/lib/python3.7/site-packages/airflow/example_dags/example_kubernetes_executor.py took 0.264 seconds
[2022-11-07T17:14:32.533+0000] {processor.py:154} INFO - Started process (PID=52645) to work on /home/airflow/.local/lib/python3.7/site-packages/airflow/example_dags/example_kubernetes_executor.py
[2022-11-07T17:14:32.535+0000] {processor.py:756} INFO - Processing file /home/airflow/.local/lib/python3.7/site-packages/airflow/example_dags/example_kubernetes_executor.py for tasks to queue
[2022-11-07T17:14:32.536+0000] {logging_mixin.py:120} INFO - [2022-11-07T17:14:32.536+0000] {dagbag.py:537} INFO - Filling up the DagBag from /home/airflow/.local/lib/python3.7/site-packages/airflow/example_dags/example_kubernetes_executor.py
[2022-11-07T17:14:32.557+0000] {processor.py:766} INFO - DAG(s) dict_keys(['example_kubernetes_executor']) retrieved from /home/airflow/.local/lib/python3.7/site-packages/airflow/example_dags/example_kubernetes_executor.py
[2022-11-07T17:14:32.688+0000] {logging_mixin.py:120} INFO - [2022-11-07T17:14:32.688+0000] {dag.py:2585} INFO - Sync 1 DAGs
[2022-11-07T17:14:32.703+0000] {logging_mixin.py:120} INFO - [2022-11-07T17:14:32.702+0000] {dag.py:3340} INFO - Setting next_dagrun for example_kubernetes_executor to None, run_after=None
[2022-11-07T17:14:32.714+0000] {processor.py:176} INFO - Processing /home/airflow/.local/lib/python3.7/site-packages/airflow/example_dags/example_kubernetes_executor.py took 0.184 seconds
[2022-11-07T17:21:23.064+0000] {processor.py:154} INFO - Started process (PID=52713) to work on /home/airflow/.local/lib/python3.7/site-packages/airflow/example_dags/example_kubernetes_executor.py
[2022-11-07T17:21:23.066+0000] {processor.py:756} INFO - Processing file /home/airflow/.local/lib/python3.7/site-packages/airflow/example_dags/example_kubernetes_executor.py for tasks to queue
[2022-11-07T17:21:23.067+0000] {logging_mixin.py:120} INFO - [2022-11-07T17:21:23.067+0000] {dagbag.py:537} INFO - Filling up the DagBag from /home/airflow/.local/lib/python3.7/site-packages/airflow/example_dags/example_kubernetes_executor.py
[2022-11-07T17:21:23.087+0000] {processor.py:766} INFO - DAG(s) dict_keys(['example_kubernetes_executor']) retrieved from /home/airflow/.local/lib/python3.7/site-packages/airflow/example_dags/example_kubernetes_executor.py
[2022-11-07T17:21:23.230+0000] {logging_mixin.py:120} INFO - [2022-11-07T17:21:23.229+0000] {dag.py:2585} INFO - Sync 1 DAGs
[2022-11-07T17:21:23.244+0000] {logging_mixin.py:120} INFO - [2022-11-07T17:21:23.244+0000] {dag.py:3340} INFO - Setting next_dagrun for example_kubernetes_executor to None, run_after=None
[2022-11-07T17:21:23.260+0000] {processor.py:176} INFO - Processing /home/airflow/.local/lib/python3.7/site-packages/airflow/example_dags/example_kubernetes_executor.py took 0.199 seconds
[2022-11-07T17:53:20.563+0000] {processor.py:154} INFO - Started process (PID=52782) to work on /home/airflow/.local/lib/python3.7/site-packages/airflow/example_dags/example_kubernetes_executor.py
[2022-11-07T17:53:20.569+0000] {processor.py:756} INFO - Processing file /home/airflow/.local/lib/python3.7/site-packages/airflow/example_dags/example_kubernetes_executor.py for tasks to queue
[2022-11-07T17:53:20.570+0000] {logging_mixin.py:120} INFO - [2022-11-07T17:53:20.570+0000] {dagbag.py:537} INFO - Filling up the DagBag from /home/airflow/.local/lib/python3.7/site-packages/airflow/example_dags/example_kubernetes_executor.py
[2022-11-07T17:53:20.617+0000] {processor.py:766} INFO - DAG(s) dict_keys(['example_kubernetes_executor']) retrieved from /home/airflow/.local/lib/python3.7/site-packages/airflow/example_dags/example_kubernetes_executor.py
[2022-11-07T17:53:20.690+0000] {logging_mixin.py:120} INFO - [2022-11-07T17:53:20.690+0000] {dag.py:2585} INFO - Sync 1 DAGs
[2022-11-07T17:53:20.943+0000] {logging_mixin.py:120} INFO - [2022-11-07T17:53:20.943+0000] {dag.py:3340} INFO - Setting next_dagrun for example_kubernetes_executor to None, run_after=None
[2022-11-07T17:53:20.964+0000] {processor.py:176} INFO - Processing /home/airflow/.local/lib/python3.7/site-packages/airflow/example_dags/example_kubernetes_executor.py took 0.406 seconds
[2022-11-07T18:20:21.695+0000] {processor.py:154} INFO - Started process (PID=52849) to work on /home/airflow/.local/lib/python3.7/site-packages/airflow/example_dags/example_kubernetes_executor.py
[2022-11-07T18:20:21.700+0000] {processor.py:756} INFO - Processing file /home/airflow/.local/lib/python3.7/site-packages/airflow/example_dags/example_kubernetes_executor.py for tasks to queue
[2022-11-07T18:20:21.702+0000] {logging_mixin.py:120} INFO - [2022-11-07T18:20:21.701+0000] {dagbag.py:537} INFO - Filling up the DagBag from /home/airflow/.local/lib/python3.7/site-packages/airflow/example_dags/example_kubernetes_executor.py
[2022-11-07T18:20:21.754+0000] {processor.py:766} INFO - DAG(s) dict_keys(['example_kubernetes_executor']) retrieved from /home/airflow/.local/lib/python3.7/site-packages/airflow/example_dags/example_kubernetes_executor.py
[2022-11-07T18:20:21.828+0000] {logging_mixin.py:120} INFO - [2022-11-07T18:20:21.828+0000] {dag.py:2585} INFO - Sync 1 DAGs
[2022-11-07T18:20:22.137+0000] {logging_mixin.py:120} INFO - [2022-11-07T18:20:22.137+0000] {dag.py:3340} INFO - Setting next_dagrun for example_kubernetes_executor to None, run_after=None
[2022-11-07T18:20:22.159+0000] {processor.py:176} INFO - Processing /home/airflow/.local/lib/python3.7/site-packages/airflow/example_dags/example_kubernetes_executor.py took 0.470 seconds
[2022-11-07T19:15:53.171+0000] {processor.py:154} INFO - Started process (PID=52907) to work on /home/airflow/.local/lib/python3.7/site-packages/airflow/example_dags/example_kubernetes_executor.py
[2022-11-07T19:15:53.173+0000] {processor.py:756} INFO - Processing file /home/airflow/.local/lib/python3.7/site-packages/airflow/example_dags/example_kubernetes_executor.py for tasks to queue
[2022-11-07T19:15:53.175+0000] {logging_mixin.py:120} INFO - [2022-11-07T19:15:53.174+0000] {dagbag.py:537} INFO - Filling up the DagBag from /home/airflow/.local/lib/python3.7/site-packages/airflow/example_dags/example_kubernetes_executor.py
[2022-11-07T19:15:53.216+0000] {processor.py:766} INFO - DAG(s) dict_keys(['example_kubernetes_executor']) retrieved from /home/airflow/.local/lib/python3.7/site-packages/airflow/example_dags/example_kubernetes_executor.py
[2022-11-07T19:15:53.457+0000] {logging_mixin.py:120} INFO - [2022-11-07T19:15:53.457+0000] {dag.py:2585} INFO - Sync 1 DAGs
[2022-11-07T19:15:53.483+0000] {logging_mixin.py:120} INFO - [2022-11-07T19:15:53.483+0000] {dag.py:3340} INFO - Setting next_dagrun for example_kubernetes_executor to None, run_after=None
[2022-11-07T19:15:53.513+0000] {processor.py:176} INFO - Processing /home/airflow/.local/lib/python3.7/site-packages/airflow/example_dags/example_kubernetes_executor.py took 0.345 seconds
[2022-11-07T19:44:45.382+0000] {processor.py:154} INFO - Started process (PID=52972) to work on /home/airflow/.local/lib/python3.7/site-packages/airflow/example_dags/example_kubernetes_executor.py
[2022-11-07T19:44:45.385+0000] {processor.py:756} INFO - Processing file /home/airflow/.local/lib/python3.7/site-packages/airflow/example_dags/example_kubernetes_executor.py for tasks to queue
[2022-11-07T19:44:45.386+0000] {logging_mixin.py:120} INFO - [2022-11-07T19:44:45.386+0000] {dagbag.py:537} INFO - Filling up the DagBag from /home/airflow/.local/lib/python3.7/site-packages/airflow/example_dags/example_kubernetes_executor.py
[2022-11-07T19:44:45.418+0000] {processor.py:766} INFO - DAG(s) dict_keys(['example_kubernetes_executor']) retrieved from /home/airflow/.local/lib/python3.7/site-packages/airflow/example_dags/example_kubernetes_executor.py
[2022-11-07T19:44:45.467+0000] {logging_mixin.py:120} INFO - [2022-11-07T19:44:45.467+0000] {dag.py:2585} INFO - Sync 1 DAGs
[2022-11-07T19:44:45.489+0000] {logging_mixin.py:120} INFO - [2022-11-07T19:44:45.489+0000] {dag.py:3340} INFO - Setting next_dagrun for example_kubernetes_executor to None, run_after=None
[2022-11-07T19:44:45.507+0000] {processor.py:176} INFO - Processing /home/airflow/.local/lib/python3.7/site-packages/airflow/example_dags/example_kubernetes_executor.py took 0.129 seconds
[2022-11-07T20:51:26.222+0000] {processor.py:154} INFO - Started process (PID=53038) to work on /home/airflow/.local/lib/python3.7/site-packages/airflow/example_dags/example_kubernetes_executor.py
[2022-11-07T20:51:26.224+0000] {processor.py:756} INFO - Processing file /home/airflow/.local/lib/python3.7/site-packages/airflow/example_dags/example_kubernetes_executor.py for tasks to queue
[2022-11-07T20:51:26.224+0000] {logging_mixin.py:120} INFO - [2022-11-07T20:51:26.224+0000] {dagbag.py:537} INFO - Filling up the DagBag from /home/airflow/.local/lib/python3.7/site-packages/airflow/example_dags/example_kubernetes_executor.py
[2022-11-07T20:51:26.245+0000] {processor.py:766} INFO - DAG(s) dict_keys(['example_kubernetes_executor']) retrieved from /home/airflow/.local/lib/python3.7/site-packages/airflow/example_dags/example_kubernetes_executor.py
[2022-11-07T20:51:26.278+0000] {logging_mixin.py:120} INFO - [2022-11-07T20:51:26.278+0000] {dag.py:2585} INFO - Sync 1 DAGs
[2022-11-07T20:51:26.406+0000] {logging_mixin.py:120} INFO - [2022-11-07T20:51:26.406+0000] {dag.py:3340} INFO - Setting next_dagrun for example_kubernetes_executor to None, run_after=None
[2022-11-07T20:51:26.417+0000] {processor.py:176} INFO - Processing /home/airflow/.local/lib/python3.7/site-packages/airflow/example_dags/example_kubernetes_executor.py took 0.199 seconds
[2022-11-07T21:44:44.562+0000] {processor.py:154} INFO - Started process (PID=53097) to work on /home/airflow/.local/lib/python3.7/site-packages/airflow/example_dags/example_kubernetes_executor.py
[2022-11-07T21:44:44.563+0000] {processor.py:756} INFO - Processing file /home/airflow/.local/lib/python3.7/site-packages/airflow/example_dags/example_kubernetes_executor.py for tasks to queue
[2022-11-07T21:44:44.564+0000] {logging_mixin.py:120} INFO - [2022-11-07T21:44:44.564+0000] {dagbag.py:537} INFO - Filling up the DagBag from /home/airflow/.local/lib/python3.7/site-packages/airflow/example_dags/example_kubernetes_executor.py
[2022-11-07T21:44:44.586+0000] {processor.py:766} INFO - DAG(s) dict_keys(['example_kubernetes_executor']) retrieved from /home/airflow/.local/lib/python3.7/site-packages/airflow/example_dags/example_kubernetes_executor.py
[2022-11-07T21:44:44.726+0000] {logging_mixin.py:120} INFO - [2022-11-07T21:44:44.726+0000] {dag.py:2585} INFO - Sync 1 DAGs
[2022-11-07T21:44:44.740+0000] {logging_mixin.py:120} INFO - [2022-11-07T21:44:44.740+0000] {dag.py:3340} INFO - Setting next_dagrun for example_kubernetes_executor to None, run_after=None
[2022-11-07T21:44:44.754+0000] {processor.py:176} INFO - Processing /home/airflow/.local/lib/python3.7/site-packages/airflow/example_dags/example_kubernetes_executor.py took 0.194 seconds
[2022-11-07T22:48:50.290+0000] {processor.py:154} INFO - Started process (PID=53163) to work on /home/airflow/.local/lib/python3.7/site-packages/airflow/example_dags/example_kubernetes_executor.py
[2022-11-07T22:48:50.293+0000] {processor.py:756} INFO - Processing file /home/airflow/.local/lib/python3.7/site-packages/airflow/example_dags/example_kubernetes_executor.py for tasks to queue
[2022-11-07T22:48:50.294+0000] {logging_mixin.py:120} INFO - [2022-11-07T22:48:50.294+0000] {dagbag.py:537} INFO - Filling up the DagBag from /home/airflow/.local/lib/python3.7/site-packages/airflow/example_dags/example_kubernetes_executor.py
[2022-11-07T22:48:50.350+0000] {processor.py:766} INFO - DAG(s) dict_keys(['example_kubernetes_executor']) retrieved from /home/airflow/.local/lib/python3.7/site-packages/airflow/example_dags/example_kubernetes_executor.py
[2022-11-07T22:48:50.590+0000] {logging_mixin.py:120} INFO - [2022-11-07T22:48:50.590+0000] {dag.py:2585} INFO - Sync 1 DAGs
[2022-11-07T22:48:50.620+0000] {logging_mixin.py:120} INFO - [2022-11-07T22:48:50.620+0000] {dag.py:3340} INFO - Setting next_dagrun for example_kubernetes_executor to None, run_after=None
[2022-11-07T22:48:50.639+0000] {processor.py:176} INFO - Processing /home/airflow/.local/lib/python3.7/site-packages/airflow/example_dags/example_kubernetes_executor.py took 0.353 seconds
[2022-11-07T23:21:14.867+0000] {processor.py:154} INFO - Started process (PID=53229) to work on /home/airflow/.local/lib/python3.7/site-packages/airflow/example_dags/example_kubernetes_executor.py
[2022-11-07T23:21:14.871+0000] {processor.py:756} INFO - Processing file /home/airflow/.local/lib/python3.7/site-packages/airflow/example_dags/example_kubernetes_executor.py for tasks to queue
[2022-11-07T23:21:14.872+0000] {logging_mixin.py:120} INFO - [2022-11-07T23:21:14.872+0000] {dagbag.py:537} INFO - Filling up the DagBag from /home/airflow/.local/lib/python3.7/site-packages/airflow/example_dags/example_kubernetes_executor.py
[2022-11-07T23:21:14.915+0000] {processor.py:766} INFO - DAG(s) dict_keys(['example_kubernetes_executor']) retrieved from /home/airflow/.local/lib/python3.7/site-packages/airflow/example_dags/example_kubernetes_executor.py
[2022-11-07T23:21:15.001+0000] {logging_mixin.py:120} INFO - [2022-11-07T23:21:15.001+0000] {dag.py:2585} INFO - Sync 1 DAGs
[2022-11-07T23:21:15.053+0000] {logging_mixin.py:120} INFO - [2022-11-07T23:21:15.053+0000] {dag.py:3340} INFO - Setting next_dagrun for example_kubernetes_executor to None, run_after=None
[2022-11-07T23:21:15.317+0000] {processor.py:176} INFO - Processing /home/airflow/.local/lib/python3.7/site-packages/airflow/example_dags/example_kubernetes_executor.py took 0.453 seconds
[2022-11-07T23:58:59.616+0000] {processor.py:154} INFO - Started process (PID=53296) to work on /home/airflow/.local/lib/python3.7/site-packages/airflow/example_dags/example_kubernetes_executor.py
[2022-11-07T23:58:59.618+0000] {processor.py:756} INFO - Processing file /home/airflow/.local/lib/python3.7/site-packages/airflow/example_dags/example_kubernetes_executor.py for tasks to queue
[2022-11-07T23:58:59.619+0000] {logging_mixin.py:120} INFO - [2022-11-07T23:58:59.619+0000] {dagbag.py:537} INFO - Filling up the DagBag from /home/airflow/.local/lib/python3.7/site-packages/airflow/example_dags/example_kubernetes_executor.py
[2022-11-07T23:58:59.663+0000] {processor.py:766} INFO - DAG(s) dict_keys(['example_kubernetes_executor']) retrieved from /home/airflow/.local/lib/python3.7/site-packages/airflow/example_dags/example_kubernetes_executor.py
[2022-11-07T23:58:59.716+0000] {logging_mixin.py:120} INFO - [2022-11-07T23:58:59.715+0000] {dag.py:2585} INFO - Sync 1 DAGs
[2022-11-07T23:58:59.937+0000] {logging_mixin.py:120} INFO - [2022-11-07T23:58:59.937+0000] {dag.py:3340} INFO - Setting next_dagrun for example_kubernetes_executor to None, run_after=None
[2022-11-07T23:58:59.959+0000] {processor.py:176} INFO - Processing /home/airflow/.local/lib/python3.7/site-packages/airflow/example_dags/example_kubernetes_executor.py took 0.347 seconds
