[2022-11-07T17:10:57.168+0000] {processor.py:154} INFO - Started process (PID=52193) to work on /home/airflow/.local/lib/python3.7/site-packages/airflow/example_dags/example_latest_only_with_trigger.py
[2022-11-07T17:10:57.170+0000] {processor.py:756} INFO - Processing file /home/airflow/.local/lib/python3.7/site-packages/airflow/example_dags/example_latest_only_with_trigger.py for tasks to queue
[2022-11-07T17:10:57.175+0000] {logging_mixin.py:120} INFO - [2022-11-07T17:10:57.175+0000] {dagbag.py:537} INFO - Filling up the DagBag from /home/airflow/.local/lib/python3.7/site-packages/airflow/example_dags/example_latest_only_with_trigger.py
[2022-11-07T17:10:57.318+0000] {processor.py:766} INFO - DAG(s) dict_keys(['latest_only_with_trigger']) retrieved from /home/airflow/.local/lib/python3.7/site-packages/airflow/example_dags/example_latest_only_with_trigger.py
[2022-11-07T17:10:57.449+0000] {logging_mixin.py:120} INFO - [2022-11-07T17:10:57.449+0000] {dag.py:2585} INFO - Sync 1 DAGs
[2022-11-07T17:10:57.516+0000] {logging_mixin.py:120} INFO - [2022-11-07T17:10:57.516+0000] {dag.py:3340} INFO - Setting next_dagrun for latest_only_with_trigger to 2022-11-07T13:10:57.515845+00:00, run_after=2022-11-07T17:10:57.515845+00:00
[2022-11-07T17:10:57.571+0000] {processor.py:176} INFO - Processing /home/airflow/.local/lib/python3.7/site-packages/airflow/example_dags/example_latest_only_with_trigger.py took 0.407 seconds
[2022-11-07T17:11:28.237+0000] {processor.py:154} INFO - Started process (PID=52250) to work on /home/airflow/.local/lib/python3.7/site-packages/airflow/example_dags/example_latest_only_with_trigger.py
[2022-11-07T17:11:28.239+0000] {processor.py:756} INFO - Processing file /home/airflow/.local/lib/python3.7/site-packages/airflow/example_dags/example_latest_only_with_trigger.py for tasks to queue
[2022-11-07T17:11:28.240+0000] {logging_mixin.py:120} INFO - [2022-11-07T17:11:28.240+0000] {dagbag.py:537} INFO - Filling up the DagBag from /home/airflow/.local/lib/python3.7/site-packages/airflow/example_dags/example_latest_only_with_trigger.py
[2022-11-07T17:11:28.252+0000] {processor.py:766} INFO - DAG(s) dict_keys(['latest_only_with_trigger']) retrieved from /home/airflow/.local/lib/python3.7/site-packages/airflow/example_dags/example_latest_only_with_trigger.py
[2022-11-07T17:11:28.285+0000] {logging_mixin.py:120} INFO - [2022-11-07T17:11:28.285+0000] {dag.py:2585} INFO - Sync 1 DAGs
[2022-11-07T17:11:28.301+0000] {logging_mixin.py:120} INFO - [2022-11-07T17:11:28.301+0000] {dag.py:3340} INFO - Setting next_dagrun for latest_only_with_trigger to 2022-11-07T13:11:28.300830+00:00, run_after=2022-11-07T17:11:28.300830+00:00
[2022-11-07T17:11:28.315+0000] {processor.py:176} INFO - Processing /home/airflow/.local/lib/python3.7/site-packages/airflow/example_dags/example_latest_only_with_trigger.py took 0.081 seconds
[2022-11-07T17:11:59.401+0000] {processor.py:154} INFO - Started process (PID=52316) to work on /home/airflow/.local/lib/python3.7/site-packages/airflow/example_dags/example_latest_only_with_trigger.py
[2022-11-07T17:11:59.403+0000] {processor.py:756} INFO - Processing file /home/airflow/.local/lib/python3.7/site-packages/airflow/example_dags/example_latest_only_with_trigger.py for tasks to queue
[2022-11-07T17:11:59.404+0000] {logging_mixin.py:120} INFO - [2022-11-07T17:11:59.404+0000] {dagbag.py:537} INFO - Filling up the DagBag from /home/airflow/.local/lib/python3.7/site-packages/airflow/example_dags/example_latest_only_with_trigger.py
[2022-11-07T17:11:59.418+0000] {processor.py:766} INFO - DAG(s) dict_keys(['latest_only_with_trigger']) retrieved from /home/airflow/.local/lib/python3.7/site-packages/airflow/example_dags/example_latest_only_with_trigger.py
[2022-11-07T17:11:59.450+0000] {logging_mixin.py:120} INFO - [2022-11-07T17:11:59.450+0000] {dag.py:2585} INFO - Sync 1 DAGs
[2022-11-07T17:11:59.571+0000] {logging_mixin.py:120} INFO - [2022-11-07T17:11:59.571+0000] {dag.py:3340} INFO - Setting next_dagrun for latest_only_with_trigger to 2022-11-07T13:11:59.571264+00:00, run_after=2022-11-07T17:11:59.571264+00:00
[2022-11-07T17:11:59.588+0000] {processor.py:176} INFO - Processing /home/airflow/.local/lib/python3.7/site-packages/airflow/example_dags/example_latest_only_with_trigger.py took 0.192 seconds
[2022-11-07T17:12:29.720+0000] {processor.py:154} INFO - Started process (PID=52384) to work on /home/airflow/.local/lib/python3.7/site-packages/airflow/example_dags/example_latest_only_with_trigger.py
[2022-11-07T17:12:29.722+0000] {processor.py:756} INFO - Processing file /home/airflow/.local/lib/python3.7/site-packages/airflow/example_dags/example_latest_only_with_trigger.py for tasks to queue
[2022-11-07T17:12:29.723+0000] {logging_mixin.py:120} INFO - [2022-11-07T17:12:29.723+0000] {dagbag.py:537} INFO - Filling up the DagBag from /home/airflow/.local/lib/python3.7/site-packages/airflow/example_dags/example_latest_only_with_trigger.py
[2022-11-07T17:12:29.737+0000] {processor.py:766} INFO - DAG(s) dict_keys(['latest_only_with_trigger']) retrieved from /home/airflow/.local/lib/python3.7/site-packages/airflow/example_dags/example_latest_only_with_trigger.py
[2022-11-07T17:12:29.770+0000] {logging_mixin.py:120} INFO - [2022-11-07T17:12:29.770+0000] {dag.py:2585} INFO - Sync 1 DAGs
[2022-11-07T17:12:29.887+0000] {logging_mixin.py:120} INFO - [2022-11-07T17:12:29.887+0000] {dag.py:3340} INFO - Setting next_dagrun for latest_only_with_trigger to 2022-11-07T13:12:29.887352+00:00, run_after=2022-11-07T17:12:29.887352+00:00
[2022-11-07T17:12:29.899+0000] {processor.py:176} INFO - Processing /home/airflow/.local/lib/python3.7/site-packages/airflow/example_dags/example_latest_only_with_trigger.py took 0.183 seconds
[2022-11-07T17:12:59.969+0000] {processor.py:154} INFO - Started process (PID=52451) to work on /home/airflow/.local/lib/python3.7/site-packages/airflow/example_dags/example_latest_only_with_trigger.py
[2022-11-07T17:12:59.971+0000] {processor.py:756} INFO - Processing file /home/airflow/.local/lib/python3.7/site-packages/airflow/example_dags/example_latest_only_with_trigger.py for tasks to queue
[2022-11-07T17:12:59.979+0000] {logging_mixin.py:120} INFO - [2022-11-07T17:12:59.979+0000] {dagbag.py:537} INFO - Filling up the DagBag from /home/airflow/.local/lib/python3.7/site-packages/airflow/example_dags/example_latest_only_with_trigger.py
[2022-11-07T17:12:59.992+0000] {processor.py:766} INFO - DAG(s) dict_keys(['latest_only_with_trigger']) retrieved from /home/airflow/.local/lib/python3.7/site-packages/airflow/example_dags/example_latest_only_with_trigger.py
[2022-11-07T17:13:00.145+0000] {logging_mixin.py:120} INFO - [2022-11-07T17:13:00.144+0000] {dag.py:2585} INFO - Sync 1 DAGs
[2022-11-07T17:13:00.168+0000] {logging_mixin.py:120} INFO - [2022-11-07T17:13:00.167+0000] {dag.py:3340} INFO - Setting next_dagrun for latest_only_with_trigger to 2022-11-07T13:13:00.167699+00:00, run_after=2022-11-07T17:13:00.167699+00:00
[2022-11-07T17:13:00.223+0000] {processor.py:176} INFO - Processing /home/airflow/.local/lib/python3.7/site-packages/airflow/example_dags/example_latest_only_with_trigger.py took 0.259 seconds
[2022-11-07T17:13:30.933+0000] {processor.py:154} INFO - Started process (PID=52517) to work on /home/airflow/.local/lib/python3.7/site-packages/airflow/example_dags/example_latest_only_with_trigger.py
[2022-11-07T17:13:30.935+0000] {processor.py:756} INFO - Processing file /home/airflow/.local/lib/python3.7/site-packages/airflow/example_dags/example_latest_only_with_trigger.py for tasks to queue
[2022-11-07T17:13:30.936+0000] {logging_mixin.py:120} INFO - [2022-11-07T17:13:30.936+0000] {dagbag.py:537} INFO - Filling up the DagBag from /home/airflow/.local/lib/python3.7/site-packages/airflow/example_dags/example_latest_only_with_trigger.py
[2022-11-07T17:13:30.948+0000] {processor.py:766} INFO - DAG(s) dict_keys(['latest_only_with_trigger']) retrieved from /home/airflow/.local/lib/python3.7/site-packages/airflow/example_dags/example_latest_only_with_trigger.py
[2022-11-07T17:13:30.982+0000] {logging_mixin.py:120} INFO - [2022-11-07T17:13:30.982+0000] {dag.py:2585} INFO - Sync 1 DAGs
[2022-11-07T17:13:30.998+0000] {logging_mixin.py:120} INFO - [2022-11-07T17:13:30.998+0000] {dag.py:3340} INFO - Setting next_dagrun for latest_only_with_trigger to 2022-11-07T13:13:30.998560+00:00, run_after=2022-11-07T17:13:30.998560+00:00
[2022-11-07T17:13:31.013+0000] {processor.py:176} INFO - Processing /home/airflow/.local/lib/python3.7/site-packages/airflow/example_dags/example_latest_only_with_trigger.py took 0.083 seconds
[2022-11-07T17:14:01.484+0000] {processor.py:154} INFO - Started process (PID=52584) to work on /home/airflow/.local/lib/python3.7/site-packages/airflow/example_dags/example_latest_only_with_trigger.py
[2022-11-07T17:14:01.486+0000] {processor.py:756} INFO - Processing file /home/airflow/.local/lib/python3.7/site-packages/airflow/example_dags/example_latest_only_with_trigger.py for tasks to queue
[2022-11-07T17:14:01.487+0000] {logging_mixin.py:120} INFO - [2022-11-07T17:14:01.487+0000] {dagbag.py:537} INFO - Filling up the DagBag from /home/airflow/.local/lib/python3.7/site-packages/airflow/example_dags/example_latest_only_with_trigger.py
[2022-11-07T17:14:01.503+0000] {processor.py:766} INFO - DAG(s) dict_keys(['latest_only_with_trigger']) retrieved from /home/airflow/.local/lib/python3.7/site-packages/airflow/example_dags/example_latest_only_with_trigger.py
[2022-11-07T17:14:01.569+0000] {logging_mixin.py:120} INFO - [2022-11-07T17:14:01.569+0000] {dag.py:2585} INFO - Sync 1 DAGs
[2022-11-07T17:14:01.752+0000] {logging_mixin.py:120} INFO - [2022-11-07T17:14:01.752+0000] {dag.py:3340} INFO - Setting next_dagrun for latest_only_with_trigger to 2022-11-07T13:14:01.752498+00:00, run_after=2022-11-07T17:14:01.752498+00:00
[2022-11-07T17:14:01.770+0000] {processor.py:176} INFO - Processing /home/airflow/.local/lib/python3.7/site-packages/airflow/example_dags/example_latest_only_with_trigger.py took 0.295 seconds
[2022-11-07T17:14:31.977+0000] {processor.py:154} INFO - Started process (PID=52642) to work on /home/airflow/.local/lib/python3.7/site-packages/airflow/example_dags/example_latest_only_with_trigger.py
[2022-11-07T17:14:31.978+0000] {processor.py:756} INFO - Processing file /home/airflow/.local/lib/python3.7/site-packages/airflow/example_dags/example_latest_only_with_trigger.py for tasks to queue
[2022-11-07T17:14:31.982+0000] {logging_mixin.py:120} INFO - [2022-11-07T17:14:31.982+0000] {dagbag.py:537} INFO - Filling up the DagBag from /home/airflow/.local/lib/python3.7/site-packages/airflow/example_dags/example_latest_only_with_trigger.py
[2022-11-07T17:14:31.996+0000] {processor.py:766} INFO - DAG(s) dict_keys(['latest_only_with_trigger']) retrieved from /home/airflow/.local/lib/python3.7/site-packages/airflow/example_dags/example_latest_only_with_trigger.py
[2022-11-07T17:14:32.049+0000] {logging_mixin.py:120} INFO - [2022-11-07T17:14:32.049+0000] {dag.py:2585} INFO - Sync 1 DAGs
[2022-11-07T17:14:32.183+0000] {logging_mixin.py:120} INFO - [2022-11-07T17:14:32.182+0000] {dag.py:3340} INFO - Setting next_dagrun for latest_only_with_trigger to 2022-11-07T13:14:32.182619+00:00, run_after=2022-11-07T17:14:32.182619+00:00
[2022-11-07T17:14:32.195+0000] {processor.py:176} INFO - Processing /home/airflow/.local/lib/python3.7/site-packages/airflow/example_dags/example_latest_only_with_trigger.py took 0.221 seconds
[2022-11-07T17:21:22.642+0000] {processor.py:154} INFO - Started process (PID=52710) to work on /home/airflow/.local/lib/python3.7/site-packages/airflow/example_dags/example_latest_only_with_trigger.py
[2022-11-07T17:21:22.644+0000] {processor.py:756} INFO - Processing file /home/airflow/.local/lib/python3.7/site-packages/airflow/example_dags/example_latest_only_with_trigger.py for tasks to queue
[2022-11-07T17:21:22.645+0000] {logging_mixin.py:120} INFO - [2022-11-07T17:21:22.645+0000] {dagbag.py:537} INFO - Filling up the DagBag from /home/airflow/.local/lib/python3.7/site-packages/airflow/example_dags/example_latest_only_with_trigger.py
[2022-11-07T17:21:22.656+0000] {processor.py:766} INFO - DAG(s) dict_keys(['latest_only_with_trigger']) retrieved from /home/airflow/.local/lib/python3.7/site-packages/airflow/example_dags/example_latest_only_with_trigger.py
[2022-11-07T17:21:22.816+0000] {logging_mixin.py:120} INFO - [2022-11-07T17:21:22.816+0000] {dag.py:2585} INFO - Sync 1 DAGs
[2022-11-07T17:21:22.836+0000] {logging_mixin.py:120} INFO - [2022-11-07T17:21:22.836+0000] {dag.py:3340} INFO - Setting next_dagrun for latest_only_with_trigger to 2022-11-07T13:21:22.836697+00:00, run_after=2022-11-07T17:21:22.836697+00:00
[2022-11-07T17:21:22.850+0000] {processor.py:176} INFO - Processing /home/airflow/.local/lib/python3.7/site-packages/airflow/example_dags/example_latest_only_with_trigger.py took 0.212 seconds
[2022-11-07T17:53:20.183+0000] {processor.py:154} INFO - Started process (PID=52779) to work on /home/airflow/.local/lib/python3.7/site-packages/airflow/example_dags/example_latest_only_with_trigger.py
[2022-11-07T17:53:20.185+0000] {processor.py:756} INFO - Processing file /home/airflow/.local/lib/python3.7/site-packages/airflow/example_dags/example_latest_only_with_trigger.py for tasks to queue
[2022-11-07T17:53:20.188+0000] {logging_mixin.py:120} INFO - [2022-11-07T17:53:20.187+0000] {dagbag.py:537} INFO - Filling up the DagBag from /home/airflow/.local/lib/python3.7/site-packages/airflow/example_dags/example_latest_only_with_trigger.py
[2022-11-07T17:53:20.216+0000] {processor.py:766} INFO - DAG(s) dict_keys(['latest_only_with_trigger']) retrieved from /home/airflow/.local/lib/python3.7/site-packages/airflow/example_dags/example_latest_only_with_trigger.py
[2022-11-07T17:53:20.277+0000] {logging_mixin.py:120} INFO - [2022-11-07T17:53:20.276+0000] {dag.py:2585} INFO - Sync 1 DAGs
[2022-11-07T17:53:20.315+0000] {logging_mixin.py:120} INFO - [2022-11-07T17:53:20.315+0000] {dag.py:3340} INFO - Setting next_dagrun for latest_only_with_trigger to 2022-11-07T13:53:20.314929+00:00, run_after=2022-11-07T17:53:20.314929+00:00
[2022-11-07T17:53:20.341+0000] {processor.py:176} INFO - Processing /home/airflow/.local/lib/python3.7/site-packages/airflow/example_dags/example_latest_only_with_trigger.py took 0.165 seconds
[2022-11-07T18:20:20.971+0000] {processor.py:154} INFO - Started process (PID=52846) to work on /home/airflow/.local/lib/python3.7/site-packages/airflow/example_dags/example_latest_only_with_trigger.py
[2022-11-07T18:20:20.975+0000] {processor.py:756} INFO - Processing file /home/airflow/.local/lib/python3.7/site-packages/airflow/example_dags/example_latest_only_with_trigger.py for tasks to queue
[2022-11-07T18:20:20.981+0000] {logging_mixin.py:120} INFO - [2022-11-07T18:20:20.981+0000] {dagbag.py:537} INFO - Filling up the DagBag from /home/airflow/.local/lib/python3.7/site-packages/airflow/example_dags/example_latest_only_with_trigger.py
[2022-11-07T18:20:21.025+0000] {processor.py:766} INFO - DAG(s) dict_keys(['latest_only_with_trigger']) retrieved from /home/airflow/.local/lib/python3.7/site-packages/airflow/example_dags/example_latest_only_with_trigger.py
[2022-11-07T18:20:21.104+0000] {logging_mixin.py:120} INFO - [2022-11-07T18:20:21.104+0000] {dag.py:2585} INFO - Sync 1 DAGs
[2022-11-07T18:20:21.394+0000] {logging_mixin.py:120} INFO - [2022-11-07T18:20:21.394+0000] {dag.py:3340} INFO - Setting next_dagrun for latest_only_with_trigger to 2022-11-07T14:20:21.394321+00:00, run_after=2022-11-07T18:20:21.394321+00:00
[2022-11-07T18:20:21.414+0000] {processor.py:176} INFO - Processing /home/airflow/.local/lib/python3.7/site-packages/airflow/example_dags/example_latest_only_with_trigger.py took 0.446 seconds
[2022-11-07T19:15:52.564+0000] {processor.py:154} INFO - Started process (PID=52904) to work on /home/airflow/.local/lib/python3.7/site-packages/airflow/example_dags/example_latest_only_with_trigger.py
[2022-11-07T19:15:52.567+0000] {processor.py:756} INFO - Processing file /home/airflow/.local/lib/python3.7/site-packages/airflow/example_dags/example_latest_only_with_trigger.py for tasks to queue
[2022-11-07T19:15:52.569+0000] {logging_mixin.py:120} INFO - [2022-11-07T19:15:52.569+0000] {dagbag.py:537} INFO - Filling up the DagBag from /home/airflow/.local/lib/python3.7/site-packages/airflow/example_dags/example_latest_only_with_trigger.py
[2022-11-07T19:15:52.614+0000] {processor.py:766} INFO - DAG(s) dict_keys(['latest_only_with_trigger']) retrieved from /home/airflow/.local/lib/python3.7/site-packages/airflow/example_dags/example_latest_only_with_trigger.py
[2022-11-07T19:15:52.681+0000] {logging_mixin.py:120} INFO - [2022-11-07T19:15:52.681+0000] {dag.py:2585} INFO - Sync 1 DAGs
[2022-11-07T19:15:52.908+0000] {logging_mixin.py:120} INFO - [2022-11-07T19:15:52.908+0000] {dag.py:3340} INFO - Setting next_dagrun for latest_only_with_trigger to 2022-11-07T15:15:52.908101+00:00, run_after=2022-11-07T19:15:52.908101+00:00
[2022-11-07T19:15:52.945+0000] {processor.py:176} INFO - Processing /home/airflow/.local/lib/python3.7/site-packages/airflow/example_dags/example_latest_only_with_trigger.py took 0.386 seconds
[2022-11-07T19:44:44.744+0000] {processor.py:154} INFO - Started process (PID=52969) to work on /home/airflow/.local/lib/python3.7/site-packages/airflow/example_dags/example_latest_only_with_trigger.py
[2022-11-07T19:44:44.749+0000] {processor.py:756} INFO - Processing file /home/airflow/.local/lib/python3.7/site-packages/airflow/example_dags/example_latest_only_with_trigger.py for tasks to queue
[2022-11-07T19:44:44.751+0000] {logging_mixin.py:120} INFO - [2022-11-07T19:44:44.751+0000] {dagbag.py:537} INFO - Filling up the DagBag from /home/airflow/.local/lib/python3.7/site-packages/airflow/example_dags/example_latest_only_with_trigger.py
[2022-11-07T19:44:44.773+0000] {processor.py:766} INFO - DAG(s) dict_keys(['latest_only_with_trigger']) retrieved from /home/airflow/.local/lib/python3.7/site-packages/airflow/example_dags/example_latest_only_with_trigger.py
[2022-11-07T19:44:45.031+0000] {logging_mixin.py:120} INFO - [2022-11-07T19:44:45.031+0000] {dag.py:2585} INFO - Sync 1 DAGs
[2022-11-07T19:44:45.056+0000] {logging_mixin.py:120} INFO - [2022-11-07T19:44:45.056+0000] {dag.py:3340} INFO - Setting next_dagrun for latest_only_with_trigger to 2022-11-07T15:44:45.056397+00:00, run_after=2022-11-07T19:44:45.056397+00:00
[2022-11-07T19:44:45.078+0000] {processor.py:176} INFO - Processing /home/airflow/.local/lib/python3.7/site-packages/airflow/example_dags/example_latest_only_with_trigger.py took 0.340 seconds
[2022-11-07T20:51:25.909+0000] {processor.py:154} INFO - Started process (PID=53035) to work on /home/airflow/.local/lib/python3.7/site-packages/airflow/example_dags/example_latest_only_with_trigger.py
[2022-11-07T20:51:25.911+0000] {processor.py:756} INFO - Processing file /home/airflow/.local/lib/python3.7/site-packages/airflow/example_dags/example_latest_only_with_trigger.py for tasks to queue
[2022-11-07T20:51:25.920+0000] {logging_mixin.py:120} INFO - [2022-11-07T20:51:25.920+0000] {dagbag.py:537} INFO - Filling up the DagBag from /home/airflow/.local/lib/python3.7/site-packages/airflow/example_dags/example_latest_only_with_trigger.py
[2022-11-07T20:51:25.932+0000] {processor.py:766} INFO - DAG(s) dict_keys(['latest_only_with_trigger']) retrieved from /home/airflow/.local/lib/python3.7/site-packages/airflow/example_dags/example_latest_only_with_trigger.py
[2022-11-07T20:51:25.966+0000] {logging_mixin.py:120} INFO - [2022-11-07T20:51:25.966+0000] {dag.py:2585} INFO - Sync 1 DAGs
[2022-11-07T20:51:25.986+0000] {logging_mixin.py:120} INFO - [2022-11-07T20:51:25.986+0000] {dag.py:3340} INFO - Setting next_dagrun for latest_only_with_trigger to 2022-11-07T16:51:25.986304+00:00, run_after=2022-11-07T20:51:25.986304+00:00
[2022-11-07T20:51:26.109+0000] {processor.py:176} INFO - Processing /home/airflow/.local/lib/python3.7/site-packages/airflow/example_dags/example_latest_only_with_trigger.py took 0.207 seconds
[2022-11-07T21:44:44.126+0000] {processor.py:154} INFO - Started process (PID=53094) to work on /home/airflow/.local/lib/python3.7/site-packages/airflow/example_dags/example_latest_only_with_trigger.py
[2022-11-07T21:44:44.127+0000] {processor.py:756} INFO - Processing file /home/airflow/.local/lib/python3.7/site-packages/airflow/example_dags/example_latest_only_with_trigger.py for tasks to queue
[2022-11-07T21:44:44.135+0000] {logging_mixin.py:120} INFO - [2022-11-07T21:44:44.135+0000] {dagbag.py:537} INFO - Filling up the DagBag from /home/airflow/.local/lib/python3.7/site-packages/airflow/example_dags/example_latest_only_with_trigger.py
[2022-11-07T21:44:44.149+0000] {processor.py:766} INFO - DAG(s) dict_keys(['latest_only_with_trigger']) retrieved from /home/airflow/.local/lib/python3.7/site-packages/airflow/example_dags/example_latest_only_with_trigger.py
[2022-11-07T21:44:44.180+0000] {logging_mixin.py:120} INFO - [2022-11-07T21:44:44.180+0000] {dag.py:2585} INFO - Sync 1 DAGs
[2022-11-07T21:44:44.299+0000] {logging_mixin.py:120} INFO - [2022-11-07T21:44:44.299+0000] {dag.py:3340} INFO - Setting next_dagrun for latest_only_with_trigger to 2022-11-07T17:44:44.299150+00:00, run_after=2022-11-07T21:44:44.299150+00:00
[2022-11-07T21:44:44.311+0000] {processor.py:176} INFO - Processing /home/airflow/.local/lib/python3.7/site-packages/airflow/example_dags/example_latest_only_with_trigger.py took 0.188 seconds
[2022-11-07T22:48:49.456+0000] {processor.py:154} INFO - Started process (PID=53160) to work on /home/airflow/.local/lib/python3.7/site-packages/airflow/example_dags/example_latest_only_with_trigger.py
[2022-11-07T22:48:49.458+0000] {processor.py:756} INFO - Processing file /home/airflow/.local/lib/python3.7/site-packages/airflow/example_dags/example_latest_only_with_trigger.py for tasks to queue
[2022-11-07T22:48:49.459+0000] {logging_mixin.py:120} INFO - [2022-11-07T22:48:49.459+0000] {dagbag.py:537} INFO - Filling up the DagBag from /home/airflow/.local/lib/python3.7/site-packages/airflow/example_dags/example_latest_only_with_trigger.py
[2022-11-07T22:48:49.483+0000] {processor.py:766} INFO - DAG(s) dict_keys(['latest_only_with_trigger']) retrieved from /home/airflow/.local/lib/python3.7/site-packages/airflow/example_dags/example_latest_only_with_trigger.py
[2022-11-07T22:48:49.740+0000] {logging_mixin.py:120} INFO - [2022-11-07T22:48:49.740+0000] {dag.py:2585} INFO - Sync 1 DAGs
[2022-11-07T22:48:49.768+0000] {logging_mixin.py:120} INFO - [2022-11-07T22:48:49.768+0000] {dag.py:3340} INFO - Setting next_dagrun for latest_only_with_trigger to 2022-11-07T18:48:49.767950+00:00, run_after=2022-11-07T22:48:49.767950+00:00
[2022-11-07T22:48:49.798+0000] {processor.py:176} INFO - Processing /home/airflow/.local/lib/python3.7/site-packages/airflow/example_dags/example_latest_only_with_trigger.py took 0.349 seconds
[2022-11-07T23:21:14.377+0000] {processor.py:154} INFO - Started process (PID=53226) to work on /home/airflow/.local/lib/python3.7/site-packages/airflow/example_dags/example_latest_only_with_trigger.py
[2022-11-07T23:21:14.379+0000] {processor.py:756} INFO - Processing file /home/airflow/.local/lib/python3.7/site-packages/airflow/example_dags/example_latest_only_with_trigger.py for tasks to queue
[2022-11-07T23:21:14.381+0000] {logging_mixin.py:120} INFO - [2022-11-07T23:21:14.381+0000] {dagbag.py:537} INFO - Filling up the DagBag from /home/airflow/.local/lib/python3.7/site-packages/airflow/example_dags/example_latest_only_with_trigger.py
[2022-11-07T23:21:14.408+0000] {processor.py:766} INFO - DAG(s) dict_keys(['latest_only_with_trigger']) retrieved from /home/airflow/.local/lib/python3.7/site-packages/airflow/example_dags/example_latest_only_with_trigger.py
[2022-11-07T23:21:14.474+0000] {logging_mixin.py:120} INFO - [2022-11-07T23:21:14.474+0000] {dag.py:2585} INFO - Sync 1 DAGs
[2022-11-07T23:21:14.529+0000] {logging_mixin.py:120} INFO - [2022-11-07T23:21:14.529+0000] {dag.py:3340} INFO - Setting next_dagrun for latest_only_with_trigger to 2022-11-07T19:21:14.529262+00:00, run_after=2022-11-07T23:21:14.529262+00:00
[2022-11-07T23:21:14.569+0000] {processor.py:176} INFO - Processing /home/airflow/.local/lib/python3.7/site-packages/airflow/example_dags/example_latest_only_with_trigger.py took 0.198 seconds
[2022-11-07T23:58:58.591+0000] {processor.py:154} INFO - Started process (PID=53293) to work on /home/airflow/.local/lib/python3.7/site-packages/airflow/example_dags/example_latest_only_with_trigger.py
[2022-11-07T23:58:58.597+0000] {processor.py:756} INFO - Processing file /home/airflow/.local/lib/python3.7/site-packages/airflow/example_dags/example_latest_only_with_trigger.py for tasks to queue
[2022-11-07T23:58:58.601+0000] {logging_mixin.py:120} INFO - [2022-11-07T23:58:58.601+0000] {dagbag.py:537} INFO - Filling up the DagBag from /home/airflow/.local/lib/python3.7/site-packages/airflow/example_dags/example_latest_only_with_trigger.py
[2022-11-07T23:58:58.634+0000] {processor.py:766} INFO - DAG(s) dict_keys(['latest_only_with_trigger']) retrieved from /home/airflow/.local/lib/python3.7/site-packages/airflow/example_dags/example_latest_only_with_trigger.py
[2022-11-07T23:58:58.733+0000] {logging_mixin.py:120} INFO - [2022-11-07T23:58:58.733+0000] {dag.py:2585} INFO - Sync 1 DAGs
[2022-11-07T23:58:59.127+0000] {logging_mixin.py:120} INFO - [2022-11-07T23:58:59.127+0000] {dag.py:3340} INFO - Setting next_dagrun for latest_only_with_trigger to 2022-11-07T19:58:59.127183+00:00, run_after=2022-11-07T23:58:59.127183+00:00
[2022-11-07T23:58:59.163+0000] {processor.py:176} INFO - Processing /home/airflow/.local/lib/python3.7/site-packages/airflow/example_dags/example_latest_only_with_trigger.py took 0.581 seconds
