[2022-11-07T17:10:56.590+0000] {processor.py:154} INFO - Started process (PID=52190) to work on /home/airflow/.local/lib/python3.7/site-packages/airflow/example_dags/example_local_kubernetes_executor.py
[2022-11-07T17:10:56.595+0000] {processor.py:756} INFO - Processing file /home/airflow/.local/lib/python3.7/site-packages/airflow/example_dags/example_local_kubernetes_executor.py for tasks to queue
[2022-11-07T17:10:56.610+0000] {logging_mixin.py:120} INFO - [2022-11-07T17:10:56.610+0000] {dagbag.py:537} INFO - Filling up the DagBag from /home/airflow/.local/lib/python3.7/site-packages/airflow/example_dags/example_local_kubernetes_executor.py
[2022-11-07T17:10:56.659+0000] {processor.py:766} INFO - DAG(s) dict_keys(['example_local_kubernetes_executor']) retrieved from /home/airflow/.local/lib/python3.7/site-packages/airflow/example_dags/example_local_kubernetes_executor.py
[2022-11-07T17:10:56.749+0000] {logging_mixin.py:120} INFO - [2022-11-07T17:10:56.748+0000] {dag.py:2585} INFO - Sync 1 DAGs
[2022-11-07T17:10:56.840+0000] {logging_mixin.py:120} INFO - [2022-11-07T17:10:56.839+0000] {dag.py:3340} INFO - Setting next_dagrun for example_local_kubernetes_executor to None, run_after=None
[2022-11-07T17:10:56.886+0000] {processor.py:176} INFO - Processing /home/airflow/.local/lib/python3.7/site-packages/airflow/example_dags/example_local_kubernetes_executor.py took 0.302 seconds
[2022-11-07T17:11:27.815+0000] {processor.py:154} INFO - Started process (PID=52247) to work on /home/airflow/.local/lib/python3.7/site-packages/airflow/example_dags/example_local_kubernetes_executor.py
[2022-11-07T17:11:27.817+0000] {processor.py:756} INFO - Processing file /home/airflow/.local/lib/python3.7/site-packages/airflow/example_dags/example_local_kubernetes_executor.py for tasks to queue
[2022-11-07T17:11:27.818+0000] {logging_mixin.py:120} INFO - [2022-11-07T17:11:27.818+0000] {dagbag.py:537} INFO - Filling up the DagBag from /home/airflow/.local/lib/python3.7/site-packages/airflow/example_dags/example_local_kubernetes_executor.py
[2022-11-07T17:11:27.841+0000] {processor.py:766} INFO - DAG(s) dict_keys(['example_local_kubernetes_executor']) retrieved from /home/airflow/.local/lib/python3.7/site-packages/airflow/example_dags/example_local_kubernetes_executor.py
[2022-11-07T17:11:27.871+0000] {logging_mixin.py:120} INFO - [2022-11-07T17:11:27.871+0000] {dag.py:2585} INFO - Sync 1 DAGs
[2022-11-07T17:11:27.887+0000] {logging_mixin.py:120} INFO - [2022-11-07T17:11:27.887+0000] {dag.py:3340} INFO - Setting next_dagrun for example_local_kubernetes_executor to None, run_after=None
[2022-11-07T17:11:27.998+0000] {processor.py:176} INFO - Processing /home/airflow/.local/lib/python3.7/site-packages/airflow/example_dags/example_local_kubernetes_executor.py took 0.188 seconds
[2022-11-07T17:11:58.877+0000] {processor.py:154} INFO - Started process (PID=52313) to work on /home/airflow/.local/lib/python3.7/site-packages/airflow/example_dags/example_local_kubernetes_executor.py
[2022-11-07T17:11:58.880+0000] {processor.py:756} INFO - Processing file /home/airflow/.local/lib/python3.7/site-packages/airflow/example_dags/example_local_kubernetes_executor.py for tasks to queue
[2022-11-07T17:11:58.883+0000] {logging_mixin.py:120} INFO - [2022-11-07T17:11:58.882+0000] {dagbag.py:537} INFO - Filling up the DagBag from /home/airflow/.local/lib/python3.7/site-packages/airflow/example_dags/example_local_kubernetes_executor.py
[2022-11-07T17:11:58.913+0000] {processor.py:766} INFO - DAG(s) dict_keys(['example_local_kubernetes_executor']) retrieved from /home/airflow/.local/lib/python3.7/site-packages/airflow/example_dags/example_local_kubernetes_executor.py
[2022-11-07T17:11:58.944+0000] {logging_mixin.py:120} INFO - [2022-11-07T17:11:58.944+0000] {dag.py:2585} INFO - Sync 1 DAGs
[2022-11-07T17:11:59.056+0000] {logging_mixin.py:120} INFO - [2022-11-07T17:11:59.056+0000] {dag.py:3340} INFO - Setting next_dagrun for example_local_kubernetes_executor to None, run_after=None
[2022-11-07T17:11:59.067+0000] {processor.py:176} INFO - Processing /home/airflow/.local/lib/python3.7/site-packages/airflow/example_dags/example_local_kubernetes_executor.py took 0.199 seconds
[2022-11-07T17:12:29.299+0000] {processor.py:154} INFO - Started process (PID=52381) to work on /home/airflow/.local/lib/python3.7/site-packages/airflow/example_dags/example_local_kubernetes_executor.py
[2022-11-07T17:12:29.302+0000] {processor.py:756} INFO - Processing file /home/airflow/.local/lib/python3.7/site-packages/airflow/example_dags/example_local_kubernetes_executor.py for tasks to queue
[2022-11-07T17:12:29.303+0000] {logging_mixin.py:120} INFO - [2022-11-07T17:12:29.303+0000] {dagbag.py:537} INFO - Filling up the DagBag from /home/airflow/.local/lib/python3.7/site-packages/airflow/example_dags/example_local_kubernetes_executor.py
[2022-11-07T17:12:29.327+0000] {processor.py:766} INFO - DAG(s) dict_keys(['example_local_kubernetes_executor']) retrieved from /home/airflow/.local/lib/python3.7/site-packages/airflow/example_dags/example_local_kubernetes_executor.py
[2022-11-07T17:12:29.455+0000] {logging_mixin.py:120} INFO - [2022-11-07T17:12:29.455+0000] {dag.py:2585} INFO - Sync 1 DAGs
[2022-11-07T17:12:29.469+0000] {logging_mixin.py:120} INFO - [2022-11-07T17:12:29.469+0000] {dag.py:3340} INFO - Setting next_dagrun for example_local_kubernetes_executor to None, run_after=None
[2022-11-07T17:12:29.479+0000] {processor.py:176} INFO - Processing /home/airflow/.local/lib/python3.7/site-packages/airflow/example_dags/example_local_kubernetes_executor.py took 0.185 seconds
[2022-11-07T17:12:59.723+0000] {processor.py:154} INFO - Started process (PID=52448) to work on /home/airflow/.local/lib/python3.7/site-packages/airflow/example_dags/example_local_kubernetes_executor.py
[2022-11-07T17:12:59.724+0000] {processor.py:756} INFO - Processing file /home/airflow/.local/lib/python3.7/site-packages/airflow/example_dags/example_local_kubernetes_executor.py for tasks to queue
[2022-11-07T17:12:59.726+0000] {logging_mixin.py:120} INFO - [2022-11-07T17:12:59.726+0000] {dagbag.py:537} INFO - Filling up the DagBag from /home/airflow/.local/lib/python3.7/site-packages/airflow/example_dags/example_local_kubernetes_executor.py
[2022-11-07T17:12:59.748+0000] {processor.py:766} INFO - DAG(s) dict_keys(['example_local_kubernetes_executor']) retrieved from /home/airflow/.local/lib/python3.7/site-packages/airflow/example_dags/example_local_kubernetes_executor.py
[2022-11-07T17:12:59.784+0000] {logging_mixin.py:120} INFO - [2022-11-07T17:12:59.784+0000] {dag.py:2585} INFO - Sync 1 DAGs
[2022-11-07T17:12:59.800+0000] {logging_mixin.py:120} INFO - [2022-11-07T17:12:59.800+0000] {dag.py:3340} INFO - Setting next_dagrun for example_local_kubernetes_executor to None, run_after=None
[2022-11-07T17:12:59.818+0000] {processor.py:176} INFO - Processing /home/airflow/.local/lib/python3.7/site-packages/airflow/example_dags/example_local_kubernetes_executor.py took 0.098 seconds
[2022-11-07T17:13:30.492+0000] {processor.py:154} INFO - Started process (PID=52514) to work on /home/airflow/.local/lib/python3.7/site-packages/airflow/example_dags/example_local_kubernetes_executor.py
[2022-11-07T17:13:30.496+0000] {processor.py:756} INFO - Processing file /home/airflow/.local/lib/python3.7/site-packages/airflow/example_dags/example_local_kubernetes_executor.py for tasks to queue
[2022-11-07T17:13:30.500+0000] {logging_mixin.py:120} INFO - [2022-11-07T17:13:30.500+0000] {dagbag.py:537} INFO - Filling up the DagBag from /home/airflow/.local/lib/python3.7/site-packages/airflow/example_dags/example_local_kubernetes_executor.py
[2022-11-07T17:13:30.522+0000] {processor.py:766} INFO - DAG(s) dict_keys(['example_local_kubernetes_executor']) retrieved from /home/airflow/.local/lib/python3.7/site-packages/airflow/example_dags/example_local_kubernetes_executor.py
[2022-11-07T17:13:30.552+0000] {logging_mixin.py:120} INFO - [2022-11-07T17:13:30.552+0000] {dag.py:2585} INFO - Sync 1 DAGs
[2022-11-07T17:13:30.568+0000] {logging_mixin.py:120} INFO - [2022-11-07T17:13:30.567+0000] {dag.py:3340} INFO - Setting next_dagrun for example_local_kubernetes_executor to None, run_after=None
[2022-11-07T17:13:30.679+0000] {processor.py:176} INFO - Processing /home/airflow/.local/lib/python3.7/site-packages/airflow/example_dags/example_local_kubernetes_executor.py took 0.192 seconds
[2022-11-07T17:14:00.984+0000] {processor.py:154} INFO - Started process (PID=52572) to work on /home/airflow/.local/lib/python3.7/site-packages/airflow/example_dags/example_local_kubernetes_executor.py
[2022-11-07T17:14:00.986+0000] {processor.py:756} INFO - Processing file /home/airflow/.local/lib/python3.7/site-packages/airflow/example_dags/example_local_kubernetes_executor.py for tasks to queue
[2022-11-07T17:14:00.987+0000] {logging_mixin.py:120} INFO - [2022-11-07T17:14:00.987+0000] {dagbag.py:537} INFO - Filling up the DagBag from /home/airflow/.local/lib/python3.7/site-packages/airflow/example_dags/example_local_kubernetes_executor.py
[2022-11-07T17:14:01.024+0000] {processor.py:766} INFO - DAG(s) dict_keys(['example_local_kubernetes_executor']) retrieved from /home/airflow/.local/lib/python3.7/site-packages/airflow/example_dags/example_local_kubernetes_executor.py
[2022-11-07T17:14:01.062+0000] {logging_mixin.py:120} INFO - [2022-11-07T17:14:01.062+0000] {dag.py:2585} INFO - Sync 1 DAGs
[2022-11-07T17:14:01.188+0000] {logging_mixin.py:120} INFO - [2022-11-07T17:14:01.188+0000] {dag.py:3340} INFO - Setting next_dagrun for example_local_kubernetes_executor to None, run_after=None
[2022-11-07T17:14:01.201+0000] {processor.py:176} INFO - Processing /home/airflow/.local/lib/python3.7/site-packages/airflow/example_dags/example_local_kubernetes_executor.py took 0.226 seconds
[2022-11-07T17:14:31.706+0000] {processor.py:154} INFO - Started process (PID=52639) to work on /home/airflow/.local/lib/python3.7/site-packages/airflow/example_dags/example_local_kubernetes_executor.py
[2022-11-07T17:14:31.709+0000] {processor.py:756} INFO - Processing file /home/airflow/.local/lib/python3.7/site-packages/airflow/example_dags/example_local_kubernetes_executor.py for tasks to queue
[2022-11-07T17:14:31.710+0000] {logging_mixin.py:120} INFO - [2022-11-07T17:14:31.710+0000] {dagbag.py:537} INFO - Filling up the DagBag from /home/airflow/.local/lib/python3.7/site-packages/airflow/example_dags/example_local_kubernetes_executor.py
[2022-11-07T17:14:31.734+0000] {processor.py:766} INFO - DAG(s) dict_keys(['example_local_kubernetes_executor']) retrieved from /home/airflow/.local/lib/python3.7/site-packages/airflow/example_dags/example_local_kubernetes_executor.py
[2022-11-07T17:14:31.895+0000] {logging_mixin.py:120} INFO - [2022-11-07T17:14:31.895+0000] {dag.py:2585} INFO - Sync 1 DAGs
[2022-11-07T17:14:31.910+0000] {logging_mixin.py:120} INFO - [2022-11-07T17:14:31.910+0000] {dag.py:3340} INFO - Setting next_dagrun for example_local_kubernetes_executor to None, run_after=None
[2022-11-07T17:14:31.922+0000] {processor.py:176} INFO - Processing /home/airflow/.local/lib/python3.7/site-packages/airflow/example_dags/example_local_kubernetes_executor.py took 0.221 seconds
[2022-11-07T17:21:22.265+0000] {processor.py:154} INFO - Started process (PID=52707) to work on /home/airflow/.local/lib/python3.7/site-packages/airflow/example_dags/example_local_kubernetes_executor.py
[2022-11-07T17:21:22.270+0000] {processor.py:756} INFO - Processing file /home/airflow/.local/lib/python3.7/site-packages/airflow/example_dags/example_local_kubernetes_executor.py for tasks to queue
[2022-11-07T17:21:22.272+0000] {logging_mixin.py:120} INFO - [2022-11-07T17:21:22.272+0000] {dagbag.py:537} INFO - Filling up the DagBag from /home/airflow/.local/lib/python3.7/site-packages/airflow/example_dags/example_local_kubernetes_executor.py
[2022-11-07T17:21:22.303+0000] {processor.py:766} INFO - DAG(s) dict_keys(['example_local_kubernetes_executor']) retrieved from /home/airflow/.local/lib/python3.7/site-packages/airflow/example_dags/example_local_kubernetes_executor.py
[2022-11-07T17:21:22.462+0000] {logging_mixin.py:120} INFO - [2022-11-07T17:21:22.462+0000] {dag.py:2585} INFO - Sync 1 DAGs
[2022-11-07T17:21:22.476+0000] {logging_mixin.py:120} INFO - [2022-11-07T17:21:22.476+0000] {dag.py:3340} INFO - Setting next_dagrun for example_local_kubernetes_executor to None, run_after=None
[2022-11-07T17:21:22.488+0000] {processor.py:176} INFO - Processing /home/airflow/.local/lib/python3.7/site-packages/airflow/example_dags/example_local_kubernetes_executor.py took 0.227 seconds
[2022-11-07T17:53:19.528+0000] {processor.py:154} INFO - Started process (PID=52776) to work on /home/airflow/.local/lib/python3.7/site-packages/airflow/example_dags/example_local_kubernetes_executor.py
[2022-11-07T17:53:19.530+0000] {processor.py:756} INFO - Processing file /home/airflow/.local/lib/python3.7/site-packages/airflow/example_dags/example_local_kubernetes_executor.py for tasks to queue
[2022-11-07T17:53:19.531+0000] {logging_mixin.py:120} INFO - [2022-11-07T17:53:19.531+0000] {dagbag.py:537} INFO - Filling up the DagBag from /home/airflow/.local/lib/python3.7/site-packages/airflow/example_dags/example_local_kubernetes_executor.py
[2022-11-07T17:53:19.561+0000] {processor.py:766} INFO - DAG(s) dict_keys(['example_local_kubernetes_executor']) retrieved from /home/airflow/.local/lib/python3.7/site-packages/airflow/example_dags/example_local_kubernetes_executor.py
[2022-11-07T17:53:19.611+0000] {logging_mixin.py:120} INFO - [2022-11-07T17:53:19.611+0000] {dag.py:2585} INFO - Sync 1 DAGs
[2022-11-07T17:53:19.640+0000] {logging_mixin.py:120} INFO - [2022-11-07T17:53:19.640+0000] {dag.py:3340} INFO - Setting next_dagrun for example_local_kubernetes_executor to None, run_after=None
[2022-11-07T17:53:19.849+0000] {processor.py:176} INFO - Processing /home/airflow/.local/lib/python3.7/site-packages/airflow/example_dags/example_local_kubernetes_executor.py took 0.325 seconds
[2022-11-07T18:20:19.879+0000] {processor.py:154} INFO - Started process (PID=52843) to work on /home/airflow/.local/lib/python3.7/site-packages/airflow/example_dags/example_local_kubernetes_executor.py
[2022-11-07T18:20:19.883+0000] {processor.py:756} INFO - Processing file /home/airflow/.local/lib/python3.7/site-packages/airflow/example_dags/example_local_kubernetes_executor.py for tasks to queue
[2022-11-07T18:20:19.895+0000] {logging_mixin.py:120} INFO - [2022-11-07T18:20:19.895+0000] {dagbag.py:537} INFO - Filling up the DagBag from /home/airflow/.local/lib/python3.7/site-packages/airflow/example_dags/example_local_kubernetes_executor.py
[2022-11-07T18:20:19.963+0000] {processor.py:766} INFO - DAG(s) dict_keys(['example_local_kubernetes_executor']) retrieved from /home/airflow/.local/lib/python3.7/site-packages/airflow/example_dags/example_local_kubernetes_executor.py
[2022-11-07T18:20:20.064+0000] {logging_mixin.py:120} INFO - [2022-11-07T18:20:20.064+0000] {dag.py:2585} INFO - Sync 1 DAGs
[2022-11-07T18:20:20.447+0000] {logging_mixin.py:120} INFO - [2022-11-07T18:20:20.446+0000] {dag.py:3340} INFO - Setting next_dagrun for example_local_kubernetes_executor to None, run_after=None
[2022-11-07T18:20:20.466+0000] {processor.py:176} INFO - Processing /home/airflow/.local/lib/python3.7/site-packages/airflow/example_dags/example_local_kubernetes_executor.py took 0.593 seconds
[2022-11-07T19:15:51.836+0000] {processor.py:154} INFO - Started process (PID=52901) to work on /home/airflow/.local/lib/python3.7/site-packages/airflow/example_dags/example_local_kubernetes_executor.py
[2022-11-07T19:15:51.840+0000] {processor.py:756} INFO - Processing file /home/airflow/.local/lib/python3.7/site-packages/airflow/example_dags/example_local_kubernetes_executor.py for tasks to queue
[2022-11-07T19:15:51.842+0000] {logging_mixin.py:120} INFO - [2022-11-07T19:15:51.842+0000] {dagbag.py:537} INFO - Filling up the DagBag from /home/airflow/.local/lib/python3.7/site-packages/airflow/example_dags/example_local_kubernetes_executor.py
[2022-11-07T19:15:51.874+0000] {processor.py:766} INFO - DAG(s) dict_keys(['example_local_kubernetes_executor']) retrieved from /home/airflow/.local/lib/python3.7/site-packages/airflow/example_dags/example_local_kubernetes_executor.py
[2022-11-07T19:15:52.152+0000] {logging_mixin.py:120} INFO - [2022-11-07T19:15:52.152+0000] {dag.py:2585} INFO - Sync 1 DAGs
[2022-11-07T19:15:52.182+0000] {logging_mixin.py:120} INFO - [2022-11-07T19:15:52.182+0000] {dag.py:3340} INFO - Setting next_dagrun for example_local_kubernetes_executor to None, run_after=None
[2022-11-07T19:15:52.208+0000] {processor.py:176} INFO - Processing /home/airflow/.local/lib/python3.7/site-packages/airflow/example_dags/example_local_kubernetes_executor.py took 0.377 seconds
[2022-11-07T19:44:44.361+0000] {processor.py:154} INFO - Started process (PID=52966) to work on /home/airflow/.local/lib/python3.7/site-packages/airflow/example_dags/example_local_kubernetes_executor.py
[2022-11-07T19:44:44.363+0000] {processor.py:756} INFO - Processing file /home/airflow/.local/lib/python3.7/site-packages/airflow/example_dags/example_local_kubernetes_executor.py for tasks to queue
[2022-11-07T19:44:44.365+0000] {logging_mixin.py:120} INFO - [2022-11-07T19:44:44.364+0000] {dagbag.py:537} INFO - Filling up the DagBag from /home/airflow/.local/lib/python3.7/site-packages/airflow/example_dags/example_local_kubernetes_executor.py
[2022-11-07T19:44:44.414+0000] {processor.py:766} INFO - DAG(s) dict_keys(['example_local_kubernetes_executor']) retrieved from /home/airflow/.local/lib/python3.7/site-packages/airflow/example_dags/example_local_kubernetes_executor.py
[2022-11-07T19:44:44.465+0000] {logging_mixin.py:120} INFO - [2022-11-07T19:44:44.465+0000] {dag.py:2585} INFO - Sync 1 DAGs
[2022-11-07T19:44:44.498+0000] {logging_mixin.py:120} INFO - [2022-11-07T19:44:44.496+0000] {dag.py:3340} INFO - Setting next_dagrun for example_local_kubernetes_executor to None, run_after=None
[2022-11-07T19:44:44.530+0000] {processor.py:176} INFO - Processing /home/airflow/.local/lib/python3.7/site-packages/airflow/example_dags/example_local_kubernetes_executor.py took 0.175 seconds
[2022-11-07T20:51:25.423+0000] {processor.py:154} INFO - Started process (PID=53032) to work on /home/airflow/.local/lib/python3.7/site-packages/airflow/example_dags/example_local_kubernetes_executor.py
[2022-11-07T20:51:25.425+0000] {processor.py:756} INFO - Processing file /home/airflow/.local/lib/python3.7/site-packages/airflow/example_dags/example_local_kubernetes_executor.py for tasks to queue
[2022-11-07T20:51:25.427+0000] {logging_mixin.py:120} INFO - [2022-11-07T20:51:25.426+0000] {dagbag.py:537} INFO - Filling up the DagBag from /home/airflow/.local/lib/python3.7/site-packages/airflow/example_dags/example_local_kubernetes_executor.py
[2022-11-07T20:51:25.456+0000] {processor.py:766} INFO - DAG(s) dict_keys(['example_local_kubernetes_executor']) retrieved from /home/airflow/.local/lib/python3.7/site-packages/airflow/example_dags/example_local_kubernetes_executor.py
[2022-11-07T20:51:25.493+0000] {logging_mixin.py:120} INFO - [2022-11-07T20:51:25.493+0000] {dag.py:2585} INFO - Sync 1 DAGs
[2022-11-07T20:51:25.515+0000] {logging_mixin.py:120} INFO - [2022-11-07T20:51:25.514+0000] {dag.py:3340} INFO - Setting next_dagrun for example_local_kubernetes_executor to None, run_after=None
[2022-11-07T20:51:25.650+0000] {processor.py:176} INFO - Processing /home/airflow/.local/lib/python3.7/site-packages/airflow/example_dags/example_local_kubernetes_executor.py took 0.230 seconds
[2022-11-07T21:44:43.876+0000] {processor.py:154} INFO - Started process (PID=53091) to work on /home/airflow/.local/lib/python3.7/site-packages/airflow/example_dags/example_local_kubernetes_executor.py
[2022-11-07T21:44:43.877+0000] {processor.py:756} INFO - Processing file /home/airflow/.local/lib/python3.7/site-packages/airflow/example_dags/example_local_kubernetes_executor.py for tasks to queue
[2022-11-07T21:44:43.879+0000] {logging_mixin.py:120} INFO - [2022-11-07T21:44:43.878+0000] {dagbag.py:537} INFO - Filling up the DagBag from /home/airflow/.local/lib/python3.7/site-packages/airflow/example_dags/example_local_kubernetes_executor.py
[2022-11-07T21:44:43.896+0000] {processor.py:766} INFO - DAG(s) dict_keys(['example_local_kubernetes_executor']) retrieved from /home/airflow/.local/lib/python3.7/site-packages/airflow/example_dags/example_local_kubernetes_executor.py
[2022-11-07T21:44:43.926+0000] {logging_mixin.py:120} INFO - [2022-11-07T21:44:43.926+0000] {dag.py:2585} INFO - Sync 1 DAGs
[2022-11-07T21:44:44.043+0000] {logging_mixin.py:120} INFO - [2022-11-07T21:44:44.043+0000] {dag.py:3340} INFO - Setting next_dagrun for example_local_kubernetes_executor to None, run_after=None
[2022-11-07T21:44:44.056+0000] {processor.py:176} INFO - Processing /home/airflow/.local/lib/python3.7/site-packages/airflow/example_dags/example_local_kubernetes_executor.py took 0.184 seconds
[2022-11-07T22:48:48.956+0000] {processor.py:154} INFO - Started process (PID=53157) to work on /home/airflow/.local/lib/python3.7/site-packages/airflow/example_dags/example_local_kubernetes_executor.py
[2022-11-07T22:48:48.960+0000] {processor.py:756} INFO - Processing file /home/airflow/.local/lib/python3.7/site-packages/airflow/example_dags/example_local_kubernetes_executor.py for tasks to queue
[2022-11-07T22:48:48.961+0000] {logging_mixin.py:120} INFO - [2022-11-07T22:48:48.961+0000] {dagbag.py:537} INFO - Filling up the DagBag from /home/airflow/.local/lib/python3.7/site-packages/airflow/example_dags/example_local_kubernetes_executor.py
[2022-11-07T22:48:48.999+0000] {processor.py:766} INFO - DAG(s) dict_keys(['example_local_kubernetes_executor']) retrieved from /home/airflow/.local/lib/python3.7/site-packages/airflow/example_dags/example_local_kubernetes_executor.py
[2022-11-07T22:48:49.248+0000] {logging_mixin.py:120} INFO - [2022-11-07T22:48:49.248+0000] {dag.py:2585} INFO - Sync 1 DAGs
[2022-11-07T22:48:49.272+0000] {logging_mixin.py:120} INFO - [2022-11-07T22:48:49.272+0000] {dag.py:3340} INFO - Setting next_dagrun for example_local_kubernetes_executor to None, run_after=None
[2022-11-07T22:48:49.299+0000] {processor.py:176} INFO - Processing /home/airflow/.local/lib/python3.7/site-packages/airflow/example_dags/example_local_kubernetes_executor.py took 0.348 seconds
[2022-11-07T23:21:13.957+0000] {processor.py:154} INFO - Started process (PID=53223) to work on /home/airflow/.local/lib/python3.7/site-packages/airflow/example_dags/example_local_kubernetes_executor.py
[2022-11-07T23:21:13.960+0000] {processor.py:756} INFO - Processing file /home/airflow/.local/lib/python3.7/site-packages/airflow/example_dags/example_local_kubernetes_executor.py for tasks to queue
[2022-11-07T23:21:13.964+0000] {logging_mixin.py:120} INFO - [2022-11-07T23:21:13.964+0000] {dagbag.py:537} INFO - Filling up the DagBag from /home/airflow/.local/lib/python3.7/site-packages/airflow/example_dags/example_local_kubernetes_executor.py
[2022-11-07T23:21:13.996+0000] {processor.py:766} INFO - DAG(s) dict_keys(['example_local_kubernetes_executor']) retrieved from /home/airflow/.local/lib/python3.7/site-packages/airflow/example_dags/example_local_kubernetes_executor.py
[2022-11-07T23:21:14.043+0000] {logging_mixin.py:120} INFO - [2022-11-07T23:21:14.043+0000] {dag.py:2585} INFO - Sync 1 DAGs
[2022-11-07T23:21:14.071+0000] {logging_mixin.py:120} INFO - [2022-11-07T23:21:14.071+0000] {dag.py:3340} INFO - Setting next_dagrun for example_local_kubernetes_executor to None, run_after=None
[2022-11-07T23:21:14.094+0000] {processor.py:176} INFO - Processing /home/airflow/.local/lib/python3.7/site-packages/airflow/example_dags/example_local_kubernetes_executor.py took 0.141 seconds
[2022-11-07T23:58:57.917+0000] {processor.py:154} INFO - Started process (PID=53290) to work on /home/airflow/.local/lib/python3.7/site-packages/airflow/example_dags/example_local_kubernetes_executor.py
[2022-11-07T23:58:57.923+0000] {processor.py:756} INFO - Processing file /home/airflow/.local/lib/python3.7/site-packages/airflow/example_dags/example_local_kubernetes_executor.py for tasks to queue
[2022-11-07T23:58:57.924+0000] {logging_mixin.py:120} INFO - [2022-11-07T23:58:57.924+0000] {dagbag.py:537} INFO - Filling up the DagBag from /home/airflow/.local/lib/python3.7/site-packages/airflow/example_dags/example_local_kubernetes_executor.py
[2022-11-07T23:58:57.965+0000] {processor.py:766} INFO - DAG(s) dict_keys(['example_local_kubernetes_executor']) retrieved from /home/airflow/.local/lib/python3.7/site-packages/airflow/example_dags/example_local_kubernetes_executor.py
[2022-11-07T23:58:58.060+0000] {logging_mixin.py:120} INFO - [2022-11-07T23:58:58.060+0000] {dag.py:2585} INFO - Sync 1 DAGs
[2022-11-07T23:58:58.377+0000] {logging_mixin.py:120} INFO - [2022-11-07T23:58:58.377+0000] {dag.py:3340} INFO - Setting next_dagrun for example_local_kubernetes_executor to None, run_after=None
[2022-11-07T23:58:58.425+0000] {processor.py:176} INFO - Processing /home/airflow/.local/lib/python3.7/site-packages/airflow/example_dags/example_local_kubernetes_executor.py took 0.511 seconds
