[2022-11-07T17:10:56.156+0000] {processor.py:154} INFO - Started process (PID=52189) to work on /home/airflow/.local/lib/python3.7/site-packages/airflow/example_dags/example_short_circuit_operator.py
[2022-11-07T17:10:56.164+0000] {processor.py:756} INFO - Processing file /home/airflow/.local/lib/python3.7/site-packages/airflow/example_dags/example_short_circuit_operator.py for tasks to queue
[2022-11-07T17:10:56.167+0000] {logging_mixin.py:120} INFO - [2022-11-07T17:10:56.167+0000] {dagbag.py:537} INFO - Filling up the DagBag from /home/airflow/.local/lib/python3.7/site-packages/airflow/example_dags/example_short_circuit_operator.py
[2022-11-07T17:10:56.238+0000] {processor.py:766} INFO - DAG(s) dict_keys(['example_short_circuit_operator']) retrieved from /home/airflow/.local/lib/python3.7/site-packages/airflow/example_dags/example_short_circuit_operator.py
[2022-11-07T17:10:56.404+0000] {logging_mixin.py:120} INFO - [2022-11-07T17:10:56.403+0000] {dag.py:2585} INFO - Sync 1 DAGs
[2022-11-07T17:10:56.471+0000] {logging_mixin.py:120} INFO - [2022-11-07T17:10:56.471+0000] {dag.py:3340} INFO - Setting next_dagrun for example_short_circuit_operator to 2022-11-06T17:10:56.470805+00:00, run_after=2022-11-07T17:10:56.470805+00:00
[2022-11-07T17:10:56.513+0000] {processor.py:176} INFO - Processing /home/airflow/.local/lib/python3.7/site-packages/airflow/example_dags/example_short_circuit_operator.py took 0.367 seconds
[2022-11-07T17:11:26.687+0000] {processor.py:154} INFO - Started process (PID=52246) to work on /home/airflow/.local/lib/python3.7/site-packages/airflow/example_dags/example_short_circuit_operator.py
[2022-11-07T17:11:26.689+0000] {processor.py:756} INFO - Processing file /home/airflow/.local/lib/python3.7/site-packages/airflow/example_dags/example_short_circuit_operator.py for tasks to queue
[2022-11-07T17:11:26.690+0000] {logging_mixin.py:120} INFO - [2022-11-07T17:11:26.690+0000] {dagbag.py:537} INFO - Filling up the DagBag from /home/airflow/.local/lib/python3.7/site-packages/airflow/example_dags/example_short_circuit_operator.py
[2022-11-07T17:11:26.703+0000] {processor.py:766} INFO - DAG(s) dict_keys(['example_short_circuit_operator']) retrieved from /home/airflow/.local/lib/python3.7/site-packages/airflow/example_dags/example_short_circuit_operator.py
[2022-11-07T17:11:26.735+0000] {logging_mixin.py:120} INFO - [2022-11-07T17:11:26.735+0000] {dag.py:2585} INFO - Sync 1 DAGs
[2022-11-07T17:11:26.751+0000] {logging_mixin.py:120} INFO - [2022-11-07T17:11:26.751+0000] {dag.py:3340} INFO - Setting next_dagrun for example_short_circuit_operator to 2022-11-06T17:11:26.751511+00:00, run_after=2022-11-07T17:11:26.751511+00:00
[2022-11-07T17:11:26.765+0000] {processor.py:176} INFO - Processing /home/airflow/.local/lib/python3.7/site-packages/airflow/example_dags/example_short_circuit_operator.py took 0.080 seconds
[2022-11-07T17:11:57.714+0000] {processor.py:154} INFO - Started process (PID=52312) to work on /home/airflow/.local/lib/python3.7/site-packages/airflow/example_dags/example_short_circuit_operator.py
[2022-11-07T17:11:57.716+0000] {processor.py:756} INFO - Processing file /home/airflow/.local/lib/python3.7/site-packages/airflow/example_dags/example_short_circuit_operator.py for tasks to queue
[2022-11-07T17:11:57.719+0000] {logging_mixin.py:120} INFO - [2022-11-07T17:11:57.719+0000] {dagbag.py:537} INFO - Filling up the DagBag from /home/airflow/.local/lib/python3.7/site-packages/airflow/example_dags/example_short_circuit_operator.py
[2022-11-07T17:11:57.735+0000] {processor.py:766} INFO - DAG(s) dict_keys(['example_short_circuit_operator']) retrieved from /home/airflow/.local/lib/python3.7/site-packages/airflow/example_dags/example_short_circuit_operator.py
[2022-11-07T17:11:57.773+0000] {logging_mixin.py:120} INFO - [2022-11-07T17:11:57.773+0000] {dag.py:2585} INFO - Sync 1 DAGs
[2022-11-07T17:11:57.897+0000] {logging_mixin.py:120} INFO - [2022-11-07T17:11:57.897+0000] {dag.py:3340} INFO - Setting next_dagrun for example_short_circuit_operator to 2022-11-06T17:11:57.897132+00:00, run_after=2022-11-07T17:11:57.897132+00:00
[2022-11-07T17:11:57.910+0000] {processor.py:176} INFO - Processing /home/airflow/.local/lib/python3.7/site-packages/airflow/example_dags/example_short_circuit_operator.py took 0.199 seconds
[2022-11-07T17:12:28.016+0000] {processor.py:154} INFO - Started process (PID=52380) to work on /home/airflow/.local/lib/python3.7/site-packages/airflow/example_dags/example_short_circuit_operator.py
[2022-11-07T17:12:28.017+0000] {processor.py:756} INFO - Processing file /home/airflow/.local/lib/python3.7/site-packages/airflow/example_dags/example_short_circuit_operator.py for tasks to queue
[2022-11-07T17:12:28.019+0000] {logging_mixin.py:120} INFO - [2022-11-07T17:12:28.018+0000] {dagbag.py:537} INFO - Filling up the DagBag from /home/airflow/.local/lib/python3.7/site-packages/airflow/example_dags/example_short_circuit_operator.py
[2022-11-07T17:12:28.035+0000] {processor.py:766} INFO - DAG(s) dict_keys(['example_short_circuit_operator']) retrieved from /home/airflow/.local/lib/python3.7/site-packages/airflow/example_dags/example_short_circuit_operator.py
[2022-11-07T17:12:28.072+0000] {logging_mixin.py:120} INFO - [2022-11-07T17:12:28.072+0000] {dag.py:2585} INFO - Sync 1 DAGs
[2022-11-07T17:12:28.193+0000] {logging_mixin.py:120} INFO - [2022-11-07T17:12:28.193+0000] {dag.py:3340} INFO - Setting next_dagrun for example_short_circuit_operator to 2022-11-06T17:12:28.193116+00:00, run_after=2022-11-07T17:12:28.193116+00:00
[2022-11-07T17:12:28.206+0000] {processor.py:176} INFO - Processing /home/airflow/.local/lib/python3.7/site-packages/airflow/example_dags/example_short_circuit_operator.py took 0.193 seconds
[2022-11-07T17:12:58.466+0000] {processor.py:154} INFO - Started process (PID=52447) to work on /home/airflow/.local/lib/python3.7/site-packages/airflow/example_dags/example_short_circuit_operator.py
[2022-11-07T17:12:58.468+0000] {processor.py:756} INFO - Processing file /home/airflow/.local/lib/python3.7/site-packages/airflow/example_dags/example_short_circuit_operator.py for tasks to queue
[2022-11-07T17:12:58.471+0000] {logging_mixin.py:120} INFO - [2022-11-07T17:12:58.471+0000] {dagbag.py:537} INFO - Filling up the DagBag from /home/airflow/.local/lib/python3.7/site-packages/airflow/example_dags/example_short_circuit_operator.py
[2022-11-07T17:12:58.486+0000] {processor.py:766} INFO - DAG(s) dict_keys(['example_short_circuit_operator']) retrieved from /home/airflow/.local/lib/python3.7/site-packages/airflow/example_dags/example_short_circuit_operator.py
[2022-11-07T17:12:58.635+0000] {logging_mixin.py:120} INFO - [2022-11-07T17:12:58.634+0000] {dag.py:2585} INFO - Sync 1 DAGs
[2022-11-07T17:12:58.647+0000] {logging_mixin.py:120} INFO - [2022-11-07T17:12:58.647+0000] {dag.py:3340} INFO - Setting next_dagrun for example_short_circuit_operator to 2022-11-06T17:12:58.647661+00:00, run_after=2022-11-07T17:12:58.647661+00:00
[2022-11-07T17:12:58.658+0000] {processor.py:176} INFO - Processing /home/airflow/.local/lib/python3.7/site-packages/airflow/example_dags/example_short_circuit_operator.py took 0.194 seconds
[2022-11-07T17:13:29.249+0000] {processor.py:154} INFO - Started process (PID=52513) to work on /home/airflow/.local/lib/python3.7/site-packages/airflow/example_dags/example_short_circuit_operator.py
[2022-11-07T17:13:29.251+0000] {processor.py:756} INFO - Processing file /home/airflow/.local/lib/python3.7/site-packages/airflow/example_dags/example_short_circuit_operator.py for tasks to queue
[2022-11-07T17:13:29.253+0000] {logging_mixin.py:120} INFO - [2022-11-07T17:13:29.253+0000] {dagbag.py:537} INFO - Filling up the DagBag from /home/airflow/.local/lib/python3.7/site-packages/airflow/example_dags/example_short_circuit_operator.py
[2022-11-07T17:13:29.307+0000] {processor.py:766} INFO - DAG(s) dict_keys(['example_short_circuit_operator']) retrieved from /home/airflow/.local/lib/python3.7/site-packages/airflow/example_dags/example_short_circuit_operator.py
[2022-11-07T17:13:29.350+0000] {logging_mixin.py:120} INFO - [2022-11-07T17:13:29.350+0000] {dag.py:2585} INFO - Sync 1 DAGs
[2022-11-07T17:13:29.387+0000] {logging_mixin.py:120} INFO - [2022-11-07T17:13:29.386+0000] {dag.py:3340} INFO - Setting next_dagrun for example_short_circuit_operator to 2022-11-06T17:13:29.386780+00:00, run_after=2022-11-07T17:13:29.386780+00:00
[2022-11-07T17:13:29.412+0000] {processor.py:176} INFO - Processing /home/airflow/.local/lib/python3.7/site-packages/airflow/example_dags/example_short_circuit_operator.py took 0.176 seconds
[2022-11-07T17:13:59.828+0000] {processor.py:154} INFO - Started process (PID=52571) to work on /home/airflow/.local/lib/python3.7/site-packages/airflow/example_dags/example_short_circuit_operator.py
[2022-11-07T17:13:59.830+0000] {processor.py:756} INFO - Processing file /home/airflow/.local/lib/python3.7/site-packages/airflow/example_dags/example_short_circuit_operator.py for tasks to queue
[2022-11-07T17:13:59.831+0000] {logging_mixin.py:120} INFO - [2022-11-07T17:13:59.831+0000] {dagbag.py:537} INFO - Filling up the DagBag from /home/airflow/.local/lib/python3.7/site-packages/airflow/example_dags/example_short_circuit_operator.py
[2022-11-07T17:13:59.846+0000] {processor.py:766} INFO - DAG(s) dict_keys(['example_short_circuit_operator']) retrieved from /home/airflow/.local/lib/python3.7/site-packages/airflow/example_dags/example_short_circuit_operator.py
[2022-11-07T17:13:59.880+0000] {logging_mixin.py:120} INFO - [2022-11-07T17:13:59.880+0000] {dag.py:2585} INFO - Sync 1 DAGs
[2022-11-07T17:13:59.993+0000] {logging_mixin.py:120} INFO - [2022-11-07T17:13:59.992+0000] {dag.py:3340} INFO - Setting next_dagrun for example_short_circuit_operator to 2022-11-06T17:13:59.992869+00:00, run_after=2022-11-07T17:13:59.992869+00:00
[2022-11-07T17:14:00.003+0000] {processor.py:176} INFO - Processing /home/airflow/.local/lib/python3.7/site-packages/airflow/example_dags/example_short_circuit_operator.py took 0.179 seconds
[2022-11-07T17:14:30.582+0000] {processor.py:154} INFO - Started process (PID=52638) to work on /home/airflow/.local/lib/python3.7/site-packages/airflow/example_dags/example_short_circuit_operator.py
[2022-11-07T17:14:30.584+0000] {processor.py:756} INFO - Processing file /home/airflow/.local/lib/python3.7/site-packages/airflow/example_dags/example_short_circuit_operator.py for tasks to queue
[2022-11-07T17:14:30.585+0000] {logging_mixin.py:120} INFO - [2022-11-07T17:14:30.585+0000] {dagbag.py:537} INFO - Filling up the DagBag from /home/airflow/.local/lib/python3.7/site-packages/airflow/example_dags/example_short_circuit_operator.py
[2022-11-07T17:14:30.599+0000] {processor.py:766} INFO - DAG(s) dict_keys(['example_short_circuit_operator']) retrieved from /home/airflow/.local/lib/python3.7/site-packages/airflow/example_dags/example_short_circuit_operator.py
[2022-11-07T17:14:30.632+0000] {logging_mixin.py:120} INFO - [2022-11-07T17:14:30.632+0000] {dag.py:2585} INFO - Sync 1 DAGs
[2022-11-07T17:14:30.744+0000] {logging_mixin.py:120} INFO - [2022-11-07T17:14:30.744+0000] {dag.py:3340} INFO - Setting next_dagrun for example_short_circuit_operator to 2022-11-06T17:14:30.744258+00:00, run_after=2022-11-07T17:14:30.744258+00:00
[2022-11-07T17:14:30.758+0000] {processor.py:176} INFO - Processing /home/airflow/.local/lib/python3.7/site-packages/airflow/example_dags/example_short_circuit_operator.py took 0.180 seconds
[2022-11-07T17:21:22.015+0000] {processor.py:154} INFO - Started process (PID=52706) to work on /home/airflow/.local/lib/python3.7/site-packages/airflow/example_dags/example_short_circuit_operator.py
[2022-11-07T17:21:22.016+0000] {processor.py:756} INFO - Processing file /home/airflow/.local/lib/python3.7/site-packages/airflow/example_dags/example_short_circuit_operator.py for tasks to queue
[2022-11-07T17:21:22.017+0000] {logging_mixin.py:120} INFO - [2022-11-07T17:21:22.017+0000] {dagbag.py:537} INFO - Filling up the DagBag from /home/airflow/.local/lib/python3.7/site-packages/airflow/example_dags/example_short_circuit_operator.py
[2022-11-07T17:21:22.030+0000] {processor.py:766} INFO - DAG(s) dict_keys(['example_short_circuit_operator']) retrieved from /home/airflow/.local/lib/python3.7/site-packages/airflow/example_dags/example_short_circuit_operator.py
[2022-11-07T17:21:22.314+0000] {logging_mixin.py:120} INFO - [2022-11-07T17:21:22.313+0000] {dag.py:2585} INFO - Sync 1 DAGs
[2022-11-07T17:21:22.341+0000] {logging_mixin.py:120} INFO - [2022-11-07T17:21:22.341+0000] {dag.py:3340} INFO - Setting next_dagrun for example_short_circuit_operator to 2022-11-06T17:21:22.341613+00:00, run_after=2022-11-07T17:21:22.341613+00:00
[2022-11-07T17:21:22.353+0000] {processor.py:176} INFO - Processing /home/airflow/.local/lib/python3.7/site-packages/airflow/example_dags/example_short_circuit_operator.py took 0.341 seconds
[2022-11-07T17:53:19.515+0000] {processor.py:154} INFO - Started process (PID=52775) to work on /home/airflow/.local/lib/python3.7/site-packages/airflow/example_dags/example_short_circuit_operator.py
[2022-11-07T17:53:19.518+0000] {processor.py:756} INFO - Processing file /home/airflow/.local/lib/python3.7/site-packages/airflow/example_dags/example_short_circuit_operator.py for tasks to queue
[2022-11-07T17:53:19.519+0000] {logging_mixin.py:120} INFO - [2022-11-07T17:53:19.519+0000] {dagbag.py:537} INFO - Filling up the DagBag from /home/airflow/.local/lib/python3.7/site-packages/airflow/example_dags/example_short_circuit_operator.py
[2022-11-07T17:53:19.551+0000] {processor.py:766} INFO - DAG(s) dict_keys(['example_short_circuit_operator']) retrieved from /home/airflow/.local/lib/python3.7/site-packages/airflow/example_dags/example_short_circuit_operator.py
[2022-11-07T17:53:19.609+0000] {logging_mixin.py:120} INFO - [2022-11-07T17:53:19.609+0000] {dag.py:2585} INFO - Sync 1 DAGs
[2022-11-07T17:53:19.638+0000] {logging_mixin.py:120} INFO - [2022-11-07T17:53:19.638+0000] {dag.py:3340} INFO - Setting next_dagrun for example_short_circuit_operator to 2022-11-06T17:53:19.637934+00:00, run_after=2022-11-07T17:53:19.637934+00:00
[2022-11-07T17:53:19.665+0000] {processor.py:176} INFO - Processing /home/airflow/.local/lib/python3.7/site-packages/airflow/example_dags/example_short_circuit_operator.py took 0.153 seconds
[2022-11-07T18:20:19.354+0000] {processor.py:154} INFO - Started process (PID=52842) to work on /home/airflow/.local/lib/python3.7/site-packages/airflow/example_dags/example_short_circuit_operator.py
[2022-11-07T18:20:19.357+0000] {processor.py:756} INFO - Processing file /home/airflow/.local/lib/python3.7/site-packages/airflow/example_dags/example_short_circuit_operator.py for tasks to queue
[2022-11-07T18:20:19.358+0000] {logging_mixin.py:120} INFO - [2022-11-07T18:20:19.358+0000] {dagbag.py:537} INFO - Filling up the DagBag from /home/airflow/.local/lib/python3.7/site-packages/airflow/example_dags/example_short_circuit_operator.py
[2022-11-07T18:20:19.393+0000] {processor.py:766} INFO - DAG(s) dict_keys(['example_short_circuit_operator']) retrieved from /home/airflow/.local/lib/python3.7/site-packages/airflow/example_dags/example_short_circuit_operator.py
[2022-11-07T18:20:19.462+0000] {logging_mixin.py:120} INFO - [2022-11-07T18:20:19.461+0000] {dag.py:2585} INFO - Sync 1 DAGs
[2022-11-07T18:20:19.772+0000] {logging_mixin.py:120} INFO - [2022-11-07T18:20:19.772+0000] {dag.py:3340} INFO - Setting next_dagrun for example_short_circuit_operator to 2022-11-06T18:20:19.772563+00:00, run_after=2022-11-07T18:20:19.772563+00:00
[2022-11-07T18:20:19.796+0000] {processor.py:176} INFO - Processing /home/airflow/.local/lib/python3.7/site-packages/airflow/example_dags/example_short_circuit_operator.py took 0.448 seconds
[2022-11-07T19:15:51.662+0000] {processor.py:154} INFO - Started process (PID=52900) to work on /home/airflow/.local/lib/python3.7/site-packages/airflow/example_dags/example_short_circuit_operator.py
[2022-11-07T19:15:51.665+0000] {processor.py:756} INFO - Processing file /home/airflow/.local/lib/python3.7/site-packages/airflow/example_dags/example_short_circuit_operator.py for tasks to queue
[2022-11-07T19:15:51.668+0000] {logging_mixin.py:120} INFO - [2022-11-07T19:15:51.668+0000] {dagbag.py:537} INFO - Filling up the DagBag from /home/airflow/.local/lib/python3.7/site-packages/airflow/example_dags/example_short_circuit_operator.py
[2022-11-07T19:15:51.693+0000] {processor.py:766} INFO - DAG(s) dict_keys(['example_short_circuit_operator']) retrieved from /home/airflow/.local/lib/python3.7/site-packages/airflow/example_dags/example_short_circuit_operator.py
[2022-11-07T19:15:51.755+0000] {logging_mixin.py:120} INFO - [2022-11-07T19:15:51.754+0000] {dag.py:2585} INFO - Sync 1 DAGs
[2022-11-07T19:15:51.979+0000] {logging_mixin.py:120} INFO - [2022-11-07T19:15:51.979+0000] {dag.py:3340} INFO - Setting next_dagrun for example_short_circuit_operator to 2022-11-06T19:15:51.979558+00:00, run_after=2022-11-07T19:15:51.979558+00:00
[2022-11-07T19:15:52.003+0000] {processor.py:176} INFO - Processing /home/airflow/.local/lib/python3.7/site-packages/airflow/example_dags/example_short_circuit_operator.py took 0.345 seconds
[2022-11-07T19:44:43.941+0000] {processor.py:154} INFO - Started process (PID=52965) to work on /home/airflow/.local/lib/python3.7/site-packages/airflow/example_dags/example_short_circuit_operator.py
[2022-11-07T19:44:43.953+0000] {processor.py:756} INFO - Processing file /home/airflow/.local/lib/python3.7/site-packages/airflow/example_dags/example_short_circuit_operator.py for tasks to queue
[2022-11-07T19:44:43.958+0000] {logging_mixin.py:120} INFO - [2022-11-07T19:44:43.958+0000] {dagbag.py:537} INFO - Filling up the DagBag from /home/airflow/.local/lib/python3.7/site-packages/airflow/example_dags/example_short_circuit_operator.py
[2022-11-07T19:44:43.979+0000] {processor.py:766} INFO - DAG(s) dict_keys(['example_short_circuit_operator']) retrieved from /home/airflow/.local/lib/python3.7/site-packages/airflow/example_dags/example_short_circuit_operator.py
[2022-11-07T19:44:44.221+0000] {logging_mixin.py:120} INFO - [2022-11-07T19:44:44.221+0000] {dag.py:2585} INFO - Sync 1 DAGs
[2022-11-07T19:44:44.252+0000] {logging_mixin.py:120} INFO - [2022-11-07T19:44:44.251+0000] {dag.py:3340} INFO - Setting next_dagrun for example_short_circuit_operator to 2022-11-06T19:44:44.251752+00:00, run_after=2022-11-07T19:44:44.251752+00:00
[2022-11-07T19:44:44.277+0000] {processor.py:176} INFO - Processing /home/airflow/.local/lib/python3.7/site-packages/airflow/example_dags/example_short_circuit_operator.py took 0.339 seconds
[2022-11-07T20:51:25.036+0000] {processor.py:154} INFO - Started process (PID=53031) to work on /home/airflow/.local/lib/python3.7/site-packages/airflow/example_dags/example_short_circuit_operator.py
[2022-11-07T20:51:25.041+0000] {processor.py:756} INFO - Processing file /home/airflow/.local/lib/python3.7/site-packages/airflow/example_dags/example_short_circuit_operator.py for tasks to queue
[2022-11-07T20:51:25.043+0000] {logging_mixin.py:120} INFO - [2022-11-07T20:51:25.042+0000] {dagbag.py:537} INFO - Filling up the DagBag from /home/airflow/.local/lib/python3.7/site-packages/airflow/example_dags/example_short_circuit_operator.py
[2022-11-07T20:51:25.081+0000] {processor.py:766} INFO - DAG(s) dict_keys(['example_short_circuit_operator']) retrieved from /home/airflow/.local/lib/python3.7/site-packages/airflow/example_dags/example_short_circuit_operator.py
[2022-11-07T20:51:25.174+0000] {logging_mixin.py:120} INFO - [2022-11-07T20:51:25.174+0000] {dag.py:2585} INFO - Sync 1 DAGs
[2022-11-07T20:51:25.212+0000] {logging_mixin.py:120} INFO - [2022-11-07T20:51:25.212+0000] {dag.py:3340} INFO - Setting next_dagrun for example_short_circuit_operator to 2022-11-06T20:51:25.211841+00:00, run_after=2022-11-07T20:51:25.211841+00:00
[2022-11-07T20:51:25.365+0000] {processor.py:176} INFO - Processing /home/airflow/.local/lib/python3.7/site-packages/airflow/example_dags/example_short_circuit_operator.py took 0.334 seconds
[2022-11-07T21:44:43.628+0000] {processor.py:154} INFO - Started process (PID=53090) to work on /home/airflow/.local/lib/python3.7/site-packages/airflow/example_dags/example_short_circuit_operator.py
[2022-11-07T21:44:43.635+0000] {processor.py:756} INFO - Processing file /home/airflow/.local/lib/python3.7/site-packages/airflow/example_dags/example_short_circuit_operator.py for tasks to queue
[2022-11-07T21:44:43.637+0000] {logging_mixin.py:120} INFO - [2022-11-07T21:44:43.637+0000] {dagbag.py:537} INFO - Filling up the DagBag from /home/airflow/.local/lib/python3.7/site-packages/airflow/example_dags/example_short_circuit_operator.py
[2022-11-07T21:44:43.654+0000] {processor.py:766} INFO - DAG(s) dict_keys(['example_short_circuit_operator']) retrieved from /home/airflow/.local/lib/python3.7/site-packages/airflow/example_dags/example_short_circuit_operator.py
[2022-11-07T21:44:43.716+0000] {logging_mixin.py:120} INFO - [2022-11-07T21:44:43.716+0000] {dag.py:2585} INFO - Sync 1 DAGs
[2022-11-07T21:44:43.859+0000] {logging_mixin.py:120} INFO - [2022-11-07T21:44:43.859+0000] {dag.py:3340} INFO - Setting next_dagrun for example_short_circuit_operator to 2022-11-06T21:44:43.859110+00:00, run_after=2022-11-07T21:44:43.859110+00:00
[2022-11-07T21:44:43.871+0000] {processor.py:176} INFO - Processing /home/airflow/.local/lib/python3.7/site-packages/airflow/example_dags/example_short_circuit_operator.py took 0.247 seconds
[2022-11-07T22:48:48.478+0000] {processor.py:154} INFO - Started process (PID=53156) to work on /home/airflow/.local/lib/python3.7/site-packages/airflow/example_dags/example_short_circuit_operator.py
[2022-11-07T22:48:48.489+0000] {processor.py:756} INFO - Processing file /home/airflow/.local/lib/python3.7/site-packages/airflow/example_dags/example_short_circuit_operator.py for tasks to queue
[2022-11-07T22:48:48.492+0000] {logging_mixin.py:120} INFO - [2022-11-07T22:48:48.492+0000] {dagbag.py:537} INFO - Filling up the DagBag from /home/airflow/.local/lib/python3.7/site-packages/airflow/example_dags/example_short_circuit_operator.py
[2022-11-07T22:48:48.539+0000] {processor.py:766} INFO - DAG(s) dict_keys(['example_short_circuit_operator']) retrieved from /home/airflow/.local/lib/python3.7/site-packages/airflow/example_dags/example_short_circuit_operator.py
[2022-11-07T22:48:48.824+0000] {logging_mixin.py:120} INFO - [2022-11-07T22:48:48.824+0000] {dag.py:2585} INFO - Sync 1 DAGs
[2022-11-07T22:48:48.860+0000] {logging_mixin.py:120} INFO - [2022-11-07T22:48:48.860+0000] {dag.py:3340} INFO - Setting next_dagrun for example_short_circuit_operator to 2022-11-06T22:48:48.860470+00:00, run_after=2022-11-07T22:48:48.860470+00:00
[2022-11-07T22:48:48.884+0000] {processor.py:176} INFO - Processing /home/airflow/.local/lib/python3.7/site-packages/airflow/example_dags/example_short_circuit_operator.py took 0.410 seconds
[2022-11-07T23:21:13.708+0000] {processor.py:154} INFO - Started process (PID=53222) to work on /home/airflow/.local/lib/python3.7/site-packages/airflow/example_dags/example_short_circuit_operator.py
[2022-11-07T23:21:13.712+0000] {processor.py:756} INFO - Processing file /home/airflow/.local/lib/python3.7/site-packages/airflow/example_dags/example_short_circuit_operator.py for tasks to queue
[2022-11-07T23:21:13.719+0000] {logging_mixin.py:120} INFO - [2022-11-07T23:21:13.719+0000] {dagbag.py:537} INFO - Filling up the DagBag from /home/airflow/.local/lib/python3.7/site-packages/airflow/example_dags/example_short_circuit_operator.py
[2022-11-07T23:21:13.769+0000] {processor.py:766} INFO - DAG(s) dict_keys(['example_short_circuit_operator']) retrieved from /home/airflow/.local/lib/python3.7/site-packages/airflow/example_dags/example_short_circuit_operator.py
[2022-11-07T23:21:13.837+0000] {logging_mixin.py:120} INFO - [2022-11-07T23:21:13.837+0000] {dag.py:2585} INFO - Sync 1 DAGs
[2022-11-07T23:21:13.867+0000] {logging_mixin.py:120} INFO - [2022-11-07T23:21:13.867+0000] {dag.py:3340} INFO - Setting next_dagrun for example_short_circuit_operator to 2022-11-06T23:21:13.866787+00:00, run_after=2022-11-07T23:21:13.866787+00:00
[2022-11-07T23:21:13.900+0000] {processor.py:176} INFO - Processing /home/airflow/.local/lib/python3.7/site-packages/airflow/example_dags/example_short_circuit_operator.py took 0.200 seconds
[2022-11-07T23:58:57.479+0000] {processor.py:154} INFO - Started process (PID=53289) to work on /home/airflow/.local/lib/python3.7/site-packages/airflow/example_dags/example_short_circuit_operator.py
[2022-11-07T23:58:57.481+0000] {processor.py:756} INFO - Processing file /home/airflow/.local/lib/python3.7/site-packages/airflow/example_dags/example_short_circuit_operator.py for tasks to queue
[2022-11-07T23:58:57.483+0000] {logging_mixin.py:120} INFO - [2022-11-07T23:58:57.483+0000] {dagbag.py:537} INFO - Filling up the DagBag from /home/airflow/.local/lib/python3.7/site-packages/airflow/example_dags/example_short_circuit_operator.py
[2022-11-07T23:58:57.519+0000] {processor.py:766} INFO - DAG(s) dict_keys(['example_short_circuit_operator']) retrieved from /home/airflow/.local/lib/python3.7/site-packages/airflow/example_dags/example_short_circuit_operator.py
[2022-11-07T23:58:57.602+0000] {logging_mixin.py:120} INFO - [2022-11-07T23:58:57.602+0000] {dag.py:2585} INFO - Sync 1 DAGs
[2022-11-07T23:58:57.899+0000] {logging_mixin.py:120} INFO - [2022-11-07T23:58:57.899+0000] {dag.py:3340} INFO - Setting next_dagrun for example_short_circuit_operator to 2022-11-06T23:58:57.898414+00:00, run_after=2022-11-07T23:58:57.898414+00:00
[2022-11-07T23:58:57.930+0000] {processor.py:176} INFO - Processing /home/airflow/.local/lib/python3.7/site-packages/airflow/example_dags/example_short_circuit_operator.py took 0.455 seconds
