[2022-11-07T17:10:55.753+0000] {processor.py:154} INFO - Started process (PID=52187) to work on /home/airflow/.local/lib/python3.7/site-packages/airflow/example_dags/example_skip_dag.py
[2022-11-07T17:10:55.755+0000] {processor.py:756} INFO - Processing file /home/airflow/.local/lib/python3.7/site-packages/airflow/example_dags/example_skip_dag.py for tasks to queue
[2022-11-07T17:10:55.762+0000] {logging_mixin.py:120} INFO - [2022-11-07T17:10:55.762+0000] {dagbag.py:537} INFO - Filling up the DagBag from /home/airflow/.local/lib/python3.7/site-packages/airflow/example_dags/example_skip_dag.py
[2022-11-07T17:10:55.798+0000] {processor.py:766} INFO - DAG(s) dict_keys(['example_skip_dag']) retrieved from /home/airflow/.local/lib/python3.7/site-packages/airflow/example_dags/example_skip_dag.py
[2022-11-07T17:10:55.944+0000] {logging_mixin.py:120} INFO - [2022-11-07T17:10:55.944+0000] {dag.py:2585} INFO - Sync 1 DAGs
[2022-11-07T17:10:56.009+0000] {logging_mixin.py:120} INFO - [2022-11-07T17:10:56.009+0000] {dag.py:3340} INFO - Setting next_dagrun for example_skip_dag to 2022-11-06T17:10:56.008754+00:00, run_after=2022-11-07T17:10:56.008754+00:00
[2022-11-07T17:10:56.061+0000] {processor.py:176} INFO - Processing /home/airflow/.local/lib/python3.7/site-packages/airflow/example_dags/example_skip_dag.py took 0.312 seconds
[2022-11-07T17:11:26.587+0000] {processor.py:154} INFO - Started process (PID=52244) to work on /home/airflow/.local/lib/python3.7/site-packages/airflow/example_dags/example_skip_dag.py
[2022-11-07T17:11:26.589+0000] {processor.py:756} INFO - Processing file /home/airflow/.local/lib/python3.7/site-packages/airflow/example_dags/example_skip_dag.py for tasks to queue
[2022-11-07T17:11:26.590+0000] {logging_mixin.py:120} INFO - [2022-11-07T17:11:26.590+0000] {dagbag.py:537} INFO - Filling up the DagBag from /home/airflow/.local/lib/python3.7/site-packages/airflow/example_dags/example_skip_dag.py
[2022-11-07T17:11:26.602+0000] {processor.py:766} INFO - DAG(s) dict_keys(['example_skip_dag']) retrieved from /home/airflow/.local/lib/python3.7/site-packages/airflow/example_dags/example_skip_dag.py
[2022-11-07T17:11:26.632+0000] {logging_mixin.py:120} INFO - [2022-11-07T17:11:26.632+0000] {dag.py:2585} INFO - Sync 1 DAGs
[2022-11-07T17:11:26.648+0000] {logging_mixin.py:120} INFO - [2022-11-07T17:11:26.648+0000] {dag.py:3340} INFO - Setting next_dagrun for example_skip_dag to 2022-11-06T17:11:26.648414+00:00, run_after=2022-11-07T17:11:26.648414+00:00
[2022-11-07T17:11:26.661+0000] {processor.py:176} INFO - Processing /home/airflow/.local/lib/python3.7/site-packages/airflow/example_dags/example_skip_dag.py took 0.077 seconds
[2022-11-07T17:11:57.493+0000] {processor.py:154} INFO - Started process (PID=52310) to work on /home/airflow/.local/lib/python3.7/site-packages/airflow/example_dags/example_skip_dag.py
[2022-11-07T17:11:57.494+0000] {processor.py:756} INFO - Processing file /home/airflow/.local/lib/python3.7/site-packages/airflow/example_dags/example_skip_dag.py for tasks to queue
[2022-11-07T17:11:57.495+0000] {logging_mixin.py:120} INFO - [2022-11-07T17:11:57.495+0000] {dagbag.py:537} INFO - Filling up the DagBag from /home/airflow/.local/lib/python3.7/site-packages/airflow/example_dags/example_skip_dag.py
[2022-11-07T17:11:57.509+0000] {processor.py:766} INFO - DAG(s) dict_keys(['example_skip_dag']) retrieved from /home/airflow/.local/lib/python3.7/site-packages/airflow/example_dags/example_skip_dag.py
[2022-11-07T17:11:57.541+0000] {logging_mixin.py:120} INFO - [2022-11-07T17:11:57.541+0000] {dag.py:2585} INFO - Sync 1 DAGs
[2022-11-07T17:11:57.558+0000] {logging_mixin.py:120} INFO - [2022-11-07T17:11:57.558+0000] {dag.py:3340} INFO - Setting next_dagrun for example_skip_dag to 2022-11-06T17:11:57.558606+00:00, run_after=2022-11-07T17:11:57.558606+00:00
[2022-11-07T17:11:57.671+0000] {processor.py:176} INFO - Processing /home/airflow/.local/lib/python3.7/site-packages/airflow/example_dags/example_skip_dag.py took 0.181 seconds
[2022-11-07T17:12:27.776+0000] {processor.py:154} INFO - Started process (PID=52378) to work on /home/airflow/.local/lib/python3.7/site-packages/airflow/example_dags/example_skip_dag.py
[2022-11-07T17:12:27.780+0000] {processor.py:756} INFO - Processing file /home/airflow/.local/lib/python3.7/site-packages/airflow/example_dags/example_skip_dag.py for tasks to queue
[2022-11-07T17:12:27.781+0000] {logging_mixin.py:120} INFO - [2022-11-07T17:12:27.781+0000] {dagbag.py:537} INFO - Filling up the DagBag from /home/airflow/.local/lib/python3.7/site-packages/airflow/example_dags/example_skip_dag.py
[2022-11-07T17:12:27.792+0000] {processor.py:766} INFO - DAG(s) dict_keys(['example_skip_dag']) retrieved from /home/airflow/.local/lib/python3.7/site-packages/airflow/example_dags/example_skip_dag.py
[2022-11-07T17:12:27.825+0000] {logging_mixin.py:120} INFO - [2022-11-07T17:12:27.824+0000] {dag.py:2585} INFO - Sync 1 DAGs
[2022-11-07T17:12:27.940+0000] {logging_mixin.py:120} INFO - [2022-11-07T17:12:27.940+0000] {dag.py:3340} INFO - Setting next_dagrun for example_skip_dag to 2022-11-06T17:12:27.940624+00:00, run_after=2022-11-07T17:12:27.940624+00:00
[2022-11-07T17:12:27.954+0000] {processor.py:176} INFO - Processing /home/airflow/.local/lib/python3.7/site-packages/airflow/example_dags/example_skip_dag.py took 0.181 seconds
[2022-11-07T17:12:58.260+0000] {processor.py:154} INFO - Started process (PID=52445) to work on /home/airflow/.local/lib/python3.7/site-packages/airflow/example_dags/example_skip_dag.py
[2022-11-07T17:12:58.261+0000] {processor.py:756} INFO - Processing file /home/airflow/.local/lib/python3.7/site-packages/airflow/example_dags/example_skip_dag.py for tasks to queue
[2022-11-07T17:12:58.262+0000] {logging_mixin.py:120} INFO - [2022-11-07T17:12:58.262+0000] {dagbag.py:537} INFO - Filling up the DagBag from /home/airflow/.local/lib/python3.7/site-packages/airflow/example_dags/example_skip_dag.py
[2022-11-07T17:12:58.280+0000] {processor.py:766} INFO - DAG(s) dict_keys(['example_skip_dag']) retrieved from /home/airflow/.local/lib/python3.7/site-packages/airflow/example_dags/example_skip_dag.py
[2022-11-07T17:12:58.400+0000] {logging_mixin.py:120} INFO - [2022-11-07T17:12:58.400+0000] {dag.py:2585} INFO - Sync 1 DAGs
[2022-11-07T17:12:58.412+0000] {logging_mixin.py:120} INFO - [2022-11-07T17:12:58.412+0000] {dag.py:3340} INFO - Setting next_dagrun for example_skip_dag to 2022-11-06T17:12:58.412583+00:00, run_after=2022-11-07T17:12:58.412583+00:00
[2022-11-07T17:12:58.422+0000] {processor.py:176} INFO - Processing /home/airflow/.local/lib/python3.7/site-packages/airflow/example_dags/example_skip_dag.py took 0.164 seconds
[2022-11-07T17:13:29.036+0000] {processor.py:154} INFO - Started process (PID=52511) to work on /home/airflow/.local/lib/python3.7/site-packages/airflow/example_dags/example_skip_dag.py
[2022-11-07T17:13:29.038+0000] {processor.py:756} INFO - Processing file /home/airflow/.local/lib/python3.7/site-packages/airflow/example_dags/example_skip_dag.py for tasks to queue
[2022-11-07T17:13:29.039+0000] {logging_mixin.py:120} INFO - [2022-11-07T17:13:29.039+0000] {dagbag.py:537} INFO - Filling up the DagBag from /home/airflow/.local/lib/python3.7/site-packages/airflow/example_dags/example_skip_dag.py
[2022-11-07T17:13:29.057+0000] {processor.py:766} INFO - DAG(s) dict_keys(['example_skip_dag']) retrieved from /home/airflow/.local/lib/python3.7/site-packages/airflow/example_dags/example_skip_dag.py
[2022-11-07T17:13:29.123+0000] {logging_mixin.py:120} INFO - [2022-11-07T17:13:29.123+0000] {dag.py:2585} INFO - Sync 1 DAGs
[2022-11-07T17:13:29.162+0000] {logging_mixin.py:120} INFO - [2022-11-07T17:13:29.162+0000] {dag.py:3340} INFO - Setting next_dagrun for example_skip_dag to 2022-11-06T17:13:29.162049+00:00, run_after=2022-11-07T17:13:29.162049+00:00
[2022-11-07T17:13:29.183+0000] {processor.py:176} INFO - Processing /home/airflow/.local/lib/python3.7/site-packages/airflow/example_dags/example_skip_dag.py took 0.151 seconds
[2022-11-07T17:13:59.596+0000] {processor.py:154} INFO - Started process (PID=52569) to work on /home/airflow/.local/lib/python3.7/site-packages/airflow/example_dags/example_skip_dag.py
[2022-11-07T17:13:59.597+0000] {processor.py:756} INFO - Processing file /home/airflow/.local/lib/python3.7/site-packages/airflow/example_dags/example_skip_dag.py for tasks to queue
[2022-11-07T17:13:59.598+0000] {logging_mixin.py:120} INFO - [2022-11-07T17:13:59.598+0000] {dagbag.py:537} INFO - Filling up the DagBag from /home/airflow/.local/lib/python3.7/site-packages/airflow/example_dags/example_skip_dag.py
[2022-11-07T17:13:59.612+0000] {processor.py:766} INFO - DAG(s) dict_keys(['example_skip_dag']) retrieved from /home/airflow/.local/lib/python3.7/site-packages/airflow/example_dags/example_skip_dag.py
[2022-11-07T17:13:59.643+0000] {logging_mixin.py:120} INFO - [2022-11-07T17:13:59.643+0000] {dag.py:2585} INFO - Sync 1 DAGs
[2022-11-07T17:13:59.664+0000] {logging_mixin.py:120} INFO - [2022-11-07T17:13:59.664+0000] {dag.py:3340} INFO - Setting next_dagrun for example_skip_dag to 2022-11-06T17:13:59.663934+00:00, run_after=2022-11-07T17:13:59.663934+00:00
[2022-11-07T17:13:59.785+0000] {processor.py:176} INFO - Processing /home/airflow/.local/lib/python3.7/site-packages/airflow/example_dags/example_skip_dag.py took 0.192 seconds
[2022-11-07T17:14:30.338+0000] {processor.py:154} INFO - Started process (PID=52636) to work on /home/airflow/.local/lib/python3.7/site-packages/airflow/example_dags/example_skip_dag.py
[2022-11-07T17:14:30.340+0000] {processor.py:756} INFO - Processing file /home/airflow/.local/lib/python3.7/site-packages/airflow/example_dags/example_skip_dag.py for tasks to queue
[2022-11-07T17:14:30.341+0000] {logging_mixin.py:120} INFO - [2022-11-07T17:14:30.341+0000] {dagbag.py:537} INFO - Filling up the DagBag from /home/airflow/.local/lib/python3.7/site-packages/airflow/example_dags/example_skip_dag.py
[2022-11-07T17:14:30.360+0000] {processor.py:766} INFO - DAG(s) dict_keys(['example_skip_dag']) retrieved from /home/airflow/.local/lib/python3.7/site-packages/airflow/example_dags/example_skip_dag.py
[2022-11-07T17:14:30.394+0000] {logging_mixin.py:120} INFO - [2022-11-07T17:14:30.394+0000] {dag.py:2585} INFO - Sync 1 DAGs
[2022-11-07T17:14:30.517+0000] {logging_mixin.py:120} INFO - [2022-11-07T17:14:30.516+0000] {dag.py:3340} INFO - Setting next_dagrun for example_skip_dag to 2022-11-06T17:14:30.516824+00:00, run_after=2022-11-07T17:14:30.516824+00:00
[2022-11-07T17:14:30.529+0000] {processor.py:176} INFO - Processing /home/airflow/.local/lib/python3.7/site-packages/airflow/example_dags/example_skip_dag.py took 0.193 seconds
[2022-11-07T17:21:21.793+0000] {processor.py:154} INFO - Started process (PID=52704) to work on /home/airflow/.local/lib/python3.7/site-packages/airflow/example_dags/example_skip_dag.py
[2022-11-07T17:21:21.795+0000] {processor.py:756} INFO - Processing file /home/airflow/.local/lib/python3.7/site-packages/airflow/example_dags/example_skip_dag.py for tasks to queue
[2022-11-07T17:21:21.797+0000] {logging_mixin.py:120} INFO - [2022-11-07T17:21:21.797+0000] {dagbag.py:537} INFO - Filling up the DagBag from /home/airflow/.local/lib/python3.7/site-packages/airflow/example_dags/example_skip_dag.py
[2022-11-07T17:21:21.810+0000] {processor.py:766} INFO - DAG(s) dict_keys(['example_skip_dag']) retrieved from /home/airflow/.local/lib/python3.7/site-packages/airflow/example_dags/example_skip_dag.py
[2022-11-07T17:21:21.948+0000] {logging_mixin.py:120} INFO - [2022-11-07T17:21:21.947+0000] {dag.py:2585} INFO - Sync 1 DAGs
[2022-11-07T17:21:21.963+0000] {logging_mixin.py:120} INFO - [2022-11-07T17:21:21.963+0000] {dag.py:3340} INFO - Setting next_dagrun for example_skip_dag to 2022-11-06T17:21:21.963604+00:00, run_after=2022-11-07T17:21:21.963604+00:00
[2022-11-07T17:21:21.977+0000] {processor.py:176} INFO - Processing /home/airflow/.local/lib/python3.7/site-packages/airflow/example_dags/example_skip_dag.py took 0.187 seconds
[2022-11-07T17:53:18.746+0000] {processor.py:154} INFO - Started process (PID=52773) to work on /home/airflow/.local/lib/python3.7/site-packages/airflow/example_dags/example_skip_dag.py
[2022-11-07T17:53:18.748+0000] {processor.py:756} INFO - Processing file /home/airflow/.local/lib/python3.7/site-packages/airflow/example_dags/example_skip_dag.py for tasks to queue
[2022-11-07T17:53:18.752+0000] {logging_mixin.py:120} INFO - [2022-11-07T17:53:18.752+0000] {dagbag.py:537} INFO - Filling up the DagBag from /home/airflow/.local/lib/python3.7/site-packages/airflow/example_dags/example_skip_dag.py
[2022-11-07T17:53:18.798+0000] {processor.py:766} INFO - DAG(s) dict_keys(['example_skip_dag']) retrieved from /home/airflow/.local/lib/python3.7/site-packages/airflow/example_dags/example_skip_dag.py
[2022-11-07T17:53:18.933+0000] {logging_mixin.py:120} INFO - [2022-11-07T17:53:18.933+0000] {dag.py:2585} INFO - Sync 1 DAGs
[2022-11-07T17:53:18.970+0000] {logging_mixin.py:120} INFO - [2022-11-07T17:53:18.970+0000] {dag.py:3340} INFO - Setting next_dagrun for example_skip_dag to 2022-11-06T17:53:18.970362+00:00, run_after=2022-11-07T17:53:18.970362+00:00
[2022-11-07T17:53:19.005+0000] {processor.py:176} INFO - Processing /home/airflow/.local/lib/python3.7/site-packages/airflow/example_dags/example_skip_dag.py took 0.263 seconds
[2022-11-07T18:20:18.691+0000] {processor.py:154} INFO - Started process (PID=52840) to work on /home/airflow/.local/lib/python3.7/site-packages/airflow/example_dags/example_skip_dag.py
[2022-11-07T18:20:18.694+0000] {processor.py:756} INFO - Processing file /home/airflow/.local/lib/python3.7/site-packages/airflow/example_dags/example_skip_dag.py for tasks to queue
[2022-11-07T18:20:18.696+0000] {logging_mixin.py:120} INFO - [2022-11-07T18:20:18.696+0000] {dagbag.py:537} INFO - Filling up the DagBag from /home/airflow/.local/lib/python3.7/site-packages/airflow/example_dags/example_skip_dag.py
[2022-11-07T18:20:18.743+0000] {processor.py:766} INFO - DAG(s) dict_keys(['example_skip_dag']) retrieved from /home/airflow/.local/lib/python3.7/site-packages/airflow/example_dags/example_skip_dag.py
[2022-11-07T18:20:18.844+0000] {logging_mixin.py:120} INFO - [2022-11-07T18:20:18.844+0000] {dag.py:2585} INFO - Sync 1 DAGs
[2022-11-07T18:20:18.904+0000] {logging_mixin.py:120} INFO - [2022-11-07T18:20:18.904+0000] {dag.py:3340} INFO - Setting next_dagrun for example_skip_dag to 2022-11-06T18:20:18.904098+00:00, run_after=2022-11-07T18:20:18.904098+00:00
[2022-11-07T18:20:19.259+0000] {processor.py:176} INFO - Processing /home/airflow/.local/lib/python3.7/site-packages/airflow/example_dags/example_skip_dag.py took 0.584 seconds
[2022-11-07T19:15:51.206+0000] {processor.py:154} INFO - Started process (PID=52898) to work on /home/airflow/.local/lib/python3.7/site-packages/airflow/example_dags/example_skip_dag.py
[2022-11-07T19:15:51.211+0000] {processor.py:756} INFO - Processing file /home/airflow/.local/lib/python3.7/site-packages/airflow/example_dags/example_skip_dag.py for tasks to queue
[2022-11-07T19:15:51.223+0000] {logging_mixin.py:120} INFO - [2022-11-07T19:15:51.223+0000] {dagbag.py:537} INFO - Filling up the DagBag from /home/airflow/.local/lib/python3.7/site-packages/airflow/example_dags/example_skip_dag.py
[2022-11-07T19:15:51.258+0000] {processor.py:766} INFO - DAG(s) dict_keys(['example_skip_dag']) retrieved from /home/airflow/.local/lib/python3.7/site-packages/airflow/example_dags/example_skip_dag.py
[2022-11-07T19:15:51.318+0000] {logging_mixin.py:120} INFO - [2022-11-07T19:15:51.318+0000] {dag.py:2585} INFO - Sync 1 DAGs
[2022-11-07T19:15:51.558+0000] {logging_mixin.py:120} INFO - [2022-11-07T19:15:51.558+0000] {dag.py:3340} INFO - Setting next_dagrun for example_skip_dag to 2022-11-06T19:15:51.558692+00:00, run_after=2022-11-07T19:15:51.558692+00:00
[2022-11-07T19:15:51.578+0000] {processor.py:176} INFO - Processing /home/airflow/.local/lib/python3.7/site-packages/airflow/example_dags/example_skip_dag.py took 0.376 seconds
[2022-11-07T19:44:43.422+0000] {processor.py:154} INFO - Started process (PID=52963) to work on /home/airflow/.local/lib/python3.7/site-packages/airflow/example_dags/example_skip_dag.py
[2022-11-07T19:44:43.427+0000] {processor.py:756} INFO - Processing file /home/airflow/.local/lib/python3.7/site-packages/airflow/example_dags/example_skip_dag.py for tasks to queue
[2022-11-07T19:44:43.431+0000] {logging_mixin.py:120} INFO - [2022-11-07T19:44:43.431+0000] {dagbag.py:537} INFO - Filling up the DagBag from /home/airflow/.local/lib/python3.7/site-packages/airflow/example_dags/example_skip_dag.py
[2022-11-07T19:44:43.465+0000] {processor.py:766} INFO - DAG(s) dict_keys(['example_skip_dag']) retrieved from /home/airflow/.local/lib/python3.7/site-packages/airflow/example_dags/example_skip_dag.py
[2022-11-07T19:44:43.844+0000] {logging_mixin.py:120} INFO - [2022-11-07T19:44:43.844+0000] {dag.py:2585} INFO - Sync 1 DAGs
[2022-11-07T19:44:43.863+0000] {logging_mixin.py:120} INFO - [2022-11-07T19:44:43.863+0000] {dag.py:3340} INFO - Setting next_dagrun for example_skip_dag to 2022-11-06T19:44:43.862927+00:00, run_after=2022-11-07T19:44:43.862927+00:00
[2022-11-07T19:44:43.881+0000] {processor.py:176} INFO - Processing /home/airflow/.local/lib/python3.7/site-packages/airflow/example_dags/example_skip_dag.py took 0.467 seconds
[2022-11-07T20:51:24.824+0000] {processor.py:154} INFO - Started process (PID=53029) to work on /home/airflow/.local/lib/python3.7/site-packages/airflow/example_dags/example_skip_dag.py
[2022-11-07T20:51:24.835+0000] {processor.py:756} INFO - Processing file /home/airflow/.local/lib/python3.7/site-packages/airflow/example_dags/example_skip_dag.py for tasks to queue
[2022-11-07T20:51:24.837+0000] {logging_mixin.py:120} INFO - [2022-11-07T20:51:24.837+0000] {dagbag.py:537} INFO - Filling up the DagBag from /home/airflow/.local/lib/python3.7/site-packages/airflow/example_dags/example_skip_dag.py
[2022-11-07T20:51:24.867+0000] {processor.py:766} INFO - DAG(s) dict_keys(['example_skip_dag']) retrieved from /home/airflow/.local/lib/python3.7/site-packages/airflow/example_dags/example_skip_dag.py
[2022-11-07T20:51:24.945+0000] {logging_mixin.py:120} INFO - [2022-11-07T20:51:24.945+0000] {dag.py:2585} INFO - Sync 1 DAGs
[2022-11-07T20:51:24.970+0000] {logging_mixin.py:120} INFO - [2022-11-07T20:51:24.969+0000] {dag.py:3340} INFO - Setting next_dagrun for example_skip_dag to 2022-11-06T20:51:24.969751+00:00, run_after=2022-11-07T20:51:24.969751+00:00
[2022-11-07T20:51:24.988+0000] {processor.py:176} INFO - Processing /home/airflow/.local/lib/python3.7/site-packages/airflow/example_dags/example_skip_dag.py took 0.168 seconds
[2022-11-07T21:44:43.310+0000] {processor.py:154} INFO - Started process (PID=53088) to work on /home/airflow/.local/lib/python3.7/site-packages/airflow/example_dags/example_skip_dag.py
[2022-11-07T21:44:43.312+0000] {processor.py:756} INFO - Processing file /home/airflow/.local/lib/python3.7/site-packages/airflow/example_dags/example_skip_dag.py for tasks to queue
[2022-11-07T21:44:43.313+0000] {logging_mixin.py:120} INFO - [2022-11-07T21:44:43.313+0000] {dagbag.py:537} INFO - Filling up the DagBag from /home/airflow/.local/lib/python3.7/site-packages/airflow/example_dags/example_skip_dag.py
[2022-11-07T21:44:43.327+0000] {processor.py:766} INFO - DAG(s) dict_keys(['example_skip_dag']) retrieved from /home/airflow/.local/lib/python3.7/site-packages/airflow/example_dags/example_skip_dag.py
[2022-11-07T21:44:43.369+0000] {logging_mixin.py:120} INFO - [2022-11-07T21:44:43.369+0000] {dag.py:2585} INFO - Sync 1 DAGs
[2022-11-07T21:44:43.530+0000] {logging_mixin.py:120} INFO - [2022-11-07T21:44:43.530+0000] {dag.py:3340} INFO - Setting next_dagrun for example_skip_dag to 2022-11-06T21:44:43.530121+00:00, run_after=2022-11-07T21:44:43.530121+00:00
[2022-11-07T21:44:43.553+0000] {processor.py:176} INFO - Processing /home/airflow/.local/lib/python3.7/site-packages/airflow/example_dags/example_skip_dag.py took 0.246 seconds
[2022-11-07T22:48:47.898+0000] {processor.py:154} INFO - Started process (PID=53154) to work on /home/airflow/.local/lib/python3.7/site-packages/airflow/example_dags/example_skip_dag.py
[2022-11-07T22:48:47.901+0000] {processor.py:756} INFO - Processing file /home/airflow/.local/lib/python3.7/site-packages/airflow/example_dags/example_skip_dag.py for tasks to queue
[2022-11-07T22:48:47.903+0000] {logging_mixin.py:120} INFO - [2022-11-07T22:48:47.903+0000] {dagbag.py:537} INFO - Filling up the DagBag from /home/airflow/.local/lib/python3.7/site-packages/airflow/example_dags/example_skip_dag.py
[2022-11-07T22:48:47.938+0000] {processor.py:766} INFO - DAG(s) dict_keys(['example_skip_dag']) retrieved from /home/airflow/.local/lib/python3.7/site-packages/airflow/example_dags/example_skip_dag.py
[2022-11-07T22:48:48.339+0000] {logging_mixin.py:120} INFO - [2022-11-07T22:48:48.339+0000] {dag.py:2585} INFO - Sync 1 DAGs
[2022-11-07T22:48:48.368+0000] {logging_mixin.py:120} INFO - [2022-11-07T22:48:48.368+0000] {dag.py:3340} INFO - Setting next_dagrun for example_skip_dag to 2022-11-06T22:48:48.368496+00:00, run_after=2022-11-07T22:48:48.368496+00:00
[2022-11-07T22:48:48.403+0000] {processor.py:176} INFO - Processing /home/airflow/.local/lib/python3.7/site-packages/airflow/example_dags/example_skip_dag.py took 0.509 seconds
[2022-11-07T23:21:13.478+0000] {processor.py:154} INFO - Started process (PID=53220) to work on /home/airflow/.local/lib/python3.7/site-packages/airflow/example_dags/example_skip_dag.py
[2022-11-07T23:21:13.482+0000] {processor.py:756} INFO - Processing file /home/airflow/.local/lib/python3.7/site-packages/airflow/example_dags/example_skip_dag.py for tasks to queue
[2022-11-07T23:21:13.483+0000] {logging_mixin.py:120} INFO - [2022-11-07T23:21:13.483+0000] {dagbag.py:537} INFO - Filling up the DagBag from /home/airflow/.local/lib/python3.7/site-packages/airflow/example_dags/example_skip_dag.py
[2022-11-07T23:21:13.505+0000] {processor.py:766} INFO - DAG(s) dict_keys(['example_skip_dag']) retrieved from /home/airflow/.local/lib/python3.7/site-packages/airflow/example_dags/example_skip_dag.py
[2022-11-07T23:21:13.564+0000] {logging_mixin.py:120} INFO - [2022-11-07T23:21:13.563+0000] {dag.py:2585} INFO - Sync 1 DAGs
[2022-11-07T23:21:13.601+0000] {logging_mixin.py:120} INFO - [2022-11-07T23:21:13.601+0000] {dag.py:3340} INFO - Setting next_dagrun for example_skip_dag to 2022-11-06T23:21:13.601355+00:00, run_after=2022-11-07T23:21:13.601355+00:00
[2022-11-07T23:21:13.644+0000] {processor.py:176} INFO - Processing /home/airflow/.local/lib/python3.7/site-packages/airflow/example_dags/example_skip_dag.py took 0.170 seconds
[2022-11-07T23:58:56.785+0000] {processor.py:154} INFO - Started process (PID=53278) to work on /home/airflow/.local/lib/python3.7/site-packages/airflow/example_dags/example_skip_dag.py
[2022-11-07T23:58:56.788+0000] {processor.py:756} INFO - Processing file /home/airflow/.local/lib/python3.7/site-packages/airflow/example_dags/example_skip_dag.py for tasks to queue
[2022-11-07T23:58:56.791+0000] {logging_mixin.py:120} INFO - [2022-11-07T23:58:56.791+0000] {dagbag.py:537} INFO - Filling up the DagBag from /home/airflow/.local/lib/python3.7/site-packages/airflow/example_dags/example_skip_dag.py
[2022-11-07T23:58:56.832+0000] {processor.py:766} INFO - DAG(s) dict_keys(['example_skip_dag']) retrieved from /home/airflow/.local/lib/python3.7/site-packages/airflow/example_dags/example_skip_dag.py
[2022-11-07T23:58:56.927+0000] {logging_mixin.py:120} INFO - [2022-11-07T23:58:56.926+0000] {dag.py:2585} INFO - Sync 1 DAGs
[2022-11-07T23:58:56.963+0000] {logging_mixin.py:120} INFO - [2022-11-07T23:58:56.963+0000] {dag.py:3340} INFO - Setting next_dagrun for example_skip_dag to 2022-11-06T23:58:56.963091+00:00, run_after=2022-11-07T23:58:56.963091+00:00
[2022-11-07T23:58:57.374+0000] {processor.py:176} INFO - Processing /home/airflow/.local/lib/python3.7/site-packages/airflow/example_dags/example_skip_dag.py took 0.599 seconds
