[2022-11-07T17:10:52.878+0000] {processor.py:154} INFO - Started process (PID=52178) to work on /home/airflow/.local/lib/python3.7/site-packages/airflow/example_dags/example_bash_operator.py
[2022-11-07T17:10:52.889+0000] {processor.py:756} INFO - Processing file /home/airflow/.local/lib/python3.7/site-packages/airflow/example_dags/example_bash_operator.py for tasks to queue
[2022-11-07T17:10:52.893+0000] {logging_mixin.py:120} INFO - [2022-11-07T17:10:52.893+0000] {dagbag.py:537} INFO - Filling up the DagBag from /home/airflow/.local/lib/python3.7/site-packages/airflow/example_dags/example_bash_operator.py
[2022-11-07T17:10:53.019+0000] {processor.py:766} INFO - DAG(s) dict_keys(['example_bash_operator']) retrieved from /home/airflow/.local/lib/python3.7/site-packages/airflow/example_dags/example_bash_operator.py
[2022-11-07T17:10:53.216+0000] {logging_mixin.py:120} INFO - [2022-11-07T17:10:53.216+0000] {dag.py:2585} INFO - Sync 1 DAGs
[2022-11-07T17:10:53.290+0000] {logging_mixin.py:120} INFO - [2022-11-07T17:10:53.290+0000] {dag.py:3340} INFO - Setting next_dagrun for example_bash_operator to 2022-11-06T00:00:00+00:00, run_after=2022-11-07T00:00:00+00:00
[2022-11-07T17:10:53.332+0000] {processor.py:176} INFO - Processing /home/airflow/.local/lib/python3.7/site-packages/airflow/example_dags/example_bash_operator.py took 0.471 seconds
[2022-11-07T17:11:23.953+0000] {processor.py:154} INFO - Started process (PID=52237) to work on /home/airflow/.local/lib/python3.7/site-packages/airflow/example_dags/example_bash_operator.py
[2022-11-07T17:11:23.954+0000] {processor.py:756} INFO - Processing file /home/airflow/.local/lib/python3.7/site-packages/airflow/example_dags/example_bash_operator.py for tasks to queue
[2022-11-07T17:11:23.956+0000] {logging_mixin.py:120} INFO - [2022-11-07T17:11:23.955+0000] {dagbag.py:537} INFO - Filling up the DagBag from /home/airflow/.local/lib/python3.7/site-packages/airflow/example_dags/example_bash_operator.py
[2022-11-07T17:11:23.982+0000] {processor.py:766} INFO - DAG(s) dict_keys(['example_bash_operator']) retrieved from /home/airflow/.local/lib/python3.7/site-packages/airflow/example_dags/example_bash_operator.py
[2022-11-07T17:11:24.015+0000] {logging_mixin.py:120} INFO - [2022-11-07T17:11:24.015+0000] {dag.py:2585} INFO - Sync 1 DAGs
[2022-11-07T17:11:24.031+0000] {logging_mixin.py:120} INFO - [2022-11-07T17:11:24.031+0000] {dag.py:3340} INFO - Setting next_dagrun for example_bash_operator to 2022-11-06T00:00:00+00:00, run_after=2022-11-07T00:00:00+00:00
[2022-11-07T17:11:24.049+0000] {processor.py:176} INFO - Processing /home/airflow/.local/lib/python3.7/site-packages/airflow/example_dags/example_bash_operator.py took 0.102 seconds
[2022-11-07T17:11:54.977+0000] {processor.py:154} INFO - Started process (PID=52303) to work on /home/airflow/.local/lib/python3.7/site-packages/airflow/example_dags/example_bash_operator.py
[2022-11-07T17:11:54.979+0000] {processor.py:756} INFO - Processing file /home/airflow/.local/lib/python3.7/site-packages/airflow/example_dags/example_bash_operator.py for tasks to queue
[2022-11-07T17:11:54.981+0000] {logging_mixin.py:120} INFO - [2022-11-07T17:11:54.981+0000] {dagbag.py:537} INFO - Filling up the DagBag from /home/airflow/.local/lib/python3.7/site-packages/airflow/example_dags/example_bash_operator.py
[2022-11-07T17:11:55.001+0000] {processor.py:766} INFO - DAG(s) dict_keys(['example_bash_operator']) retrieved from /home/airflow/.local/lib/python3.7/site-packages/airflow/example_dags/example_bash_operator.py
[2022-11-07T17:11:55.039+0000] {logging_mixin.py:120} INFO - [2022-11-07T17:11:55.039+0000] {dag.py:2585} INFO - Sync 1 DAGs
[2022-11-07T17:11:55.181+0000] {logging_mixin.py:120} INFO - [2022-11-07T17:11:55.181+0000] {dag.py:3340} INFO - Setting next_dagrun for example_bash_operator to 2022-11-06T00:00:00+00:00, run_after=2022-11-07T00:00:00+00:00
[2022-11-07T17:11:55.194+0000] {processor.py:176} INFO - Processing /home/airflow/.local/lib/python3.7/site-packages/airflow/example_dags/example_bash_operator.py took 0.220 seconds
[2022-11-07T17:12:25.797+0000] {processor.py:154} INFO - Started process (PID=52371) to work on /home/airflow/.local/lib/python3.7/site-packages/airflow/example_dags/example_bash_operator.py
[2022-11-07T17:12:25.806+0000] {processor.py:756} INFO - Processing file /home/airflow/.local/lib/python3.7/site-packages/airflow/example_dags/example_bash_operator.py for tasks to queue
[2022-11-07T17:12:25.808+0000] {logging_mixin.py:120} INFO - [2022-11-07T17:12:25.807+0000] {dagbag.py:537} INFO - Filling up the DagBag from /home/airflow/.local/lib/python3.7/site-packages/airflow/example_dags/example_bash_operator.py
[2022-11-07T17:12:25.825+0000] {processor.py:766} INFO - DAG(s) dict_keys(['example_bash_operator']) retrieved from /home/airflow/.local/lib/python3.7/site-packages/airflow/example_dags/example_bash_operator.py
[2022-11-07T17:12:25.858+0000] {logging_mixin.py:120} INFO - [2022-11-07T17:12:25.858+0000] {dag.py:2585} INFO - Sync 1 DAGs
[2022-11-07T17:12:25.991+0000] {logging_mixin.py:120} INFO - [2022-11-07T17:12:25.991+0000] {dag.py:3340} INFO - Setting next_dagrun for example_bash_operator to 2022-11-06T00:00:00+00:00, run_after=2022-11-07T00:00:00+00:00
[2022-11-07T17:12:26.006+0000] {processor.py:176} INFO - Processing /home/airflow/.local/lib/python3.7/site-packages/airflow/example_dags/example_bash_operator.py took 0.216 seconds
[2022-11-07T17:12:56.144+0000] {processor.py:154} INFO - Started process (PID=52438) to work on /home/airflow/.local/lib/python3.7/site-packages/airflow/example_dags/example_bash_operator.py
[2022-11-07T17:12:56.149+0000] {processor.py:756} INFO - Processing file /home/airflow/.local/lib/python3.7/site-packages/airflow/example_dags/example_bash_operator.py for tasks to queue
[2022-11-07T17:12:56.151+0000] {logging_mixin.py:120} INFO - [2022-11-07T17:12:56.151+0000] {dagbag.py:537} INFO - Filling up the DagBag from /home/airflow/.local/lib/python3.7/site-packages/airflow/example_dags/example_bash_operator.py
[2022-11-07T17:12:56.185+0000] {processor.py:766} INFO - DAG(s) dict_keys(['example_bash_operator']) retrieved from /home/airflow/.local/lib/python3.7/site-packages/airflow/example_dags/example_bash_operator.py
[2022-11-07T17:12:56.467+0000] {logging_mixin.py:120} INFO - [2022-11-07T17:12:56.467+0000] {dag.py:2585} INFO - Sync 1 DAGs
[2022-11-07T17:12:56.497+0000] {logging_mixin.py:120} INFO - [2022-11-07T17:12:56.497+0000] {dag.py:3340} INFO - Setting next_dagrun for example_bash_operator to 2022-11-06T00:00:00+00:00, run_after=2022-11-07T00:00:00+00:00
[2022-11-07T17:12:56.525+0000] {processor.py:176} INFO - Processing /home/airflow/.local/lib/python3.7/site-packages/airflow/example_dags/example_bash_operator.py took 0.388 seconds
[2022-11-07T17:13:27.260+0000] {processor.py:154} INFO - Started process (PID=52496) to work on /home/airflow/.local/lib/python3.7/site-packages/airflow/example_dags/example_bash_operator.py
[2022-11-07T17:13:27.262+0000] {processor.py:756} INFO - Processing file /home/airflow/.local/lib/python3.7/site-packages/airflow/example_dags/example_bash_operator.py for tasks to queue
[2022-11-07T17:13:27.263+0000] {logging_mixin.py:120} INFO - [2022-11-07T17:13:27.263+0000] {dagbag.py:537} INFO - Filling up the DagBag from /home/airflow/.local/lib/python3.7/site-packages/airflow/example_dags/example_bash_operator.py
[2022-11-07T17:13:27.287+0000] {processor.py:766} INFO - DAG(s) dict_keys(['example_bash_operator']) retrieved from /home/airflow/.local/lib/python3.7/site-packages/airflow/example_dags/example_bash_operator.py
[2022-11-07T17:13:27.327+0000] {logging_mixin.py:120} INFO - [2022-11-07T17:13:27.327+0000] {dag.py:2585} INFO - Sync 1 DAGs
[2022-11-07T17:13:27.349+0000] {logging_mixin.py:120} INFO - [2022-11-07T17:13:27.349+0000] {dag.py:3340} INFO - Setting next_dagrun for example_bash_operator to 2022-11-06T00:00:00+00:00, run_after=2022-11-07T00:00:00+00:00
[2022-11-07T17:13:27.379+0000] {processor.py:176} INFO - Processing /home/airflow/.local/lib/python3.7/site-packages/airflow/example_dags/example_bash_operator.py took 0.126 seconds
[2022-11-07T17:13:57.645+0000] {processor.py:154} INFO - Started process (PID=52562) to work on /home/airflow/.local/lib/python3.7/site-packages/airflow/example_dags/example_bash_operator.py
[2022-11-07T17:13:57.648+0000] {processor.py:756} INFO - Processing file /home/airflow/.local/lib/python3.7/site-packages/airflow/example_dags/example_bash_operator.py for tasks to queue
[2022-11-07T17:13:57.652+0000] {logging_mixin.py:120} INFO - [2022-11-07T17:13:57.652+0000] {dagbag.py:537} INFO - Filling up the DagBag from /home/airflow/.local/lib/python3.7/site-packages/airflow/example_dags/example_bash_operator.py
[2022-11-07T17:13:57.670+0000] {processor.py:766} INFO - DAG(s) dict_keys(['example_bash_operator']) retrieved from /home/airflow/.local/lib/python3.7/site-packages/airflow/example_dags/example_bash_operator.py
[2022-11-07T17:13:57.701+0000] {logging_mixin.py:120} INFO - [2022-11-07T17:13:57.701+0000] {dag.py:2585} INFO - Sync 1 DAGs
[2022-11-07T17:13:57.817+0000] {logging_mixin.py:120} INFO - [2022-11-07T17:13:57.817+0000] {dag.py:3340} INFO - Setting next_dagrun for example_bash_operator to 2022-11-06T00:00:00+00:00, run_after=2022-11-07T00:00:00+00:00
[2022-11-07T17:13:57.830+0000] {processor.py:176} INFO - Processing /home/airflow/.local/lib/python3.7/site-packages/airflow/example_dags/example_bash_operator.py took 0.189 seconds
[2022-11-07T17:14:28.326+0000] {processor.py:154} INFO - Started process (PID=52629) to work on /home/airflow/.local/lib/python3.7/site-packages/airflow/example_dags/example_bash_operator.py
[2022-11-07T17:14:28.330+0000] {processor.py:756} INFO - Processing file /home/airflow/.local/lib/python3.7/site-packages/airflow/example_dags/example_bash_operator.py for tasks to queue
[2022-11-07T17:14:28.331+0000] {logging_mixin.py:120} INFO - [2022-11-07T17:14:28.331+0000] {dagbag.py:537} INFO - Filling up the DagBag from /home/airflow/.local/lib/python3.7/site-packages/airflow/example_dags/example_bash_operator.py
[2022-11-07T17:14:28.353+0000] {processor.py:766} INFO - DAG(s) dict_keys(['example_bash_operator']) retrieved from /home/airflow/.local/lib/python3.7/site-packages/airflow/example_dags/example_bash_operator.py
[2022-11-07T17:14:28.391+0000] {logging_mixin.py:120} INFO - [2022-11-07T17:14:28.390+0000] {dag.py:2585} INFO - Sync 1 DAGs
[2022-11-07T17:14:28.516+0000] {logging_mixin.py:120} INFO - [2022-11-07T17:14:28.516+0000] {dag.py:3340} INFO - Setting next_dagrun for example_bash_operator to 2022-11-06T00:00:00+00:00, run_after=2022-11-07T00:00:00+00:00
[2022-11-07T17:14:28.527+0000] {processor.py:176} INFO - Processing /home/airflow/.local/lib/python3.7/site-packages/airflow/example_dags/example_bash_operator.py took 0.205 seconds
[2022-11-07T17:21:20.796+0000] {processor.py:154} INFO - Started process (PID=52697) to work on /home/airflow/.local/lib/python3.7/site-packages/airflow/example_dags/example_bash_operator.py
[2022-11-07T17:21:20.798+0000] {processor.py:756} INFO - Processing file /home/airflow/.local/lib/python3.7/site-packages/airflow/example_dags/example_bash_operator.py for tasks to queue
[2022-11-07T17:21:20.799+0000] {logging_mixin.py:120} INFO - [2022-11-07T17:21:20.799+0000] {dagbag.py:537} INFO - Filling up the DagBag from /home/airflow/.local/lib/python3.7/site-packages/airflow/example_dags/example_bash_operator.py
[2022-11-07T17:21:20.817+0000] {processor.py:766} INFO - DAG(s) dict_keys(['example_bash_operator']) retrieved from /home/airflow/.local/lib/python3.7/site-packages/airflow/example_dags/example_bash_operator.py
[2022-11-07T17:21:20.971+0000] {logging_mixin.py:120} INFO - [2022-11-07T17:21:20.970+0000] {dag.py:2585} INFO - Sync 1 DAGs
[2022-11-07T17:21:20.987+0000] {logging_mixin.py:120} INFO - [2022-11-07T17:21:20.987+0000] {dag.py:3340} INFO - Setting next_dagrun for example_bash_operator to 2022-11-06T00:00:00+00:00, run_after=2022-11-07T00:00:00+00:00
[2022-11-07T17:21:20.998+0000] {processor.py:176} INFO - Processing /home/airflow/.local/lib/python3.7/site-packages/airflow/example_dags/example_bash_operator.py took 0.206 seconds
[2022-11-07T17:53:16.922+0000] {processor.py:154} INFO - Started process (PID=52766) to work on /home/airflow/.local/lib/python3.7/site-packages/airflow/example_dags/example_bash_operator.py
[2022-11-07T17:53:16.926+0000] {processor.py:756} INFO - Processing file /home/airflow/.local/lib/python3.7/site-packages/airflow/example_dags/example_bash_operator.py for tasks to queue
[2022-11-07T17:53:16.938+0000] {logging_mixin.py:120} INFO - [2022-11-07T17:53:16.938+0000] {dagbag.py:537} INFO - Filling up the DagBag from /home/airflow/.local/lib/python3.7/site-packages/airflow/example_dags/example_bash_operator.py
[2022-11-07T17:53:16.982+0000] {processor.py:766} INFO - DAG(s) dict_keys(['example_bash_operator']) retrieved from /home/airflow/.local/lib/python3.7/site-packages/airflow/example_dags/example_bash_operator.py
[2022-11-07T17:53:17.064+0000] {logging_mixin.py:120} INFO - [2022-11-07T17:53:17.064+0000] {dag.py:2585} INFO - Sync 1 DAGs
[2022-11-07T17:53:17.099+0000] {logging_mixin.py:120} INFO - [2022-11-07T17:53:17.099+0000] {dag.py:3340} INFO - Setting next_dagrun for example_bash_operator to 2022-11-06T00:00:00+00:00, run_after=2022-11-07T00:00:00+00:00
[2022-11-07T17:53:17.631+0000] {processor.py:176} INFO - Processing /home/airflow/.local/lib/python3.7/site-packages/airflow/example_dags/example_bash_operator.py took 0.716 seconds
[2022-11-07T18:20:16.438+0000] {processor.py:154} INFO - Started process (PID=52824) to work on /home/airflow/.local/lib/python3.7/site-packages/airflow/example_dags/example_bash_operator.py
[2022-11-07T18:20:16.447+0000] {processor.py:756} INFO - Processing file /home/airflow/.local/lib/python3.7/site-packages/airflow/example_dags/example_bash_operator.py for tasks to queue
[2022-11-07T18:20:16.449+0000] {logging_mixin.py:120} INFO - [2022-11-07T18:20:16.449+0000] {dagbag.py:537} INFO - Filling up the DagBag from /home/airflow/.local/lib/python3.7/site-packages/airflow/example_dags/example_bash_operator.py
[2022-11-07T18:20:16.476+0000] {processor.py:766} INFO - DAG(s) dict_keys(['example_bash_operator']) retrieved from /home/airflow/.local/lib/python3.7/site-packages/airflow/example_dags/example_bash_operator.py
[2022-11-07T18:20:16.555+0000] {logging_mixin.py:120} INFO - [2022-11-07T18:20:16.555+0000] {dag.py:2585} INFO - Sync 1 DAGs
[2022-11-07T18:20:16.818+0000] {logging_mixin.py:120} INFO - [2022-11-07T18:20:16.818+0000] {dag.py:3340} INFO - Setting next_dagrun for example_bash_operator to 2022-11-06T00:00:00+00:00, run_after=2022-11-07T00:00:00+00:00
[2022-11-07T18:20:16.837+0000] {processor.py:176} INFO - Processing /home/airflow/.local/lib/python3.7/site-packages/airflow/example_dags/example_bash_operator.py took 0.402 seconds
[2022-11-07T19:15:49.511+0000] {processor.py:154} INFO - Started process (PID=52891) to work on /home/airflow/.local/lib/python3.7/site-packages/airflow/example_dags/example_bash_operator.py
[2022-11-07T19:15:49.514+0000] {processor.py:756} INFO - Processing file /home/airflow/.local/lib/python3.7/site-packages/airflow/example_dags/example_bash_operator.py for tasks to queue
[2022-11-07T19:15:49.516+0000] {logging_mixin.py:120} INFO - [2022-11-07T19:15:49.516+0000] {dagbag.py:537} INFO - Filling up the DagBag from /home/airflow/.local/lib/python3.7/site-packages/airflow/example_dags/example_bash_operator.py
[2022-11-07T19:15:49.550+0000] {processor.py:766} INFO - DAG(s) dict_keys(['example_bash_operator']) retrieved from /home/airflow/.local/lib/python3.7/site-packages/airflow/example_dags/example_bash_operator.py
[2022-11-07T19:15:49.828+0000] {logging_mixin.py:120} INFO - [2022-11-07T19:15:49.828+0000] {dag.py:2585} INFO - Sync 1 DAGs
[2022-11-07T19:15:49.857+0000] {logging_mixin.py:120} INFO - [2022-11-07T19:15:49.857+0000] {dag.py:3340} INFO - Setting next_dagrun for example_bash_operator to 2022-11-06T00:00:00+00:00, run_after=2022-11-07T00:00:00+00:00
[2022-11-07T19:15:49.880+0000] {processor.py:176} INFO - Processing /home/airflow/.local/lib/python3.7/site-packages/airflow/example_dags/example_bash_operator.py took 0.372 seconds
[2022-11-07T19:44:42.013+0000] {processor.py:154} INFO - Started process (PID=52956) to work on /home/airflow/.local/lib/python3.7/site-packages/airflow/example_dags/example_bash_operator.py
[2022-11-07T19:44:42.016+0000] {processor.py:756} INFO - Processing file /home/airflow/.local/lib/python3.7/site-packages/airflow/example_dags/example_bash_operator.py for tasks to queue
[2022-11-07T19:44:42.017+0000] {logging_mixin.py:120} INFO - [2022-11-07T19:44:42.017+0000] {dagbag.py:537} INFO - Filling up the DagBag from /home/airflow/.local/lib/python3.7/site-packages/airflow/example_dags/example_bash_operator.py
[2022-11-07T19:44:42.048+0000] {processor.py:766} INFO - DAG(s) dict_keys(['example_bash_operator']) retrieved from /home/airflow/.local/lib/python3.7/site-packages/airflow/example_dags/example_bash_operator.py
[2022-11-07T19:44:42.351+0000] {logging_mixin.py:120} INFO - [2022-11-07T19:44:42.351+0000] {dag.py:2585} INFO - Sync 1 DAGs
[2022-11-07T19:44:42.387+0000] {logging_mixin.py:120} INFO - [2022-11-07T19:44:42.387+0000] {dag.py:3340} INFO - Setting next_dagrun for example_bash_operator to 2022-11-06T00:00:00+00:00, run_after=2022-11-07T00:00:00+00:00
[2022-11-07T19:44:42.416+0000] {processor.py:176} INFO - Processing /home/airflow/.local/lib/python3.7/site-packages/airflow/example_dags/example_bash_operator.py took 0.406 seconds
[2022-11-07T20:51:23.288+0000] {processor.py:154} INFO - Started process (PID=53014) to work on /home/airflow/.local/lib/python3.7/site-packages/airflow/example_dags/example_bash_operator.py
[2022-11-07T20:51:23.293+0000] {processor.py:756} INFO - Processing file /home/airflow/.local/lib/python3.7/site-packages/airflow/example_dags/example_bash_operator.py for tasks to queue
[2022-11-07T20:51:23.296+0000] {logging_mixin.py:120} INFO - [2022-11-07T20:51:23.295+0000] {dagbag.py:537} INFO - Filling up the DagBag from /home/airflow/.local/lib/python3.7/site-packages/airflow/example_dags/example_bash_operator.py
[2022-11-07T20:51:23.323+0000] {processor.py:766} INFO - DAG(s) dict_keys(['example_bash_operator']) retrieved from /home/airflow/.local/lib/python3.7/site-packages/airflow/example_dags/example_bash_operator.py
[2022-11-07T20:51:23.445+0000] {logging_mixin.py:120} INFO - [2022-11-07T20:51:23.445+0000] {dag.py:2585} INFO - Sync 1 DAGs
[2022-11-07T20:51:23.558+0000] {logging_mixin.py:120} INFO - [2022-11-07T20:51:23.558+0000] {dag.py:3340} INFO - Setting next_dagrun for example_bash_operator to 2022-11-06T00:00:00+00:00, run_after=2022-11-07T00:00:00+00:00
[2022-11-07T20:51:23.920+0000] {processor.py:176} INFO - Processing /home/airflow/.local/lib/python3.7/site-packages/airflow/example_dags/example_bash_operator.py took 0.642 seconds
[2022-11-07T21:44:41.477+0000] {processor.py:154} INFO - Started process (PID=53081) to work on /home/airflow/.local/lib/python3.7/site-packages/airflow/example_dags/example_bash_operator.py
[2022-11-07T21:44:41.480+0000] {processor.py:756} INFO - Processing file /home/airflow/.local/lib/python3.7/site-packages/airflow/example_dags/example_bash_operator.py for tasks to queue
[2022-11-07T21:44:41.481+0000] {logging_mixin.py:120} INFO - [2022-11-07T21:44:41.481+0000] {dagbag.py:537} INFO - Filling up the DagBag from /home/airflow/.local/lib/python3.7/site-packages/airflow/example_dags/example_bash_operator.py
[2022-11-07T21:44:41.513+0000] {processor.py:766} INFO - DAG(s) dict_keys(['example_bash_operator']) retrieved from /home/airflow/.local/lib/python3.7/site-packages/airflow/example_dags/example_bash_operator.py
[2022-11-07T21:44:41.576+0000] {logging_mixin.py:120} INFO - [2022-11-07T21:44:41.576+0000] {dag.py:2585} INFO - Sync 1 DAGs
[2022-11-07T21:44:41.826+0000] {logging_mixin.py:120} INFO - [2022-11-07T21:44:41.826+0000] {dag.py:3340} INFO - Setting next_dagrun for example_bash_operator to 2022-11-06T00:00:00+00:00, run_after=2022-11-07T00:00:00+00:00
[2022-11-07T21:44:41.845+0000] {processor.py:176} INFO - Processing /home/airflow/.local/lib/python3.7/site-packages/airflow/example_dags/example_bash_operator.py took 0.371 seconds
[2022-11-07T22:48:46.560+0000] {processor.py:154} INFO - Started process (PID=53147) to work on /home/airflow/.local/lib/python3.7/site-packages/airflow/example_dags/example_bash_operator.py
[2022-11-07T22:48:46.563+0000] {processor.py:756} INFO - Processing file /home/airflow/.local/lib/python3.7/site-packages/airflow/example_dags/example_bash_operator.py for tasks to queue
[2022-11-07T22:48:46.564+0000] {logging_mixin.py:120} INFO - [2022-11-07T22:48:46.564+0000] {dagbag.py:537} INFO - Filling up the DagBag from /home/airflow/.local/lib/python3.7/site-packages/airflow/example_dags/example_bash_operator.py
[2022-11-07T22:48:46.600+0000] {processor.py:766} INFO - DAG(s) dict_keys(['example_bash_operator']) retrieved from /home/airflow/.local/lib/python3.7/site-packages/airflow/example_dags/example_bash_operator.py
[2022-11-07T22:48:46.861+0000] {logging_mixin.py:120} INFO - [2022-11-07T22:48:46.861+0000] {dag.py:2585} INFO - Sync 1 DAGs
[2022-11-07T22:48:46.894+0000] {logging_mixin.py:120} INFO - [2022-11-07T22:48:46.894+0000] {dag.py:3340} INFO - Setting next_dagrun for example_bash_operator to 2022-11-06T00:00:00+00:00, run_after=2022-11-07T00:00:00+00:00
[2022-11-07T22:48:46.921+0000] {processor.py:176} INFO - Processing /home/airflow/.local/lib/python3.7/site-packages/airflow/example_dags/example_bash_operator.py took 0.365 seconds
[2022-11-07T23:21:12.346+0000] {processor.py:154} INFO - Started process (PID=53213) to work on /home/airflow/.local/lib/python3.7/site-packages/airflow/example_dags/example_bash_operator.py
[2022-11-07T23:21:12.351+0000] {processor.py:756} INFO - Processing file /home/airflow/.local/lib/python3.7/site-packages/airflow/example_dags/example_bash_operator.py for tasks to queue
[2022-11-07T23:21:12.355+0000] {logging_mixin.py:120} INFO - [2022-11-07T23:21:12.354+0000] {dagbag.py:537} INFO - Filling up the DagBag from /home/airflow/.local/lib/python3.7/site-packages/airflow/example_dags/example_bash_operator.py
[2022-11-07T23:21:12.404+0000] {processor.py:766} INFO - DAG(s) dict_keys(['example_bash_operator']) retrieved from /home/airflow/.local/lib/python3.7/site-packages/airflow/example_dags/example_bash_operator.py
[2022-11-07T23:21:12.493+0000] {logging_mixin.py:120} INFO - [2022-11-07T23:21:12.493+0000] {dag.py:2585} INFO - Sync 1 DAGs
[2022-11-07T23:21:12.540+0000] {logging_mixin.py:120} INFO - [2022-11-07T23:21:12.540+0000] {dag.py:3340} INFO - Setting next_dagrun for example_bash_operator to 2022-11-06T00:00:00+00:00, run_after=2022-11-07T00:00:00+00:00
[2022-11-07T23:21:12.583+0000] {processor.py:176} INFO - Processing /home/airflow/.local/lib/python3.7/site-packages/airflow/example_dags/example_bash_operator.py took 0.240 seconds
[2022-11-07T23:58:54.537+0000] {processor.py:154} INFO - Started process (PID=53271) to work on /home/airflow/.local/lib/python3.7/site-packages/airflow/example_dags/example_bash_operator.py
[2022-11-07T23:58:54.540+0000] {processor.py:756} INFO - Processing file /home/airflow/.local/lib/python3.7/site-packages/airflow/example_dags/example_bash_operator.py for tasks to queue
[2022-11-07T23:58:54.541+0000] {logging_mixin.py:120} INFO - [2022-11-07T23:58:54.541+0000] {dagbag.py:537} INFO - Filling up the DagBag from /home/airflow/.local/lib/python3.7/site-packages/airflow/example_dags/example_bash_operator.py
[2022-11-07T23:58:54.573+0000] {processor.py:766} INFO - DAG(s) dict_keys(['example_bash_operator']) retrieved from /home/airflow/.local/lib/python3.7/site-packages/airflow/example_dags/example_bash_operator.py
[2022-11-07T23:58:54.636+0000] {logging_mixin.py:120} INFO - [2022-11-07T23:58:54.636+0000] {dag.py:2585} INFO - Sync 1 DAGs
[2022-11-07T23:58:54.865+0000] {logging_mixin.py:120} INFO - [2022-11-07T23:58:54.864+0000] {dag.py:3340} INFO - Setting next_dagrun for example_bash_operator to 2022-11-06T00:00:00+00:00, run_after=2022-11-07T00:00:00+00:00
[2022-11-07T23:58:54.887+0000] {processor.py:176} INFO - Processing /home/airflow/.local/lib/python3.7/site-packages/airflow/example_dags/example_bash_operator.py took 0.353 seconds
