[2022-11-07T17:10:58.785+0000] {processor.py:154} INFO - Started process (PID=52201) to work on /home/airflow/.local/lib/python3.7/site-packages/airflow/example_dags/example_python_operator.py
[2022-11-07T17:10:58.790+0000] {processor.py:756} INFO - Processing file /home/airflow/.local/lib/python3.7/site-packages/airflow/example_dags/example_python_operator.py for tasks to queue
[2022-11-07T17:10:58.793+0000] {logging_mixin.py:120} INFO - [2022-11-07T17:10:58.792+0000] {dagbag.py:537} INFO - Filling up the DagBag from /home/airflow/.local/lib/python3.7/site-packages/airflow/example_dags/example_python_operator.py
[2022-11-07T17:10:58.815+0000] {logging_mixin.py:120} INFO - [2022-11-07T17:10:58.814+0000] {taskmixin.py:205} WARNING - Dependency <Task(_PythonDecoratedOperator): print_the_context>, log_sql_query already registered for DAG: example_python_operator
[2022-11-07T17:10:58.817+0000] {logging_mixin.py:120} INFO - [2022-11-07T17:10:58.817+0000] {taskmixin.py:205} WARNING - Dependency <Task(_PythonDecoratedOperator): log_sql_query>, print_the_context already registered for DAG: example_python_operator
[2022-11-07T17:10:58.824+0000] {logging_mixin.py:120} INFO - [2022-11-07T17:10:58.824+0000] {taskmixin.py:205} WARNING - Dependency <Task(_PythonDecoratedOperator): print_the_context>, log_sql_query already registered for DAG: example_python_operator
[2022-11-07T17:10:58.827+0000] {logging_mixin.py:120} INFO - [2022-11-07T17:10:58.827+0000] {taskmixin.py:205} WARNING - Dependency <Task(_PythonDecoratedOperator): log_sql_query>, print_the_context already registered for DAG: example_python_operator
[2022-11-07T17:10:58.830+0000] {logging_mixin.py:120} INFO - [2022-11-07T17:10:58.830+0000] {taskmixin.py:205} WARNING - Dependency <Task(_PythonDecoratedOperator): print_the_context>, log_sql_query already registered for DAG: example_python_operator
[2022-11-07T17:10:58.832+0000] {logging_mixin.py:120} INFO - [2022-11-07T17:10:58.832+0000] {taskmixin.py:205} WARNING - Dependency <Task(_PythonDecoratedOperator): log_sql_query>, print_the_context already registered for DAG: example_python_operator
[2022-11-07T17:10:58.835+0000] {logging_mixin.py:120} INFO - [2022-11-07T17:10:58.834+0000] {taskmixin.py:205} WARNING - Dependency <Task(_PythonDecoratedOperator): print_the_context>, log_sql_query already registered for DAG: example_python_operator
[2022-11-07T17:10:58.836+0000] {logging_mixin.py:120} INFO - [2022-11-07T17:10:58.836+0000] {taskmixin.py:205} WARNING - Dependency <Task(_PythonDecoratedOperator): log_sql_query>, print_the_context already registered for DAG: example_python_operator
[2022-11-07T17:10:58.851+0000] {processor.py:766} INFO - DAG(s) dict_keys(['example_python_operator']) retrieved from /home/airflow/.local/lib/python3.7/site-packages/airflow/example_dags/example_python_operator.py
[2022-11-07T17:10:58.926+0000] {logging_mixin.py:120} INFO - [2022-11-07T17:10:58.926+0000] {dag.py:2585} INFO - Sync 1 DAGs
[2022-11-07T17:10:58.961+0000] {logging_mixin.py:120} INFO - [2022-11-07T17:10:58.960+0000] {dag.py:3340} INFO - Setting next_dagrun for example_python_operator to None, run_after=None
[2022-11-07T17:10:58.983+0000] {processor.py:176} INFO - Processing /home/airflow/.local/lib/python3.7/site-packages/airflow/example_dags/example_python_operator.py took 0.204 seconds
[2022-11-07T17:11:29.068+0000] {processor.py:154} INFO - Started process (PID=52258) to work on /home/airflow/.local/lib/python3.7/site-packages/airflow/example_dags/example_python_operator.py
[2022-11-07T17:11:29.069+0000] {processor.py:756} INFO - Processing file /home/airflow/.local/lib/python3.7/site-packages/airflow/example_dags/example_python_operator.py for tasks to queue
[2022-11-07T17:11:29.071+0000] {logging_mixin.py:120} INFO - [2022-11-07T17:11:29.071+0000] {dagbag.py:537} INFO - Filling up the DagBag from /home/airflow/.local/lib/python3.7/site-packages/airflow/example_dags/example_python_operator.py
[2022-11-07T17:11:29.082+0000] {logging_mixin.py:120} INFO - [2022-11-07T17:11:29.082+0000] {taskmixin.py:205} WARNING - Dependency <Task(_PythonDecoratedOperator): print_the_context>, log_sql_query already registered for DAG: example_python_operator
[2022-11-07T17:11:29.083+0000] {logging_mixin.py:120} INFO - [2022-11-07T17:11:29.083+0000] {taskmixin.py:205} WARNING - Dependency <Task(_PythonDecoratedOperator): log_sql_query>, print_the_context already registered for DAG: example_python_operator
[2022-11-07T17:11:29.084+0000] {logging_mixin.py:120} INFO - [2022-11-07T17:11:29.084+0000] {taskmixin.py:205} WARNING - Dependency <Task(_PythonDecoratedOperator): print_the_context>, log_sql_query already registered for DAG: example_python_operator
[2022-11-07T17:11:29.085+0000] {logging_mixin.py:120} INFO - [2022-11-07T17:11:29.085+0000] {taskmixin.py:205} WARNING - Dependency <Task(_PythonDecoratedOperator): log_sql_query>, print_the_context already registered for DAG: example_python_operator
[2022-11-07T17:11:29.086+0000] {logging_mixin.py:120} INFO - [2022-11-07T17:11:29.086+0000] {taskmixin.py:205} WARNING - Dependency <Task(_PythonDecoratedOperator): print_the_context>, log_sql_query already registered for DAG: example_python_operator
[2022-11-07T17:11:29.086+0000] {logging_mixin.py:120} INFO - [2022-11-07T17:11:29.086+0000] {taskmixin.py:205} WARNING - Dependency <Task(_PythonDecoratedOperator): log_sql_query>, print_the_context already registered for DAG: example_python_operator
[2022-11-07T17:11:29.087+0000] {logging_mixin.py:120} INFO - [2022-11-07T17:11:29.087+0000] {taskmixin.py:205} WARNING - Dependency <Task(_PythonDecoratedOperator): print_the_context>, log_sql_query already registered for DAG: example_python_operator
[2022-11-07T17:11:29.088+0000] {logging_mixin.py:120} INFO - [2022-11-07T17:11:29.088+0000] {taskmixin.py:205} WARNING - Dependency <Task(_PythonDecoratedOperator): log_sql_query>, print_the_context already registered for DAG: example_python_operator
[2022-11-07T17:11:29.093+0000] {processor.py:766} INFO - DAG(s) dict_keys(['example_python_operator']) retrieved from /home/airflow/.local/lib/python3.7/site-packages/airflow/example_dags/example_python_operator.py
[2022-11-07T17:11:29.124+0000] {logging_mixin.py:120} INFO - [2022-11-07T17:11:29.124+0000] {dag.py:2585} INFO - Sync 1 DAGs
[2022-11-07T17:11:29.140+0000] {logging_mixin.py:120} INFO - [2022-11-07T17:11:29.140+0000] {dag.py:3340} INFO - Setting next_dagrun for example_python_operator to None, run_after=None
[2022-11-07T17:11:29.245+0000] {processor.py:176} INFO - Processing /home/airflow/.local/lib/python3.7/site-packages/airflow/example_dags/example_python_operator.py took 0.181 seconds
[2022-11-07T17:12:00.344+0000] {processor.py:154} INFO - Started process (PID=52324) to work on /home/airflow/.local/lib/python3.7/site-packages/airflow/example_dags/example_python_operator.py
[2022-11-07T17:12:00.345+0000] {processor.py:756} INFO - Processing file /home/airflow/.local/lib/python3.7/site-packages/airflow/example_dags/example_python_operator.py for tasks to queue
[2022-11-07T17:12:00.347+0000] {logging_mixin.py:120} INFO - [2022-11-07T17:12:00.347+0000] {dagbag.py:537} INFO - Filling up the DagBag from /home/airflow/.local/lib/python3.7/site-packages/airflow/example_dags/example_python_operator.py
[2022-11-07T17:12:00.357+0000] {logging_mixin.py:120} INFO - [2022-11-07T17:12:00.357+0000] {taskmixin.py:205} WARNING - Dependency <Task(_PythonDecoratedOperator): print_the_context>, log_sql_query already registered for DAG: example_python_operator
[2022-11-07T17:12:00.358+0000] {logging_mixin.py:120} INFO - [2022-11-07T17:12:00.358+0000] {taskmixin.py:205} WARNING - Dependency <Task(_PythonDecoratedOperator): log_sql_query>, print_the_context already registered for DAG: example_python_operator
[2022-11-07T17:12:00.359+0000] {logging_mixin.py:120} INFO - [2022-11-07T17:12:00.359+0000] {taskmixin.py:205} WARNING - Dependency <Task(_PythonDecoratedOperator): print_the_context>, log_sql_query already registered for DAG: example_python_operator
[2022-11-07T17:12:00.360+0000] {logging_mixin.py:120} INFO - [2022-11-07T17:12:00.360+0000] {taskmixin.py:205} WARNING - Dependency <Task(_PythonDecoratedOperator): log_sql_query>, print_the_context already registered for DAG: example_python_operator
[2022-11-07T17:12:00.361+0000] {logging_mixin.py:120} INFO - [2022-11-07T17:12:00.361+0000] {taskmixin.py:205} WARNING - Dependency <Task(_PythonDecoratedOperator): print_the_context>, log_sql_query already registered for DAG: example_python_operator
[2022-11-07T17:12:00.362+0000] {logging_mixin.py:120} INFO - [2022-11-07T17:12:00.362+0000] {taskmixin.py:205} WARNING - Dependency <Task(_PythonDecoratedOperator): log_sql_query>, print_the_context already registered for DAG: example_python_operator
[2022-11-07T17:12:00.362+0000] {logging_mixin.py:120} INFO - [2022-11-07T17:12:00.362+0000] {taskmixin.py:205} WARNING - Dependency <Task(_PythonDecoratedOperator): print_the_context>, log_sql_query already registered for DAG: example_python_operator
[2022-11-07T17:12:00.363+0000] {logging_mixin.py:120} INFO - [2022-11-07T17:12:00.363+0000] {taskmixin.py:205} WARNING - Dependency <Task(_PythonDecoratedOperator): log_sql_query>, print_the_context already registered for DAG: example_python_operator
[2022-11-07T17:12:00.368+0000] {processor.py:766} INFO - DAG(s) dict_keys(['example_python_operator']) retrieved from /home/airflow/.local/lib/python3.7/site-packages/airflow/example_dags/example_python_operator.py
[2022-11-07T17:12:00.397+0000] {logging_mixin.py:120} INFO - [2022-11-07T17:12:00.397+0000] {dag.py:2585} INFO - Sync 1 DAGs
[2022-11-07T17:12:00.503+0000] {logging_mixin.py:120} INFO - [2022-11-07T17:12:00.503+0000] {dag.py:3340} INFO - Setting next_dagrun for example_python_operator to None, run_after=None
[2022-11-07T17:12:00.514+0000] {processor.py:176} INFO - Processing /home/airflow/.local/lib/python3.7/site-packages/airflow/example_dags/example_python_operator.py took 0.174 seconds
[2022-11-07T17:12:30.800+0000] {processor.py:154} INFO - Started process (PID=52392) to work on /home/airflow/.local/lib/python3.7/site-packages/airflow/example_dags/example_python_operator.py
[2022-11-07T17:12:30.802+0000] {processor.py:756} INFO - Processing file /home/airflow/.local/lib/python3.7/site-packages/airflow/example_dags/example_python_operator.py for tasks to queue
[2022-11-07T17:12:30.803+0000] {logging_mixin.py:120} INFO - [2022-11-07T17:12:30.803+0000] {dagbag.py:537} INFO - Filling up the DagBag from /home/airflow/.local/lib/python3.7/site-packages/airflow/example_dags/example_python_operator.py
[2022-11-07T17:12:30.814+0000] {logging_mixin.py:120} INFO - [2022-11-07T17:12:30.814+0000] {taskmixin.py:205} WARNING - Dependency <Task(_PythonDecoratedOperator): print_the_context>, log_sql_query already registered for DAG: example_python_operator
[2022-11-07T17:12:30.815+0000] {logging_mixin.py:120} INFO - [2022-11-07T17:12:30.815+0000] {taskmixin.py:205} WARNING - Dependency <Task(_PythonDecoratedOperator): log_sql_query>, print_the_context already registered for DAG: example_python_operator
[2022-11-07T17:12:30.817+0000] {logging_mixin.py:120} INFO - [2022-11-07T17:12:30.817+0000] {taskmixin.py:205} WARNING - Dependency <Task(_PythonDecoratedOperator): print_the_context>, log_sql_query already registered for DAG: example_python_operator
[2022-11-07T17:12:30.818+0000] {logging_mixin.py:120} INFO - [2022-11-07T17:12:30.817+0000] {taskmixin.py:205} WARNING - Dependency <Task(_PythonDecoratedOperator): log_sql_query>, print_the_context already registered for DAG: example_python_operator
[2022-11-07T17:12:30.818+0000] {logging_mixin.py:120} INFO - [2022-11-07T17:12:30.818+0000] {taskmixin.py:205} WARNING - Dependency <Task(_PythonDecoratedOperator): print_the_context>, log_sql_query already registered for DAG: example_python_operator
[2022-11-07T17:12:30.819+0000] {logging_mixin.py:120} INFO - [2022-11-07T17:12:30.819+0000] {taskmixin.py:205} WARNING - Dependency <Task(_PythonDecoratedOperator): log_sql_query>, print_the_context already registered for DAG: example_python_operator
[2022-11-07T17:12:30.820+0000] {logging_mixin.py:120} INFO - [2022-11-07T17:12:30.820+0000] {taskmixin.py:205} WARNING - Dependency <Task(_PythonDecoratedOperator): print_the_context>, log_sql_query already registered for DAG: example_python_operator
[2022-11-07T17:12:30.821+0000] {logging_mixin.py:120} INFO - [2022-11-07T17:12:30.821+0000] {taskmixin.py:205} WARNING - Dependency <Task(_PythonDecoratedOperator): log_sql_query>, print_the_context already registered for DAG: example_python_operator
[2022-11-07T17:12:30.827+0000] {processor.py:766} INFO - DAG(s) dict_keys(['example_python_operator']) retrieved from /home/airflow/.local/lib/python3.7/site-packages/airflow/example_dags/example_python_operator.py
[2022-11-07T17:12:30.959+0000] {logging_mixin.py:120} INFO - [2022-11-07T17:12:30.959+0000] {dag.py:2585} INFO - Sync 1 DAGs
[2022-11-07T17:12:30.975+0000] {logging_mixin.py:120} INFO - [2022-11-07T17:12:30.975+0000] {dag.py:3340} INFO - Setting next_dagrun for example_python_operator to None, run_after=None
[2022-11-07T17:12:30.987+0000] {processor.py:176} INFO - Processing /home/airflow/.local/lib/python3.7/site-packages/airflow/example_dags/example_python_operator.py took 0.189 seconds
[2022-11-07T17:13:01.722+0000] {processor.py:154} INFO - Started process (PID=52459) to work on /home/airflow/.local/lib/python3.7/site-packages/airflow/example_dags/example_python_operator.py
[2022-11-07T17:13:01.724+0000] {processor.py:756} INFO - Processing file /home/airflow/.local/lib/python3.7/site-packages/airflow/example_dags/example_python_operator.py for tasks to queue
[2022-11-07T17:13:01.726+0000] {logging_mixin.py:120} INFO - [2022-11-07T17:13:01.726+0000] {dagbag.py:537} INFO - Filling up the DagBag from /home/airflow/.local/lib/python3.7/site-packages/airflow/example_dags/example_python_operator.py
[2022-11-07T17:13:01.744+0000] {logging_mixin.py:120} INFO - [2022-11-07T17:13:01.743+0000] {taskmixin.py:205} WARNING - Dependency <Task(_PythonDecoratedOperator): print_the_context>, log_sql_query already registered for DAG: example_python_operator
[2022-11-07T17:13:01.745+0000] {logging_mixin.py:120} INFO - [2022-11-07T17:13:01.745+0000] {taskmixin.py:205} WARNING - Dependency <Task(_PythonDecoratedOperator): log_sql_query>, print_the_context already registered for DAG: example_python_operator
[2022-11-07T17:13:01.746+0000] {logging_mixin.py:120} INFO - [2022-11-07T17:13:01.746+0000] {taskmixin.py:205} WARNING - Dependency <Task(_PythonDecoratedOperator): print_the_context>, log_sql_query already registered for DAG: example_python_operator
[2022-11-07T17:13:01.749+0000] {logging_mixin.py:120} INFO - [2022-11-07T17:13:01.749+0000] {taskmixin.py:205} WARNING - Dependency <Task(_PythonDecoratedOperator): log_sql_query>, print_the_context already registered for DAG: example_python_operator
[2022-11-07T17:13:01.750+0000] {logging_mixin.py:120} INFO - [2022-11-07T17:13:01.750+0000] {taskmixin.py:205} WARNING - Dependency <Task(_PythonDecoratedOperator): print_the_context>, log_sql_query already registered for DAG: example_python_operator
[2022-11-07T17:13:01.751+0000] {logging_mixin.py:120} INFO - [2022-11-07T17:13:01.751+0000] {taskmixin.py:205} WARNING - Dependency <Task(_PythonDecoratedOperator): log_sql_query>, print_the_context already registered for DAG: example_python_operator
[2022-11-07T17:13:01.752+0000] {logging_mixin.py:120} INFO - [2022-11-07T17:13:01.751+0000] {taskmixin.py:205} WARNING - Dependency <Task(_PythonDecoratedOperator): print_the_context>, log_sql_query already registered for DAG: example_python_operator
[2022-11-07T17:13:01.752+0000] {logging_mixin.py:120} INFO - [2022-11-07T17:13:01.752+0000] {taskmixin.py:205} WARNING - Dependency <Task(_PythonDecoratedOperator): log_sql_query>, print_the_context already registered for DAG: example_python_operator
[2022-11-07T17:13:01.758+0000] {processor.py:766} INFO - DAG(s) dict_keys(['example_python_operator']) retrieved from /home/airflow/.local/lib/python3.7/site-packages/airflow/example_dags/example_python_operator.py
[2022-11-07T17:13:01.793+0000] {logging_mixin.py:120} INFO - [2022-11-07T17:13:01.793+0000] {dag.py:2585} INFO - Sync 1 DAGs
[2022-11-07T17:13:01.809+0000] {logging_mixin.py:120} INFO - [2022-11-07T17:13:01.809+0000] {dag.py:3340} INFO - Setting next_dagrun for example_python_operator to None, run_after=None
[2022-11-07T17:13:01.827+0000] {processor.py:176} INFO - Processing /home/airflow/.local/lib/python3.7/site-packages/airflow/example_dags/example_python_operator.py took 0.111 seconds
[2022-11-07T17:13:32.561+0000] {processor.py:154} INFO - Started process (PID=52525) to work on /home/airflow/.local/lib/python3.7/site-packages/airflow/example_dags/example_python_operator.py
[2022-11-07T17:13:32.562+0000] {processor.py:756} INFO - Processing file /home/airflow/.local/lib/python3.7/site-packages/airflow/example_dags/example_python_operator.py for tasks to queue
[2022-11-07T17:13:32.564+0000] {logging_mixin.py:120} INFO - [2022-11-07T17:13:32.564+0000] {dagbag.py:537} INFO - Filling up the DagBag from /home/airflow/.local/lib/python3.7/site-packages/airflow/example_dags/example_python_operator.py
[2022-11-07T17:13:32.584+0000] {logging_mixin.py:120} INFO - [2022-11-07T17:13:32.584+0000] {taskmixin.py:205} WARNING - Dependency <Task(_PythonDecoratedOperator): print_the_context>, log_sql_query already registered for DAG: example_python_operator
[2022-11-07T17:13:32.585+0000] {logging_mixin.py:120} INFO - [2022-11-07T17:13:32.585+0000] {taskmixin.py:205} WARNING - Dependency <Task(_PythonDecoratedOperator): log_sql_query>, print_the_context already registered for DAG: example_python_operator
[2022-11-07T17:13:32.586+0000] {logging_mixin.py:120} INFO - [2022-11-07T17:13:32.586+0000] {taskmixin.py:205} WARNING - Dependency <Task(_PythonDecoratedOperator): print_the_context>, log_sql_query already registered for DAG: example_python_operator
[2022-11-07T17:13:32.587+0000] {logging_mixin.py:120} INFO - [2022-11-07T17:13:32.587+0000] {taskmixin.py:205} WARNING - Dependency <Task(_PythonDecoratedOperator): log_sql_query>, print_the_context already registered for DAG: example_python_operator
[2022-11-07T17:13:32.588+0000] {logging_mixin.py:120} INFO - [2022-11-07T17:13:32.588+0000] {taskmixin.py:205} WARNING - Dependency <Task(_PythonDecoratedOperator): print_the_context>, log_sql_query already registered for DAG: example_python_operator
[2022-11-07T17:13:32.589+0000] {logging_mixin.py:120} INFO - [2022-11-07T17:13:32.589+0000] {taskmixin.py:205} WARNING - Dependency <Task(_PythonDecoratedOperator): log_sql_query>, print_the_context already registered for DAG: example_python_operator
[2022-11-07T17:13:32.590+0000] {logging_mixin.py:120} INFO - [2022-11-07T17:13:32.590+0000] {taskmixin.py:205} WARNING - Dependency <Task(_PythonDecoratedOperator): print_the_context>, log_sql_query already registered for DAG: example_python_operator
[2022-11-07T17:13:32.591+0000] {logging_mixin.py:120} INFO - [2022-11-07T17:13:32.591+0000] {taskmixin.py:205} WARNING - Dependency <Task(_PythonDecoratedOperator): log_sql_query>, print_the_context already registered for DAG: example_python_operator
[2022-11-07T17:13:32.599+0000] {processor.py:766} INFO - DAG(s) dict_keys(['example_python_operator']) retrieved from /home/airflow/.local/lib/python3.7/site-packages/airflow/example_dags/example_python_operator.py
[2022-11-07T17:13:32.637+0000] {logging_mixin.py:120} INFO - [2022-11-07T17:13:32.637+0000] {dag.py:2585} INFO - Sync 1 DAGs
[2022-11-07T17:13:32.666+0000] {logging_mixin.py:120} INFO - [2022-11-07T17:13:32.666+0000] {dag.py:3340} INFO - Setting next_dagrun for example_python_operator to None, run_after=None
[2022-11-07T17:13:32.788+0000] {processor.py:176} INFO - Processing /home/airflow/.local/lib/python3.7/site-packages/airflow/example_dags/example_python_operator.py took 0.230 seconds
[2022-11-07T17:14:02.904+0000] {processor.py:154} INFO - Started process (PID=52592) to work on /home/airflow/.local/lib/python3.7/site-packages/airflow/example_dags/example_python_operator.py
[2022-11-07T17:14:02.906+0000] {processor.py:756} INFO - Processing file /home/airflow/.local/lib/python3.7/site-packages/airflow/example_dags/example_python_operator.py for tasks to queue
[2022-11-07T17:14:02.907+0000] {logging_mixin.py:120} INFO - [2022-11-07T17:14:02.907+0000] {dagbag.py:537} INFO - Filling up the DagBag from /home/airflow/.local/lib/python3.7/site-packages/airflow/example_dags/example_python_operator.py
[2022-11-07T17:14:02.918+0000] {logging_mixin.py:120} INFO - [2022-11-07T17:14:02.918+0000] {taskmixin.py:205} WARNING - Dependency <Task(_PythonDecoratedOperator): print_the_context>, log_sql_query already registered for DAG: example_python_operator
[2022-11-07T17:14:02.919+0000] {logging_mixin.py:120} INFO - [2022-11-07T17:14:02.919+0000] {taskmixin.py:205} WARNING - Dependency <Task(_PythonDecoratedOperator): log_sql_query>, print_the_context already registered for DAG: example_python_operator
[2022-11-07T17:14:02.920+0000] {logging_mixin.py:120} INFO - [2022-11-07T17:14:02.920+0000] {taskmixin.py:205} WARNING - Dependency <Task(_PythonDecoratedOperator): print_the_context>, log_sql_query already registered for DAG: example_python_operator
[2022-11-07T17:14:02.921+0000] {logging_mixin.py:120} INFO - [2022-11-07T17:14:02.921+0000] {taskmixin.py:205} WARNING - Dependency <Task(_PythonDecoratedOperator): log_sql_query>, print_the_context already registered for DAG: example_python_operator
[2022-11-07T17:14:02.922+0000] {logging_mixin.py:120} INFO - [2022-11-07T17:14:02.921+0000] {taskmixin.py:205} WARNING - Dependency <Task(_PythonDecoratedOperator): print_the_context>, log_sql_query already registered for DAG: example_python_operator
[2022-11-07T17:14:02.922+0000] {logging_mixin.py:120} INFO - [2022-11-07T17:14:02.922+0000] {taskmixin.py:205} WARNING - Dependency <Task(_PythonDecoratedOperator): log_sql_query>, print_the_context already registered for DAG: example_python_operator
[2022-11-07T17:14:02.923+0000] {logging_mixin.py:120} INFO - [2022-11-07T17:14:02.923+0000] {taskmixin.py:205} WARNING - Dependency <Task(_PythonDecoratedOperator): print_the_context>, log_sql_query already registered for DAG: example_python_operator
[2022-11-07T17:14:02.924+0000] {logging_mixin.py:120} INFO - [2022-11-07T17:14:02.924+0000] {taskmixin.py:205} WARNING - Dependency <Task(_PythonDecoratedOperator): log_sql_query>, print_the_context already registered for DAG: example_python_operator
[2022-11-07T17:14:02.929+0000] {processor.py:766} INFO - DAG(s) dict_keys(['example_python_operator']) retrieved from /home/airflow/.local/lib/python3.7/site-packages/airflow/example_dags/example_python_operator.py
[2022-11-07T17:14:02.958+0000] {logging_mixin.py:120} INFO - [2022-11-07T17:14:02.958+0000] {dag.py:2585} INFO - Sync 1 DAGs
[2022-11-07T17:14:03.067+0000] {logging_mixin.py:120} INFO - [2022-11-07T17:14:03.067+0000] {dag.py:3340} INFO - Setting next_dagrun for example_python_operator to None, run_after=None
[2022-11-07T17:14:03.077+0000] {processor.py:176} INFO - Processing /home/airflow/.local/lib/python3.7/site-packages/airflow/example_dags/example_python_operator.py took 0.176 seconds
[2022-11-07T17:14:33.407+0000] {processor.py:154} INFO - Started process (PID=52650) to work on /home/airflow/.local/lib/python3.7/site-packages/airflow/example_dags/example_python_operator.py
[2022-11-07T17:14:33.408+0000] {processor.py:756} INFO - Processing file /home/airflow/.local/lib/python3.7/site-packages/airflow/example_dags/example_python_operator.py for tasks to queue
[2022-11-07T17:14:33.409+0000] {logging_mixin.py:120} INFO - [2022-11-07T17:14:33.409+0000] {dagbag.py:537} INFO - Filling up the DagBag from /home/airflow/.local/lib/python3.7/site-packages/airflow/example_dags/example_python_operator.py
[2022-11-07T17:14:33.422+0000] {logging_mixin.py:120} INFO - [2022-11-07T17:14:33.422+0000] {taskmixin.py:205} WARNING - Dependency <Task(_PythonDecoratedOperator): print_the_context>, log_sql_query already registered for DAG: example_python_operator
[2022-11-07T17:14:33.424+0000] {logging_mixin.py:120} INFO - [2022-11-07T17:14:33.424+0000] {taskmixin.py:205} WARNING - Dependency <Task(_PythonDecoratedOperator): log_sql_query>, print_the_context already registered for DAG: example_python_operator
[2022-11-07T17:14:33.425+0000] {logging_mixin.py:120} INFO - [2022-11-07T17:14:33.425+0000] {taskmixin.py:205} WARNING - Dependency <Task(_PythonDecoratedOperator): print_the_context>, log_sql_query already registered for DAG: example_python_operator
[2022-11-07T17:14:33.426+0000] {logging_mixin.py:120} INFO - [2022-11-07T17:14:33.426+0000] {taskmixin.py:205} WARNING - Dependency <Task(_PythonDecoratedOperator): log_sql_query>, print_the_context already registered for DAG: example_python_operator
[2022-11-07T17:14:33.427+0000] {logging_mixin.py:120} INFO - [2022-11-07T17:14:33.427+0000] {taskmixin.py:205} WARNING - Dependency <Task(_PythonDecoratedOperator): print_the_context>, log_sql_query already registered for DAG: example_python_operator
[2022-11-07T17:14:33.428+0000] {logging_mixin.py:120} INFO - [2022-11-07T17:14:33.428+0000] {taskmixin.py:205} WARNING - Dependency <Task(_PythonDecoratedOperator): log_sql_query>, print_the_context already registered for DAG: example_python_operator
[2022-11-07T17:14:33.429+0000] {logging_mixin.py:120} INFO - [2022-11-07T17:14:33.429+0000] {taskmixin.py:205} WARNING - Dependency <Task(_PythonDecoratedOperator): print_the_context>, log_sql_query already registered for DAG: example_python_operator
[2022-11-07T17:14:33.430+0000] {logging_mixin.py:120} INFO - [2022-11-07T17:14:33.430+0000] {taskmixin.py:205} WARNING - Dependency <Task(_PythonDecoratedOperator): log_sql_query>, print_the_context already registered for DAG: example_python_operator
[2022-11-07T17:14:33.436+0000] {processor.py:766} INFO - DAG(s) dict_keys(['example_python_operator']) retrieved from /home/airflow/.local/lib/python3.7/site-packages/airflow/example_dags/example_python_operator.py
[2022-11-07T17:14:33.609+0000] {logging_mixin.py:120} INFO - [2022-11-07T17:14:33.609+0000] {dag.py:2585} INFO - Sync 1 DAGs
[2022-11-07T17:14:33.624+0000] {logging_mixin.py:120} INFO - [2022-11-07T17:14:33.624+0000] {dag.py:3340} INFO - Setting next_dagrun for example_python_operator to None, run_after=None
[2022-11-07T17:14:33.638+0000] {processor.py:176} INFO - Processing /home/airflow/.local/lib/python3.7/site-packages/airflow/example_dags/example_python_operator.py took 0.234 seconds
[2022-11-07T17:21:23.488+0000] {processor.py:154} INFO - Started process (PID=52718) to work on /home/airflow/.local/lib/python3.7/site-packages/airflow/example_dags/example_python_operator.py
[2022-11-07T17:21:23.490+0000] {processor.py:756} INFO - Processing file /home/airflow/.local/lib/python3.7/site-packages/airflow/example_dags/example_python_operator.py for tasks to queue
[2022-11-07T17:21:23.491+0000] {logging_mixin.py:120} INFO - [2022-11-07T17:21:23.491+0000] {dagbag.py:537} INFO - Filling up the DagBag from /home/airflow/.local/lib/python3.7/site-packages/airflow/example_dags/example_python_operator.py
[2022-11-07T17:21:23.503+0000] {logging_mixin.py:120} INFO - [2022-11-07T17:21:23.503+0000] {taskmixin.py:205} WARNING - Dependency <Task(_PythonDecoratedOperator): print_the_context>, log_sql_query already registered for DAG: example_python_operator
[2022-11-07T17:21:23.505+0000] {logging_mixin.py:120} INFO - [2022-11-07T17:21:23.505+0000] {taskmixin.py:205} WARNING - Dependency <Task(_PythonDecoratedOperator): log_sql_query>, print_the_context already registered for DAG: example_python_operator
[2022-11-07T17:21:23.506+0000] {logging_mixin.py:120} INFO - [2022-11-07T17:21:23.506+0000] {taskmixin.py:205} WARNING - Dependency <Task(_PythonDecoratedOperator): print_the_context>, log_sql_query already registered for DAG: example_python_operator
[2022-11-07T17:21:23.507+0000] {logging_mixin.py:120} INFO - [2022-11-07T17:21:23.507+0000] {taskmixin.py:205} WARNING - Dependency <Task(_PythonDecoratedOperator): log_sql_query>, print_the_context already registered for DAG: example_python_operator
[2022-11-07T17:21:23.508+0000] {logging_mixin.py:120} INFO - [2022-11-07T17:21:23.508+0000] {taskmixin.py:205} WARNING - Dependency <Task(_PythonDecoratedOperator): print_the_context>, log_sql_query already registered for DAG: example_python_operator
[2022-11-07T17:21:23.509+0000] {logging_mixin.py:120} INFO - [2022-11-07T17:21:23.509+0000] {taskmixin.py:205} WARNING - Dependency <Task(_PythonDecoratedOperator): log_sql_query>, print_the_context already registered for DAG: example_python_operator
[2022-11-07T17:21:23.511+0000] {logging_mixin.py:120} INFO - [2022-11-07T17:21:23.511+0000] {taskmixin.py:205} WARNING - Dependency <Task(_PythonDecoratedOperator): print_the_context>, log_sql_query already registered for DAG: example_python_operator
[2022-11-07T17:21:23.512+0000] {logging_mixin.py:120} INFO - [2022-11-07T17:21:23.511+0000] {taskmixin.py:205} WARNING - Dependency <Task(_PythonDecoratedOperator): log_sql_query>, print_the_context already registered for DAG: example_python_operator
[2022-11-07T17:21:23.518+0000] {processor.py:766} INFO - DAG(s) dict_keys(['example_python_operator']) retrieved from /home/airflow/.local/lib/python3.7/site-packages/airflow/example_dags/example_python_operator.py
[2022-11-07T17:21:23.553+0000] {logging_mixin.py:120} INFO - [2022-11-07T17:21:23.553+0000] {dag.py:2585} INFO - Sync 1 DAGs
[2022-11-07T17:21:23.570+0000] {logging_mixin.py:120} INFO - [2022-11-07T17:21:23.570+0000] {dag.py:3340} INFO - Setting next_dagrun for example_python_operator to None, run_after=None
[2022-11-07T17:21:23.581+0000] {processor.py:176} INFO - Processing /home/airflow/.local/lib/python3.7/site-packages/airflow/example_dags/example_python_operator.py took 0.096 seconds
[2022-11-07T17:53:21.553+0000] {processor.py:154} INFO - Started process (PID=52787) to work on /home/airflow/.local/lib/python3.7/site-packages/airflow/example_dags/example_python_operator.py
[2022-11-07T17:53:21.557+0000] {processor.py:756} INFO - Processing file /home/airflow/.local/lib/python3.7/site-packages/airflow/example_dags/example_python_operator.py for tasks to queue
[2022-11-07T17:53:21.559+0000] {logging_mixin.py:120} INFO - [2022-11-07T17:53:21.559+0000] {dagbag.py:537} INFO - Filling up the DagBag from /home/airflow/.local/lib/python3.7/site-packages/airflow/example_dags/example_python_operator.py
[2022-11-07T17:53:21.593+0000] {logging_mixin.py:120} INFO - [2022-11-07T17:53:21.593+0000] {taskmixin.py:205} WARNING - Dependency <Task(_PythonDecoratedOperator): print_the_context>, log_sql_query already registered for DAG: example_python_operator
[2022-11-07T17:53:21.594+0000] {logging_mixin.py:120} INFO - [2022-11-07T17:53:21.594+0000] {taskmixin.py:205} WARNING - Dependency <Task(_PythonDecoratedOperator): log_sql_query>, print_the_context already registered for DAG: example_python_operator
[2022-11-07T17:53:21.596+0000] {logging_mixin.py:120} INFO - [2022-11-07T17:53:21.596+0000] {taskmixin.py:205} WARNING - Dependency <Task(_PythonDecoratedOperator): print_the_context>, log_sql_query already registered for DAG: example_python_operator
[2022-11-07T17:53:21.597+0000] {logging_mixin.py:120} INFO - [2022-11-07T17:53:21.597+0000] {taskmixin.py:205} WARNING - Dependency <Task(_PythonDecoratedOperator): log_sql_query>, print_the_context already registered for DAG: example_python_operator
[2022-11-07T17:53:21.598+0000] {logging_mixin.py:120} INFO - [2022-11-07T17:53:21.598+0000] {taskmixin.py:205} WARNING - Dependency <Task(_PythonDecoratedOperator): print_the_context>, log_sql_query already registered for DAG: example_python_operator
[2022-11-07T17:53:21.599+0000] {logging_mixin.py:120} INFO - [2022-11-07T17:53:21.599+0000] {taskmixin.py:205} WARNING - Dependency <Task(_PythonDecoratedOperator): log_sql_query>, print_the_context already registered for DAG: example_python_operator
[2022-11-07T17:53:21.601+0000] {logging_mixin.py:120} INFO - [2022-11-07T17:53:21.601+0000] {taskmixin.py:205} WARNING - Dependency <Task(_PythonDecoratedOperator): print_the_context>, log_sql_query already registered for DAG: example_python_operator
[2022-11-07T17:53:21.602+0000] {logging_mixin.py:120} INFO - [2022-11-07T17:53:21.602+0000] {taskmixin.py:205} WARNING - Dependency <Task(_PythonDecoratedOperator): log_sql_query>, print_the_context already registered for DAG: example_python_operator
[2022-11-07T17:53:21.617+0000] {processor.py:766} INFO - DAG(s) dict_keys(['example_python_operator']) retrieved from /home/airflow/.local/lib/python3.7/site-packages/airflow/example_dags/example_python_operator.py
[2022-11-07T17:53:21.693+0000] {logging_mixin.py:120} INFO - [2022-11-07T17:53:21.693+0000] {dag.py:2585} INFO - Sync 1 DAGs
[2022-11-07T17:53:21.734+0000] {logging_mixin.py:120} INFO - [2022-11-07T17:53:21.734+0000] {dag.py:3340} INFO - Setting next_dagrun for example_python_operator to None, run_after=None
[2022-11-07T17:53:21.998+0000] {processor.py:176} INFO - Processing /home/airflow/.local/lib/python3.7/site-packages/airflow/example_dags/example_python_operator.py took 0.450 seconds
[2022-11-07T18:20:22.951+0000] {processor.py:154} INFO - Started process (PID=52854) to work on /home/airflow/.local/lib/python3.7/site-packages/airflow/example_dags/example_python_operator.py
[2022-11-07T18:20:22.954+0000] {processor.py:756} INFO - Processing file /home/airflow/.local/lib/python3.7/site-packages/airflow/example_dags/example_python_operator.py for tasks to queue
[2022-11-07T18:20:22.956+0000] {logging_mixin.py:120} INFO - [2022-11-07T18:20:22.956+0000] {dagbag.py:537} INFO - Filling up the DagBag from /home/airflow/.local/lib/python3.7/site-packages/airflow/example_dags/example_python_operator.py
[2022-11-07T18:20:22.988+0000] {logging_mixin.py:120} INFO - [2022-11-07T18:20:22.988+0000] {taskmixin.py:205} WARNING - Dependency <Task(_PythonDecoratedOperator): print_the_context>, log_sql_query already registered for DAG: example_python_operator
[2022-11-07T18:20:22.992+0000] {logging_mixin.py:120} INFO - [2022-11-07T18:20:22.992+0000] {taskmixin.py:205} WARNING - Dependency <Task(_PythonDecoratedOperator): log_sql_query>, print_the_context already registered for DAG: example_python_operator
[2022-11-07T18:20:22.995+0000] {logging_mixin.py:120} INFO - [2022-11-07T18:20:22.995+0000] {taskmixin.py:205} WARNING - Dependency <Task(_PythonDecoratedOperator): print_the_context>, log_sql_query already registered for DAG: example_python_operator
[2022-11-07T18:20:22.997+0000] {logging_mixin.py:120} INFO - [2022-11-07T18:20:22.996+0000] {taskmixin.py:205} WARNING - Dependency <Task(_PythonDecoratedOperator): log_sql_query>, print_the_context already registered for DAG: example_python_operator
[2022-11-07T18:20:22.998+0000] {logging_mixin.py:120} INFO - [2022-11-07T18:20:22.998+0000] {taskmixin.py:205} WARNING - Dependency <Task(_PythonDecoratedOperator): print_the_context>, log_sql_query already registered for DAG: example_python_operator
[2022-11-07T18:20:22.999+0000] {logging_mixin.py:120} INFO - [2022-11-07T18:20:22.999+0000] {taskmixin.py:205} WARNING - Dependency <Task(_PythonDecoratedOperator): log_sql_query>, print_the_context already registered for DAG: example_python_operator
[2022-11-07T18:20:23.000+0000] {logging_mixin.py:120} INFO - [2022-11-07T18:20:23.000+0000] {taskmixin.py:205} WARNING - Dependency <Task(_PythonDecoratedOperator): print_the_context>, log_sql_query already registered for DAG: example_python_operator
[2022-11-07T18:20:23.005+0000] {logging_mixin.py:120} INFO - [2022-11-07T18:20:23.005+0000] {taskmixin.py:205} WARNING - Dependency <Task(_PythonDecoratedOperator): log_sql_query>, print_the_context already registered for DAG: example_python_operator
[2022-11-07T18:20:23.019+0000] {processor.py:766} INFO - DAG(s) dict_keys(['example_python_operator']) retrieved from /home/airflow/.local/lib/python3.7/site-packages/airflow/example_dags/example_python_operator.py
[2022-11-07T18:20:23.101+0000] {logging_mixin.py:120} INFO - [2022-11-07T18:20:23.101+0000] {dag.py:2585} INFO - Sync 1 DAGs
[2022-11-07T18:20:23.273+0000] {logging_mixin.py:120} INFO - [2022-11-07T18:20:23.273+0000] {dag.py:3340} INFO - Setting next_dagrun for example_python_operator to None, run_after=None
[2022-11-07T18:20:23.312+0000] {processor.py:176} INFO - Processing /home/airflow/.local/lib/python3.7/site-packages/airflow/example_dags/example_python_operator.py took 0.367 seconds
[2022-11-07T19:15:55.068+0000] {processor.py:154} INFO - Started process (PID=52919) to work on /home/airflow/.local/lib/python3.7/site-packages/airflow/example_dags/example_python_operator.py
[2022-11-07T19:15:55.077+0000] {processor.py:756} INFO - Processing file /home/airflow/.local/lib/python3.7/site-packages/airflow/example_dags/example_python_operator.py for tasks to queue
[2022-11-07T19:15:55.081+0000] {logging_mixin.py:120} INFO - [2022-11-07T19:15:55.081+0000] {dagbag.py:537} INFO - Filling up the DagBag from /home/airflow/.local/lib/python3.7/site-packages/airflow/example_dags/example_python_operator.py
[2022-11-07T19:15:55.132+0000] {logging_mixin.py:120} INFO - [2022-11-07T19:15:55.132+0000] {taskmixin.py:205} WARNING - Dependency <Task(_PythonDecoratedOperator): print_the_context>, log_sql_query already registered for DAG: example_python_operator
[2022-11-07T19:15:55.146+0000] {logging_mixin.py:120} INFO - [2022-11-07T19:15:55.146+0000] {taskmixin.py:205} WARNING - Dependency <Task(_PythonDecoratedOperator): log_sql_query>, print_the_context already registered for DAG: example_python_operator
[2022-11-07T19:15:55.150+0000] {logging_mixin.py:120} INFO - [2022-11-07T19:15:55.149+0000] {taskmixin.py:205} WARNING - Dependency <Task(_PythonDecoratedOperator): print_the_context>, log_sql_query already registered for DAG: example_python_operator
[2022-11-07T19:15:55.151+0000] {logging_mixin.py:120} INFO - [2022-11-07T19:15:55.151+0000] {taskmixin.py:205} WARNING - Dependency <Task(_PythonDecoratedOperator): log_sql_query>, print_the_context already registered for DAG: example_python_operator
[2022-11-07T19:15:55.153+0000] {logging_mixin.py:120} INFO - [2022-11-07T19:15:55.152+0000] {taskmixin.py:205} WARNING - Dependency <Task(_PythonDecoratedOperator): print_the_context>, log_sql_query already registered for DAG: example_python_operator
[2022-11-07T19:15:55.156+0000] {logging_mixin.py:120} INFO - [2022-11-07T19:15:55.156+0000] {taskmixin.py:205} WARNING - Dependency <Task(_PythonDecoratedOperator): log_sql_query>, print_the_context already registered for DAG: example_python_operator
[2022-11-07T19:15:55.159+0000] {logging_mixin.py:120} INFO - [2022-11-07T19:15:55.159+0000] {taskmixin.py:205} WARNING - Dependency <Task(_PythonDecoratedOperator): print_the_context>, log_sql_query already registered for DAG: example_python_operator
[2022-11-07T19:15:55.160+0000] {logging_mixin.py:120} INFO - [2022-11-07T19:15:55.160+0000] {taskmixin.py:205} WARNING - Dependency <Task(_PythonDecoratedOperator): log_sql_query>, print_the_context already registered for DAG: example_python_operator
[2022-11-07T19:15:55.174+0000] {processor.py:766} INFO - DAG(s) dict_keys(['example_python_operator']) retrieved from /home/airflow/.local/lib/python3.7/site-packages/airflow/example_dags/example_python_operator.py
[2022-11-07T19:15:55.772+0000] {logging_mixin.py:120} INFO - [2022-11-07T19:15:55.772+0000] {dag.py:2585} INFO - Sync 1 DAGs
[2022-11-07T19:15:55.817+0000] {logging_mixin.py:120} INFO - [2022-11-07T19:15:55.817+0000] {dag.py:3340} INFO - Setting next_dagrun for example_python_operator to None, run_after=None
[2022-11-07T19:15:55.844+0000] {processor.py:176} INFO - Processing /home/airflow/.local/lib/python3.7/site-packages/airflow/example_dags/example_python_operator.py took 0.791 seconds
[2022-11-07T19:44:45.951+0000] {processor.py:154} INFO - Started process (PID=52977) to work on /home/airflow/.local/lib/python3.7/site-packages/airflow/example_dags/example_python_operator.py
[2022-11-07T19:44:45.954+0000] {processor.py:756} INFO - Processing file /home/airflow/.local/lib/python3.7/site-packages/airflow/example_dags/example_python_operator.py for tasks to queue
[2022-11-07T19:44:45.955+0000] {logging_mixin.py:120} INFO - [2022-11-07T19:44:45.955+0000] {dagbag.py:537} INFO - Filling up the DagBag from /home/airflow/.local/lib/python3.7/site-packages/airflow/example_dags/example_python_operator.py
[2022-11-07T19:44:45.986+0000] {logging_mixin.py:120} INFO - [2022-11-07T19:44:45.986+0000] {taskmixin.py:205} WARNING - Dependency <Task(_PythonDecoratedOperator): print_the_context>, log_sql_query already registered for DAG: example_python_operator
[2022-11-07T19:44:45.987+0000] {logging_mixin.py:120} INFO - [2022-11-07T19:44:45.987+0000] {taskmixin.py:205} WARNING - Dependency <Task(_PythonDecoratedOperator): log_sql_query>, print_the_context already registered for DAG: example_python_operator
[2022-11-07T19:44:45.994+0000] {logging_mixin.py:120} INFO - [2022-11-07T19:44:45.994+0000] {taskmixin.py:205} WARNING - Dependency <Task(_PythonDecoratedOperator): print_the_context>, log_sql_query already registered for DAG: example_python_operator
[2022-11-07T19:44:45.995+0000] {logging_mixin.py:120} INFO - [2022-11-07T19:44:45.995+0000] {taskmixin.py:205} WARNING - Dependency <Task(_PythonDecoratedOperator): log_sql_query>, print_the_context already registered for DAG: example_python_operator
[2022-11-07T19:44:45.997+0000] {logging_mixin.py:120} INFO - [2022-11-07T19:44:45.997+0000] {taskmixin.py:205} WARNING - Dependency <Task(_PythonDecoratedOperator): print_the_context>, log_sql_query already registered for DAG: example_python_operator
[2022-11-07T19:44:45.998+0000] {logging_mixin.py:120} INFO - [2022-11-07T19:44:45.998+0000] {taskmixin.py:205} WARNING - Dependency <Task(_PythonDecoratedOperator): log_sql_query>, print_the_context already registered for DAG: example_python_operator
[2022-11-07T19:44:45.999+0000] {logging_mixin.py:120} INFO - [2022-11-07T19:44:45.999+0000] {taskmixin.py:205} WARNING - Dependency <Task(_PythonDecoratedOperator): print_the_context>, log_sql_query already registered for DAG: example_python_operator
[2022-11-07T19:44:46.003+0000] {logging_mixin.py:120} INFO - [2022-11-07T19:44:46.003+0000] {taskmixin.py:205} WARNING - Dependency <Task(_PythonDecoratedOperator): log_sql_query>, print_the_context already registered for DAG: example_python_operator
[2022-11-07T19:44:46.011+0000] {processor.py:766} INFO - DAG(s) dict_keys(['example_python_operator']) retrieved from /home/airflow/.local/lib/python3.7/site-packages/airflow/example_dags/example_python_operator.py
[2022-11-07T19:44:46.072+0000] {logging_mixin.py:120} INFO - [2022-11-07T19:44:46.072+0000] {dag.py:2585} INFO - Sync 1 DAGs
[2022-11-07T19:44:46.117+0000] {logging_mixin.py:120} INFO - [2022-11-07T19:44:46.116+0000] {dag.py:3340} INFO - Setting next_dagrun for example_python_operator to None, run_after=None
[2022-11-07T19:44:46.164+0000] {processor.py:176} INFO - Processing /home/airflow/.local/lib/python3.7/site-packages/airflow/example_dags/example_python_operator.py took 0.221 seconds
[2022-11-07T20:51:26.920+0000] {processor.py:154} INFO - Started process (PID=53043) to work on /home/airflow/.local/lib/python3.7/site-packages/airflow/example_dags/example_python_operator.py
[2022-11-07T20:51:26.924+0000] {processor.py:756} INFO - Processing file /home/airflow/.local/lib/python3.7/site-packages/airflow/example_dags/example_python_operator.py for tasks to queue
[2022-11-07T20:51:26.932+0000] {logging_mixin.py:120} INFO - [2022-11-07T20:51:26.931+0000] {dagbag.py:537} INFO - Filling up the DagBag from /home/airflow/.local/lib/python3.7/site-packages/airflow/example_dags/example_python_operator.py
[2022-11-07T20:51:26.949+0000] {logging_mixin.py:120} INFO - [2022-11-07T20:51:26.949+0000] {taskmixin.py:205} WARNING - Dependency <Task(_PythonDecoratedOperator): print_the_context>, log_sql_query already registered for DAG: example_python_operator
[2022-11-07T20:51:26.951+0000] {logging_mixin.py:120} INFO - [2022-11-07T20:51:26.951+0000] {taskmixin.py:205} WARNING - Dependency <Task(_PythonDecoratedOperator): log_sql_query>, print_the_context already registered for DAG: example_python_operator
[2022-11-07T20:51:26.952+0000] {logging_mixin.py:120} INFO - [2022-11-07T20:51:26.952+0000] {taskmixin.py:205} WARNING - Dependency <Task(_PythonDecoratedOperator): print_the_context>, log_sql_query already registered for DAG: example_python_operator
[2022-11-07T20:51:26.953+0000] {logging_mixin.py:120} INFO - [2022-11-07T20:51:26.953+0000] {taskmixin.py:205} WARNING - Dependency <Task(_PythonDecoratedOperator): log_sql_query>, print_the_context already registered for DAG: example_python_operator
[2022-11-07T20:51:26.955+0000] {logging_mixin.py:120} INFO - [2022-11-07T20:51:26.955+0000] {taskmixin.py:205} WARNING - Dependency <Task(_PythonDecoratedOperator): print_the_context>, log_sql_query already registered for DAG: example_python_operator
[2022-11-07T20:51:26.957+0000] {logging_mixin.py:120} INFO - [2022-11-07T20:51:26.957+0000] {taskmixin.py:205} WARNING - Dependency <Task(_PythonDecoratedOperator): log_sql_query>, print_the_context already registered for DAG: example_python_operator
[2022-11-07T20:51:26.961+0000] {logging_mixin.py:120} INFO - [2022-11-07T20:51:26.961+0000] {taskmixin.py:205} WARNING - Dependency <Task(_PythonDecoratedOperator): print_the_context>, log_sql_query already registered for DAG: example_python_operator
[2022-11-07T20:51:26.962+0000] {logging_mixin.py:120} INFO - [2022-11-07T20:51:26.962+0000] {taskmixin.py:205} WARNING - Dependency <Task(_PythonDecoratedOperator): log_sql_query>, print_the_context already registered for DAG: example_python_operator
[2022-11-07T20:51:26.971+0000] {processor.py:766} INFO - DAG(s) dict_keys(['example_python_operator']) retrieved from /home/airflow/.local/lib/python3.7/site-packages/airflow/example_dags/example_python_operator.py
[2022-11-07T20:51:27.005+0000] {logging_mixin.py:120} INFO - [2022-11-07T20:51:27.005+0000] {dag.py:2585} INFO - Sync 1 DAGs
[2022-11-07T20:51:27.130+0000] {logging_mixin.py:120} INFO - [2022-11-07T20:51:27.130+0000] {dag.py:3340} INFO - Setting next_dagrun for example_python_operator to None, run_after=None
[2022-11-07T20:51:27.143+0000] {processor.py:176} INFO - Processing /home/airflow/.local/lib/python3.7/site-packages/airflow/example_dags/example_python_operator.py took 0.231 seconds
[2022-11-07T21:44:45.074+0000] {processor.py:154} INFO - Started process (PID=53102) to work on /home/airflow/.local/lib/python3.7/site-packages/airflow/example_dags/example_python_operator.py
[2022-11-07T21:44:45.083+0000] {processor.py:756} INFO - Processing file /home/airflow/.local/lib/python3.7/site-packages/airflow/example_dags/example_python_operator.py for tasks to queue
[2022-11-07T21:44:45.085+0000] {logging_mixin.py:120} INFO - [2022-11-07T21:44:45.085+0000] {dagbag.py:537} INFO - Filling up the DagBag from /home/airflow/.local/lib/python3.7/site-packages/airflow/example_dags/example_python_operator.py
[2022-11-07T21:44:45.100+0000] {logging_mixin.py:120} INFO - [2022-11-07T21:44:45.100+0000] {taskmixin.py:205} WARNING - Dependency <Task(_PythonDecoratedOperator): print_the_context>, log_sql_query already registered for DAG: example_python_operator
[2022-11-07T21:44:45.101+0000] {logging_mixin.py:120} INFO - [2022-11-07T21:44:45.101+0000] {taskmixin.py:205} WARNING - Dependency <Task(_PythonDecoratedOperator): log_sql_query>, print_the_context already registered for DAG: example_python_operator
[2022-11-07T21:44:45.103+0000] {logging_mixin.py:120} INFO - [2022-11-07T21:44:45.103+0000] {taskmixin.py:205} WARNING - Dependency <Task(_PythonDecoratedOperator): print_the_context>, log_sql_query already registered for DAG: example_python_operator
[2022-11-07T21:44:45.104+0000] {logging_mixin.py:120} INFO - [2022-11-07T21:44:45.104+0000] {taskmixin.py:205} WARNING - Dependency <Task(_PythonDecoratedOperator): log_sql_query>, print_the_context already registered for DAG: example_python_operator
[2022-11-07T21:44:45.105+0000] {logging_mixin.py:120} INFO - [2022-11-07T21:44:45.105+0000] {taskmixin.py:205} WARNING - Dependency <Task(_PythonDecoratedOperator): print_the_context>, log_sql_query already registered for DAG: example_python_operator
[2022-11-07T21:44:45.106+0000] {logging_mixin.py:120} INFO - [2022-11-07T21:44:45.106+0000] {taskmixin.py:205} WARNING - Dependency <Task(_PythonDecoratedOperator): log_sql_query>, print_the_context already registered for DAG: example_python_operator
[2022-11-07T21:44:45.107+0000] {logging_mixin.py:120} INFO - [2022-11-07T21:44:45.107+0000] {taskmixin.py:205} WARNING - Dependency <Task(_PythonDecoratedOperator): print_the_context>, log_sql_query already registered for DAG: example_python_operator
[2022-11-07T21:44:45.108+0000] {logging_mixin.py:120} INFO - [2022-11-07T21:44:45.108+0000] {taskmixin.py:205} WARNING - Dependency <Task(_PythonDecoratedOperator): log_sql_query>, print_the_context already registered for DAG: example_python_operator
[2022-11-07T21:44:45.115+0000] {processor.py:766} INFO - DAG(s) dict_keys(['example_python_operator']) retrieved from /home/airflow/.local/lib/python3.7/site-packages/airflow/example_dags/example_python_operator.py
[2022-11-07T21:44:45.149+0000] {logging_mixin.py:120} INFO - [2022-11-07T21:44:45.149+0000] {dag.py:2585} INFO - Sync 1 DAGs
[2022-11-07T21:44:45.272+0000] {logging_mixin.py:120} INFO - [2022-11-07T21:44:45.272+0000] {dag.py:3340} INFO - Setting next_dagrun for example_python_operator to None, run_after=None
[2022-11-07T21:44:45.286+0000] {processor.py:176} INFO - Processing /home/airflow/.local/lib/python3.7/site-packages/airflow/example_dags/example_python_operator.py took 0.215 seconds
[2022-11-07T22:48:51.468+0000] {processor.py:154} INFO - Started process (PID=53168) to work on /home/airflow/.local/lib/python3.7/site-packages/airflow/example_dags/example_python_operator.py
[2022-11-07T22:48:51.470+0000] {processor.py:756} INFO - Processing file /home/airflow/.local/lib/python3.7/site-packages/airflow/example_dags/example_python_operator.py for tasks to queue
[2022-11-07T22:48:51.475+0000] {logging_mixin.py:120} INFO - [2022-11-07T22:48:51.475+0000] {dagbag.py:537} INFO - Filling up the DagBag from /home/airflow/.local/lib/python3.7/site-packages/airflow/example_dags/example_python_operator.py
[2022-11-07T22:48:51.498+0000] {logging_mixin.py:120} INFO - [2022-11-07T22:48:51.498+0000] {taskmixin.py:205} WARNING - Dependency <Task(_PythonDecoratedOperator): print_the_context>, log_sql_query already registered for DAG: example_python_operator
[2022-11-07T22:48:51.505+0000] {logging_mixin.py:120} INFO - [2022-11-07T22:48:51.505+0000] {taskmixin.py:205} WARNING - Dependency <Task(_PythonDecoratedOperator): log_sql_query>, print_the_context already registered for DAG: example_python_operator
[2022-11-07T22:48:51.507+0000] {logging_mixin.py:120} INFO - [2022-11-07T22:48:51.506+0000] {taskmixin.py:205} WARNING - Dependency <Task(_PythonDecoratedOperator): print_the_context>, log_sql_query already registered for DAG: example_python_operator
[2022-11-07T22:48:51.507+0000] {logging_mixin.py:120} INFO - [2022-11-07T22:48:51.507+0000] {taskmixin.py:205} WARNING - Dependency <Task(_PythonDecoratedOperator): log_sql_query>, print_the_context already registered for DAG: example_python_operator
[2022-11-07T22:48:51.509+0000] {logging_mixin.py:120} INFO - [2022-11-07T22:48:51.509+0000] {taskmixin.py:205} WARNING - Dependency <Task(_PythonDecoratedOperator): print_the_context>, log_sql_query already registered for DAG: example_python_operator
[2022-11-07T22:48:51.513+0000] {logging_mixin.py:120} INFO - [2022-11-07T22:48:51.513+0000] {taskmixin.py:205} WARNING - Dependency <Task(_PythonDecoratedOperator): log_sql_query>, print_the_context already registered for DAG: example_python_operator
[2022-11-07T22:48:51.515+0000] {logging_mixin.py:120} INFO - [2022-11-07T22:48:51.515+0000] {taskmixin.py:205} WARNING - Dependency <Task(_PythonDecoratedOperator): print_the_context>, log_sql_query already registered for DAG: example_python_operator
[2022-11-07T22:48:51.516+0000] {logging_mixin.py:120} INFO - [2022-11-07T22:48:51.516+0000] {taskmixin.py:205} WARNING - Dependency <Task(_PythonDecoratedOperator): log_sql_query>, print_the_context already registered for DAG: example_python_operator
[2022-11-07T22:48:51.524+0000] {processor.py:766} INFO - DAG(s) dict_keys(['example_python_operator']) retrieved from /home/airflow/.local/lib/python3.7/site-packages/airflow/example_dags/example_python_operator.py
[2022-11-07T22:48:51.854+0000] {logging_mixin.py:120} INFO - [2022-11-07T22:48:51.853+0000] {dag.py:2585} INFO - Sync 1 DAGs
[2022-11-07T22:48:51.884+0000] {logging_mixin.py:120} INFO - [2022-11-07T22:48:51.884+0000] {dag.py:3340} INFO - Setting next_dagrun for example_python_operator to None, run_after=None
[2022-11-07T22:48:51.911+0000] {processor.py:176} INFO - Processing /home/airflow/.local/lib/python3.7/site-packages/airflow/example_dags/example_python_operator.py took 0.446 seconds
[2022-11-07T23:21:15.855+0000] {processor.py:154} INFO - Started process (PID=53234) to work on /home/airflow/.local/lib/python3.7/site-packages/airflow/example_dags/example_python_operator.py
[2022-11-07T23:21:15.859+0000] {processor.py:756} INFO - Processing file /home/airflow/.local/lib/python3.7/site-packages/airflow/example_dags/example_python_operator.py for tasks to queue
[2022-11-07T23:21:15.860+0000] {logging_mixin.py:120} INFO - [2022-11-07T23:21:15.860+0000] {dagbag.py:537} INFO - Filling up the DagBag from /home/airflow/.local/lib/python3.7/site-packages/airflow/example_dags/example_python_operator.py
[2022-11-07T23:21:15.883+0000] {logging_mixin.py:120} INFO - [2022-11-07T23:21:15.883+0000] {taskmixin.py:205} WARNING - Dependency <Task(_PythonDecoratedOperator): print_the_context>, log_sql_query already registered for DAG: example_python_operator
[2022-11-07T23:21:15.884+0000] {logging_mixin.py:120} INFO - [2022-11-07T23:21:15.884+0000] {taskmixin.py:205} WARNING - Dependency <Task(_PythonDecoratedOperator): log_sql_query>, print_the_context already registered for DAG: example_python_operator
[2022-11-07T23:21:15.886+0000] {logging_mixin.py:120} INFO - [2022-11-07T23:21:15.886+0000] {taskmixin.py:205} WARNING - Dependency <Task(_PythonDecoratedOperator): print_the_context>, log_sql_query already registered for DAG: example_python_operator
[2022-11-07T23:21:15.887+0000] {logging_mixin.py:120} INFO - [2022-11-07T23:21:15.887+0000] {taskmixin.py:205} WARNING - Dependency <Task(_PythonDecoratedOperator): log_sql_query>, print_the_context already registered for DAG: example_python_operator
[2022-11-07T23:21:15.889+0000] {logging_mixin.py:120} INFO - [2022-11-07T23:21:15.889+0000] {taskmixin.py:205} WARNING - Dependency <Task(_PythonDecoratedOperator): print_the_context>, log_sql_query already registered for DAG: example_python_operator
[2022-11-07T23:21:15.890+0000] {logging_mixin.py:120} INFO - [2022-11-07T23:21:15.890+0000] {taskmixin.py:205} WARNING - Dependency <Task(_PythonDecoratedOperator): log_sql_query>, print_the_context already registered for DAG: example_python_operator
[2022-11-07T23:21:15.891+0000] {logging_mixin.py:120} INFO - [2022-11-07T23:21:15.891+0000] {taskmixin.py:205} WARNING - Dependency <Task(_PythonDecoratedOperator): print_the_context>, log_sql_query already registered for DAG: example_python_operator
[2022-11-07T23:21:15.892+0000] {logging_mixin.py:120} INFO - [2022-11-07T23:21:15.892+0000] {taskmixin.py:205} WARNING - Dependency <Task(_PythonDecoratedOperator): log_sql_query>, print_the_context already registered for DAG: example_python_operator
[2022-11-07T23:21:15.906+0000] {processor.py:766} INFO - DAG(s) dict_keys(['example_python_operator']) retrieved from /home/airflow/.local/lib/python3.7/site-packages/airflow/example_dags/example_python_operator.py
[2022-11-07T23:21:15.972+0000] {logging_mixin.py:120} INFO - [2022-11-07T23:21:15.972+0000] {dag.py:2585} INFO - Sync 1 DAGs
[2022-11-07T23:21:16.004+0000] {logging_mixin.py:120} INFO - [2022-11-07T23:21:16.004+0000] {dag.py:3340} INFO - Setting next_dagrun for example_python_operator to None, run_after=None
[2022-11-07T23:21:16.250+0000] {processor.py:176} INFO - Processing /home/airflow/.local/lib/python3.7/site-packages/airflow/example_dags/example_python_operator.py took 0.400 seconds
[2022-11-07T23:59:00.663+0000] {processor.py:154} INFO - Started process (PID=53301) to work on /home/airflow/.local/lib/python3.7/site-packages/airflow/example_dags/example_python_operator.py
[2022-11-07T23:59:00.665+0000] {processor.py:756} INFO - Processing file /home/airflow/.local/lib/python3.7/site-packages/airflow/example_dags/example_python_operator.py for tasks to queue
[2022-11-07T23:59:00.666+0000] {logging_mixin.py:120} INFO - [2022-11-07T23:59:00.666+0000] {dagbag.py:537} INFO - Filling up the DagBag from /home/airflow/.local/lib/python3.7/site-packages/airflow/example_dags/example_python_operator.py
[2022-11-07T23:59:00.679+0000] {logging_mixin.py:120} INFO - [2022-11-07T23:59:00.679+0000] {taskmixin.py:205} WARNING - Dependency <Task(_PythonDecoratedOperator): print_the_context>, log_sql_query already registered for DAG: example_python_operator
[2022-11-07T23:59:00.680+0000] {logging_mixin.py:120} INFO - [2022-11-07T23:59:00.680+0000] {taskmixin.py:205} WARNING - Dependency <Task(_PythonDecoratedOperator): log_sql_query>, print_the_context already registered for DAG: example_python_operator
[2022-11-07T23:59:00.690+0000] {logging_mixin.py:120} INFO - [2022-11-07T23:59:00.690+0000] {taskmixin.py:205} WARNING - Dependency <Task(_PythonDecoratedOperator): print_the_context>, log_sql_query already registered for DAG: example_python_operator
[2022-11-07T23:59:00.691+0000] {logging_mixin.py:120} INFO - [2022-11-07T23:59:00.691+0000] {taskmixin.py:205} WARNING - Dependency <Task(_PythonDecoratedOperator): log_sql_query>, print_the_context already registered for DAG: example_python_operator
[2022-11-07T23:59:00.692+0000] {logging_mixin.py:120} INFO - [2022-11-07T23:59:00.692+0000] {taskmixin.py:205} WARNING - Dependency <Task(_PythonDecoratedOperator): print_the_context>, log_sql_query already registered for DAG: example_python_operator
[2022-11-07T23:59:00.693+0000] {logging_mixin.py:120} INFO - [2022-11-07T23:59:00.693+0000] {taskmixin.py:205} WARNING - Dependency <Task(_PythonDecoratedOperator): log_sql_query>, print_the_context already registered for DAG: example_python_operator
[2022-11-07T23:59:00.694+0000] {logging_mixin.py:120} INFO - [2022-11-07T23:59:00.694+0000] {taskmixin.py:205} WARNING - Dependency <Task(_PythonDecoratedOperator): print_the_context>, log_sql_query already registered for DAG: example_python_operator
[2022-11-07T23:59:00.694+0000] {logging_mixin.py:120} INFO - [2022-11-07T23:59:00.694+0000] {taskmixin.py:205} WARNING - Dependency <Task(_PythonDecoratedOperator): log_sql_query>, print_the_context already registered for DAG: example_python_operator
[2022-11-07T23:59:00.701+0000] {processor.py:766} INFO - DAG(s) dict_keys(['example_python_operator']) retrieved from /home/airflow/.local/lib/python3.7/site-packages/airflow/example_dags/example_python_operator.py
[2022-11-07T23:59:00.738+0000] {logging_mixin.py:120} INFO - [2022-11-07T23:59:00.737+0000] {dag.py:2585} INFO - Sync 1 DAGs
[2022-11-07T23:59:00.880+0000] {logging_mixin.py:120} INFO - [2022-11-07T23:59:00.880+0000] {dag.py:3340} INFO - Setting next_dagrun for example_python_operator to None, run_after=None
[2022-11-07T23:59:00.893+0000] {processor.py:176} INFO - Processing /home/airflow/.local/lib/python3.7/site-packages/airflow/example_dags/example_python_operator.py took 0.234 seconds
