[2022-11-07T17:10:59.093+0000] {processor.py:154} INFO - Started process (PID=52202) to work on /home/airflow/.local/lib/python3.7/site-packages/airflow/example_dags/tutorial_taskflow_api_virtualenv.py
[2022-11-07T17:10:59.152+0000] {processor.py:756} INFO - Processing file /home/airflow/.local/lib/python3.7/site-packages/airflow/example_dags/tutorial_taskflow_api_virtualenv.py for tasks to queue
[2022-11-07T17:10:59.155+0000] {logging_mixin.py:120} INFO - [2022-11-07T17:10:59.155+0000] {dagbag.py:537} INFO - Filling up the DagBag from /home/airflow/.local/lib/python3.7/site-packages/airflow/example_dags/tutorial_taskflow_api_virtualenv.py
[2022-11-07T17:10:59.254+0000] {processor.py:766} INFO - DAG(s) dict_keys(['tutorial_taskflow_api_virtualenv']) retrieved from /home/airflow/.local/lib/python3.7/site-packages/airflow/example_dags/tutorial_taskflow_api_virtualenv.py
[2022-11-07T17:10:59.399+0000] {logging_mixin.py:120} INFO - [2022-11-07T17:10:59.399+0000] {dag.py:2585} INFO - Sync 1 DAGs
[2022-11-07T17:10:59.452+0000] {logging_mixin.py:120} INFO - [2022-11-07T17:10:59.452+0000] {dag.py:3340} INFO - Setting next_dagrun for tutorial_taskflow_api_virtualenv to None, run_after=None
[2022-11-07T17:10:59.495+0000] {processor.py:176} INFO - Processing /home/airflow/.local/lib/python3.7/site-packages/airflow/example_dags/tutorial_taskflow_api_virtualenv.py took 0.420 seconds
[2022-11-07T17:11:30.085+0000] {processor.py:154} INFO - Started process (PID=52268) to work on /home/airflow/.local/lib/python3.7/site-packages/airflow/example_dags/tutorial_taskflow_api_virtualenv.py
[2022-11-07T17:11:30.086+0000] {processor.py:756} INFO - Processing file /home/airflow/.local/lib/python3.7/site-packages/airflow/example_dags/tutorial_taskflow_api_virtualenv.py for tasks to queue
[2022-11-07T17:11:30.089+0000] {logging_mixin.py:120} INFO - [2022-11-07T17:11:30.089+0000] {dagbag.py:537} INFO - Filling up the DagBag from /home/airflow/.local/lib/python3.7/site-packages/airflow/example_dags/tutorial_taskflow_api_virtualenv.py
[2022-11-07T17:11:30.106+0000] {processor.py:766} INFO - DAG(s) dict_keys(['tutorial_taskflow_api_virtualenv']) retrieved from /home/airflow/.local/lib/python3.7/site-packages/airflow/example_dags/tutorial_taskflow_api_virtualenv.py
[2022-11-07T17:11:30.145+0000] {logging_mixin.py:120} INFO - [2022-11-07T17:11:30.144+0000] {dag.py:2585} INFO - Sync 1 DAGs
[2022-11-07T17:11:30.168+0000] {logging_mixin.py:120} INFO - [2022-11-07T17:11:30.168+0000] {dag.py:3340} INFO - Setting next_dagrun for tutorial_taskflow_api_virtualenv to None, run_after=None
[2022-11-07T17:11:30.297+0000] {processor.py:176} INFO - Processing /home/airflow/.local/lib/python3.7/site-packages/airflow/example_dags/tutorial_taskflow_api_virtualenv.py took 0.217 seconds
[2022-11-07T17:12:00.558+0000] {processor.py:154} INFO - Started process (PID=52325) to work on /home/airflow/.local/lib/python3.7/site-packages/airflow/example_dags/tutorial_taskflow_api_virtualenv.py
[2022-11-07T17:12:00.559+0000] {processor.py:756} INFO - Processing file /home/airflow/.local/lib/python3.7/site-packages/airflow/example_dags/tutorial_taskflow_api_virtualenv.py for tasks to queue
[2022-11-07T17:12:00.560+0000] {logging_mixin.py:120} INFO - [2022-11-07T17:12:00.560+0000] {dagbag.py:537} INFO - Filling up the DagBag from /home/airflow/.local/lib/python3.7/site-packages/airflow/example_dags/tutorial_taskflow_api_virtualenv.py
[2022-11-07T17:12:00.575+0000] {processor.py:766} INFO - DAG(s) dict_keys(['tutorial_taskflow_api_virtualenv']) retrieved from /home/airflow/.local/lib/python3.7/site-packages/airflow/example_dags/tutorial_taskflow_api_virtualenv.py
[2022-11-07T17:12:00.608+0000] {logging_mixin.py:120} INFO - [2022-11-07T17:12:00.608+0000] {dag.py:2585} INFO - Sync 1 DAGs
[2022-11-07T17:12:00.735+0000] {logging_mixin.py:120} INFO - [2022-11-07T17:12:00.735+0000] {dag.py:3340} INFO - Setting next_dagrun for tutorial_taskflow_api_virtualenv to None, run_after=None
[2022-11-07T17:12:00.747+0000] {processor.py:176} INFO - Processing /home/airflow/.local/lib/python3.7/site-packages/airflow/example_dags/tutorial_taskflow_api_virtualenv.py took 0.193 seconds
[2022-11-07T17:12:30.803+0000] {processor.py:154} INFO - Started process (PID=52393) to work on /home/airflow/.local/lib/python3.7/site-packages/airflow/example_dags/tutorial_taskflow_api_virtualenv.py
[2022-11-07T17:12:30.804+0000] {processor.py:756} INFO - Processing file /home/airflow/.local/lib/python3.7/site-packages/airflow/example_dags/tutorial_taskflow_api_virtualenv.py for tasks to queue
[2022-11-07T17:12:30.805+0000] {logging_mixin.py:120} INFO - [2022-11-07T17:12:30.805+0000] {dagbag.py:537} INFO - Filling up the DagBag from /home/airflow/.local/lib/python3.7/site-packages/airflow/example_dags/tutorial_taskflow_api_virtualenv.py
[2022-11-07T17:12:30.820+0000] {processor.py:766} INFO - DAG(s) dict_keys(['tutorial_taskflow_api_virtualenv']) retrieved from /home/airflow/.local/lib/python3.7/site-packages/airflow/example_dags/tutorial_taskflow_api_virtualenv.py
[2022-11-07T17:12:30.953+0000] {logging_mixin.py:120} INFO - [2022-11-07T17:12:30.953+0000] {dag.py:2585} INFO - Sync 1 DAGs
[2022-11-07T17:12:30.967+0000] {logging_mixin.py:120} INFO - [2022-11-07T17:12:30.967+0000] {dag.py:3340} INFO - Setting next_dagrun for tutorial_taskflow_api_virtualenv to None, run_after=None
[2022-11-07T17:12:30.978+0000] {processor.py:176} INFO - Processing /home/airflow/.local/lib/python3.7/site-packages/airflow/example_dags/tutorial_taskflow_api_virtualenv.py took 0.178 seconds
[2022-11-07T17:13:01.842+0000] {processor.py:154} INFO - Started process (PID=52460) to work on /home/airflow/.local/lib/python3.7/site-packages/airflow/example_dags/tutorial_taskflow_api_virtualenv.py
[2022-11-07T17:13:01.844+0000] {processor.py:756} INFO - Processing file /home/airflow/.local/lib/python3.7/site-packages/airflow/example_dags/tutorial_taskflow_api_virtualenv.py for tasks to queue
[2022-11-07T17:13:01.846+0000] {logging_mixin.py:120} INFO - [2022-11-07T17:13:01.846+0000] {dagbag.py:537} INFO - Filling up the DagBag from /home/airflow/.local/lib/python3.7/site-packages/airflow/example_dags/tutorial_taskflow_api_virtualenv.py
[2022-11-07T17:13:01.863+0000] {processor.py:766} INFO - DAG(s) dict_keys(['tutorial_taskflow_api_virtualenv']) retrieved from /home/airflow/.local/lib/python3.7/site-packages/airflow/example_dags/tutorial_taskflow_api_virtualenv.py
[2022-11-07T17:13:01.898+0000] {logging_mixin.py:120} INFO - [2022-11-07T17:13:01.898+0000] {dag.py:2585} INFO - Sync 1 DAGs
[2022-11-07T17:13:01.923+0000] {logging_mixin.py:120} INFO - [2022-11-07T17:13:01.923+0000] {dag.py:3340} INFO - Setting next_dagrun for tutorial_taskflow_api_virtualenv to None, run_after=None
[2022-11-07T17:13:01.936+0000] {processor.py:176} INFO - Processing /home/airflow/.local/lib/python3.7/site-packages/airflow/example_dags/tutorial_taskflow_api_virtualenv.py took 0.098 seconds
[2022-11-07T17:13:32.690+0000] {processor.py:154} INFO - Started process (PID=52526) to work on /home/airflow/.local/lib/python3.7/site-packages/airflow/example_dags/tutorial_taskflow_api_virtualenv.py
[2022-11-07T17:13:32.692+0000] {processor.py:756} INFO - Processing file /home/airflow/.local/lib/python3.7/site-packages/airflow/example_dags/tutorial_taskflow_api_virtualenv.py for tasks to queue
[2022-11-07T17:13:32.694+0000] {logging_mixin.py:120} INFO - [2022-11-07T17:13:32.693+0000] {dagbag.py:537} INFO - Filling up the DagBag from /home/airflow/.local/lib/python3.7/site-packages/airflow/example_dags/tutorial_taskflow_api_virtualenv.py
[2022-11-07T17:13:32.710+0000] {processor.py:766} INFO - DAG(s) dict_keys(['tutorial_taskflow_api_virtualenv']) retrieved from /home/airflow/.local/lib/python3.7/site-packages/airflow/example_dags/tutorial_taskflow_api_virtualenv.py
[2022-11-07T17:13:32.744+0000] {logging_mixin.py:120} INFO - [2022-11-07T17:13:32.744+0000] {dag.py:2585} INFO - Sync 1 DAGs
[2022-11-07T17:13:32.765+0000] {logging_mixin.py:120} INFO - [2022-11-07T17:13:32.765+0000] {dag.py:3340} INFO - Setting next_dagrun for tutorial_taskflow_api_virtualenv to None, run_after=None
[2022-11-07T17:13:32.905+0000] {processor.py:176} INFO - Processing /home/airflow/.local/lib/python3.7/site-packages/airflow/example_dags/tutorial_taskflow_api_virtualenv.py took 0.218 seconds
[2022-11-07T17:14:03.126+0000] {processor.py:154} INFO - Started process (PID=52593) to work on /home/airflow/.local/lib/python3.7/site-packages/airflow/example_dags/tutorial_taskflow_api_virtualenv.py
[2022-11-07T17:14:03.128+0000] {processor.py:756} INFO - Processing file /home/airflow/.local/lib/python3.7/site-packages/airflow/example_dags/tutorial_taskflow_api_virtualenv.py for tasks to queue
[2022-11-07T17:14:03.129+0000] {logging_mixin.py:120} INFO - [2022-11-07T17:14:03.129+0000] {dagbag.py:537} INFO - Filling up the DagBag from /home/airflow/.local/lib/python3.7/site-packages/airflow/example_dags/tutorial_taskflow_api_virtualenv.py
[2022-11-07T17:14:03.145+0000] {processor.py:766} INFO - DAG(s) dict_keys(['tutorial_taskflow_api_virtualenv']) retrieved from /home/airflow/.local/lib/python3.7/site-packages/airflow/example_dags/tutorial_taskflow_api_virtualenv.py
[2022-11-07T17:14:03.179+0000] {logging_mixin.py:120} INFO - [2022-11-07T17:14:03.179+0000] {dag.py:2585} INFO - Sync 1 DAGs
[2022-11-07T17:14:03.296+0000] {logging_mixin.py:120} INFO - [2022-11-07T17:14:03.296+0000] {dag.py:3340} INFO - Setting next_dagrun for tutorial_taskflow_api_virtualenv to None, run_after=None
[2022-11-07T17:14:03.307+0000] {processor.py:176} INFO - Processing /home/airflow/.local/lib/python3.7/site-packages/airflow/example_dags/tutorial_taskflow_api_virtualenv.py took 0.184 seconds
[2022-11-07T17:14:33.412+0000] {processor.py:154} INFO - Started process (PID=52651) to work on /home/airflow/.local/lib/python3.7/site-packages/airflow/example_dags/tutorial_taskflow_api_virtualenv.py
[2022-11-07T17:14:33.414+0000] {processor.py:756} INFO - Processing file /home/airflow/.local/lib/python3.7/site-packages/airflow/example_dags/tutorial_taskflow_api_virtualenv.py for tasks to queue
[2022-11-07T17:14:33.415+0000] {logging_mixin.py:120} INFO - [2022-11-07T17:14:33.415+0000] {dagbag.py:537} INFO - Filling up the DagBag from /home/airflow/.local/lib/python3.7/site-packages/airflow/example_dags/tutorial_taskflow_api_virtualenv.py
[2022-11-07T17:14:33.431+0000] {processor.py:766} INFO - DAG(s) dict_keys(['tutorial_taskflow_api_virtualenv']) retrieved from /home/airflow/.local/lib/python3.7/site-packages/airflow/example_dags/tutorial_taskflow_api_virtualenv.py
[2022-11-07T17:14:33.599+0000] {logging_mixin.py:120} INFO - [2022-11-07T17:14:33.599+0000] {dag.py:2585} INFO - Sync 1 DAGs
[2022-11-07T17:14:33.618+0000] {logging_mixin.py:120} INFO - [2022-11-07T17:14:33.618+0000] {dag.py:3340} INFO - Setting next_dagrun for tutorial_taskflow_api_virtualenv to None, run_after=None
[2022-11-07T17:14:33.632+0000] {processor.py:176} INFO - Processing /home/airflow/.local/lib/python3.7/site-packages/airflow/example_dags/tutorial_taskflow_api_virtualenv.py took 0.223 seconds
[2022-11-07T17:21:23.626+0000] {processor.py:154} INFO - Started process (PID=52719) to work on /home/airflow/.local/lib/python3.7/site-packages/airflow/example_dags/tutorial_taskflow_api_virtualenv.py
[2022-11-07T17:21:23.629+0000] {processor.py:756} INFO - Processing file /home/airflow/.local/lib/python3.7/site-packages/airflow/example_dags/tutorial_taskflow_api_virtualenv.py for tasks to queue
[2022-11-07T17:21:23.630+0000] {logging_mixin.py:120} INFO - [2022-11-07T17:21:23.630+0000] {dagbag.py:537} INFO - Filling up the DagBag from /home/airflow/.local/lib/python3.7/site-packages/airflow/example_dags/tutorial_taskflow_api_virtualenv.py
[2022-11-07T17:21:23.657+0000] {processor.py:766} INFO - DAG(s) dict_keys(['tutorial_taskflow_api_virtualenv']) retrieved from /home/airflow/.local/lib/python3.7/site-packages/airflow/example_dags/tutorial_taskflow_api_virtualenv.py
[2022-11-07T17:21:23.689+0000] {logging_mixin.py:120} INFO - [2022-11-07T17:21:23.689+0000] {dag.py:2585} INFO - Sync 1 DAGs
[2022-11-07T17:21:23.705+0000] {logging_mixin.py:120} INFO - [2022-11-07T17:21:23.705+0000] {dag.py:3340} INFO - Setting next_dagrun for tutorial_taskflow_api_virtualenv to None, run_after=None
[2022-11-07T17:21:23.719+0000] {processor.py:176} INFO - Processing /home/airflow/.local/lib/python3.7/site-packages/airflow/example_dags/tutorial_taskflow_api_virtualenv.py took 0.097 seconds
[2022-11-07T17:53:21.627+0000] {processor.py:154} INFO - Started process (PID=52788) to work on /home/airflow/.local/lib/python3.7/site-packages/airflow/example_dags/tutorial_taskflow_api_virtualenv.py
[2022-11-07T17:53:21.630+0000] {processor.py:756} INFO - Processing file /home/airflow/.local/lib/python3.7/site-packages/airflow/example_dags/tutorial_taskflow_api_virtualenv.py for tasks to queue
[2022-11-07T17:53:21.632+0000] {logging_mixin.py:120} INFO - [2022-11-07T17:53:21.632+0000] {dagbag.py:537} INFO - Filling up the DagBag from /home/airflow/.local/lib/python3.7/site-packages/airflow/example_dags/tutorial_taskflow_api_virtualenv.py
[2022-11-07T17:53:21.669+0000] {processor.py:766} INFO - DAG(s) dict_keys(['tutorial_taskflow_api_virtualenv']) retrieved from /home/airflow/.local/lib/python3.7/site-packages/airflow/example_dags/tutorial_taskflow_api_virtualenv.py
[2022-11-07T17:53:21.709+0000] {logging_mixin.py:120} INFO - [2022-11-07T17:53:21.709+0000] {dag.py:2585} INFO - Sync 1 DAGs
[2022-11-07T17:53:21.733+0000] {logging_mixin.py:120} INFO - [2022-11-07T17:53:21.733+0000] {dag.py:3340} INFO - Setting next_dagrun for tutorial_taskflow_api_virtualenv to None, run_after=None
[2022-11-07T17:53:21.923+0000] {processor.py:176} INFO - Processing /home/airflow/.local/lib/python3.7/site-packages/airflow/example_dags/tutorial_taskflow_api_virtualenv.py took 0.299 seconds
[2022-11-07T18:20:23.099+0000] {processor.py:154} INFO - Started process (PID=52855) to work on /home/airflow/.local/lib/python3.7/site-packages/airflow/example_dags/tutorial_taskflow_api_virtualenv.py
[2022-11-07T18:20:23.101+0000] {processor.py:756} INFO - Processing file /home/airflow/.local/lib/python3.7/site-packages/airflow/example_dags/tutorial_taskflow_api_virtualenv.py for tasks to queue
[2022-11-07T18:20:23.103+0000] {logging_mixin.py:120} INFO - [2022-11-07T18:20:23.103+0000] {dagbag.py:537} INFO - Filling up the DagBag from /home/airflow/.local/lib/python3.7/site-packages/airflow/example_dags/tutorial_taskflow_api_virtualenv.py
[2022-11-07T18:20:23.156+0000] {processor.py:766} INFO - DAG(s) dict_keys(['tutorial_taskflow_api_virtualenv']) retrieved from /home/airflow/.local/lib/python3.7/site-packages/airflow/example_dags/tutorial_taskflow_api_virtualenv.py
[2022-11-07T18:20:23.237+0000] {logging_mixin.py:120} INFO - [2022-11-07T18:20:23.236+0000] {dag.py:2585} INFO - Sync 1 DAGs
[2022-11-07T18:20:23.496+0000] {logging_mixin.py:120} INFO - [2022-11-07T18:20:23.496+0000] {dag.py:3340} INFO - Setting next_dagrun for tutorial_taskflow_api_virtualenv to None, run_after=None
[2022-11-07T18:20:23.517+0000] {processor.py:176} INFO - Processing /home/airflow/.local/lib/python3.7/site-packages/airflow/example_dags/tutorial_taskflow_api_virtualenv.py took 0.427 seconds
[2022-11-07T19:15:55.261+0000] {processor.py:154} INFO - Started process (PID=52920) to work on /home/airflow/.local/lib/python3.7/site-packages/airflow/example_dags/tutorial_taskflow_api_virtualenv.py
[2022-11-07T19:15:55.267+0000] {processor.py:756} INFO - Processing file /home/airflow/.local/lib/python3.7/site-packages/airflow/example_dags/tutorial_taskflow_api_virtualenv.py for tasks to queue
[2022-11-07T19:15:55.269+0000] {logging_mixin.py:120} INFO - [2022-11-07T19:15:55.269+0000] {dagbag.py:537} INFO - Filling up the DagBag from /home/airflow/.local/lib/python3.7/site-packages/airflow/example_dags/tutorial_taskflow_api_virtualenv.py
[2022-11-07T19:15:55.313+0000] {processor.py:766} INFO - DAG(s) dict_keys(['tutorial_taskflow_api_virtualenv']) retrieved from /home/airflow/.local/lib/python3.7/site-packages/airflow/example_dags/tutorial_taskflow_api_virtualenv.py
[2022-11-07T19:15:55.856+0000] {logging_mixin.py:120} INFO - [2022-11-07T19:15:55.856+0000] {dag.py:2585} INFO - Sync 1 DAGs
[2022-11-07T19:15:55.886+0000] {logging_mixin.py:120} INFO - [2022-11-07T19:15:55.886+0000] {dag.py:3340} INFO - Setting next_dagrun for tutorial_taskflow_api_virtualenv to None, run_after=None
[2022-11-07T19:15:55.909+0000] {processor.py:176} INFO - Processing /home/airflow/.local/lib/python3.7/site-packages/airflow/example_dags/tutorial_taskflow_api_virtualenv.py took 0.659 seconds
[2022-11-07T19:44:46.178+0000] {processor.py:154} INFO - Started process (PID=52978) to work on /home/airflow/.local/lib/python3.7/site-packages/airflow/example_dags/tutorial_taskflow_api_virtualenv.py
[2022-11-07T19:44:46.182+0000] {processor.py:756} INFO - Processing file /home/airflow/.local/lib/python3.7/site-packages/airflow/example_dags/tutorial_taskflow_api_virtualenv.py for tasks to queue
[2022-11-07T19:44:46.187+0000] {logging_mixin.py:120} INFO - [2022-11-07T19:44:46.187+0000] {dagbag.py:537} INFO - Filling up the DagBag from /home/airflow/.local/lib/python3.7/site-packages/airflow/example_dags/tutorial_taskflow_api_virtualenv.py
[2022-11-07T19:44:46.239+0000] {processor.py:766} INFO - DAG(s) dict_keys(['tutorial_taskflow_api_virtualenv']) retrieved from /home/airflow/.local/lib/python3.7/site-packages/airflow/example_dags/tutorial_taskflow_api_virtualenv.py
[2022-11-07T19:44:46.294+0000] {logging_mixin.py:120} INFO - [2022-11-07T19:44:46.294+0000] {dag.py:2585} INFO - Sync 1 DAGs
[2022-11-07T19:44:46.324+0000] {logging_mixin.py:120} INFO - [2022-11-07T19:44:46.324+0000] {dag.py:3340} INFO - Setting next_dagrun for tutorial_taskflow_api_virtualenv to None, run_after=None
[2022-11-07T19:44:46.347+0000] {processor.py:176} INFO - Processing /home/airflow/.local/lib/python3.7/site-packages/airflow/example_dags/tutorial_taskflow_api_virtualenv.py took 0.173 seconds
[2022-11-07T20:51:26.975+0000] {processor.py:154} INFO - Started process (PID=53044) to work on /home/airflow/.local/lib/python3.7/site-packages/airflow/example_dags/tutorial_taskflow_api_virtualenv.py
[2022-11-07T20:51:26.976+0000] {processor.py:756} INFO - Processing file /home/airflow/.local/lib/python3.7/site-packages/airflow/example_dags/tutorial_taskflow_api_virtualenv.py for tasks to queue
[2022-11-07T20:51:26.977+0000] {logging_mixin.py:120} INFO - [2022-11-07T20:51:26.977+0000] {dagbag.py:537} INFO - Filling up the DagBag from /home/airflow/.local/lib/python3.7/site-packages/airflow/example_dags/tutorial_taskflow_api_virtualenv.py
[2022-11-07T20:51:26.996+0000] {processor.py:766} INFO - DAG(s) dict_keys(['tutorial_taskflow_api_virtualenv']) retrieved from /home/airflow/.local/lib/python3.7/site-packages/airflow/example_dags/tutorial_taskflow_api_virtualenv.py
[2022-11-07T20:51:27.030+0000] {logging_mixin.py:120} INFO - [2022-11-07T20:51:27.030+0000] {dag.py:2585} INFO - Sync 1 DAGs
[2022-11-07T20:51:27.153+0000] {logging_mixin.py:120} INFO - [2022-11-07T20:51:27.153+0000] {dag.py:3340} INFO - Setting next_dagrun for tutorial_taskflow_api_virtualenv to None, run_after=None
[2022-11-07T20:51:27.166+0000] {processor.py:176} INFO - Processing /home/airflow/.local/lib/python3.7/site-packages/airflow/example_dags/tutorial_taskflow_api_virtualenv.py took 0.194 seconds
[2022-11-07T21:44:45.299+0000] {processor.py:154} INFO - Started process (PID=53103) to work on /home/airflow/.local/lib/python3.7/site-packages/airflow/example_dags/tutorial_taskflow_api_virtualenv.py
[2022-11-07T21:44:45.300+0000] {processor.py:756} INFO - Processing file /home/airflow/.local/lib/python3.7/site-packages/airflow/example_dags/tutorial_taskflow_api_virtualenv.py for tasks to queue
[2022-11-07T21:44:45.310+0000] {logging_mixin.py:120} INFO - [2022-11-07T21:44:45.310+0000] {dagbag.py:537} INFO - Filling up the DagBag from /home/airflow/.local/lib/python3.7/site-packages/airflow/example_dags/tutorial_taskflow_api_virtualenv.py
[2022-11-07T21:44:45.334+0000] {processor.py:766} INFO - DAG(s) dict_keys(['tutorial_taskflow_api_virtualenv']) retrieved from /home/airflow/.local/lib/python3.7/site-packages/airflow/example_dags/tutorial_taskflow_api_virtualenv.py
[2022-11-07T21:44:45.376+0000] {logging_mixin.py:120} INFO - [2022-11-07T21:44:45.376+0000] {dag.py:2585} INFO - Sync 1 DAGs
[2022-11-07T21:44:45.509+0000] {logging_mixin.py:120} INFO - [2022-11-07T21:44:45.509+0000] {dag.py:3340} INFO - Setting next_dagrun for tutorial_taskflow_api_virtualenv to None, run_after=None
[2022-11-07T21:44:45.522+0000] {processor.py:176} INFO - Processing /home/airflow/.local/lib/python3.7/site-packages/airflow/example_dags/tutorial_taskflow_api_virtualenv.py took 0.227 seconds
[2022-11-07T22:48:51.867+0000] {processor.py:154} INFO - Started process (PID=53169) to work on /home/airflow/.local/lib/python3.7/site-packages/airflow/example_dags/tutorial_taskflow_api_virtualenv.py
[2022-11-07T22:48:51.871+0000] {processor.py:756} INFO - Processing file /home/airflow/.local/lib/python3.7/site-packages/airflow/example_dags/tutorial_taskflow_api_virtualenv.py for tasks to queue
[2022-11-07T22:48:51.873+0000] {logging_mixin.py:120} INFO - [2022-11-07T22:48:51.872+0000] {dagbag.py:537} INFO - Filling up the DagBag from /home/airflow/.local/lib/python3.7/site-packages/airflow/example_dags/tutorial_taskflow_api_virtualenv.py
[2022-11-07T22:48:51.899+0000] {processor.py:766} INFO - DAG(s) dict_keys(['tutorial_taskflow_api_virtualenv']) retrieved from /home/airflow/.local/lib/python3.7/site-packages/airflow/example_dags/tutorial_taskflow_api_virtualenv.py
[2022-11-07T22:48:52.095+0000] {logging_mixin.py:120} INFO - [2022-11-07T22:48:52.095+0000] {dag.py:2585} INFO - Sync 1 DAGs
[2022-11-07T22:48:52.140+0000] {logging_mixin.py:120} INFO - [2022-11-07T22:48:52.140+0000] {dag.py:3340} INFO - Setting next_dagrun for tutorial_taskflow_api_virtualenv to None, run_after=None
[2022-11-07T22:48:52.187+0000] {processor.py:176} INFO - Processing /home/airflow/.local/lib/python3.7/site-packages/airflow/example_dags/tutorial_taskflow_api_virtualenv.py took 0.323 seconds
[2022-11-07T23:21:15.978+0000] {processor.py:154} INFO - Started process (PID=53235) to work on /home/airflow/.local/lib/python3.7/site-packages/airflow/example_dags/tutorial_taskflow_api_virtualenv.py
[2022-11-07T23:21:15.981+0000] {processor.py:756} INFO - Processing file /home/airflow/.local/lib/python3.7/site-packages/airflow/example_dags/tutorial_taskflow_api_virtualenv.py for tasks to queue
[2022-11-07T23:21:15.982+0000] {logging_mixin.py:120} INFO - [2022-11-07T23:21:15.982+0000] {dagbag.py:537} INFO - Filling up the DagBag from /home/airflow/.local/lib/python3.7/site-packages/airflow/example_dags/tutorial_taskflow_api_virtualenv.py
[2022-11-07T23:21:16.017+0000] {processor.py:766} INFO - DAG(s) dict_keys(['tutorial_taskflow_api_virtualenv']) retrieved from /home/airflow/.local/lib/python3.7/site-packages/airflow/example_dags/tutorial_taskflow_api_virtualenv.py
[2022-11-07T23:21:16.080+0000] {logging_mixin.py:120} INFO - [2022-11-07T23:21:16.080+0000] {dag.py:2585} INFO - Sync 1 DAGs
[2022-11-07T23:21:16.118+0000] {logging_mixin.py:120} INFO - [2022-11-07T23:21:16.118+0000] {dag.py:3340} INFO - Setting next_dagrun for tutorial_taskflow_api_virtualenv to None, run_after=None
[2022-11-07T23:21:16.344+0000] {processor.py:176} INFO - Processing /home/airflow/.local/lib/python3.7/site-packages/airflow/example_dags/tutorial_taskflow_api_virtualenv.py took 0.369 seconds
[2022-11-07T23:59:00.846+0000] {processor.py:154} INFO - Started process (PID=53302) to work on /home/airflow/.local/lib/python3.7/site-packages/airflow/example_dags/tutorial_taskflow_api_virtualenv.py
[2022-11-07T23:59:00.848+0000] {processor.py:756} INFO - Processing file /home/airflow/.local/lib/python3.7/site-packages/airflow/example_dags/tutorial_taskflow_api_virtualenv.py for tasks to queue
[2022-11-07T23:59:00.850+0000] {logging_mixin.py:120} INFO - [2022-11-07T23:59:00.849+0000] {dagbag.py:537} INFO - Filling up the DagBag from /home/airflow/.local/lib/python3.7/site-packages/airflow/example_dags/tutorial_taskflow_api_virtualenv.py
[2022-11-07T23:59:00.871+0000] {processor.py:766} INFO - DAG(s) dict_keys(['tutorial_taskflow_api_virtualenv']) retrieved from /home/airflow/.local/lib/python3.7/site-packages/airflow/example_dags/tutorial_taskflow_api_virtualenv.py
[2022-11-07T23:59:00.914+0000] {logging_mixin.py:120} INFO - [2022-11-07T23:59:00.914+0000] {dag.py:2585} INFO - Sync 1 DAGs
[2022-11-07T23:59:01.074+0000] {logging_mixin.py:120} INFO - [2022-11-07T23:59:01.074+0000] {dag.py:3340} INFO - Setting next_dagrun for tutorial_taskflow_api_virtualenv to None, run_after=None
[2022-11-07T23:59:01.087+0000] {processor.py:176} INFO - Processing /home/airflow/.local/lib/python3.7/site-packages/airflow/example_dags/tutorial_taskflow_api_virtualenv.py took 0.244 seconds
