[2022-11-10T16:38:01.557+0000] {taskinstance.py:1165} INFO - Dependencies all met for <TaskInstance: a_fourth_dug.make_dir manual__2022-11-10T16:37:57.486937+00:00 [queued]>
[2022-11-10T16:38:01.575+0000] {taskinstance.py:1165} INFO - Dependencies all met for <TaskInstance: a_fourth_dug.make_dir manual__2022-11-10T16:37:57.486937+00:00 [queued]>
[2022-11-10T16:38:01.576+0000] {taskinstance.py:1362} INFO - 
--------------------------------------------------------------------------------
[2022-11-10T16:38:01.577+0000] {taskinstance.py:1363} INFO - Starting attempt 1 of 1
[2022-11-10T16:38:01.577+0000] {taskinstance.py:1364} INFO - 
--------------------------------------------------------------------------------
[2022-11-10T16:38:01.588+0000] {taskinstance.py:1383} INFO - Executing <Task(BashOperator): make_dir> on 2022-11-10 16:37:57.486937+00:00
[2022-11-10T16:38:01.598+0000] {standard_task_runner.py:55} INFO - Started process 6117 to run task
[2022-11-10T16:38:01.602+0000] {standard_task_runner.py:82} INFO - Running: ['***', 'tasks', 'run', 'a_fourth_dug', 'make_dir', 'manual__2022-11-10T16:37:57.486937+00:00', '--job-id', '29', '--raw', '--subdir', 'DAGS_FOLDER/fourth_dug.py', '--cfg-path', '/tmp/tmpzppksctl']
[2022-11-10T16:38:01.604+0000] {standard_task_runner.py:83} INFO - Job 29: Subtask make_dir
[2022-11-10T16:38:01.680+0000] {task_command.py:376} INFO - Running <TaskInstance: a_fourth_dug.make_dir manual__2022-11-10T16:37:57.486937+00:00 [running]> on host 0b03955da713
[2022-11-10T16:38:01.748+0000] {taskinstance.py:1592} INFO - Exporting the following env vars:
AIRFLOW_CTX_DAG_OWNER=eugeny
AIRFLOW_CTX_DAG_ID=a_fourth_dug
AIRFLOW_CTX_TASK_ID=make_dir
AIRFLOW_CTX_EXECUTION_DATE=2022-11-10T16:37:57.486937+00:00
AIRFLOW_CTX_TRY_NUMBER=1
AIRFLOW_CTX_DAG_RUN_ID=manual__2022-11-10T16:37:57.486937+00:00
[2022-11-10T16:38:01.756+0000] {subprocess.py:63} INFO - Tmp dir root location: 
 /tmp
[2022-11-10T16:38:01.759+0000] {subprocess.py:75} INFO - Running command: ['/bin/bash', '-c', 'mkdir test_directory']
[2022-11-10T16:38:01.777+0000] {subprocess.py:86} INFO - Output:
[2022-11-10T16:38:01.801+0000] {subprocess.py:97} INFO - Command exited with return code 0
[2022-11-10T16:38:01.845+0000] {taskinstance.py:1406} INFO - Marking task as SUCCESS. dag_id=a_fourth_dug, task_id=make_dir, execution_date=20221110T163757, start_date=20221110T163801, end_date=20221110T163801
[2022-11-10T16:38:01.895+0000] {local_task_job.py:164} INFO - Task exited with return code 0
[2022-11-10T16:38:01.924+0000] {local_task_job.py:273} INFO - 1 downstream tasks scheduled from follow-on schedule check
