[2022-11-28T00:17:53.259+0000] {taskinstance.py:1165} INFO - Dependencies all met for <TaskInstance: a_fourth_dug.rm_dir scheduled__2022-11-27T00:00:00+00:00 [queued]>
[2022-11-28T00:17:53.276+0000] {taskinstance.py:1165} INFO - Dependencies all met for <TaskInstance: a_fourth_dug.rm_dir scheduled__2022-11-27T00:00:00+00:00 [queued]>
[2022-11-28T00:17:53.278+0000] {taskinstance.py:1362} INFO - 
--------------------------------------------------------------------------------
[2022-11-28T00:17:53.280+0000] {taskinstance.py:1363} INFO - Starting attempt 1 of 1
[2022-11-28T00:17:53.282+0000] {taskinstance.py:1364} INFO - 
--------------------------------------------------------------------------------
[2022-11-28T00:17:53.292+0000] {taskinstance.py:1383} INFO - Executing <Task(BashOperator): rm_dir> on 2022-11-27 00:00:00+00:00
[2022-11-28T00:17:53.302+0000] {standard_task_runner.py:55} INFO - Started process 55423 to run task
[2022-11-28T00:17:53.308+0000] {standard_task_runner.py:82} INFO - Running: ['***', 'tasks', 'run', 'a_fourth_dug', 'rm_dir', 'scheduled__2022-11-27T00:00:00+00:00', '--job-id', '256', '--raw', '--subdir', 'DAGS_FOLDER/fourth_dug.py', '--cfg-path', '/tmp/tmp_fut23jm']
[2022-11-28T00:17:53.312+0000] {standard_task_runner.py:83} INFO - Job 256: Subtask rm_dir
[2022-11-28T00:17:53.395+0000] {task_command.py:376} INFO - Running <TaskInstance: a_fourth_dug.rm_dir scheduled__2022-11-27T00:00:00+00:00 [running]> on host b785e9657fa7
[2022-11-28T00:17:53.462+0000] {taskinstance.py:1592} INFO - Exporting the following env vars:
AIRFLOW_CTX_DAG_OWNER=eugeny
AIRFLOW_CTX_DAG_ID=a_fourth_dug
AIRFLOW_CTX_TASK_ID=rm_dir
AIRFLOW_CTX_EXECUTION_DATE=2022-11-27T00:00:00+00:00
AIRFLOW_CTX_TRY_NUMBER=1
AIRFLOW_CTX_DAG_RUN_ID=scheduled__2022-11-27T00:00:00+00:00
[2022-11-28T00:17:53.465+0000] {subprocess.py:63} INFO - Tmp dir root location: 
 /tmp
[2022-11-28T00:17:53.467+0000] {subprocess.py:75} INFO - Running command: ['/bin/bash', '-c', 'rm -rf test_directory']
[2022-11-28T00:17:53.483+0000] {subprocess.py:86} INFO - Output:
[2022-11-28T00:17:53.496+0000] {subprocess.py:97} INFO - Command exited with return code 0
[2022-11-28T00:17:53.524+0000] {taskinstance.py:1406} INFO - Marking task as SUCCESS. dag_id=a_fourth_dug, task_id=rm_dir, execution_date=20221127T000000, start_date=20221128T001753, end_date=20221128T001753
[2022-11-28T00:17:53.570+0000] {local_task_job.py:164} INFO - Task exited with return code 0
[2022-11-28T00:17:53.594+0000] {local_task_job.py:273} INFO - 0 downstream tasks scheduled from follow-on schedule check
