[2022-11-27T00:09:40.819+0000] {taskinstance.py:1165} INFO - Dependencies all met for <TaskInstance: PG_to_S3.PG_to_S3 scheduled__2022-11-26T00:00:00+00:00 [queued]>
[2022-11-27T00:09:40.871+0000] {taskinstance.py:1165} INFO - Dependencies all met for <TaskInstance: PG_to_S3.PG_to_S3 scheduled__2022-11-26T00:00:00+00:00 [queued]>
[2022-11-27T00:09:40.886+0000] {taskinstance.py:1362} INFO - 
--------------------------------------------------------------------------------
[2022-11-27T00:09:40.892+0000] {taskinstance.py:1363} INFO - Starting attempt 1 of 1
[2022-11-27T00:09:40.899+0000] {taskinstance.py:1364} INFO - 
--------------------------------------------------------------------------------
[2022-11-27T00:09:40.979+0000] {taskinstance.py:1383} INFO - Executing <Task(PostgresToS3Operator): PG_to_S3> on 2022-11-26 00:00:00+00:00
[2022-11-27T00:09:41.029+0000] {standard_task_runner.py:55} INFO - Started process 10305 to run task
[2022-11-27T00:09:41.046+0000] {standard_task_runner.py:82} INFO - Running: ['***', 'tasks', 'run', 'PG_to_S3', 'PG_to_S3', 'scheduled__2022-11-26T00:00:00+00:00', '--job-id', '245', '--raw', '--subdir', 'DAGS_FOLDER/PGtoS3.py', '--cfg-path', '/tmp/tmpdpn81flo']
[2022-11-27T00:09:41.052+0000] {standard_task_runner.py:83} INFO - Job 245: Subtask PG_to_S3
[2022-11-27T00:09:41.323+0000] {task_command.py:376} INFO - Running <TaskInstance: PG_to_S3.PG_to_S3 scheduled__2022-11-26T00:00:00+00:00 [running]> on host b785e9657fa7
[2022-11-27T00:09:42.062+0000] {taskinstance.py:1592} INFO - Exporting the following env vars:
AIRFLOW_CTX_DAG_OWNER=eugeny
AIRFLOW_CTX_DAG_ID=PG_to_S3
AIRFLOW_CTX_TASK_ID=PG_to_S3
AIRFLOW_CTX_EXECUTION_DATE=2022-11-26T00:00:00+00:00
AIRFLOW_CTX_TRY_NUMBER=1
AIRFLOW_CTX_DAG_RUN_ID=scheduled__2022-11-26T00:00:00+00:00
[2022-11-27T00:09:46.500+0000] {taskinstance.py:1406} INFO - Marking task as SUCCESS. dag_id=PG_to_S3, task_id=PG_to_S3, execution_date=20221126T000000, start_date=20221127T000940, end_date=20221127T000946
[2022-11-27T00:09:46.650+0000] {local_task_job.py:164} INFO - Task exited with return code 0
[2022-11-27T00:09:46.752+0000] {local_task_job.py:273} INFO - 0 downstream tasks scheduled from follow-on schedule check
