[2022-11-21T19:53:28.050+0000] {taskinstance.py:1165} INFO - Dependencies all met for <TaskInstance: PG_to_S3.print manual__2022-11-21T19:53:26.328140+00:00 [queued]>
[2022-11-21T19:53:28.059+0000] {taskinstance.py:1165} INFO - Dependencies all met for <TaskInstance: PG_to_S3.print manual__2022-11-21T19:53:26.328140+00:00 [queued]>
[2022-11-21T19:53:28.060+0000] {taskinstance.py:1362} INFO - 
--------------------------------------------------------------------------------
[2022-11-21T19:53:28.061+0000] {taskinstance.py:1363} INFO - Starting attempt 1 of 1
[2022-11-21T19:53:28.062+0000] {taskinstance.py:1364} INFO - 
--------------------------------------------------------------------------------
[2022-11-21T19:53:28.071+0000] {taskinstance.py:1383} INFO - Executing <Task(PostgresToS3Operator): print> on 2022-11-21 19:53:26.328140+00:00
[2022-11-21T19:53:28.076+0000] {standard_task_runner.py:55} INFO - Started process 12964 to run task
[2022-11-21T19:53:28.081+0000] {standard_task_runner.py:82} INFO - Running: ['***', 'tasks', 'run', 'PG_to_S3', 'print', 'manual__2022-11-21T19:53:26.328140+00:00', '--job-id', '108', '--raw', '--subdir', 'DAGS_FOLDER/PGtoS3.py', '--cfg-path', '/tmp/tmpn470mk1z']
[2022-11-21T19:53:28.083+0000] {standard_task_runner.py:83} INFO - Job 108: Subtask print
[2022-11-21T19:53:28.163+0000] {task_command.py:376} INFO - Running <TaskInstance: PG_to_S3.print manual__2022-11-21T19:53:26.328140+00:00 [running]> on host b785e9657fa7
[2022-11-21T19:53:28.230+0000] {taskinstance.py:1592} INFO - Exporting the following env vars:
AIRFLOW_CTX_DAG_OWNER=eugeny
AIRFLOW_CTX_DAG_ID=PG_to_S3
AIRFLOW_CTX_TASK_ID=print
AIRFLOW_CTX_EXECUTION_DATE=2022-11-21T19:53:26.328140+00:00
AIRFLOW_CTX_TRY_NUMBER=1
AIRFLOW_CTX_DAG_RUN_ID=manual__2022-11-21T19:53:26.328140+00:00
[2022-11-21T19:53:28.232+0000] {logging_mixin.py:120} INFO - Hello {self.host}
[2022-11-21T19:53:28.258+0000] {taskinstance.py:1406} INFO - Marking task as SUCCESS. dag_id=PG_to_S3, task_id=print, execution_date=20221121T195326, start_date=20221121T195328, end_date=20221121T195328
[2022-11-21T19:53:28.298+0000] {local_task_job.py:164} INFO - Task exited with return code 0
[2022-11-21T19:53:28.320+0000] {local_task_job.py:273} INFO - 0 downstream tasks scheduled from follow-on schedule check
