[2022-11-21T19:54:19.431+0000] {taskinstance.py:1165} INFO - Dependencies all met for <TaskInstance: PG_to_S3.print manual__2022-11-21T19:53:26.328140+00:00 [queued]>
[2022-11-21T19:54:19.438+0000] {taskinstance.py:1165} INFO - Dependencies all met for <TaskInstance: PG_to_S3.print manual__2022-11-21T19:53:26.328140+00:00 [queued]>
[2022-11-21T19:54:19.440+0000] {taskinstance.py:1362} INFO - 
--------------------------------------------------------------------------------
[2022-11-21T19:54:19.441+0000] {taskinstance.py:1363} INFO - Starting attempt 2 of 2
[2022-11-21T19:54:19.442+0000] {taskinstance.py:1364} INFO - 
--------------------------------------------------------------------------------
[2022-11-21T19:54:19.451+0000] {taskinstance.py:1383} INFO - Executing <Task(PostgresToS3Operator): print> on 2022-11-21 19:53:26.328140+00:00
[2022-11-21T19:54:19.458+0000] {standard_task_runner.py:55} INFO - Started process 13012 to run task
[2022-11-21T19:54:19.464+0000] {standard_task_runner.py:82} INFO - Running: ['***', 'tasks', 'run', 'PG_to_S3', 'print', 'manual__2022-11-21T19:53:26.328140+00:00', '--job-id', '109', '--raw', '--subdir', 'DAGS_FOLDER/PGtoS3.py', '--cfg-path', '/tmp/tmpdrk0p0rv']
[2022-11-21T19:54:19.466+0000] {standard_task_runner.py:83} INFO - Job 109: Subtask print
[2022-11-21T19:54:19.538+0000] {task_command.py:376} INFO - Running <TaskInstance: PG_to_S3.print manual__2022-11-21T19:53:26.328140+00:00 [running]> on host b785e9657fa7
[2022-11-21T19:54:19.602+0000] {taskinstance.py:1592} INFO - Exporting the following env vars:
AIRFLOW_CTX_DAG_OWNER=eugeny
AIRFLOW_CTX_DAG_ID=PG_to_S3
AIRFLOW_CTX_TASK_ID=print
AIRFLOW_CTX_EXECUTION_DATE=2022-11-21T19:53:26.328140+00:00
AIRFLOW_CTX_TRY_NUMBER=2
AIRFLOW_CTX_DAG_RUN_ID=manual__2022-11-21T19:53:26.328140+00:00
[2022-11-21T19:54:19.604+0000] {logging_mixin.py:120} INFO - Hello database-1.c5wlg9mvdxqs.us-east-1.rds.amazonaws.com
[2022-11-21T19:54:19.630+0000] {taskinstance.py:1406} INFO - Marking task as SUCCESS. dag_id=PG_to_S3, task_id=print, execution_date=20221121T195326, start_date=20221121T195419, end_date=20221121T195419
[2022-11-21T19:54:19.682+0000] {local_task_job.py:164} INFO - Task exited with return code 0
[2022-11-21T19:54:19.702+0000] {local_task_job.py:273} INFO - 0 downstream tasks scheduled from follow-on schedule check
