[2022-11-10T15:07:47.407+0000] {taskinstance.py:1165} INFO - Dependencies all met for <TaskInstance: a_second_dug.print_date manual__2022-11-10T15:07:44.634003+00:00 [queued]>
[2022-11-10T15:07:47.415+0000] {taskinstance.py:1165} INFO - Dependencies all met for <TaskInstance: a_second_dug.print_date manual__2022-11-10T15:07:44.634003+00:00 [queued]>
[2022-11-10T15:07:47.417+0000] {taskinstance.py:1362} INFO - 
--------------------------------------------------------------------------------
[2022-11-10T15:07:47.418+0000] {taskinstance.py:1363} INFO - Starting attempt 1 of 1
[2022-11-10T15:07:47.419+0000] {taskinstance.py:1364} INFO - 
--------------------------------------------------------------------------------
[2022-11-10T15:07:47.435+0000] {taskinstance.py:1383} INFO - Executing <Task(BashOperator): print_date> on 2022-11-10 15:07:44.634003+00:00
[2022-11-10T15:07:47.448+0000] {standard_task_runner.py:55} INFO - Started process 2093 to run task
[2022-11-10T15:07:47.457+0000] {standard_task_runner.py:82} INFO - Running: ['***', 'tasks', 'run', 'a_second_dug', 'print_date', 'manual__2022-11-10T15:07:44.634003+00:00', '--job-id', '25', '--raw', '--subdir', 'DAGS_FOLDER/second_dug.py', '--cfg-path', '/tmp/tmp1w_bj8gm']
[2022-11-10T15:07:47.459+0000] {standard_task_runner.py:83} INFO - Job 25: Subtask print_date
[2022-11-10T15:07:47.663+0000] {task_command.py:376} INFO - Running <TaskInstance: a_second_dug.print_date manual__2022-11-10T15:07:44.634003+00:00 [running]> on host 0b03955da713
[2022-11-10T15:07:47.755+0000] {taskinstance.py:1592} INFO - Exporting the following env vars:
AIRFLOW_CTX_DAG_OWNER=eugeny
AIRFLOW_CTX_DAG_ID=a_second_dug
AIRFLOW_CTX_TASK_ID=print_date
AIRFLOW_CTX_EXECUTION_DATE=2022-11-10T15:07:44.634003+00:00
AIRFLOW_CTX_TRY_NUMBER=1
AIRFLOW_CTX_DAG_RUN_ID=manual__2022-11-10T15:07:44.634003+00:00
[2022-11-10T15:07:47.769+0000] {subprocess.py:63} INFO - Tmp dir root location: 
 /tmp
[2022-11-10T15:07:47.774+0000] {subprocess.py:75} INFO - Running command: ['/bin/bash', '-c', 'date']
[2022-11-10T15:07:47.796+0000] {subprocess.py:86} INFO - Output:
[2022-11-10T15:07:47.808+0000] {subprocess.py:93} INFO - Thu Nov 10 15:07:47 UTC 2022
[2022-11-10T15:07:47.810+0000] {subprocess.py:97} INFO - Command exited with return code 0
[2022-11-10T15:07:47.884+0000] {taskinstance.py:1406} INFO - Marking task as SUCCESS. dag_id=a_second_dug, task_id=print_date, execution_date=20221110T150744, start_date=20221110T150747, end_date=20221110T150747
[2022-11-10T15:07:47.950+0000] {local_task_job.py:164} INFO - Task exited with return code 0
[2022-11-10T15:07:47.968+0000] {local_task_job.py:273} INFO - 0 downstream tasks scheduled from follow-on schedule check
