[2022-11-30T00:04:04.474+0000] {taskinstance.py:1165} INFO - Dependencies all met for <TaskInstance: first_dag.download scheduled__2022-11-29T00:00:00+00:00 [queued]>
[2022-11-30T00:04:04.490+0000] {taskinstance.py:1165} INFO - Dependencies all met for <TaskInstance: first_dag.download scheduled__2022-11-29T00:00:00+00:00 [queued]>
[2022-11-30T00:04:04.494+0000] {taskinstance.py:1362} INFO - 
--------------------------------------------------------------------------------
[2022-11-30T00:04:04.498+0000] {taskinstance.py:1363} INFO - Starting attempt 1 of 1
[2022-11-30T00:04:04.506+0000] {taskinstance.py:1364} INFO - 
--------------------------------------------------------------------------------
[2022-11-30T00:04:04.537+0000] {taskinstance.py:1383} INFO - Executing <Task(PythonOperator): download> on 2022-11-29 00:00:00+00:00
[2022-11-30T00:04:04.552+0000] {standard_task_runner.py:55} INFO - Started process 512 to run task
[2022-11-30T00:04:04.559+0000] {standard_task_runner.py:82} INFO - Running: ['***', 'tasks', 'run', 'first_dag', 'download', 'scheduled__2022-11-29T00:00:00+00:00', '--job-id', '268', '--raw', '--subdir', 'DAGS_FOLDER/first_dug.py', '--cfg-path', '/tmp/tmpuuglv1a3']
[2022-11-30T00:04:04.565+0000] {standard_task_runner.py:83} INFO - Job 268: Subtask download
[2022-11-30T00:04:04.714+0000] {task_command.py:376} INFO - Running <TaskInstance: first_dag.download scheduled__2022-11-29T00:00:00+00:00 [running]> on host b785e9657fa7
[2022-11-30T00:04:04.871+0000] {taskinstance.py:1592} INFO - Exporting the following env vars:
AIRFLOW_CTX_DAG_OWNER=eugeny
AIRFLOW_CTX_DAG_ID=first_dag
AIRFLOW_CTX_TASK_ID=download
AIRFLOW_CTX_EXECUTION_DATE=2022-11-29T00:00:00+00:00
AIRFLOW_CTX_TRY_NUMBER=1
AIRFLOW_CTX_DAG_RUN_ID=scheduled__2022-11-29T00:00:00+00:00
[2022-11-30T00:04:05.132+0000] {python.py:177} INFO - Done. Returned value was: None
[2022-11-30T00:04:05.149+0000] {taskinstance.py:1406} INFO - Marking task as SUCCESS. dag_id=first_dag, task_id=download, execution_date=20221129T000000, start_date=20221130T000404, end_date=20221130T000405
[2022-11-30T00:04:05.187+0000] {local_task_job.py:164} INFO - Task exited with return code 0
[2022-11-30T00:04:05.206+0000] {local_task_job.py:273} INFO - 0 downstream tasks scheduled from follow-on schedule check
