[2022-11-10T15:07:46.693+0000] {taskinstance.py:1165} INFO - Dependencies all met for <TaskInstance: a_second_dug.echo_hi manual__2022-11-10T15:07:44.634003+00:00 [queued]>
[2022-11-10T15:07:46.703+0000] {taskinstance.py:1165} INFO - Dependencies all met for <TaskInstance: a_second_dug.echo_hi manual__2022-11-10T15:07:44.634003+00:00 [queued]>
[2022-11-10T15:07:46.704+0000] {taskinstance.py:1362} INFO - 
--------------------------------------------------------------------------------
[2022-11-10T15:07:46.705+0000] {taskinstance.py:1363} INFO - Starting attempt 1 of 1
[2022-11-10T15:07:46.705+0000] {taskinstance.py:1364} INFO - 
--------------------------------------------------------------------------------
[2022-11-10T15:07:46.714+0000] {taskinstance.py:1383} INFO - Executing <Task(BashOperator): echo_hi> on 2022-11-10 15:07:44.634003+00:00
[2022-11-10T15:07:46.721+0000] {standard_task_runner.py:55} INFO - Started process 2090 to run task
[2022-11-10T15:07:46.726+0000] {standard_task_runner.py:82} INFO - Running: ['***', 'tasks', 'run', 'a_second_dug', 'echo_hi', 'manual__2022-11-10T15:07:44.634003+00:00', '--job-id', '24', '--raw', '--subdir', 'DAGS_FOLDER/second_dug.py', '--cfg-path', '/tmp/tmpg8qn7x64']
[2022-11-10T15:07:46.727+0000] {standard_task_runner.py:83} INFO - Job 24: Subtask echo_hi
[2022-11-10T15:07:46.807+0000] {task_command.py:376} INFO - Running <TaskInstance: a_second_dug.echo_hi manual__2022-11-10T15:07:44.634003+00:00 [running]> on host 0b03955da713
[2022-11-10T15:07:46.868+0000] {taskinstance.py:1592} INFO - Exporting the following env vars:
AIRFLOW_CTX_DAG_OWNER=eugeny
AIRFLOW_CTX_DAG_ID=a_second_dug
AIRFLOW_CTX_TASK_ID=echo_hi
AIRFLOW_CTX_EXECUTION_DATE=2022-11-10T15:07:44.634003+00:00
AIRFLOW_CTX_TRY_NUMBER=1
AIRFLOW_CTX_DAG_RUN_ID=manual__2022-11-10T15:07:44.634003+00:00
[2022-11-10T15:07:46.870+0000] {subprocess.py:63} INFO - Tmp dir root location: 
 /tmp
[2022-11-10T15:07:46.871+0000] {subprocess.py:75} INFO - Running command: ['/bin/bash', '-c', 'echo "Hello"']
[2022-11-10T15:07:46.895+0000] {subprocess.py:86} INFO - Output:
[2022-11-10T15:07:46.905+0000] {subprocess.py:93} INFO - Hello
[2022-11-10T15:07:46.906+0000] {subprocess.py:97} INFO - Command exited with return code 0
[2022-11-10T15:07:46.931+0000] {taskinstance.py:1406} INFO - Marking task as SUCCESS. dag_id=a_second_dug, task_id=echo_hi, execution_date=20221110T150744, start_date=20221110T150746, end_date=20221110T150746
[2022-11-10T15:07:46.978+0000] {local_task_job.py:164} INFO - Task exited with return code 0
[2022-11-10T15:07:47.002+0000] {local_task_job.py:273} INFO - 1 downstream tasks scheduled from follow-on schedule check
