[2022-11-26T00:21:07.425+0000] {taskinstance.py:1165} INFO - Dependencies all met for <TaskInstance: first_dag.download scheduled__2022-11-25T00:00:00+00:00 [queued]>
[2022-11-26T00:21:07.455+0000] {taskinstance.py:1165} INFO - Dependencies all met for <TaskInstance: first_dag.download scheduled__2022-11-25T00:00:00+00:00 [queued]>
[2022-11-26T00:21:07.464+0000] {taskinstance.py:1362} INFO - 
--------------------------------------------------------------------------------
[2022-11-26T00:21:07.471+0000] {taskinstance.py:1363} INFO - Starting attempt 1 of 1
[2022-11-26T00:21:07.479+0000] {taskinstance.py:1364} INFO - 
--------------------------------------------------------------------------------
[2022-11-26T00:21:07.516+0000] {taskinstance.py:1383} INFO - Executing <Task(PythonOperator): download> on 2022-11-25 00:00:00+00:00
[2022-11-26T00:21:07.531+0000] {standard_task_runner.py:55} INFO - Started process 77975 to run task
[2022-11-26T00:21:07.565+0000] {standard_task_runner.py:82} INFO - Running: ['***', 'tasks', 'run', 'first_dag', 'download', 'scheduled__2022-11-25T00:00:00+00:00', '--job-id', '243', '--raw', '--subdir', 'DAGS_FOLDER/first_dug.py', '--cfg-path', '/tmp/tmpvap1akwk']
[2022-11-26T00:21:07.583+0000] {standard_task_runner.py:83} INFO - Job 243: Subtask download
[2022-11-26T00:21:07.945+0000] {task_command.py:376} INFO - Running <TaskInstance: first_dag.download scheduled__2022-11-25T00:00:00+00:00 [running]> on host b785e9657fa7
[2022-11-26T00:21:08.106+0000] {taskinstance.py:1592} INFO - Exporting the following env vars:
AIRFLOW_CTX_DAG_OWNER=eugeny
AIRFLOW_CTX_DAG_ID=first_dag
AIRFLOW_CTX_TASK_ID=download
AIRFLOW_CTX_EXECUTION_DATE=2022-11-25T00:00:00+00:00
AIRFLOW_CTX_TRY_NUMBER=1
AIRFLOW_CTX_DAG_RUN_ID=scheduled__2022-11-25T00:00:00+00:00
[2022-11-26T00:21:11.088+0000] {python.py:177} INFO - Done. Returned value was: None
[2022-11-26T00:21:11.104+0000] {taskinstance.py:1406} INFO - Marking task as SUCCESS. dag_id=first_dag, task_id=download, execution_date=20221125T000000, start_date=20221126T002107, end_date=20221126T002111
[2022-11-26T00:21:11.151+0000] {local_task_job.py:164} INFO - Task exited with return code 0
[2022-11-26T00:21:11.174+0000] {local_task_job.py:273} INFO - 0 downstream tasks scheduled from follow-on schedule check
