[2022-11-29T00:01:39.976+0000] {taskinstance.py:1165} INFO - Dependencies all met for <TaskInstance: a_fourth_dug.rm_dir scheduled__2022-11-28T00:00:00+00:00 [queued]>
[2022-11-29T00:01:39.983+0000] {taskinstance.py:1165} INFO - Dependencies all met for <TaskInstance: a_fourth_dug.rm_dir scheduled__2022-11-28T00:00:00+00:00 [queued]>
[2022-11-29T00:01:39.985+0000] {taskinstance.py:1362} INFO - 
--------------------------------------------------------------------------------
[2022-11-29T00:01:39.986+0000] {taskinstance.py:1363} INFO - Starting attempt 1 of 1
[2022-11-29T00:01:39.986+0000] {taskinstance.py:1364} INFO - 
--------------------------------------------------------------------------------
[2022-11-29T00:01:39.995+0000] {taskinstance.py:1383} INFO - Executing <Task(BashOperator): rm_dir> on 2022-11-28 00:00:00+00:00
[2022-11-29T00:01:40.003+0000] {standard_task_runner.py:55} INFO - Started process 76973 to run task
[2022-11-29T00:01:40.009+0000] {standard_task_runner.py:82} INFO - Running: ['***', 'tasks', 'run', 'a_fourth_dug', 'rm_dir', 'scheduled__2022-11-28T00:00:00+00:00', '--job-id', '262', '--raw', '--subdir', 'DAGS_FOLDER/fourth_dug.py', '--cfg-path', '/tmp/tmpgnz7y9g2']
[2022-11-29T00:01:40.013+0000] {standard_task_runner.py:83} INFO - Job 262: Subtask rm_dir
[2022-11-29T00:01:40.091+0000] {task_command.py:376} INFO - Running <TaskInstance: a_fourth_dug.rm_dir scheduled__2022-11-28T00:00:00+00:00 [running]> on host b785e9657fa7
[2022-11-29T00:01:40.152+0000] {taskinstance.py:1592} INFO - Exporting the following env vars:
AIRFLOW_CTX_DAG_OWNER=eugeny
AIRFLOW_CTX_DAG_ID=a_fourth_dug
AIRFLOW_CTX_TASK_ID=rm_dir
AIRFLOW_CTX_EXECUTION_DATE=2022-11-28T00:00:00+00:00
AIRFLOW_CTX_TRY_NUMBER=1
AIRFLOW_CTX_DAG_RUN_ID=scheduled__2022-11-28T00:00:00+00:00
[2022-11-29T00:01:40.156+0000] {subprocess.py:63} INFO - Tmp dir root location: 
 /tmp
[2022-11-29T00:01:40.157+0000] {subprocess.py:75} INFO - Running command: ['/bin/bash', '-c', 'rm -rf test_directory']
[2022-11-29T00:01:40.173+0000] {subprocess.py:86} INFO - Output:
[2022-11-29T00:01:40.189+0000] {subprocess.py:97} INFO - Command exited with return code 0
[2022-11-29T00:01:40.222+0000] {taskinstance.py:1406} INFO - Marking task as SUCCESS. dag_id=a_fourth_dug, task_id=rm_dir, execution_date=20221128T000000, start_date=20221129T000139, end_date=20221129T000140
[2022-11-29T00:01:40.270+0000] {local_task_job.py:164} INFO - Task exited with return code 0
[2022-11-29T00:01:40.292+0000] {local_task_job.py:273} INFO - 0 downstream tasks scheduled from follow-on schedule check
