[2022-11-10T20:02:59.854+0000] {taskinstance.py:1165} INFO - Dependencies all met for <TaskInstance: a_third_dag.create_table manual__2022-11-10T20:02:56.066252+00:00 [queued]>
[2022-11-10T20:02:59.872+0000] {taskinstance.py:1165} INFO - Dependencies all met for <TaskInstance: a_third_dag.create_table manual__2022-11-10T20:02:56.066252+00:00 [queued]>
[2022-11-10T20:02:59.874+0000] {taskinstance.py:1362} INFO - 
--------------------------------------------------------------------------------
[2022-11-10T20:02:59.875+0000] {taskinstance.py:1363} INFO - Starting attempt 1 of 1
[2022-11-10T20:02:59.876+0000] {taskinstance.py:1364} INFO - 
--------------------------------------------------------------------------------
[2022-11-10T20:02:59.891+0000] {taskinstance.py:1383} INFO - Executing <Task(PostgresOperator): create_table> on 2022-11-10 20:02:56.066252+00:00
[2022-11-10T20:02:59.899+0000] {standard_task_runner.py:55} INFO - Started process 15882 to run task
[2022-11-10T20:02:59.905+0000] {standard_task_runner.py:82} INFO - Running: ['***', 'tasks', 'run', 'a_third_dag', 'create_table', 'manual__2022-11-10T20:02:56.066252+00:00', '--job-id', '53', '--raw', '--subdir', 'DAGS_FOLDER/third_dug.py', '--cfg-path', '/tmp/tmptzsp05wa']
[2022-11-10T20:02:59.907+0000] {standard_task_runner.py:83} INFO - Job 53: Subtask create_table
[2022-11-10T20:03:00.006+0000] {task_command.py:376} INFO - Running <TaskInstance: a_third_dag.create_table manual__2022-11-10T20:02:56.066252+00:00 [running]> on host 0b03955da713
[2022-11-10T20:03:00.173+0000] {taskinstance.py:1592} INFO - Exporting the following env vars:
AIRFLOW_CTX_DAG_OWNER=***
AIRFLOW_CTX_DAG_ID=a_third_dag
AIRFLOW_CTX_TASK_ID=create_table
AIRFLOW_CTX_EXECUTION_DATE=2022-11-10T20:02:56.066252+00:00
AIRFLOW_CTX_TRY_NUMBER=1
AIRFLOW_CTX_DAG_RUN_ID=manual__2022-11-10T20:02:56.066252+00:00
[2022-11-10T20:03:00.196+0000] {base.py:71} INFO - Using connection ID '***' for task execution.
[2022-11-10T20:03:00.209+0000] {sql.py:315} INFO - Running statement: 
            CREATE TABLE IF NOT EXISTS currency_pair_1 (
            date_scrapping TIMESTAMP DEFAULT CURRENT_TIMESTAMP,
            price NUMERIC NOT NULL,
            pair VARCHAR NOT NULL
            );
          , parameters: None
[2022-11-10T20:03:00.257+0000] {taskinstance.py:1406} INFO - Marking task as SUCCESS. dag_id=a_third_dag, task_id=create_table, execution_date=20221110T200256, start_date=20221110T200259, end_date=20221110T200300
[2022-11-10T20:03:00.289+0000] {local_task_job.py:164} INFO - Task exited with return code 0
[2022-11-10T20:03:00.324+0000] {local_task_job.py:273} INFO - 1 downstream tasks scheduled from follow-on schedule check
