[2022-11-29T00:01:32.611+0000] {taskinstance.py:1165} INFO - Dependencies all met for <TaskInstance: PG_to_S3.PG_to_S3 scheduled__2022-11-28T00:00:00+00:00 [queued]>
[2022-11-29T00:01:32.654+0000] {taskinstance.py:1165} INFO - Dependencies all met for <TaskInstance: PG_to_S3.PG_to_S3 scheduled__2022-11-28T00:00:00+00:00 [queued]>
[2022-11-29T00:01:32.661+0000] {taskinstance.py:1362} INFO - 
--------------------------------------------------------------------------------
[2022-11-29T00:01:32.671+0000] {taskinstance.py:1363} INFO - Starting attempt 1 of 1
[2022-11-29T00:01:32.681+0000] {taskinstance.py:1364} INFO - 
--------------------------------------------------------------------------------
[2022-11-29T00:01:32.756+0000] {taskinstance.py:1383} INFO - Executing <Task(PostgresToS3Operator): PG_to_S3> on 2022-11-28 00:00:00+00:00
[2022-11-29T00:01:32.798+0000] {standard_task_runner.py:55} INFO - Started process 76950 to run task
[2022-11-29T00:01:32.817+0000] {standard_task_runner.py:82} INFO - Running: ['***', 'tasks', 'run', 'PG_to_S3', 'PG_to_S3', 'scheduled__2022-11-28T00:00:00+00:00', '--job-id', '257', '--raw', '--subdir', 'DAGS_FOLDER/PGtoS3.py', '--cfg-path', '/tmp/tmp7lwq9xid']
[2022-11-29T00:01:32.834+0000] {standard_task_runner.py:83} INFO - Job 257: Subtask PG_to_S3
[2022-11-29T00:01:33.176+0000] {task_command.py:376} INFO - Running <TaskInstance: PG_to_S3.PG_to_S3 scheduled__2022-11-28T00:00:00+00:00 [running]> on host b785e9657fa7
[2022-11-29T00:01:33.455+0000] {taskinstance.py:1592} INFO - Exporting the following env vars:
AIRFLOW_CTX_DAG_OWNER=eugeny
AIRFLOW_CTX_DAG_ID=PG_to_S3
AIRFLOW_CTX_TASK_ID=PG_to_S3
AIRFLOW_CTX_EXECUTION_DATE=2022-11-28T00:00:00+00:00
AIRFLOW_CTX_TRY_NUMBER=1
AIRFLOW_CTX_DAG_RUN_ID=scheduled__2022-11-28T00:00:00+00:00
[2022-11-29T00:01:37.403+0000] {taskinstance.py:1406} INFO - Marking task as SUCCESS. dag_id=PG_to_S3, task_id=PG_to_S3, execution_date=20221128T000000, start_date=20221129T000132, end_date=20221129T000137
[2022-11-29T00:01:37.729+0000] {local_task_job.py:164} INFO - Task exited with return code 0
[2022-11-29T00:01:37.823+0000] {local_task_job.py:273} INFO - 0 downstream tasks scheduled from follow-on schedule check
