[2022-11-10T20:23:50.304+0000] {taskinstance.py:1165} INFO - Dependencies all met for <TaskInstance: a_fourth_dug.rm_dir manual__2022-11-10T20:23:35.518257+00:00 [queued]>
[2022-11-10T20:23:50.318+0000] {taskinstance.py:1165} INFO - Dependencies all met for <TaskInstance: a_fourth_dug.rm_dir manual__2022-11-10T20:23:35.518257+00:00 [queued]>
[2022-11-10T20:23:50.319+0000] {taskinstance.py:1362} INFO - 
--------------------------------------------------------------------------------
[2022-11-10T20:23:50.320+0000] {taskinstance.py:1363} INFO - Starting attempt 1 of 1
[2022-11-10T20:23:50.328+0000] {taskinstance.py:1364} INFO - 
--------------------------------------------------------------------------------
[2022-11-10T20:23:50.337+0000] {taskinstance.py:1383} INFO - Executing <Task(BashOperator): rm_dir> on 2022-11-10 20:23:35.518257+00:00
[2022-11-10T20:23:50.343+0000] {standard_task_runner.py:55} INFO - Started process 16894 to run task
[2022-11-10T20:23:50.347+0000] {standard_task_runner.py:82} INFO - Running: ['***', 'tasks', 'run', 'a_fourth_dug', 'rm_dir', 'manual__2022-11-10T20:23:35.518257+00:00', '--job-id', '74', '--raw', '--subdir', 'DAGS_FOLDER/fourth_dug.py', '--cfg-path', '/tmp/tmp2hlaamut']
[2022-11-10T20:23:50.348+0000] {standard_task_runner.py:83} INFO - Job 74: Subtask rm_dir
[2022-11-10T20:23:50.414+0000] {task_command.py:376} INFO - Running <TaskInstance: a_fourth_dug.rm_dir manual__2022-11-10T20:23:35.518257+00:00 [running]> on host 0b03955da713
[2022-11-10T20:23:50.468+0000] {taskinstance.py:1592} INFO - Exporting the following env vars:
AIRFLOW_CTX_DAG_OWNER=eugeny
AIRFLOW_CTX_DAG_ID=a_fourth_dug
AIRFLOW_CTX_TASK_ID=rm_dir
AIRFLOW_CTX_EXECUTION_DATE=2022-11-10T20:23:35.518257+00:00
AIRFLOW_CTX_TRY_NUMBER=1
AIRFLOW_CTX_DAG_RUN_ID=manual__2022-11-10T20:23:35.518257+00:00
[2022-11-10T20:23:50.470+0000] {subprocess.py:63} INFO - Tmp dir root location: 
 /tmp
[2022-11-10T20:23:50.476+0000] {subprocess.py:75} INFO - Running command: ['/bin/bash', '-c', 'rm -rf test_directory']
[2022-11-10T20:23:50.596+0000] {subprocess.py:86} INFO - Output:
[2022-11-10T20:23:50.728+0000] {subprocess.py:97} INFO - Command exited with return code 0
[2022-11-10T20:23:50.764+0000] {taskinstance.py:1406} INFO - Marking task as SUCCESS. dag_id=a_fourth_dug, task_id=rm_dir, execution_date=20221110T202335, start_date=20221110T202350, end_date=20221110T202350
[2022-11-10T20:23:50.815+0000] {local_task_job.py:164} INFO - Task exited with return code 0
[2022-11-10T20:23:50.837+0000] {local_task_job.py:273} INFO - 0 downstream tasks scheduled from follow-on schedule check
