[2022-11-23T01:17:48.141+0000] {taskinstance.py:1165} INFO - Dependencies all met for <TaskInstance: a_fourth_dug.fill_dir scheduled__2022-11-22T00:00:00+00:00 [queued]>
[2022-11-23T01:17:48.159+0000] {taskinstance.py:1165} INFO - Dependencies all met for <TaskInstance: a_fourth_dug.fill_dir scheduled__2022-11-22T00:00:00+00:00 [queued]>
[2022-11-23T01:17:48.164+0000] {taskinstance.py:1362} INFO - 
--------------------------------------------------------------------------------
[2022-11-23T01:17:48.172+0000] {taskinstance.py:1363} INFO - Starting attempt 1 of 1
[2022-11-23T01:17:48.175+0000] {taskinstance.py:1364} INFO - 
--------------------------------------------------------------------------------
[2022-11-23T01:17:48.201+0000] {taskinstance.py:1383} INFO - Executing <Task(BashOperator): fill_dir> on 2022-11-22 00:00:00+00:00
[2022-11-23T01:17:48.214+0000] {standard_task_runner.py:55} INFO - Started process 38085 to run task
[2022-11-23T01:17:48.224+0000] {standard_task_runner.py:82} INFO - Running: ['***', 'tasks', 'run', 'a_fourth_dug', 'fill_dir', 'scheduled__2022-11-22T00:00:00+00:00', '--job-id', '223', '--raw', '--subdir', 'DAGS_FOLDER/fourth_dug.py', '--cfg-path', '/tmp/tmp3u2m46jh']
[2022-11-23T01:17:48.236+0000] {standard_task_runner.py:83} INFO - Job 223: Subtask fill_dir
[2022-11-23T01:17:48.503+0000] {task_command.py:376} INFO - Running <TaskInstance: a_fourth_dug.fill_dir scheduled__2022-11-22T00:00:00+00:00 [running]> on host b785e9657fa7
[2022-11-23T01:17:48.601+0000] {taskinstance.py:1592} INFO - Exporting the following env vars:
AIRFLOW_CTX_DAG_OWNER=eugeny
AIRFLOW_CTX_DAG_ID=a_fourth_dug
AIRFLOW_CTX_TASK_ID=fill_dir
AIRFLOW_CTX_EXECUTION_DATE=2022-11-22T00:00:00+00:00
AIRFLOW_CTX_TRY_NUMBER=1
AIRFLOW_CTX_DAG_RUN_ID=scheduled__2022-11-22T00:00:00+00:00
[2022-11-23T01:17:48.605+0000] {subprocess.py:63} INFO - Tmp dir root location: 
 /tmp
[2022-11-23T01:17:48.608+0000] {subprocess.py:75} INFO - Running command: ['/bin/bash', '-c', 'echo 333 > test_directory']
[2022-11-23T01:17:48.624+0000] {subprocess.py:86} INFO - Output:
[2022-11-23T01:17:48.627+0000] {subprocess.py:97} INFO - Command exited with return code 0
[2022-11-23T01:17:48.657+0000] {taskinstance.py:1406} INFO - Marking task as SUCCESS. dag_id=a_fourth_dug, task_id=fill_dir, execution_date=20221122T000000, start_date=20221123T011748, end_date=20221123T011748
[2022-11-23T01:17:48.686+0000] {local_task_job.py:164} INFO - Task exited with return code 0
[2022-11-23T01:17:48.709+0000] {local_task_job.py:273} INFO - 0 downstream tasks scheduled from follow-on schedule check
