[2022-11-30T16:59:37.250+0000] {taskinstance.py:1165} INFO - Dependencies all met for <TaskInstance: clean_trash_bucket.clean_bucket manual__2022-11-30T14:00:21.617373+00:00 [None]>
[2022-11-30T16:59:37.258+0000] {taskinstance.py:1165} INFO - Dependencies all met for <TaskInstance: clean_trash_bucket.clean_bucket manual__2022-11-30T14:00:21.617373+00:00 [None]>
[2022-11-30T16:59:37.259+0000] {taskinstance.py:1362} INFO - 
--------------------------------------------------------------------------------
[2022-11-30T16:59:37.260+0000] {taskinstance.py:1363} INFO - Starting attempt 35 of 35
[2022-11-30T16:59:37.262+0000] {taskinstance.py:1364} INFO - 
--------------------------------------------------------------------------------
[2022-11-30T16:59:37.272+0000] {taskinstance.py:1383} INFO - Executing <Task(PythonOperator): clean_bucket> on 2022-11-30 14:00:21.617373+00:00
[2022-11-30T16:59:37.278+0000] {standard_task_runner.py:55} INFO - Started process 2097 to run task
[2022-11-30T16:59:37.284+0000] {standard_task_runner.py:82} INFO - Running: ['***', 'tasks', 'run', 'clean_trash_bucket', 'clean_bucket', 'manual__2022-11-30T14:00:21.617373+00:00', '--job-id', '195', '--pool', 'default_pool', '--raw', '--subdir', 'DAGS_FOLDER/CleanTrashBucket.py', '--cfg-path', '/tmp/tmpjncw877y']
[2022-11-30T16:59:37.286+0000] {standard_task_runner.py:83} INFO - Job 195: Subtask clean_bucket
[2022-11-30T16:59:37.356+0000] {task_command.py:376} INFO - Running <TaskInstance: clean_trash_bucket.clean_bucket manual__2022-11-30T14:00:21.617373+00:00 [running]> on host 31b8349c3542
[2022-11-30T16:59:37.416+0000] {taskinstance.py:1592} INFO - Exporting the following env vars:
AIRFLOW_CTX_DAG_EMAIL=***.golovanov@gmail.com
AIRFLOW_CTX_DAG_OWNER=Eugeny Golovanov
AIRFLOW_CTX_DAG_ID=clean_trash_bucket
AIRFLOW_CTX_TASK_ID=clean_bucket
AIRFLOW_CTX_EXECUTION_DATE=2022-11-30T14:00:21.617373+00:00
AIRFLOW_CTX_TRY_NUMBER=35
AIRFLOW_CTX_DAG_RUN_ID=manual__2022-11-30T14:00:21.617373+00:00
[2022-11-30T16:59:37.434+0000] {base.py:71} INFO - Using connection ID 'Postgres' for task execution.
[2022-11-30T16:59:37.442+0000] {logging_mixin.py:120} INFO - Connection has been establish
[2022-11-30T16:59:37.451+0000] {logging_mixin.py:120} INFO - The folowing files have been removed 0
[2022-11-30T16:59:37.452+0000] {python.py:177} INFO - Done. Returned value was: None
[2022-11-30T16:59:37.464+0000] {taskinstance.py:1406} INFO - Marking task as SUCCESS. dag_id=clean_trash_bucket, task_id=clean_bucket, execution_date=20221130T140021, start_date=20221130T165937, end_date=20221130T165937
[2022-11-30T16:59:37.497+0000] {local_task_job.py:164} INFO - Task exited with return code 0
[2022-11-30T16:59:37.515+0000] {local_task_job.py:273} INFO - 0 downstream tasks scheduled from follow-on schedule check
