[2022-11-30T20:09:23.624+0000] {taskinstance.py:1165} INFO - Dependencies all met for <TaskInstance: clean_trash_bucket.clean_bucket manual__2022-11-30T14:00:21.617373+00:00 [None]>
[2022-11-30T20:09:23.631+0000] {taskinstance.py:1165} INFO - Dependencies all met for <TaskInstance: clean_trash_bucket.clean_bucket manual__2022-11-30T14:00:21.617373+00:00 [None]>
[2022-11-30T20:09:23.632+0000] {taskinstance.py:1362} INFO - 
--------------------------------------------------------------------------------
[2022-11-30T20:09:23.633+0000] {taskinstance.py:1363} INFO - Starting attempt 59 of 59
[2022-11-30T20:09:23.635+0000] {taskinstance.py:1364} INFO - 
--------------------------------------------------------------------------------
[2022-11-30T20:09:23.643+0000] {taskinstance.py:1383} INFO - Executing <Task(PythonOperator): clean_bucket> on 2022-11-30 14:00:21.617373+00:00
[2022-11-30T20:09:23.649+0000] {standard_task_runner.py:55} INFO - Started process 11587 to run task
[2022-11-30T20:09:23.654+0000] {standard_task_runner.py:82} INFO - Running: ['***', 'tasks', 'run', 'clean_trash_bucket', 'clean_bucket', 'manual__2022-11-30T14:00:21.617373+00:00', '--job-id', '406', '--pool', 'default_pool', '--raw', '--subdir', 'DAGS_FOLDER/CleanTrashBucket.py', '--cfg-path', '/tmp/tmp3i4toj6h']
[2022-11-30T20:09:23.661+0000] {standard_task_runner.py:83} INFO - Job 406: Subtask clean_bucket
[2022-11-30T20:09:23.741+0000] {task_command.py:376} INFO - Running <TaskInstance: clean_trash_bucket.clean_bucket manual__2022-11-30T14:00:21.617373+00:00 [running]> on host 31b8349c3542
[2022-11-30T20:09:23.799+0000] {taskinstance.py:1592} INFO - Exporting the following env vars:
AIRFLOW_CTX_DAG_EMAIL=***.golovanov@gmail.com
AIRFLOW_CTX_DAG_OWNER=Eugeny Golovanov
AIRFLOW_CTX_DAG_ID=clean_trash_bucket
AIRFLOW_CTX_TASK_ID=clean_bucket
AIRFLOW_CTX_EXECUTION_DATE=2022-11-30T14:00:21.617373+00:00
AIRFLOW_CTX_TRY_NUMBER=59
AIRFLOW_CTX_DAG_RUN_ID=manual__2022-11-30T14:00:21.617373+00:00
[2022-11-30T20:09:23.811+0000] {base.py:71} INFO - Using connection ID 'Postgres' for task execution.
[2022-11-30T20:09:23.819+0000] {logging_mixin.py:120} INFO - Connection has been establish
[2022-11-30T20:09:23.856+0000] {logging_mixin.py:120} INFO - The folowing files have been removed ['DME-MMK_26-08_Evgeniy_Golovanov.pdf', 'Evgenii Golovanov.jpg', 'Golovanov_CV_eng.doc', 'Снимок экрана 2022-07-06 в 23.33.36.png', 'Снимок экрана 2022-08-31 в 10.41.15.png', 'Снимок экрана 2022-08-31 в 10.41.23.png', 'Снимок экрана 2022-08-31 в 10.42.11.png', 'Снимок экрана 2022-08-31 в 10.44.17.png', 'Снимок экрана 2022-08-31 в 10.44.28.png', 'Снимок экрана 2022-08-31 в 10.46.14.png', 'Снимок экрана 2022-08-31 в 10.49.13.png', 'Снимок экрана 2022-08-31 в 10.49.48.png', 'Снимок экрана 2022-08-31 в 10.52.26.png', 'Снимок экрана 2022-08-31 в 10.54.53.png', 'Снимок экрана 2022-08-31 в 11.04.58.png', 'Снимок экрана 2022-08-31 в 11.10.08.png', 'Снимок экрана 2022-08-31 в 11.11.51.png', 'Снимок экрана 2022-08-31 в 11.13.22.png', 'Снимок экрана 2022-08-31 в 11.16.35.png', 'Снимок экрана 2022-08-31 в 11.29.41.png', 'Снимок экрана 2022-08-31 в 11.31.45.png']
[2022-11-30T20:09:23.858+0000] {python.py:177} INFO - Done. Returned value was: None
[2022-11-30T20:09:23.868+0000] {taskinstance.py:1406} INFO - Marking task as SUCCESS. dag_id=clean_trash_bucket, task_id=clean_bucket, execution_date=20221130T140021, start_date=20221130T200923, end_date=20221130T200923
[2022-11-30T20:09:23.906+0000] {local_task_job.py:164} INFO - Task exited with return code 0
[2022-11-30T20:09:23.928+0000] {local_task_job.py:273} INFO - 0 downstream tasks scheduled from follow-on schedule check
