[2022-11-30T17:39:33.900+0000] {taskinstance.py:1165} INFO - Dependencies all met for <TaskInstance: clean_trash_bucket.clean_bucket manual__2022-11-30T14:00:21.617373+00:00 [None]>
[2022-11-30T17:39:33.908+0000] {taskinstance.py:1165} INFO - Dependencies all met for <TaskInstance: clean_trash_bucket.clean_bucket manual__2022-11-30T14:00:21.617373+00:00 [None]>
[2022-11-30T17:39:33.909+0000] {taskinstance.py:1362} INFO - 
--------------------------------------------------------------------------------
[2022-11-30T17:39:33.911+0000] {taskinstance.py:1363} INFO - Starting attempt 46 of 46
[2022-11-30T17:39:33.912+0000] {taskinstance.py:1364} INFO - 
--------------------------------------------------------------------------------
[2022-11-30T17:39:33.921+0000] {taskinstance.py:1383} INFO - Executing <Task(PythonOperator): clean_bucket> on 2022-11-30 14:00:21.617373+00:00
[2022-11-30T17:39:33.927+0000] {standard_task_runner.py:55} INFO - Started process 4130 to run task
[2022-11-30T17:39:33.932+0000] {standard_task_runner.py:82} INFO - Running: ['***', 'tasks', 'run', 'clean_trash_bucket', 'clean_bucket', 'manual__2022-11-30T14:00:21.617373+00:00', '--job-id', '242', '--pool', 'default_pool', '--raw', '--subdir', 'DAGS_FOLDER/CleanTrashBucket.py', '--cfg-path', '/tmp/tmp06auc0t7']
[2022-11-30T17:39:33.935+0000] {standard_task_runner.py:83} INFO - Job 242: Subtask clean_bucket
[2022-11-30T17:39:34.002+0000] {task_command.py:376} INFO - Running <TaskInstance: clean_trash_bucket.clean_bucket manual__2022-11-30T14:00:21.617373+00:00 [running]> on host 31b8349c3542
[2022-11-30T17:39:34.061+0000] {taskinstance.py:1592} INFO - Exporting the following env vars:
AIRFLOW_CTX_DAG_EMAIL=***.golovanov@gmail.com
AIRFLOW_CTX_DAG_OWNER=Eugeny Golovanov
AIRFLOW_CTX_DAG_ID=clean_trash_bucket
AIRFLOW_CTX_TASK_ID=clean_bucket
AIRFLOW_CTX_EXECUTION_DATE=2022-11-30T14:00:21.617373+00:00
AIRFLOW_CTX_TRY_NUMBER=46
AIRFLOW_CTX_DAG_RUN_ID=manual__2022-11-30T14:00:21.617373+00:00
[2022-11-30T17:39:34.075+0000] {base.py:71} INFO - Using connection ID 'Postgres' for task execution.
[2022-11-30T17:39:34.082+0000] {logging_mixin.py:120} INFO - Oops! Something went wrong.
[2022-11-30T17:39:34.084+0000] {python.py:177} INFO - Done. Returned value was: None
[2022-11-30T17:39:34.094+0000] {taskinstance.py:1406} INFO - Marking task as SUCCESS. dag_id=clean_trash_bucket, task_id=clean_bucket, execution_date=20221130T140021, start_date=20221130T173933, end_date=20221130T173934
[2022-11-30T17:39:34.149+0000] {local_task_job.py:164} INFO - Task exited with return code 0
[2022-11-30T17:39:34.166+0000] {local_task_job.py:273} INFO - 0 downstream tasks scheduled from follow-on schedule check
