[2022-11-12T00:09:32.083+0000] {taskinstance.py:1165} INFO - Dependencies all met for <TaskInstance: first_dag.download scheduled__2022-11-11T00:00:00+00:00 [queued]>
[2022-11-12T00:09:32.093+0000] {taskinstance.py:1165} INFO - Dependencies all met for <TaskInstance: first_dag.download scheduled__2022-11-11T00:00:00+00:00 [queued]>
[2022-11-12T00:09:32.094+0000] {taskinstance.py:1362} INFO - 
--------------------------------------------------------------------------------
[2022-11-12T00:09:32.096+0000] {taskinstance.py:1363} INFO - Starting attempt 1 of 1
[2022-11-12T00:09:32.098+0000] {taskinstance.py:1364} INFO - 
--------------------------------------------------------------------------------
[2022-11-12T00:09:32.125+0000] {taskinstance.py:1383} INFO - Executing <Task(PythonOperator): download> on 2022-11-11 00:00:00+00:00
[2022-11-12T00:09:32.142+0000] {standard_task_runner.py:55} INFO - Started process 36261 to run task
[2022-11-12T00:09:32.142+0000] {standard_task_runner.py:82} INFO - Running: ['***', 'tasks', 'run', 'first_dag', 'download', 'scheduled__2022-11-11T00:00:00+00:00', '--job-id', '90', '--raw', '--subdir', 'DAGS_FOLDER/first_dug.py', '--cfg-path', '/tmp/tmp0d9x7hg_']
[2022-11-12T00:09:32.149+0000] {standard_task_runner.py:83} INFO - Job 90: Subtask download
[2022-11-12T00:09:32.253+0000] {task_command.py:376} INFO - Running <TaskInstance: first_dag.download scheduled__2022-11-11T00:00:00+00:00 [running]> on host 0b03955da713
[2022-11-12T00:09:32.328+0000] {taskinstance.py:1592} INFO - Exporting the following env vars:
AIRFLOW_CTX_DAG_OWNER=eugeny
AIRFLOW_CTX_DAG_ID=first_dag
AIRFLOW_CTX_TASK_ID=download
AIRFLOW_CTX_EXECUTION_DATE=2022-11-11T00:00:00+00:00
AIRFLOW_CTX_TRY_NUMBER=1
AIRFLOW_CTX_DAG_RUN_ID=scheduled__2022-11-11T00:00:00+00:00
[2022-11-12T00:09:32.592+0000] {python.py:177} INFO - Done. Returned value was: None
[2022-11-12T00:09:32.607+0000] {taskinstance.py:1406} INFO - Marking task as SUCCESS. dag_id=first_dag, task_id=download, execution_date=20221111T000000, start_date=20221112T000932, end_date=20221112T000932
[2022-11-12T00:09:32.645+0000] {local_task_job.py:164} INFO - Task exited with return code 0
[2022-11-12T00:09:32.664+0000] {local_task_job.py:273} INFO - 0 downstream tasks scheduled from follow-on schedule check
