[2022-11-10T20:27:02.130+0000] {taskinstance.py:1165} INFO - Dependencies all met for <TaskInstance: a_third_dag.create_table scheduled__2022-11-10T00:00:00+00:00 [queued]>
[2022-11-10T20:27:02.137+0000] {taskinstance.py:1165} INFO - Dependencies all met for <TaskInstance: a_third_dag.create_table scheduled__2022-11-10T00:00:00+00:00 [queued]>
[2022-11-10T20:27:02.137+0000] {taskinstance.py:1362} INFO - 
--------------------------------------------------------------------------------
[2022-11-10T20:27:02.138+0000] {taskinstance.py:1363} INFO - Starting attempt 1 of 1
[2022-11-10T20:27:02.146+0000] {taskinstance.py:1364} INFO - 
--------------------------------------------------------------------------------
[2022-11-10T20:27:02.154+0000] {taskinstance.py:1383} INFO - Executing <Task(PostgresOperator): create_table> on 2022-11-10 00:00:00+00:00
[2022-11-10T20:27:02.159+0000] {standard_task_runner.py:55} INFO - Started process 17053 to run task
[2022-11-10T20:27:02.163+0000] {standard_task_runner.py:82} INFO - Running: ['***', 'tasks', 'run', 'a_third_dag', 'create_table', 'scheduled__2022-11-10T00:00:00+00:00', '--job-id', '78', '--raw', '--subdir', 'DAGS_FOLDER/third_dug.py', '--cfg-path', '/tmp/tmpv89w8xd9']
[2022-11-10T20:27:02.165+0000] {standard_task_runner.py:83} INFO - Job 78: Subtask create_table
[2022-11-10T20:27:02.227+0000] {task_command.py:376} INFO - Running <TaskInstance: a_third_dag.create_table scheduled__2022-11-10T00:00:00+00:00 [running]> on host 0b03955da713
[2022-11-10T20:27:02.287+0000] {taskinstance.py:1592} INFO - Exporting the following env vars:
AIRFLOW_CTX_DAG_OWNER=***
AIRFLOW_CTX_DAG_ID=a_third_dag
AIRFLOW_CTX_TASK_ID=create_table
AIRFLOW_CTX_EXECUTION_DATE=2022-11-10T00:00:00+00:00
AIRFLOW_CTX_TRY_NUMBER=1
AIRFLOW_CTX_DAG_RUN_ID=scheduled__2022-11-10T00:00:00+00:00
[2022-11-10T20:27:02.300+0000] {base.py:71} INFO - Using connection ID '***' for task execution.
[2022-11-10T20:27:02.306+0000] {sql.py:315} INFO - Running statement: 
            CREATE TABLE IF NOT EXISTS currency_pair_9 (
            date_scrapping TIMESTAMP DEFAULT CURRENT_TIMESTAMP,
            price NUMERIC NOT NULL,
            pair VARCHAR
            );
          , parameters: None
[2022-11-10T20:27:02.325+0000] {taskinstance.py:1406} INFO - Marking task as SUCCESS. dag_id=a_third_dag, task_id=create_table, execution_date=20221110T000000, start_date=20221110T202702, end_date=20221110T202702
[2022-11-10T20:27:02.377+0000] {local_task_job.py:164} INFO - Task exited with return code 0
[2022-11-10T20:27:02.395+0000] {local_task_job.py:273} INFO - 1 downstream tasks scheduled from follow-on schedule check
